[2025-10-20T13:59:09.904+0000] {local_task_job_runner.py:120} INFO - ::group::Pre task execution logs
[2025-10-20T13:59:09.937+0000] {taskinstance.py:2076} INFO - Dependencies all met for dep_context=non-requeueable deps ti=<TaskInstance: minio_to_snowflake.download_minio scheduled__2025-10-20T13:57:00+00:00 [queued]>
[2025-10-20T13:59:09.946+0000] {taskinstance.py:2076} INFO - Dependencies all met for dep_context=requeueable deps ti=<TaskInstance: minio_to_snowflake.download_minio scheduled__2025-10-20T13:57:00+00:00 [queued]>
[2025-10-20T13:59:09.947+0000] {taskinstance.py:2306} INFO - Starting attempt 1 of 2
[2025-10-20T13:59:09.964+0000] {taskinstance.py:2330} INFO - Executing <Task(PythonOperator): download_minio> on 2025-10-20 13:57:00+00:00
[2025-10-20T13:59:09.975+0000] {standard_task_runner.py:90} INFO - Running: ['***', 'tasks', 'run', 'minio_to_snowflake', 'download_minio', 'scheduled__2025-10-20T13:57:00+00:00', '--job-id', '17', '--raw', '--subdir', 'DAGS_FOLDER/minio_to_snowflake.py', '--cfg-path', '/tmp/tmpzvi2uemb']
[2025-10-20T13:59:09.979+0000] {standard_task_runner.py:91} INFO - Job 17: Subtask download_minio
[2025-10-20T13:59:09.979+0000] {logging_mixin.py:188} WARNING - /home/***/.local/lib/python3.12/site-packages/***/task/task_runner/standard_task_runner.py:62 DeprecationWarning: This process (pid=7144) is multi-threaded, use of fork() may lead to deadlocks in the child.
[2025-10-20T13:59:09.981+0000] {standard_task_runner.py:64} INFO - Started process 7158 to run task
[2025-10-20T13:59:10.069+0000] {task_command.py:426} INFO - Running <TaskInstance: minio_to_snowflake.download_minio scheduled__2025-10-20T13:57:00+00:00 [running]> on host 2afad6b2767c
[2025-10-20T13:59:10.206+0000] {taskinstance.py:2648} INFO - Exporting env vars: AIRFLOW_CTX_DAG_OWNER='***' AIRFLOW_CTX_DAG_ID='minio_to_snowflake' AIRFLOW_CTX_TASK_ID='download_minio' AIRFLOW_CTX_EXECUTION_DATE='2025-10-20T13:57:00+00:00' AIRFLOW_CTX_TRY_NUMBER='1' AIRFLOW_CTX_DAG_RUN_ID='scheduled__2025-10-20T13:57:00+00:00'
[2025-10-20T13:59:10.209+0000] {taskinstance.py:430} INFO - ::endgroup::
[2025-10-20T13:59:10.712+0000] {logging_mixin.py:188} INFO - Downloaded AAPL/1760967513.json -> /tmp/minio_downloads/1760967513.json
[2025-10-20T13:59:10.726+0000] {logging_mixin.py:188} INFO - Downloaded AAPL/1760967524.json -> /tmp/minio_downloads/1760967524.json
[2025-10-20T13:59:10.738+0000] {logging_mixin.py:188} INFO - Downloaded AAPL/1760967536.json -> /tmp/minio_downloads/1760967536.json
[2025-10-20T13:59:10.748+0000] {logging_mixin.py:188} INFO - Downloaded AAPL/1760967547.json -> /tmp/minio_downloads/1760967547.json
[2025-10-20T13:59:10.759+0000] {logging_mixin.py:188} INFO - Downloaded AAPL/1760967559.json -> /tmp/minio_downloads/1760967559.json
[2025-10-20T13:59:10.768+0000] {logging_mixin.py:188} INFO - Downloaded AAPL/1760967570.json -> /tmp/minio_downloads/1760967570.json
[2025-10-20T13:59:10.778+0000] {logging_mixin.py:188} INFO - Downloaded AAPL/1760967581.json -> /tmp/minio_downloads/1760967581.json
[2025-10-20T13:59:10.788+0000] {logging_mixin.py:188} INFO - Downloaded AAPL/1760967593.json -> /tmp/minio_downloads/1760967593.json
[2025-10-20T13:59:10.797+0000] {logging_mixin.py:188} INFO - Downloaded AAPL/1760967604.json -> /tmp/minio_downloads/1760967604.json
[2025-10-20T13:59:10.806+0000] {logging_mixin.py:188} INFO - Downloaded AAPL/1760967616.json -> /tmp/minio_downloads/1760967616.json
[2025-10-20T13:59:10.817+0000] {logging_mixin.py:188} INFO - Downloaded AAPL/1760967627.json -> /tmp/minio_downloads/1760967627.json
[2025-10-20T13:59:10.826+0000] {logging_mixin.py:188} INFO - Downloaded AAPL/1760967639.json -> /tmp/minio_downloads/1760967639.json
[2025-10-20T13:59:10.836+0000] {logging_mixin.py:188} INFO - Downloaded AAPL/1760967650.json -> /tmp/minio_downloads/1760967650.json
[2025-10-20T13:59:10.845+0000] {logging_mixin.py:188} INFO - Downloaded AAPL/1760967662.json -> /tmp/minio_downloads/1760967662.json
[2025-10-20T13:59:10.855+0000] {logging_mixin.py:188} INFO - Downloaded AAPL/1760967674.json -> /tmp/minio_downloads/1760967674.json
[2025-10-20T13:59:10.863+0000] {logging_mixin.py:188} INFO - Downloaded AAPL/1760967685.json -> /tmp/minio_downloads/1760967685.json
[2025-10-20T13:59:10.872+0000] {logging_mixin.py:188} INFO - Downloaded AAPL/1760967697.json -> /tmp/minio_downloads/1760967697.json
[2025-10-20T13:59:10.882+0000] {logging_mixin.py:188} INFO - Downloaded AAPL/1760967709.json -> /tmp/minio_downloads/1760967709.json
[2025-10-20T13:59:10.892+0000] {logging_mixin.py:188} INFO - Downloaded AAPL/1760967720.json -> /tmp/minio_downloads/1760967720.json
[2025-10-20T13:59:10.902+0000] {logging_mixin.py:188} INFO - Downloaded AAPL/1760967731.json -> /tmp/minio_downloads/1760967731.json
[2025-10-20T13:59:10.911+0000] {logging_mixin.py:188} INFO - Downloaded AAPL/1760967743.json -> /tmp/minio_downloads/1760967743.json
[2025-10-20T13:59:10.921+0000] {logging_mixin.py:188} INFO - Downloaded AAPL/1760967754.json -> /tmp/minio_downloads/1760967754.json
[2025-10-20T13:59:10.931+0000] {logging_mixin.py:188} INFO - Downloaded AAPL/1760967766.json -> /tmp/minio_downloads/1760967766.json
[2025-10-20T13:59:10.940+0000] {logging_mixin.py:188} INFO - Downloaded AAPL/1760967778.json -> /tmp/minio_downloads/1760967778.json
[2025-10-20T13:59:10.950+0000] {logging_mixin.py:188} INFO - Downloaded AAPL/1760967789.json -> /tmp/minio_downloads/1760967789.json
[2025-10-20T13:59:10.960+0000] {logging_mixin.py:188} INFO - Downloaded AAPL/1760967801.json -> /tmp/minio_downloads/1760967801.json
[2025-10-20T13:59:10.970+0000] {logging_mixin.py:188} INFO - Downloaded AAPL/1760967813.json -> /tmp/minio_downloads/1760967813.json
[2025-10-20T13:59:10.980+0000] {logging_mixin.py:188} INFO - Downloaded AAPL/1760967826.json -> /tmp/minio_downloads/1760967826.json
[2025-10-20T13:59:10.989+0000] {logging_mixin.py:188} INFO - Downloaded AAPL/1760967837.json -> /tmp/minio_downloads/1760967837.json
[2025-10-20T13:59:10.999+0000] {logging_mixin.py:188} INFO - Downloaded AAPL/1760967849.json -> /tmp/minio_downloads/1760967849.json
[2025-10-20T13:59:11.009+0000] {logging_mixin.py:188} INFO - Downloaded AAPL/1760967861.json -> /tmp/minio_downloads/1760967861.json
[2025-10-20T13:59:11.018+0000] {logging_mixin.py:188} INFO - Downloaded AAPL/1760967873.json -> /tmp/minio_downloads/1760967873.json
[2025-10-20T13:59:11.027+0000] {logging_mixin.py:188} INFO - Downloaded AAPL/1760967884.json -> /tmp/minio_downloads/1760967884.json
[2025-10-20T13:59:11.036+0000] {logging_mixin.py:188} INFO - Downloaded AAPL/1760967896.json -> /tmp/minio_downloads/1760967896.json
[2025-10-20T13:59:11.045+0000] {logging_mixin.py:188} INFO - Downloaded AAPL/1760967908.json -> /tmp/minio_downloads/1760967908.json
[2025-10-20T13:59:11.055+0000] {logging_mixin.py:188} INFO - Downloaded AAPL/1760967979.json -> /tmp/minio_downloads/1760967979.json
[2025-10-20T13:59:11.064+0000] {logging_mixin.py:188} INFO - Downloaded AAPL/1760967990.json -> /tmp/minio_downloads/1760967990.json
[2025-10-20T13:59:11.073+0000] {logging_mixin.py:188} INFO - Downloaded AAPL/1760968001.json -> /tmp/minio_downloads/1760968001.json
[2025-10-20T13:59:11.082+0000] {logging_mixin.py:188} INFO - Downloaded AAPL/1760968013.json -> /tmp/minio_downloads/1760968013.json
[2025-10-20T13:59:11.091+0000] {logging_mixin.py:188} INFO - Downloaded AAPL/1760968025.json -> /tmp/minio_downloads/1760968025.json
[2025-10-20T13:59:11.100+0000] {logging_mixin.py:188} INFO - Downloaded AAPL/1760968036.json -> /tmp/minio_downloads/1760968036.json
[2025-10-20T13:59:11.109+0000] {logging_mixin.py:188} INFO - Downloaded AAPL/1760968048.json -> /tmp/minio_downloads/1760968048.json
[2025-10-20T13:59:11.119+0000] {logging_mixin.py:188} INFO - Downloaded AAPL/1760968058.json -> /tmp/minio_downloads/1760968058.json
[2025-10-20T13:59:11.127+0000] {logging_mixin.py:188} INFO - Downloaded AAPL/1760968069.json -> /tmp/minio_downloads/1760968069.json
[2025-10-20T13:59:11.137+0000] {logging_mixin.py:188} INFO - Downloaded AAPL/1760968080.json -> /tmp/minio_downloads/1760968080.json
[2025-10-20T13:59:11.146+0000] {logging_mixin.py:188} INFO - Downloaded AAPL/1760968090.json -> /tmp/minio_downloads/1760968090.json
[2025-10-20T13:59:11.155+0000] {logging_mixin.py:188} INFO - Downloaded AAPL/1760968101.json -> /tmp/minio_downloads/1760968101.json
[2025-10-20T13:59:11.165+0000] {logging_mixin.py:188} INFO - Downloaded AAPL/1760968110.json -> /tmp/minio_downloads/1760968110.json
[2025-10-20T13:59:11.176+0000] {logging_mixin.py:188} INFO - Downloaded AAPL/1760968120.json -> /tmp/minio_downloads/1760968120.json
[2025-10-20T13:59:11.185+0000] {logging_mixin.py:188} INFO - Downloaded AAPL/1760968131.json -> /tmp/minio_downloads/1760968131.json
[2025-10-20T13:59:11.194+0000] {logging_mixin.py:188} INFO - Downloaded AAPL/1760968141.json -> /tmp/minio_downloads/1760968141.json
[2025-10-20T13:59:11.203+0000] {logging_mixin.py:188} INFO - Downloaded AAPL/1760968151.json -> /tmp/minio_downloads/1760968151.json
[2025-10-20T13:59:11.212+0000] {logging_mixin.py:188} INFO - Downloaded AAPL/1760968163.json -> /tmp/minio_downloads/1760968163.json
[2025-10-20T13:59:11.221+0000] {logging_mixin.py:188} INFO - Downloaded AAPL/1760968173.json -> /tmp/minio_downloads/1760968173.json
[2025-10-20T13:59:11.232+0000] {logging_mixin.py:188} INFO - Downloaded AAPL/1760968184.json -> /tmp/minio_downloads/1760968184.json
[2025-10-20T13:59:11.241+0000] {logging_mixin.py:188} INFO - Downloaded AAPL/1760968194.json -> /tmp/minio_downloads/1760968194.json
[2025-10-20T13:59:11.250+0000] {logging_mixin.py:188} INFO - Downloaded AAPL/1760968204.json -> /tmp/minio_downloads/1760968204.json
[2025-10-20T13:59:11.259+0000] {logging_mixin.py:188} INFO - Downloaded AAPL/1760968214.json -> /tmp/minio_downloads/1760968214.json
[2025-10-20T13:59:11.269+0000] {logging_mixin.py:188} INFO - Downloaded AAPL/1760968224.json -> /tmp/minio_downloads/1760968224.json
[2025-10-20T13:59:11.278+0000] {logging_mixin.py:188} INFO - Downloaded AAPL/1760968235.json -> /tmp/minio_downloads/1760968235.json
[2025-10-20T13:59:11.288+0000] {logging_mixin.py:188} INFO - Downloaded AAPL/1760968245.json -> /tmp/minio_downloads/1760968245.json
[2025-10-20T13:59:11.296+0000] {logging_mixin.py:188} INFO - Downloaded AAPL/1760968255.json -> /tmp/minio_downloads/1760968255.json
[2025-10-20T13:59:11.306+0000] {logging_mixin.py:188} INFO - Downloaded AAPL/1760968266.json -> /tmp/minio_downloads/1760968266.json
[2025-10-20T13:59:11.313+0000] {logging_mixin.py:188} INFO - Downloaded AAPL/1760968277.json -> /tmp/minio_downloads/1760968277.json
[2025-10-20T13:59:11.323+0000] {logging_mixin.py:188} INFO - Downloaded AAPL/1760968287.json -> /tmp/minio_downloads/1760968287.json
[2025-10-20T13:59:11.332+0000] {logging_mixin.py:188} INFO - Downloaded AAPL/1760968297.json -> /tmp/minio_downloads/1760968297.json
[2025-10-20T13:59:11.342+0000] {logging_mixin.py:188} INFO - Downloaded AAPL/1760968307.json -> /tmp/minio_downloads/1760968307.json
[2025-10-20T13:59:11.351+0000] {logging_mixin.py:188} INFO - Downloaded AAPL/1760968317.json -> /tmp/minio_downloads/1760968317.json
[2025-10-20T13:59:11.361+0000] {logging_mixin.py:188} INFO - Downloaded AAPL/1760968328.json -> /tmp/minio_downloads/1760968328.json
[2025-10-20T13:59:11.371+0000] {logging_mixin.py:188} INFO - Downloaded AAPL/1760968338.json -> /tmp/minio_downloads/1760968338.json
[2025-10-20T13:59:11.379+0000] {logging_mixin.py:188} INFO - Downloaded AAPL/1760968348.json -> /tmp/minio_downloads/1760968348.json
[2025-10-20T13:59:11.392+0000] {logging_mixin.py:188} INFO - Downloaded AAPL/1760968358.json -> /tmp/minio_downloads/1760968358.json
[2025-10-20T13:59:11.403+0000] {logging_mixin.py:188} INFO - Downloaded AAPL/1760968369.json -> /tmp/minio_downloads/1760968369.json
[2025-10-20T13:59:11.413+0000] {logging_mixin.py:188} INFO - Downloaded AAPL/1760968379.json -> /tmp/minio_downloads/1760968379.json
[2025-10-20T13:59:11.423+0000] {logging_mixin.py:188} INFO - Downloaded AAPL/1760968389.json -> /tmp/minio_downloads/1760968389.json
[2025-10-20T13:59:11.433+0000] {logging_mixin.py:188} INFO - Downloaded AAPL/1760968399.json -> /tmp/minio_downloads/1760968399.json
[2025-10-20T13:59:11.442+0000] {logging_mixin.py:188} INFO - Downloaded AAPL/1760968409.json -> /tmp/minio_downloads/1760968409.json
[2025-10-20T13:59:11.452+0000] {logging_mixin.py:188} INFO - Downloaded AAPL/1760968419.json -> /tmp/minio_downloads/1760968419.json
[2025-10-20T13:59:11.462+0000] {logging_mixin.py:188} INFO - Downloaded AAPL/1760968430.json -> /tmp/minio_downloads/1760968430.json
[2025-10-20T13:59:11.473+0000] {logging_mixin.py:188} INFO - Downloaded AAPL/1760968440.json -> /tmp/minio_downloads/1760968440.json
[2025-10-20T13:59:11.484+0000] {logging_mixin.py:188} INFO - Downloaded AAPL/1760968450.json -> /tmp/minio_downloads/1760968450.json
[2025-10-20T13:59:11.493+0000] {logging_mixin.py:188} INFO - Downloaded AAPL/1760968460.json -> /tmp/minio_downloads/1760968460.json
[2025-10-20T13:59:11.503+0000] {logging_mixin.py:188} INFO - Downloaded AAPL/1760968471.json -> /tmp/minio_downloads/1760968471.json
[2025-10-20T13:59:11.512+0000] {logging_mixin.py:188} INFO - Downloaded AAPL/1760968482.json -> /tmp/minio_downloads/1760968482.json
[2025-10-20T13:59:11.522+0000] {logging_mixin.py:188} INFO - Downloaded AAPL/1760968493.json -> /tmp/minio_downloads/1760968493.json
[2025-10-20T13:59:11.534+0000] {logging_mixin.py:188} INFO - Downloaded AAPL/1760968503.json -> /tmp/minio_downloads/1760968503.json
[2025-10-20T13:59:11.545+0000] {logging_mixin.py:188} INFO - Downloaded AAPL/1760968513.json -> /tmp/minio_downloads/1760968513.json
[2025-10-20T13:59:11.558+0000] {logging_mixin.py:188} INFO - Downloaded AAPL/1760968523.json -> /tmp/minio_downloads/1760968523.json
[2025-10-20T13:59:11.570+0000] {logging_mixin.py:188} INFO - Downloaded AAPL/1760968533.json -> /tmp/minio_downloads/1760968533.json
[2025-10-20T13:59:11.581+0000] {logging_mixin.py:188} INFO - Downloaded AAPL/1760968543.json -> /tmp/minio_downloads/1760968543.json
[2025-10-20T13:59:11.593+0000] {logging_mixin.py:188} INFO - Downloaded AAPL/1760968553.json -> /tmp/minio_downloads/1760968553.json
[2025-10-20T13:59:11.604+0000] {logging_mixin.py:188} INFO - Downloaded AAPL/1760968563.json -> /tmp/minio_downloads/1760968563.json
[2025-10-20T13:59:11.614+0000] {logging_mixin.py:188} INFO - Downloaded AAPL/1760968573.json -> /tmp/minio_downloads/1760968573.json
[2025-10-20T13:59:11.625+0000] {logging_mixin.py:188} INFO - Downloaded AAPL/1760968583.json -> /tmp/minio_downloads/1760968583.json
[2025-10-20T13:59:11.637+0000] {logging_mixin.py:188} INFO - Downloaded AAPL/1760968594.json -> /tmp/minio_downloads/1760968594.json
[2025-10-20T13:59:11.647+0000] {logging_mixin.py:188} INFO - Downloaded AAPL/1760968606.json -> /tmp/minio_downloads/1760968606.json
[2025-10-20T13:59:11.657+0000] {logging_mixin.py:188} INFO - Downloaded AAPL/1760968618.json -> /tmp/minio_downloads/1760968618.json
[2025-10-20T13:59:11.667+0000] {logging_mixin.py:188} INFO - Downloaded AAPL/1760968628.json -> /tmp/minio_downloads/1760968628.json
[2025-10-20T13:59:11.676+0000] {logging_mixin.py:188} INFO - Downloaded AAPL/1760968637.json -> /tmp/minio_downloads/1760968637.json
[2025-10-20T13:59:11.686+0000] {logging_mixin.py:188} INFO - Downloaded AAPL/1760968648.json -> /tmp/minio_downloads/1760968648.json
[2025-10-20T13:59:11.695+0000] {logging_mixin.py:188} INFO - Downloaded AAPL/1760968658.json -> /tmp/minio_downloads/1760968658.json
[2025-10-20T13:59:11.705+0000] {logging_mixin.py:188} INFO - Downloaded AAPL/1760968668.json -> /tmp/minio_downloads/1760968668.json
[2025-10-20T13:59:11.713+0000] {logging_mixin.py:188} INFO - Downloaded AAPL/1760968679.json -> /tmp/minio_downloads/1760968679.json
[2025-10-20T13:59:11.722+0000] {logging_mixin.py:188} INFO - Downloaded AAPL/1760968689.json -> /tmp/minio_downloads/1760968689.json
[2025-10-20T13:59:11.731+0000] {logging_mixin.py:188} INFO - Downloaded AAPL/1760968699.json -> /tmp/minio_downloads/1760968699.json
[2025-10-20T13:59:11.741+0000] {logging_mixin.py:188} INFO - Downloaded AAPL/1760968709.json -> /tmp/minio_downloads/1760968709.json
[2025-10-20T13:59:11.751+0000] {logging_mixin.py:188} INFO - Downloaded AAPL/1760968722.json -> /tmp/minio_downloads/1760968722.json
[2025-10-20T13:59:11.760+0000] {logging_mixin.py:188} INFO - Downloaded AAPL/1760968732.json -> /tmp/minio_downloads/1760968732.json
[2025-10-20T13:59:11.770+0000] {logging_mixin.py:188} INFO - Downloaded AAPL/1760968742.json -> /tmp/minio_downloads/1760968742.json
[2025-10-20T13:59:11.780+0000] {logging_mixin.py:188} INFO - Downloaded AMZN/1760967517.json -> /tmp/minio_downloads/1760967517.json
[2025-10-20T13:59:11.789+0000] {logging_mixin.py:188} INFO - Downloaded AMZN/1760967529.json -> /tmp/minio_downloads/1760967529.json
[2025-10-20T13:59:11.798+0000] {logging_mixin.py:188} INFO - Downloaded AMZN/1760967540.json -> /tmp/minio_downloads/1760967540.json
[2025-10-20T13:59:11.807+0000] {logging_mixin.py:188} INFO - Downloaded AMZN/1760967551.json -> /tmp/minio_downloads/1760967551.json
[2025-10-20T13:59:11.817+0000] {logging_mixin.py:188} INFO - Downloaded AMZN/1760967563.json -> /tmp/minio_downloads/1760967563.json
[2025-10-20T13:59:11.826+0000] {logging_mixin.py:188} INFO - Downloaded AMZN/1760967574.json -> /tmp/minio_downloads/1760967574.json
[2025-10-20T13:59:11.835+0000] {logging_mixin.py:188} INFO - Downloaded AMZN/1760967585.json -> /tmp/minio_downloads/1760967585.json
[2025-10-20T13:59:11.844+0000] {logging_mixin.py:188} INFO - Downloaded AMZN/1760967597.json -> /tmp/minio_downloads/1760967597.json
[2025-10-20T13:59:11.854+0000] {logging_mixin.py:188} INFO - Downloaded AMZN/1760967608.json -> /tmp/minio_downloads/1760967608.json
[2025-10-20T13:59:11.864+0000] {logging_mixin.py:188} INFO - Downloaded AMZN/1760967620.json -> /tmp/minio_downloads/1760967620.json
[2025-10-20T13:59:11.874+0000] {logging_mixin.py:188} INFO - Downloaded AMZN/1760967632.json -> /tmp/minio_downloads/1760967632.json
[2025-10-20T13:59:11.884+0000] {logging_mixin.py:188} INFO - Downloaded AMZN/1760967643.json -> /tmp/minio_downloads/1760967643.json
[2025-10-20T13:59:11.893+0000] {logging_mixin.py:188} INFO - Downloaded AMZN/1760967655.json -> /tmp/minio_downloads/1760967655.json
[2025-10-20T13:59:11.903+0000] {logging_mixin.py:188} INFO - Downloaded AMZN/1760967667.json -> /tmp/minio_downloads/1760967667.json
[2025-10-20T13:59:11.912+0000] {logging_mixin.py:188} INFO - Downloaded AMZN/1760967678.json -> /tmp/minio_downloads/1760967678.json
[2025-10-20T13:59:11.922+0000] {logging_mixin.py:188} INFO - Downloaded AMZN/1760967689.json -> /tmp/minio_downloads/1760967689.json
[2025-10-20T13:59:11.930+0000] {logging_mixin.py:188} INFO - Downloaded AMZN/1760967701.json -> /tmp/minio_downloads/1760967701.json
[2025-10-20T13:59:11.939+0000] {logging_mixin.py:188} INFO - Downloaded AMZN/1760967712.json -> /tmp/minio_downloads/1760967712.json
[2025-10-20T13:59:11.948+0000] {logging_mixin.py:188} INFO - Downloaded AMZN/1760967724.json -> /tmp/minio_downloads/1760967724.json
[2025-10-20T13:59:11.958+0000] {logging_mixin.py:188} INFO - Downloaded AMZN/1760967736.json -> /tmp/minio_downloads/1760967736.json
[2025-10-20T13:59:11.967+0000] {logging_mixin.py:188} INFO - Downloaded AMZN/1760967747.json -> /tmp/minio_downloads/1760967747.json
[2025-10-20T13:59:11.976+0000] {logging_mixin.py:188} INFO - Downloaded AMZN/1760967759.json -> /tmp/minio_downloads/1760967759.json
[2025-10-20T13:59:11.985+0000] {logging_mixin.py:188} INFO - Downloaded AMZN/1760967770.json -> /tmp/minio_downloads/1760967770.json
[2025-10-20T13:59:11.993+0000] {logging_mixin.py:188} INFO - Downloaded AMZN/1760967782.json -> /tmp/minio_downloads/1760967782.json
[2025-10-20T13:59:12.003+0000] {logging_mixin.py:188} INFO - Downloaded AMZN/1760967794.json -> /tmp/minio_downloads/1760967794.json
[2025-10-20T13:59:12.011+0000] {logging_mixin.py:188} INFO - Downloaded AMZN/1760967805.json -> /tmp/minio_downloads/1760967805.json
[2025-10-20T13:59:12.020+0000] {logging_mixin.py:188} INFO - Downloaded AMZN/1760967819.json -> /tmp/minio_downloads/1760967819.json
[2025-10-20T13:59:12.029+0000] {logging_mixin.py:188} INFO - Downloaded AMZN/1760967830.json -> /tmp/minio_downloads/1760967830.json
[2025-10-20T13:59:12.039+0000] {logging_mixin.py:188} INFO - Downloaded AMZN/1760967842.json -> /tmp/minio_downloads/1760967842.json
[2025-10-20T13:59:12.050+0000] {logging_mixin.py:188} INFO - Downloaded AMZN/1760967854.json -> /tmp/minio_downloads/1760967854.json
[2025-10-20T13:59:12.059+0000] {logging_mixin.py:188} INFO - Downloaded AMZN/1760967866.json -> /tmp/minio_downloads/1760967866.json
[2025-10-20T13:59:12.068+0000] {logging_mixin.py:188} INFO - Downloaded AMZN/1760967877.json -> /tmp/minio_downloads/1760967877.json
[2025-10-20T13:59:12.078+0000] {logging_mixin.py:188} INFO - Downloaded AMZN/1760967889.json -> /tmp/minio_downloads/1760967889.json
[2025-10-20T13:59:12.088+0000] {logging_mixin.py:188} INFO - Downloaded AMZN/1760967900.json -> /tmp/minio_downloads/1760967900.json
[2025-10-20T13:59:12.099+0000] {logging_mixin.py:188} INFO - Downloaded AMZN/1760967972.json -> /tmp/minio_downloads/1760967972.json
[2025-10-20T13:59:12.108+0000] {logging_mixin.py:188} INFO - Downloaded AMZN/1760967983.json -> /tmp/minio_downloads/1760967983.json
[2025-10-20T13:59:12.118+0000] {logging_mixin.py:188} INFO - Downloaded AMZN/1760967994.json -> /tmp/minio_downloads/1760967994.json
[2025-10-20T13:59:12.127+0000] {logging_mixin.py:188} INFO - Downloaded AMZN/1760968006.json -> /tmp/minio_downloads/1760968006.json
[2025-10-20T13:59:12.136+0000] {logging_mixin.py:188} INFO - Downloaded AMZN/1760968018.json -> /tmp/minio_downloads/1760968018.json
[2025-10-20T13:59:12.146+0000] {logging_mixin.py:188} INFO - Downloaded AMZN/1760968029.json -> /tmp/minio_downloads/1760968029.json
[2025-10-20T13:59:12.155+0000] {logging_mixin.py:188} INFO - Downloaded AMZN/1760968041.json -> /tmp/minio_downloads/1760968041.json
[2025-10-20T13:59:12.164+0000] {logging_mixin.py:188} INFO - Downloaded AMZN/1760968052.json -> /tmp/minio_downloads/1760968052.json
[2025-10-20T13:59:12.174+0000] {logging_mixin.py:188} INFO - Downloaded AMZN/1760968062.json -> /tmp/minio_downloads/1760968062.json
[2025-10-20T13:59:12.183+0000] {logging_mixin.py:188} INFO - Downloaded AMZN/1760968073.json -> /tmp/minio_downloads/1760968073.json
[2025-10-20T13:59:12.192+0000] {logging_mixin.py:188} INFO - Downloaded AMZN/1760968083.json -> /tmp/minio_downloads/1760968083.json
[2025-10-20T13:59:12.202+0000] {logging_mixin.py:188} INFO - Downloaded AMZN/1760968093.json -> /tmp/minio_downloads/1760968093.json
[2025-10-20T13:59:12.210+0000] {logging_mixin.py:188} INFO - Downloaded AMZN/1760968103.json -> /tmp/minio_downloads/1760968103.json
[2025-10-20T13:59:12.220+0000] {logging_mixin.py:188} INFO - Downloaded AMZN/1760968114.json -> /tmp/minio_downloads/1760968114.json
[2025-10-20T13:59:12.228+0000] {logging_mixin.py:188} INFO - Downloaded AMZN/1760968124.json -> /tmp/minio_downloads/1760968124.json
[2025-10-20T13:59:12.238+0000] {logging_mixin.py:188} INFO - Downloaded AMZN/1760968134.json -> /tmp/minio_downloads/1760968134.json
[2025-10-20T13:59:12.247+0000] {logging_mixin.py:188} INFO - Downloaded AMZN/1760968144.json -> /tmp/minio_downloads/1760968144.json
[2025-10-20T13:59:12.256+0000] {logging_mixin.py:188} INFO - Downloaded AMZN/1760968156.json -> /tmp/minio_downloads/1760968156.json
[2025-10-20T13:59:12.265+0000] {logging_mixin.py:188} INFO - Downloaded AMZN/1760968166.json -> /tmp/minio_downloads/1760968166.json
[2025-10-20T13:59:12.274+0000] {logging_mixin.py:188} INFO - Downloaded AMZN/1760968177.json -> /tmp/minio_downloads/1760968177.json
[2025-10-20T13:59:12.284+0000] {logging_mixin.py:188} INFO - Downloaded AMZN/1760968187.json -> /tmp/minio_downloads/1760968187.json
[2025-10-20T13:59:12.293+0000] {logging_mixin.py:188} INFO - Downloaded AMZN/1760968198.json -> /tmp/minio_downloads/1760968198.json
[2025-10-20T13:59:12.302+0000] {logging_mixin.py:188} INFO - Downloaded AMZN/1760968207.json -> /tmp/minio_downloads/1760968207.json
[2025-10-20T13:59:12.311+0000] {logging_mixin.py:188} INFO - Downloaded AMZN/1760968217.json -> /tmp/minio_downloads/1760968217.json
[2025-10-20T13:59:12.322+0000] {logging_mixin.py:188} INFO - Downloaded AMZN/1760968228.json -> /tmp/minio_downloads/1760968228.json
[2025-10-20T13:59:12.333+0000] {logging_mixin.py:188} INFO - Downloaded AMZN/1760968238.json -> /tmp/minio_downloads/1760968238.json
[2025-10-20T13:59:12.342+0000] {logging_mixin.py:188} INFO - Downloaded AMZN/1760968248.json -> /tmp/minio_downloads/1760968248.json
[2025-10-20T13:59:12.356+0000] {logging_mixin.py:188} INFO - Downloaded AMZN/1760968258.json -> /tmp/minio_downloads/1760968258.json
[2025-10-20T13:59:12.368+0000] {logging_mixin.py:188} INFO - Downloaded AMZN/1760968270.json -> /tmp/minio_downloads/1760968270.json
[2025-10-20T13:59:12.379+0000] {logging_mixin.py:188} INFO - Downloaded AMZN/1760968280.json -> /tmp/minio_downloads/1760968280.json
[2025-10-20T13:59:12.390+0000] {logging_mixin.py:188} INFO - Downloaded AMZN/1760968290.json -> /tmp/minio_downloads/1760968290.json
[2025-10-20T13:59:12.402+0000] {logging_mixin.py:188} INFO - Downloaded AMZN/1760968301.json -> /tmp/minio_downloads/1760968301.json
[2025-10-20T13:59:12.424+0000] {logging_mixin.py:188} INFO - Downloaded AMZN/1760968311.json -> /tmp/minio_downloads/1760968311.json
[2025-10-20T13:59:12.435+0000] {logging_mixin.py:188} INFO - Downloaded AMZN/1760968321.json -> /tmp/minio_downloads/1760968321.json
[2025-10-20T13:59:12.445+0000] {logging_mixin.py:188} INFO - Downloaded AMZN/1760968331.json -> /tmp/minio_downloads/1760968331.json
[2025-10-20T13:59:12.454+0000] {logging_mixin.py:188} INFO - Downloaded AMZN/1760968341.json -> /tmp/minio_downloads/1760968341.json
[2025-10-20T13:59:12.464+0000] {logging_mixin.py:188} INFO - Downloaded AMZN/1760968351.json -> /tmp/minio_downloads/1760968351.json
[2025-10-20T13:59:12.475+0000] {logging_mixin.py:188} INFO - Downloaded AMZN/1760968362.json -> /tmp/minio_downloads/1760968362.json
[2025-10-20T13:59:12.485+0000] {logging_mixin.py:188} INFO - Downloaded AMZN/1760968372.json -> /tmp/minio_downloads/1760968372.json
[2025-10-20T13:59:12.495+0000] {logging_mixin.py:188} INFO - Downloaded AMZN/1760968382.json -> /tmp/minio_downloads/1760968382.json
[2025-10-20T13:59:12.509+0000] {logging_mixin.py:188} INFO - Downloaded AMZN/1760968392.json -> /tmp/minio_downloads/1760968392.json
[2025-10-20T13:59:12.522+0000] {logging_mixin.py:188} INFO - Downloaded AMZN/1760968402.json -> /tmp/minio_downloads/1760968402.json
[2025-10-20T13:59:12.533+0000] {logging_mixin.py:188} INFO - Downloaded AMZN/1760968412.json -> /tmp/minio_downloads/1760968412.json
[2025-10-20T13:59:12.544+0000] {logging_mixin.py:188} INFO - Downloaded AMZN/1760968423.json -> /tmp/minio_downloads/1760968423.json
[2025-10-20T13:59:12.555+0000] {logging_mixin.py:188} INFO - Downloaded AMZN/1760968433.json -> /tmp/minio_downloads/1760968433.json
[2025-10-20T13:59:12.566+0000] {logging_mixin.py:188} INFO - Downloaded AMZN/1760968443.json -> /tmp/minio_downloads/1760968443.json
[2025-10-20T13:59:12.577+0000] {logging_mixin.py:188} INFO - Downloaded AMZN/1760968453.json -> /tmp/minio_downloads/1760968453.json
[2025-10-20T13:59:12.587+0000] {logging_mixin.py:188} INFO - Downloaded AMZN/1760968464.json -> /tmp/minio_downloads/1760968464.json
[2025-10-20T13:59:12.598+0000] {logging_mixin.py:188} INFO - Downloaded AMZN/1760968475.json -> /tmp/minio_downloads/1760968475.json
[2025-10-20T13:59:12.608+0000] {logging_mixin.py:188} INFO - Downloaded AMZN/1760968486.json -> /tmp/minio_downloads/1760968486.json
[2025-10-20T13:59:12.619+0000] {logging_mixin.py:188} INFO - Downloaded AMZN/1760968496.json -> /tmp/minio_downloads/1760968496.json
[2025-10-20T13:59:12.628+0000] {logging_mixin.py:188} INFO - Downloaded AMZN/1760968506.json -> /tmp/minio_downloads/1760968506.json
[2025-10-20T13:59:12.638+0000] {logging_mixin.py:188} INFO - Downloaded AMZN/1760968516.json -> /tmp/minio_downloads/1760968516.json
[2025-10-20T13:59:12.649+0000] {logging_mixin.py:188} INFO - Downloaded AMZN/1760968526.json -> /tmp/minio_downloads/1760968526.json
[2025-10-20T13:59:12.659+0000] {logging_mixin.py:188} INFO - Downloaded AMZN/1760968536.json -> /tmp/minio_downloads/1760968536.json
[2025-10-20T13:59:12.671+0000] {logging_mixin.py:188} INFO - Downloaded AMZN/1760968546.json -> /tmp/minio_downloads/1760968546.json
[2025-10-20T13:59:12.681+0000] {logging_mixin.py:188} INFO - Downloaded AMZN/1760968556.json -> /tmp/minio_downloads/1760968556.json
[2025-10-20T13:59:12.690+0000] {logging_mixin.py:188} INFO - Downloaded AMZN/1760968566.json -> /tmp/minio_downloads/1760968566.json
[2025-10-20T13:59:12.701+0000] {logging_mixin.py:188} INFO - Downloaded AMZN/1760968576.json -> /tmp/minio_downloads/1760968576.json
[2025-10-20T13:59:12.711+0000] {logging_mixin.py:188} INFO - Downloaded AMZN/1760968587.json -> /tmp/minio_downloads/1760968587.json
[2025-10-20T13:59:12.722+0000] {logging_mixin.py:188} INFO - Downloaded AMZN/1760968598.json -> /tmp/minio_downloads/1760968598.json
[2025-10-20T13:59:12.732+0000] {logging_mixin.py:188} INFO - Downloaded AMZN/1760968611.json -> /tmp/minio_downloads/1760968611.json
[2025-10-20T13:59:12.742+0000] {logging_mixin.py:188} INFO - Downloaded AMZN/1760968621.json -> /tmp/minio_downloads/1760968621.json
[2025-10-20T13:59:12.754+0000] {logging_mixin.py:188} INFO - Downloaded AMZN/1760968631.json -> /tmp/minio_downloads/1760968631.json
[2025-10-20T13:59:12.763+0000] {logging_mixin.py:188} INFO - Downloaded AMZN/1760968641.json -> /tmp/minio_downloads/1760968641.json
[2025-10-20T13:59:12.774+0000] {logging_mixin.py:188} INFO - Downloaded AMZN/1760968651.json -> /tmp/minio_downloads/1760968651.json
[2025-10-20T13:59:12.785+0000] {logging_mixin.py:188} INFO - Downloaded AMZN/1760968661.json -> /tmp/minio_downloads/1760968661.json
[2025-10-20T13:59:12.797+0000] {logging_mixin.py:188} INFO - Downloaded AMZN/1760968672.json -> /tmp/minio_downloads/1760968672.json
[2025-10-20T13:59:12.808+0000] {logging_mixin.py:188} INFO - Downloaded AMZN/1760968682.json -> /tmp/minio_downloads/1760968682.json
[2025-10-20T13:59:12.819+0000] {logging_mixin.py:188} INFO - Downloaded AMZN/1760968692.json -> /tmp/minio_downloads/1760968692.json
[2025-10-20T13:59:12.828+0000] {logging_mixin.py:188} INFO - Downloaded AMZN/1760968702.json -> /tmp/minio_downloads/1760968702.json
[2025-10-20T13:59:12.839+0000] {logging_mixin.py:188} INFO - Downloaded AMZN/1760968715.json -> /tmp/minio_downloads/1760968715.json
[2025-10-20T13:59:12.850+0000] {logging_mixin.py:188} INFO - Downloaded AMZN/1760968725.json -> /tmp/minio_downloads/1760968725.json
[2025-10-20T13:59:12.859+0000] {logging_mixin.py:188} INFO - Downloaded AMZN/1760968735.json -> /tmp/minio_downloads/1760968735.json
[2025-10-20T13:59:12.869+0000] {logging_mixin.py:188} INFO - Downloaded AMZN/1760968746.json -> /tmp/minio_downloads/1760968746.json
[2025-10-20T13:59:12.880+0000] {logging_mixin.py:188} INFO - Downloaded GOOGL/1760967516.json -> /tmp/minio_downloads/1760967516.json
[2025-10-20T13:59:12.891+0000] {logging_mixin.py:188} INFO - Downloaded GOOGL/1760967528.json -> /tmp/minio_downloads/1760967528.json
[2025-10-20T13:59:12.901+0000] {logging_mixin.py:188} INFO - Downloaded GOOGL/1760967539.json -> /tmp/minio_downloads/1760967539.json
[2025-10-20T13:59:12.911+0000] {logging_mixin.py:188} INFO - Downloaded GOOGL/1760967550.json -> /tmp/minio_downloads/1760967550.json
[2025-10-20T13:59:12.923+0000] {logging_mixin.py:188} INFO - Downloaded GOOGL/1760967561.json -> /tmp/minio_downloads/1760967561.json
[2025-10-20T13:59:12.936+0000] {logging_mixin.py:188} INFO - Downloaded GOOGL/1760967573.json -> /tmp/minio_downloads/1760967573.json
[2025-10-20T13:59:12.954+0000] {logging_mixin.py:188} INFO - Downloaded GOOGL/1760967584.json -> /tmp/minio_downloads/1760967584.json
[2025-10-20T13:59:12.967+0000] {logging_mixin.py:188} INFO - Downloaded GOOGL/1760967596.json -> /tmp/minio_downloads/1760967596.json
[2025-10-20T13:59:12.977+0000] {logging_mixin.py:188} INFO - Downloaded GOOGL/1760967607.json -> /tmp/minio_downloads/1760967607.json
[2025-10-20T13:59:12.989+0000] {logging_mixin.py:188} INFO - Downloaded GOOGL/1760967619.json -> /tmp/minio_downloads/1760967619.json
[2025-10-20T13:59:13.002+0000] {logging_mixin.py:188} INFO - Downloaded GOOGL/1760967631.json -> /tmp/minio_downloads/1760967631.json
[2025-10-20T13:59:13.014+0000] {logging_mixin.py:188} INFO - Downloaded GOOGL/1760967642.json -> /tmp/minio_downloads/1760967642.json
[2025-10-20T13:59:13.025+0000] {logging_mixin.py:188} INFO - Downloaded GOOGL/1760967654.json -> /tmp/minio_downloads/1760967654.json
[2025-10-20T13:59:13.038+0000] {logging_mixin.py:188} INFO - Downloaded GOOGL/1760967666.json -> /tmp/minio_downloads/1760967666.json
[2025-10-20T13:59:13.054+0000] {logging_mixin.py:188} INFO - Downloaded GOOGL/1760967677.json -> /tmp/minio_downloads/1760967677.json
[2025-10-20T13:59:13.066+0000] {logging_mixin.py:188} INFO - Downloaded GOOGL/1760967688.json -> /tmp/minio_downloads/1760967688.json
[2025-10-20T13:59:13.077+0000] {logging_mixin.py:188} INFO - Downloaded GOOGL/1760967700.json -> /tmp/minio_downloads/1760967700.json
[2025-10-20T13:59:13.090+0000] {logging_mixin.py:188} INFO - Downloaded GOOGL/1760967712.json -> /tmp/minio_downloads/1760967712.json
[2025-10-20T13:59:13.102+0000] {logging_mixin.py:188} INFO - Downloaded GOOGL/1760967723.json -> /tmp/minio_downloads/1760967723.json
[2025-10-20T13:59:13.114+0000] {logging_mixin.py:188} INFO - Downloaded GOOGL/1760967735.json -> /tmp/minio_downloads/1760967735.json
[2025-10-20T13:59:13.127+0000] {logging_mixin.py:188} INFO - Downloaded GOOGL/1760967746.json -> /tmp/minio_downloads/1760967746.json
[2025-10-20T13:59:13.140+0000] {logging_mixin.py:188} INFO - Downloaded GOOGL/1760967758.json -> /tmp/minio_downloads/1760967758.json
[2025-10-20T13:59:13.152+0000] {logging_mixin.py:188} INFO - Downloaded GOOGL/1760967769.json -> /tmp/minio_downloads/1760967769.json
[2025-10-20T13:59:13.162+0000] {logging_mixin.py:188} INFO - Downloaded GOOGL/1760967781.json -> /tmp/minio_downloads/1760967781.json
[2025-10-20T13:59:13.173+0000] {logging_mixin.py:188} INFO - Downloaded GOOGL/1760967793.json -> /tmp/minio_downloads/1760967793.json
[2025-10-20T13:59:13.186+0000] {logging_mixin.py:188} INFO - Downloaded GOOGL/1760967804.json -> /tmp/minio_downloads/1760967804.json
[2025-10-20T13:59:13.197+0000] {logging_mixin.py:188} INFO - Downloaded GOOGL/1760967818.json -> /tmp/minio_downloads/1760967818.json
[2025-10-20T13:59:13.208+0000] {logging_mixin.py:188} INFO - Downloaded GOOGL/1760967829.json -> /tmp/minio_downloads/1760967829.json
[2025-10-20T13:59:13.220+0000] {logging_mixin.py:188} INFO - Downloaded GOOGL/1760967841.json -> /tmp/minio_downloads/1760967841.json
[2025-10-20T13:59:13.231+0000] {logging_mixin.py:188} INFO - Downloaded GOOGL/1760967853.json -> /tmp/minio_downloads/1760967853.json
[2025-10-20T13:59:13.243+0000] {logging_mixin.py:188} INFO - Downloaded GOOGL/1760967864.json -> /tmp/minio_downloads/1760967864.json
[2025-10-20T13:59:13.255+0000] {logging_mixin.py:188} INFO - Downloaded GOOGL/1760967876.json -> /tmp/minio_downloads/1760967876.json
[2025-10-20T13:59:13.267+0000] {logging_mixin.py:188} INFO - Downloaded GOOGL/1760967888.json -> /tmp/minio_downloads/1760967888.json
[2025-10-20T13:59:13.279+0000] {logging_mixin.py:188} INFO - Downloaded GOOGL/1760967899.json -> /tmp/minio_downloads/1760967899.json
[2025-10-20T13:59:13.290+0000] {logging_mixin.py:188} INFO - Downloaded GOOGL/1760967971.json -> /tmp/minio_downloads/1760967971.json
[2025-10-20T13:59:13.302+0000] {logging_mixin.py:188} INFO - Downloaded GOOGL/1760967982.json -> /tmp/minio_downloads/1760967982.json
[2025-10-20T13:59:13.314+0000] {logging_mixin.py:188} INFO - Downloaded GOOGL/1760967993.json -> /tmp/minio_downloads/1760967993.json
[2025-10-20T13:59:13.327+0000] {logging_mixin.py:188} INFO - Downloaded GOOGL/1760968005.json -> /tmp/minio_downloads/1760968005.json
[2025-10-20T13:59:13.337+0000] {logging_mixin.py:188} INFO - Downloaded GOOGL/1760968016.json -> /tmp/minio_downloads/1760968016.json
[2025-10-20T13:59:13.349+0000] {logging_mixin.py:188} INFO - Downloaded GOOGL/1760968028.json -> /tmp/minio_downloads/1760968028.json
[2025-10-20T13:59:13.360+0000] {logging_mixin.py:188} INFO - Downloaded GOOGL/1760968039.json -> /tmp/minio_downloads/1760968039.json
[2025-10-20T13:59:13.372+0000] {logging_mixin.py:188} INFO - Downloaded GOOGL/1760968051.json -> /tmp/minio_downloads/1760968051.json
[2025-10-20T13:59:13.385+0000] {logging_mixin.py:188} INFO - Downloaded GOOGL/1760968061.json -> /tmp/minio_downloads/1760968061.json
[2025-10-20T13:59:13.396+0000] {logging_mixin.py:188} INFO - Downloaded GOOGL/1760968072.json -> /tmp/minio_downloads/1760968072.json
[2025-10-20T13:59:13.408+0000] {logging_mixin.py:188} INFO - Downloaded GOOGL/1760968082.json -> /tmp/minio_downloads/1760968082.json
[2025-10-20T13:59:13.420+0000] {logging_mixin.py:188} INFO - Downloaded GOOGL/1760968092.json -> /tmp/minio_downloads/1760968092.json
[2025-10-20T13:59:13.433+0000] {logging_mixin.py:188} INFO - Downloaded GOOGL/1760968103.json -> /tmp/minio_downloads/1760968103.json
[2025-10-20T13:59:13.444+0000] {logging_mixin.py:188} INFO - Downloaded GOOGL/1760968113.json -> /tmp/minio_downloads/1760968113.json
[2025-10-20T13:59:13.457+0000] {logging_mixin.py:188} INFO - Downloaded GOOGL/1760968123.json -> /tmp/minio_downloads/1760968123.json
[2025-10-20T13:59:13.470+0000] {logging_mixin.py:188} INFO - Downloaded GOOGL/1760968133.json -> /tmp/minio_downloads/1760968133.json
[2025-10-20T13:59:13.482+0000] {logging_mixin.py:188} INFO - Downloaded GOOGL/1760968143.json -> /tmp/minio_downloads/1760968143.json
[2025-10-20T13:59:13.493+0000] {logging_mixin.py:188} INFO - Downloaded GOOGL/1760968155.json -> /tmp/minio_downloads/1760968155.json
[2025-10-20T13:59:13.506+0000] {logging_mixin.py:188} INFO - Downloaded GOOGL/1760968166.json -> /tmp/minio_downloads/1760968166.json
[2025-10-20T13:59:13.518+0000] {logging_mixin.py:188} INFO - Downloaded GOOGL/1760968176.json -> /tmp/minio_downloads/1760968176.json
[2025-10-20T13:59:13.532+0000] {logging_mixin.py:188} INFO - Downloaded GOOGL/1760968186.json -> /tmp/minio_downloads/1760968186.json
[2025-10-20T13:59:13.544+0000] {logging_mixin.py:188} INFO - Downloaded GOOGL/1760968197.json -> /tmp/minio_downloads/1760968197.json
[2025-10-20T13:59:13.560+0000] {logging_mixin.py:188} INFO - Downloaded GOOGL/1760968207.json -> /tmp/minio_downloads/1760968207.json
[2025-10-20T13:59:13.573+0000] {logging_mixin.py:188} INFO - Downloaded GOOGL/1760968217.json -> /tmp/minio_downloads/1760968217.json
[2025-10-20T13:59:13.585+0000] {logging_mixin.py:188} INFO - Downloaded GOOGL/1760968227.json -> /tmp/minio_downloads/1760968227.json
[2025-10-20T13:59:13.598+0000] {logging_mixin.py:188} INFO - Downloaded GOOGL/1760968237.json -> /tmp/minio_downloads/1760968237.json
[2025-10-20T13:59:13.611+0000] {logging_mixin.py:188} INFO - Downloaded GOOGL/1760968247.json -> /tmp/minio_downloads/1760968247.json
[2025-10-20T13:59:13.623+0000] {logging_mixin.py:188} INFO - Downloaded GOOGL/1760968257.json -> /tmp/minio_downloads/1760968257.json
[2025-10-20T13:59:13.638+0000] {logging_mixin.py:188} INFO - Downloaded GOOGL/1760968269.json -> /tmp/minio_downloads/1760968269.json
[2025-10-20T13:59:13.655+0000] {logging_mixin.py:188} INFO - Downloaded GOOGL/1760968280.json -> /tmp/minio_downloads/1760968280.json
[2025-10-20T13:59:13.669+0000] {logging_mixin.py:188} INFO - Downloaded GOOGL/1760968290.json -> /tmp/minio_downloads/1760968290.json
[2025-10-20T13:59:13.687+0000] {logging_mixin.py:188} INFO - Downloaded GOOGL/1760968300.json -> /tmp/minio_downloads/1760968300.json
[2025-10-20T13:59:13.712+0000] {logging_mixin.py:188} INFO - Downloaded GOOGL/1760968310.json -> /tmp/minio_downloads/1760968310.json
[2025-10-20T13:59:13.725+0000] {logging_mixin.py:188} INFO - Downloaded GOOGL/1760968320.json -> /tmp/minio_downloads/1760968320.json
[2025-10-20T13:59:13.737+0000] {logging_mixin.py:188} INFO - Downloaded GOOGL/1760968330.json -> /tmp/minio_downloads/1760968330.json
[2025-10-20T13:59:13.751+0000] {logging_mixin.py:188} INFO - Downloaded GOOGL/1760968340.json -> /tmp/minio_downloads/1760968340.json
[2025-10-20T13:59:13.766+0000] {logging_mixin.py:188} INFO - Downloaded GOOGL/1760968351.json -> /tmp/minio_downloads/1760968351.json
[2025-10-20T13:59:13.781+0000] {logging_mixin.py:188} INFO - Downloaded GOOGL/1760968361.json -> /tmp/minio_downloads/1760968361.json
[2025-10-20T13:59:13.799+0000] {logging_mixin.py:188} INFO - Downloaded GOOGL/1760968371.json -> /tmp/minio_downloads/1760968371.json
[2025-10-20T13:59:13.814+0000] {logging_mixin.py:188} INFO - Downloaded GOOGL/1760968381.json -> /tmp/minio_downloads/1760968381.json
[2025-10-20T13:59:13.829+0000] {logging_mixin.py:188} INFO - Downloaded GOOGL/1760968391.json -> /tmp/minio_downloads/1760968391.json
[2025-10-20T13:59:13.846+0000] {logging_mixin.py:188} INFO - Downloaded GOOGL/1760968401.json -> /tmp/minio_downloads/1760968401.json
[2025-10-20T13:59:13.860+0000] {logging_mixin.py:188} INFO - Downloaded GOOGL/1760968412.json -> /tmp/minio_downloads/1760968412.json
[2025-10-20T13:59:13.872+0000] {logging_mixin.py:188} INFO - Downloaded GOOGL/1760968422.json -> /tmp/minio_downloads/1760968422.json
[2025-10-20T13:59:13.885+0000] {logging_mixin.py:188} INFO - Downloaded GOOGL/1760968432.json -> /tmp/minio_downloads/1760968432.json
[2025-10-20T13:59:13.899+0000] {logging_mixin.py:188} INFO - Downloaded GOOGL/1760968442.json -> /tmp/minio_downloads/1760968442.json
[2025-10-20T13:59:13.912+0000] {logging_mixin.py:188} INFO - Downloaded GOOGL/1760968452.json -> /tmp/minio_downloads/1760968452.json
[2025-10-20T13:59:13.927+0000] {logging_mixin.py:188} INFO - Downloaded GOOGL/1760968463.json -> /tmp/minio_downloads/1760968463.json
[2025-10-20T13:59:13.940+0000] {logging_mixin.py:188} INFO - Downloaded GOOGL/1760968474.json -> /tmp/minio_downloads/1760968474.json
[2025-10-20T13:59:13.953+0000] {logging_mixin.py:188} INFO - Downloaded GOOGL/1760968485.json -> /tmp/minio_downloads/1760968485.json
[2025-10-20T13:59:13.966+0000] {logging_mixin.py:188} INFO - Downloaded GOOGL/1760968495.json -> /tmp/minio_downloads/1760968495.json
[2025-10-20T13:59:13.976+0000] {logging_mixin.py:188} INFO - Downloaded GOOGL/1760968506.json -> /tmp/minio_downloads/1760968506.json
[2025-10-20T13:59:13.987+0000] {logging_mixin.py:188} INFO - Downloaded GOOGL/1760968516.json -> /tmp/minio_downloads/1760968516.json
[2025-10-20T13:59:13.996+0000] {logging_mixin.py:188} INFO - Downloaded GOOGL/1760968526.json -> /tmp/minio_downloads/1760968526.json
[2025-10-20T13:59:14.006+0000] {logging_mixin.py:188} INFO - Downloaded GOOGL/1760968536.json -> /tmp/minio_downloads/1760968536.json
[2025-10-20T13:59:14.016+0000] {logging_mixin.py:188} INFO - Downloaded GOOGL/1760968545.json -> /tmp/minio_downloads/1760968545.json
[2025-10-20T13:59:14.026+0000] {logging_mixin.py:188} INFO - Downloaded GOOGL/1760968555.json -> /tmp/minio_downloads/1760968555.json
[2025-10-20T13:59:14.036+0000] {logging_mixin.py:188} INFO - Downloaded GOOGL/1760968565.json -> /tmp/minio_downloads/1760968565.json
[2025-10-20T13:59:14.046+0000] {logging_mixin.py:188} INFO - Downloaded GOOGL/1760968575.json -> /tmp/minio_downloads/1760968575.json
[2025-10-20T13:59:14.057+0000] {logging_mixin.py:188} INFO - Downloaded GOOGL/1760968586.json -> /tmp/minio_downloads/1760968586.json
[2025-10-20T13:59:14.067+0000] {logging_mixin.py:188} INFO - Downloaded GOOGL/1760968598.json -> /tmp/minio_downloads/1760968598.json
[2025-10-20T13:59:14.076+0000] {logging_mixin.py:188} INFO - Downloaded GOOGL/1760968610.json -> /tmp/minio_downloads/1760968610.json
[2025-10-20T13:59:14.086+0000] {logging_mixin.py:188} INFO - Downloaded GOOGL/1760968620.json -> /tmp/minio_downloads/1760968620.json
[2025-10-20T13:59:14.095+0000] {logging_mixin.py:188} INFO - Downloaded GOOGL/1760968630.json -> /tmp/minio_downloads/1760968630.json
[2025-10-20T13:59:14.105+0000] {logging_mixin.py:188} INFO - Downloaded GOOGL/1760968640.json -> /tmp/minio_downloads/1760968640.json
[2025-10-20T13:59:14.113+0000] {logging_mixin.py:188} INFO - Downloaded GOOGL/1760968650.json -> /tmp/minio_downloads/1760968650.json
[2025-10-20T13:59:14.123+0000] {logging_mixin.py:188} INFO - Downloaded GOOGL/1760968660.json -> /tmp/minio_downloads/1760968660.json
[2025-10-20T13:59:14.133+0000] {logging_mixin.py:188} INFO - Downloaded GOOGL/1760968671.json -> /tmp/minio_downloads/1760968671.json
[2025-10-20T13:59:14.142+0000] {logging_mixin.py:188} INFO - Downloaded GOOGL/1760968681.json -> /tmp/minio_downloads/1760968681.json
[2025-10-20T13:59:14.154+0000] {logging_mixin.py:188} INFO - Downloaded GOOGL/1760968691.json -> /tmp/minio_downloads/1760968691.json
[2025-10-20T13:59:14.164+0000] {logging_mixin.py:188} INFO - Downloaded GOOGL/1760968701.json -> /tmp/minio_downloads/1760968701.json
[2025-10-20T13:59:14.174+0000] {logging_mixin.py:188} INFO - Downloaded GOOGL/1760968714.json -> /tmp/minio_downloads/1760968714.json
[2025-10-20T13:59:14.184+0000] {logging_mixin.py:188} INFO - Downloaded GOOGL/1760968724.json -> /tmp/minio_downloads/1760968724.json
[2025-10-20T13:59:14.193+0000] {logging_mixin.py:188} INFO - Downloaded GOOGL/1760968734.json -> /tmp/minio_downloads/1760968734.json
[2025-10-20T13:59:14.202+0000] {logging_mixin.py:188} INFO - Downloaded GOOGL/1760968745.json -> /tmp/minio_downloads/1760968745.json
[2025-10-20T13:59:14.212+0000] {logging_mixin.py:188} INFO - Downloaded MSFT/1760967514.json -> /tmp/minio_downloads/1760967514.json
[2025-10-20T13:59:14.222+0000] {logging_mixin.py:188} INFO - Downloaded MSFT/1760967525.json -> /tmp/minio_downloads/1760967525.json
[2025-10-20T13:59:14.233+0000] {logging_mixin.py:188} INFO - Downloaded MSFT/1760967537.json -> /tmp/minio_downloads/1760967537.json
[2025-10-20T13:59:14.247+0000] {logging_mixin.py:188} INFO - Downloaded MSFT/1760967548.json -> /tmp/minio_downloads/1760967548.json
[2025-10-20T13:59:14.260+0000] {logging_mixin.py:188} INFO - Downloaded MSFT/1760967559.json -> /tmp/minio_downloads/1760967559.json
[2025-10-20T13:59:14.270+0000] {logging_mixin.py:188} INFO - Downloaded MSFT/1760967571.json -> /tmp/minio_downloads/1760967571.json
[2025-10-20T13:59:14.281+0000] {logging_mixin.py:188} INFO - Downloaded MSFT/1760967582.json -> /tmp/minio_downloads/1760967582.json
[2025-10-20T13:59:14.291+0000] {logging_mixin.py:188} INFO - Downloaded MSFT/1760967594.json -> /tmp/minio_downloads/1760967594.json
[2025-10-20T13:59:14.301+0000] {logging_mixin.py:188} INFO - Downloaded MSFT/1760967605.json -> /tmp/minio_downloads/1760967605.json
[2025-10-20T13:59:14.310+0000] {logging_mixin.py:188} INFO - Downloaded MSFT/1760967617.json -> /tmp/minio_downloads/1760967617.json
[2025-10-20T13:59:14.320+0000] {logging_mixin.py:188} INFO - Downloaded MSFT/1760967628.json -> /tmp/minio_downloads/1760967628.json
[2025-10-20T13:59:14.330+0000] {logging_mixin.py:188} INFO - Downloaded MSFT/1760967640.json -> /tmp/minio_downloads/1760967640.json
[2025-10-20T13:59:14.340+0000] {logging_mixin.py:188} INFO - Downloaded MSFT/1760967651.json -> /tmp/minio_downloads/1760967651.json
[2025-10-20T13:59:14.349+0000] {logging_mixin.py:188} INFO - Downloaded MSFT/1760967664.json -> /tmp/minio_downloads/1760967664.json
[2025-10-20T13:59:14.359+0000] {logging_mixin.py:188} INFO - Downloaded MSFT/1760967675.json -> /tmp/minio_downloads/1760967675.json
[2025-10-20T13:59:14.368+0000] {logging_mixin.py:188} INFO - Downloaded MSFT/1760967686.json -> /tmp/minio_downloads/1760967686.json
[2025-10-20T13:59:14.377+0000] {logging_mixin.py:188} INFO - Downloaded MSFT/1760967698.json -> /tmp/minio_downloads/1760967698.json
[2025-10-20T13:59:14.386+0000] {logging_mixin.py:188} INFO - Downloaded MSFT/1760967709.json -> /tmp/minio_downloads/1760967709.json
[2025-10-20T13:59:14.394+0000] {logging_mixin.py:188} INFO - Downloaded MSFT/1760967721.json -> /tmp/minio_downloads/1760967721.json
[2025-10-20T13:59:14.403+0000] {logging_mixin.py:188} INFO - Downloaded MSFT/1760967733.json -> /tmp/minio_downloads/1760967733.json
[2025-10-20T13:59:14.411+0000] {logging_mixin.py:188} INFO - Downloaded MSFT/1760967744.json -> /tmp/minio_downloads/1760967744.json
[2025-10-20T13:59:14.421+0000] {logging_mixin.py:188} INFO - Downloaded MSFT/1760967755.json -> /tmp/minio_downloads/1760967755.json
[2025-10-20T13:59:14.430+0000] {logging_mixin.py:188} INFO - Downloaded MSFT/1760967767.json -> /tmp/minio_downloads/1760967767.json
[2025-10-20T13:59:14.439+0000] {logging_mixin.py:188} INFO - Downloaded MSFT/1760967778.json -> /tmp/minio_downloads/1760967778.json
[2025-10-20T13:59:14.448+0000] {logging_mixin.py:188} INFO - Downloaded MSFT/1760967790.json -> /tmp/minio_downloads/1760967790.json
[2025-10-20T13:59:14.457+0000] {logging_mixin.py:188} INFO - Downloaded MSFT/1760967802.json -> /tmp/minio_downloads/1760967802.json
[2025-10-20T13:59:14.466+0000] {logging_mixin.py:188} INFO - Downloaded MSFT/1760967814.json -> /tmp/minio_downloads/1760967814.json
[2025-10-20T13:59:14.475+0000] {logging_mixin.py:188} INFO - Downloaded MSFT/1760967827.json -> /tmp/minio_downloads/1760967827.json
[2025-10-20T13:59:14.483+0000] {logging_mixin.py:188} INFO - Downloaded MSFT/1760967838.json -> /tmp/minio_downloads/1760967838.json
[2025-10-20T13:59:14.492+0000] {logging_mixin.py:188} INFO - Downloaded MSFT/1760967850.json -> /tmp/minio_downloads/1760967850.json
[2025-10-20T13:59:14.501+0000] {logging_mixin.py:188} INFO - Downloaded MSFT/1760967862.json -> /tmp/minio_downloads/1760967862.json
[2025-10-20T13:59:14.509+0000] {logging_mixin.py:188} INFO - Downloaded MSFT/1760967874.json -> /tmp/minio_downloads/1760967874.json
[2025-10-20T13:59:14.518+0000] {logging_mixin.py:188} INFO - Downloaded MSFT/1760967885.json -> /tmp/minio_downloads/1760967885.json
[2025-10-20T13:59:14.527+0000] {logging_mixin.py:188} INFO - Downloaded MSFT/1760967897.json -> /tmp/minio_downloads/1760967897.json
[2025-10-20T13:59:14.535+0000] {logging_mixin.py:188} INFO - Downloaded MSFT/1760967980.json -> /tmp/minio_downloads/1760967980.json
[2025-10-20T13:59:14.544+0000] {logging_mixin.py:188} INFO - Downloaded MSFT/1760967991.json -> /tmp/minio_downloads/1760967991.json
[2025-10-20T13:59:14.555+0000] {logging_mixin.py:188} INFO - Downloaded MSFT/1760968003.json -> /tmp/minio_downloads/1760968003.json
[2025-10-20T13:59:14.565+0000] {logging_mixin.py:188} INFO - Downloaded MSFT/1760968014.json -> /tmp/minio_downloads/1760968014.json
[2025-10-20T13:59:14.573+0000] {logging_mixin.py:188} INFO - Downloaded MSFT/1760968026.json -> /tmp/minio_downloads/1760968026.json
[2025-10-20T13:59:14.583+0000] {logging_mixin.py:188} INFO - Downloaded MSFT/1760968037.json -> /tmp/minio_downloads/1760968037.json
[2025-10-20T13:59:14.591+0000] {logging_mixin.py:188} INFO - Downloaded MSFT/1760968049.json -> /tmp/minio_downloads/1760968049.json
[2025-10-20T13:59:14.602+0000] {logging_mixin.py:188} INFO - Downloaded MSFT/1760968059.json -> /tmp/minio_downloads/1760968059.json
[2025-10-20T13:59:14.614+0000] {logging_mixin.py:188} INFO - Downloaded MSFT/1760968070.json -> /tmp/minio_downloads/1760968070.json
[2025-10-20T13:59:14.626+0000] {logging_mixin.py:188} INFO - Downloaded MSFT/1760968080.json -> /tmp/minio_downloads/1760968080.json
[2025-10-20T13:59:14.635+0000] {logging_mixin.py:188} INFO - Downloaded MSFT/1760968091.json -> /tmp/minio_downloads/1760968091.json
[2025-10-20T13:59:14.645+0000] {logging_mixin.py:188} INFO - Downloaded MSFT/1760968101.json -> /tmp/minio_downloads/1760968101.json
[2025-10-20T13:59:14.655+0000] {logging_mixin.py:188} INFO - Downloaded MSFT/1760968111.json -> /tmp/minio_downloads/1760968111.json
[2025-10-20T13:59:14.666+0000] {logging_mixin.py:188} INFO - Downloaded MSFT/1760968121.json -> /tmp/minio_downloads/1760968121.json
[2025-10-20T13:59:14.676+0000] {logging_mixin.py:188} INFO - Downloaded MSFT/1760968131.json -> /tmp/minio_downloads/1760968131.json
[2025-10-20T13:59:14.686+0000] {logging_mixin.py:188} INFO - Downloaded MSFT/1760968142.json -> /tmp/minio_downloads/1760968142.json
[2025-10-20T13:59:14.695+0000] {logging_mixin.py:188} INFO - Downloaded MSFT/1760968152.json -> /tmp/minio_downloads/1760968152.json
[2025-10-20T13:59:14.705+0000] {logging_mixin.py:188} INFO - Downloaded MSFT/1760968164.json -> /tmp/minio_downloads/1760968164.json
[2025-10-20T13:59:14.715+0000] {logging_mixin.py:188} INFO - Downloaded MSFT/1760968175.json -> /tmp/minio_downloads/1760968175.json
[2025-10-20T13:59:14.725+0000] {logging_mixin.py:188} INFO - Downloaded MSFT/1760968184.json -> /tmp/minio_downloads/1760968184.json
[2025-10-20T13:59:14.735+0000] {logging_mixin.py:188} INFO - Downloaded MSFT/1760968195.json -> /tmp/minio_downloads/1760968195.json
[2025-10-20T13:59:14.744+0000] {logging_mixin.py:188} INFO - Downloaded MSFT/1760968205.json -> /tmp/minio_downloads/1760968205.json
[2025-10-20T13:59:14.754+0000] {logging_mixin.py:188} INFO - Downloaded MSFT/1760968215.json -> /tmp/minio_downloads/1760968215.json
[2025-10-20T13:59:14.763+0000] {logging_mixin.py:188} INFO - Downloaded MSFT/1760968225.json -> /tmp/minio_downloads/1760968225.json
[2025-10-20T13:59:14.772+0000] {logging_mixin.py:188} INFO - Downloaded MSFT/1760968235.json -> /tmp/minio_downloads/1760968235.json
[2025-10-20T13:59:14.782+0000] {logging_mixin.py:188} INFO - Downloaded MSFT/1760968246.json -> /tmp/minio_downloads/1760968246.json
[2025-10-20T13:59:14.792+0000] {logging_mixin.py:188} INFO - Downloaded MSFT/1760968256.json -> /tmp/minio_downloads/1760968256.json
[2025-10-20T13:59:14.801+0000] {logging_mixin.py:188} INFO - Downloaded MSFT/1760968267.json -> /tmp/minio_downloads/1760968267.json
[2025-10-20T13:59:14.811+0000] {logging_mixin.py:188} INFO - Downloaded MSFT/1760968278.json -> /tmp/minio_downloads/1760968278.json
[2025-10-20T13:59:14.821+0000] {logging_mixin.py:188} INFO - Downloaded MSFT/1760968288.json -> /tmp/minio_downloads/1760968288.json
[2025-10-20T13:59:14.831+0000] {logging_mixin.py:188} INFO - Downloaded MSFT/1760968298.json -> /tmp/minio_downloads/1760968298.json
[2025-10-20T13:59:14.840+0000] {logging_mixin.py:188} INFO - Downloaded MSFT/1760968308.json -> /tmp/minio_downloads/1760968308.json
[2025-10-20T13:59:14.851+0000] {logging_mixin.py:188} INFO - Downloaded MSFT/1760968318.json -> /tmp/minio_downloads/1760968318.json
[2025-10-20T13:59:14.861+0000] {logging_mixin.py:188} INFO - Downloaded MSFT/1760968329.json -> /tmp/minio_downloads/1760968329.json
[2025-10-20T13:59:14.871+0000] {logging_mixin.py:188} INFO - Downloaded MSFT/1760968339.json -> /tmp/minio_downloads/1760968339.json
[2025-10-20T13:59:14.880+0000] {logging_mixin.py:188} INFO - Downloaded MSFT/1760968349.json -> /tmp/minio_downloads/1760968349.json
[2025-10-20T13:59:14.893+0000] {logging_mixin.py:188} INFO - Downloaded MSFT/1760968359.json -> /tmp/minio_downloads/1760968359.json
[2025-10-20T13:59:14.903+0000] {logging_mixin.py:188} INFO - Downloaded MSFT/1760968369.json -> /tmp/minio_downloads/1760968369.json
[2025-10-20T13:59:14.913+0000] {logging_mixin.py:188} INFO - Downloaded MSFT/1760968380.json -> /tmp/minio_downloads/1760968380.json
[2025-10-20T13:59:14.923+0000] {logging_mixin.py:188} INFO - Downloaded MSFT/1760968390.json -> /tmp/minio_downloads/1760968390.json
[2025-10-20T13:59:14.933+0000] {logging_mixin.py:188} INFO - Downloaded MSFT/1760968400.json -> /tmp/minio_downloads/1760968400.json
[2025-10-20T13:59:14.944+0000] {logging_mixin.py:188} INFO - Downloaded MSFT/1760968410.json -> /tmp/minio_downloads/1760968410.json
[2025-10-20T13:59:14.956+0000] {logging_mixin.py:188} INFO - Downloaded MSFT/1760968420.json -> /tmp/minio_downloads/1760968420.json
[2025-10-20T13:59:14.965+0000] {logging_mixin.py:188} INFO - Downloaded MSFT/1760968431.json -> /tmp/minio_downloads/1760968431.json
[2025-10-20T13:59:14.977+0000] {logging_mixin.py:188} INFO - Downloaded MSFT/1760968441.json -> /tmp/minio_downloads/1760968441.json
[2025-10-20T13:59:14.987+0000] {logging_mixin.py:188} INFO - Downloaded MSFT/1760968451.json -> /tmp/minio_downloads/1760968451.json
[2025-10-20T13:59:14.997+0000] {logging_mixin.py:188} INFO - Downloaded MSFT/1760968461.json -> /tmp/minio_downloads/1760968461.json
[2025-10-20T13:59:15.006+0000] {logging_mixin.py:188} INFO - Downloaded MSFT/1760968472.json -> /tmp/minio_downloads/1760968472.json
[2025-10-20T13:59:15.015+0000] {logging_mixin.py:188} INFO - Downloaded MSFT/1760968483.json -> /tmp/minio_downloads/1760968483.json
[2025-10-20T13:59:15.025+0000] {logging_mixin.py:188} INFO - Downloaded MSFT/1760968494.json -> /tmp/minio_downloads/1760968494.json
[2025-10-20T13:59:15.035+0000] {logging_mixin.py:188} INFO - Downloaded MSFT/1760968504.json -> /tmp/minio_downloads/1760968504.json
[2025-10-20T13:59:15.046+0000] {logging_mixin.py:188} INFO - Downloaded MSFT/1760968514.json -> /tmp/minio_downloads/1760968514.json
[2025-10-20T13:59:15.057+0000] {logging_mixin.py:188} INFO - Downloaded MSFT/1760968524.json -> /tmp/minio_downloads/1760968524.json
[2025-10-20T13:59:15.067+0000] {logging_mixin.py:188} INFO - Downloaded MSFT/1760968534.json -> /tmp/minio_downloads/1760968534.json
[2025-10-20T13:59:15.076+0000] {logging_mixin.py:188} INFO - Downloaded MSFT/1760968544.json -> /tmp/minio_downloads/1760968544.json
[2025-10-20T13:59:15.085+0000] {logging_mixin.py:188} INFO - Downloaded MSFT/1760968554.json -> /tmp/minio_downloads/1760968554.json
[2025-10-20T13:59:15.095+0000] {logging_mixin.py:188} INFO - Downloaded MSFT/1760968564.json -> /tmp/minio_downloads/1760968564.json
[2025-10-20T13:59:15.104+0000] {logging_mixin.py:188} INFO - Downloaded MSFT/1760968574.json -> /tmp/minio_downloads/1760968574.json
[2025-10-20T13:59:15.113+0000] {logging_mixin.py:188} INFO - Downloaded MSFT/1760968584.json -> /tmp/minio_downloads/1760968584.json
[2025-10-20T13:59:15.122+0000] {logging_mixin.py:188} INFO - Downloaded MSFT/1760968595.json -> /tmp/minio_downloads/1760968595.json
[2025-10-20T13:59:15.132+0000] {logging_mixin.py:188} INFO - Downloaded MSFT/1760968607.json -> /tmp/minio_downloads/1760968607.json
[2025-10-20T13:59:15.141+0000] {logging_mixin.py:188} INFO - Downloaded MSFT/1760968618.json -> /tmp/minio_downloads/1760968618.json
[2025-10-20T13:59:15.151+0000] {logging_mixin.py:188} INFO - Downloaded MSFT/1760968628.json -> /tmp/minio_downloads/1760968628.json
[2025-10-20T13:59:15.160+0000] {logging_mixin.py:188} INFO - Downloaded MSFT/1760968638.json -> /tmp/minio_downloads/1760968638.json
[2025-10-20T13:59:15.170+0000] {logging_mixin.py:188} INFO - Downloaded MSFT/1760968648.json -> /tmp/minio_downloads/1760968648.json
[2025-10-20T13:59:15.179+0000] {logging_mixin.py:188} INFO - Downloaded MSFT/1760968659.json -> /tmp/minio_downloads/1760968659.json
[2025-10-20T13:59:15.188+0000] {logging_mixin.py:188} INFO - Downloaded MSFT/1760968669.json -> /tmp/minio_downloads/1760968669.json
[2025-10-20T13:59:15.197+0000] {logging_mixin.py:188} INFO - Downloaded MSFT/1760968679.json -> /tmp/minio_downloads/1760968679.json
[2025-10-20T13:59:15.206+0000] {logging_mixin.py:188} INFO - Downloaded MSFT/1760968690.json -> /tmp/minio_downloads/1760968690.json
[2025-10-20T13:59:15.216+0000] {logging_mixin.py:188} INFO - Downloaded MSFT/1760968700.json -> /tmp/minio_downloads/1760968700.json
[2025-10-20T13:59:15.224+0000] {logging_mixin.py:188} INFO - Downloaded MSFT/1760968710.json -> /tmp/minio_downloads/1760968710.json
[2025-10-20T13:59:15.233+0000] {logging_mixin.py:188} INFO - Downloaded MSFT/1760968723.json -> /tmp/minio_downloads/1760968723.json
[2025-10-20T13:59:15.241+0000] {logging_mixin.py:188} INFO - Downloaded MSFT/1760968733.json -> /tmp/minio_downloads/1760968733.json
[2025-10-20T13:59:15.250+0000] {logging_mixin.py:188} INFO - Downloaded MSFT/1760968743.json -> /tmp/minio_downloads/1760968743.json
[2025-10-20T13:59:15.258+0000] {logging_mixin.py:188} INFO - Downloaded TSLA/1760967515.json -> /tmp/minio_downloads/1760967515.json
[2025-10-20T13:59:15.267+0000] {logging_mixin.py:188} INFO - Downloaded TSLA/1760967526.json -> /tmp/minio_downloads/1760967526.json
[2025-10-20T13:59:15.276+0000] {logging_mixin.py:188} INFO - Downloaded TSLA/1760967538.json -> /tmp/minio_downloads/1760967538.json
[2025-10-20T13:59:15.285+0000] {logging_mixin.py:188} INFO - Downloaded TSLA/1760967549.json -> /tmp/minio_downloads/1760967549.json
[2025-10-20T13:59:15.293+0000] {logging_mixin.py:188} INFO - Downloaded TSLA/1760967560.json -> /tmp/minio_downloads/1760967560.json
[2025-10-20T13:59:15.302+0000] {logging_mixin.py:188} INFO - Downloaded TSLA/1760967572.json -> /tmp/minio_downloads/1760967572.json
[2025-10-20T13:59:15.310+0000] {logging_mixin.py:188} INFO - Downloaded TSLA/1760967583.json -> /tmp/minio_downloads/1760967583.json
[2025-10-20T13:59:15.319+0000] {logging_mixin.py:188} INFO - Downloaded TSLA/1760967595.json -> /tmp/minio_downloads/1760967595.json
[2025-10-20T13:59:15.329+0000] {logging_mixin.py:188} INFO - Downloaded TSLA/1760967606.json -> /tmp/minio_downloads/1760967606.json
[2025-10-20T13:59:15.338+0000] {logging_mixin.py:188} INFO - Downloaded TSLA/1760967618.json -> /tmp/minio_downloads/1760967618.json
[2025-10-20T13:59:15.346+0000] {logging_mixin.py:188} INFO - Downloaded TSLA/1760967629.json -> /tmp/minio_downloads/1760967629.json
[2025-10-20T13:59:15.355+0000] {logging_mixin.py:188} INFO - Downloaded TSLA/1760967641.json -> /tmp/minio_downloads/1760967641.json
[2025-10-20T13:59:15.364+0000] {logging_mixin.py:188} INFO - Downloaded TSLA/1760967652.json -> /tmp/minio_downloads/1760967652.json
[2025-10-20T13:59:15.373+0000] {logging_mixin.py:188} INFO - Downloaded TSLA/1760967665.json -> /tmp/minio_downloads/1760967665.json
[2025-10-20T13:59:15.382+0000] {logging_mixin.py:188} INFO - Downloaded TSLA/1760967676.json -> /tmp/minio_downloads/1760967676.json
[2025-10-20T13:59:15.390+0000] {logging_mixin.py:188} INFO - Downloaded TSLA/1760967688.json -> /tmp/minio_downloads/1760967688.json
[2025-10-20T13:59:15.399+0000] {logging_mixin.py:188} INFO - Downloaded TSLA/1760967699.json -> /tmp/minio_downloads/1760967699.json
[2025-10-20T13:59:15.410+0000] {logging_mixin.py:188} INFO - Downloaded TSLA/1760967710.json -> /tmp/minio_downloads/1760967710.json
[2025-10-20T13:59:15.421+0000] {logging_mixin.py:188} INFO - Downloaded TSLA/1760967722.json -> /tmp/minio_downloads/1760967722.json
[2025-10-20T13:59:15.433+0000] {logging_mixin.py:188} INFO - Downloaded TSLA/1760967734.json -> /tmp/minio_downloads/1760967734.json
[2025-10-20T13:59:15.444+0000] {logging_mixin.py:188} INFO - Downloaded TSLA/1760967745.json -> /tmp/minio_downloads/1760967745.json
[2025-10-20T13:59:15.456+0000] {logging_mixin.py:188} INFO - Downloaded TSLA/1760967756.json -> /tmp/minio_downloads/1760967756.json
[2025-10-20T13:59:15.468+0000] {logging_mixin.py:188} INFO - Downloaded TSLA/1760967768.json -> /tmp/minio_downloads/1760967768.json
[2025-10-20T13:59:15.480+0000] {logging_mixin.py:188} INFO - Downloaded TSLA/1760967780.json -> /tmp/minio_downloads/1760967780.json
[2025-10-20T13:59:15.490+0000] {logging_mixin.py:188} INFO - Downloaded TSLA/1760967791.json -> /tmp/minio_downloads/1760967791.json
[2025-10-20T13:59:15.500+0000] {logging_mixin.py:188} INFO - Downloaded TSLA/1760967803.json -> /tmp/minio_downloads/1760967803.json
[2025-10-20T13:59:15.511+0000] {logging_mixin.py:188} INFO - Downloaded TSLA/1760967815.json -> /tmp/minio_downloads/1760967815.json
[2025-10-20T13:59:15.523+0000] {logging_mixin.py:188} INFO - Downloaded TSLA/1760967828.json -> /tmp/minio_downloads/1760967828.json
[2025-10-20T13:59:15.534+0000] {logging_mixin.py:188} INFO - Downloaded TSLA/1760967840.json -> /tmp/minio_downloads/1760967840.json
[2025-10-20T13:59:15.546+0000] {logging_mixin.py:188} INFO - Downloaded TSLA/1760967852.json -> /tmp/minio_downloads/1760967852.json
[2025-10-20T13:59:15.560+0000] {logging_mixin.py:188} INFO - Downloaded TSLA/1760967863.json -> /tmp/minio_downloads/1760967863.json
[2025-10-20T13:59:15.573+0000] {logging_mixin.py:188} INFO - Downloaded TSLA/1760967875.json -> /tmp/minio_downloads/1760967875.json
[2025-10-20T13:59:15.584+0000] {logging_mixin.py:188} INFO - Downloaded TSLA/1760967887.json -> /tmp/minio_downloads/1760967887.json
[2025-10-20T13:59:15.593+0000] {logging_mixin.py:188} INFO - Downloaded TSLA/1760967898.json -> /tmp/minio_downloads/1760967898.json
[2025-10-20T13:59:15.605+0000] {logging_mixin.py:188} INFO - Downloaded TSLA/1760967970.json -> /tmp/minio_downloads/1760967970.json
[2025-10-20T13:59:15.615+0000] {logging_mixin.py:188} INFO - Downloaded TSLA/1760967981.json -> /tmp/minio_downloads/1760967981.json
[2025-10-20T13:59:15.625+0000] {logging_mixin.py:188} INFO - Downloaded TSLA/1760967992.json -> /tmp/minio_downloads/1760967992.json
[2025-10-20T13:59:15.635+0000] {logging_mixin.py:188} INFO - Downloaded TSLA/1760968004.json -> /tmp/minio_downloads/1760968004.json
[2025-10-20T13:59:15.644+0000] {logging_mixin.py:188} INFO - Downloaded TSLA/1760968016.json -> /tmp/minio_downloads/1760968016.json
[2025-10-20T13:59:15.654+0000] {logging_mixin.py:188} INFO - Downloaded TSLA/1760968027.json -> /tmp/minio_downloads/1760968027.json
[2025-10-20T13:59:15.664+0000] {logging_mixin.py:188} INFO - Downloaded TSLA/1760968038.json -> /tmp/minio_downloads/1760968038.json
[2025-10-20T13:59:15.674+0000] {logging_mixin.py:188} INFO - Downloaded TSLA/1760968050.json -> /tmp/minio_downloads/1760968050.json
[2025-10-20T13:59:15.683+0000] {logging_mixin.py:188} INFO - Downloaded TSLA/1760968060.json -> /tmp/minio_downloads/1760968060.json
[2025-10-20T13:59:15.692+0000] {logging_mixin.py:188} INFO - Downloaded TSLA/1760968071.json -> /tmp/minio_downloads/1760968071.json
[2025-10-20T13:59:15.703+0000] {logging_mixin.py:188} INFO - Downloaded TSLA/1760968081.json -> /tmp/minio_downloads/1760968081.json
[2025-10-20T13:59:15.713+0000] {logging_mixin.py:188} INFO - Downloaded TSLA/1760968091.json -> /tmp/minio_downloads/1760968091.json
[2025-10-20T13:59:15.722+0000] {logging_mixin.py:188} INFO - Downloaded TSLA/1760968102.json -> /tmp/minio_downloads/1760968102.json
[2025-10-20T13:59:15.734+0000] {logging_mixin.py:188} INFO - Downloaded TSLA/1760968112.json -> /tmp/minio_downloads/1760968112.json
[2025-10-20T13:59:15.744+0000] {logging_mixin.py:188} INFO - Downloaded TSLA/1760968122.json -> /tmp/minio_downloads/1760968122.json
[2025-10-20T13:59:15.756+0000] {logging_mixin.py:188} INFO - Downloaded TSLA/1760968132.json -> /tmp/minio_downloads/1760968132.json
[2025-10-20T13:59:15.765+0000] {logging_mixin.py:188} INFO - Downloaded TSLA/1760968142.json -> /tmp/minio_downloads/1760968142.json
[2025-10-20T13:59:15.774+0000] {logging_mixin.py:188} INFO - Downloaded TSLA/1760968153.json -> /tmp/minio_downloads/1760968153.json
[2025-10-20T13:59:15.785+0000] {logging_mixin.py:188} INFO - Downloaded TSLA/1760968165.json -> /tmp/minio_downloads/1760968165.json
[2025-10-20T13:59:15.794+0000] {logging_mixin.py:188} INFO - Downloaded TSLA/1760968175.json -> /tmp/minio_downloads/1760968175.json
[2025-10-20T13:59:15.803+0000] {logging_mixin.py:188} INFO - Downloaded TSLA/1760968185.json -> /tmp/minio_downloads/1760968185.json
[2025-10-20T13:59:15.813+0000] {logging_mixin.py:188} INFO - Downloaded TSLA/1760968196.json -> /tmp/minio_downloads/1760968196.json
[2025-10-20T13:59:15.835+0000] {logging_mixin.py:188} INFO - Downloaded TSLA/1760968206.json -> /tmp/minio_downloads/1760968206.json
[2025-10-20T13:59:15.847+0000] {logging_mixin.py:188} INFO - Downloaded TSLA/1760968216.json -> /tmp/minio_downloads/1760968216.json
[2025-10-20T13:59:15.859+0000] {logging_mixin.py:188} INFO - Downloaded TSLA/1760968226.json -> /tmp/minio_downloads/1760968226.json
[2025-10-20T13:59:15.870+0000] {logging_mixin.py:188} INFO - Downloaded TSLA/1760968236.json -> /tmp/minio_downloads/1760968236.json
[2025-10-20T13:59:15.881+0000] {logging_mixin.py:188} INFO - Downloaded TSLA/1760968246.json -> /tmp/minio_downloads/1760968246.json
[2025-10-20T13:59:15.898+0000] {logging_mixin.py:188} INFO - Downloaded TSLA/1760968257.json -> /tmp/minio_downloads/1760968257.json
[2025-10-20T13:59:15.908+0000] {logging_mixin.py:188} INFO - Downloaded TSLA/1760968268.json -> /tmp/minio_downloads/1760968268.json
[2025-10-20T13:59:15.919+0000] {logging_mixin.py:188} INFO - Downloaded TSLA/1760968279.json -> /tmp/minio_downloads/1760968279.json
[2025-10-20T13:59:15.930+0000] {logging_mixin.py:188} INFO - Downloaded TSLA/1760968289.json -> /tmp/minio_downloads/1760968289.json
[2025-10-20T13:59:15.942+0000] {logging_mixin.py:188} INFO - Downloaded TSLA/1760968299.json -> /tmp/minio_downloads/1760968299.json
[2025-10-20T13:59:15.953+0000] {logging_mixin.py:188} INFO - Downloaded TSLA/1760968309.json -> /tmp/minio_downloads/1760968309.json
[2025-10-20T13:59:15.964+0000] {logging_mixin.py:188} INFO - Downloaded TSLA/1760968319.json -> /tmp/minio_downloads/1760968319.json
[2025-10-20T13:59:15.976+0000] {logging_mixin.py:188} INFO - Downloaded TSLA/1760968329.json -> /tmp/minio_downloads/1760968329.json
[2025-10-20T13:59:15.988+0000] {logging_mixin.py:188} INFO - Downloaded TSLA/1760968339.json -> /tmp/minio_downloads/1760968339.json
[2025-10-20T13:59:15.998+0000] {logging_mixin.py:188} INFO - Downloaded TSLA/1760968350.json -> /tmp/minio_downloads/1760968350.json
[2025-10-20T13:59:16.008+0000] {logging_mixin.py:188} INFO - Downloaded TSLA/1760968360.json -> /tmp/minio_downloads/1760968360.json
[2025-10-20T13:59:16.018+0000] {logging_mixin.py:188} INFO - Downloaded TSLA/1760968370.json -> /tmp/minio_downloads/1760968370.json
[2025-10-20T13:59:16.027+0000] {logging_mixin.py:188} INFO - Downloaded TSLA/1760968380.json -> /tmp/minio_downloads/1760968380.json
[2025-10-20T13:59:16.036+0000] {logging_mixin.py:188} INFO - Downloaded TSLA/1760968391.json -> /tmp/minio_downloads/1760968391.json
[2025-10-20T13:59:16.046+0000] {logging_mixin.py:188} INFO - Downloaded TSLA/1760968401.json -> /tmp/minio_downloads/1760968401.json
[2025-10-20T13:59:16.056+0000] {logging_mixin.py:188} INFO - Downloaded TSLA/1760968411.json -> /tmp/minio_downloads/1760968411.json
[2025-10-20T13:59:16.064+0000] {logging_mixin.py:188} INFO - Downloaded TSLA/1760968421.json -> /tmp/minio_downloads/1760968421.json
[2025-10-20T13:59:16.073+0000] {logging_mixin.py:188} INFO - Downloaded TSLA/1760968432.json -> /tmp/minio_downloads/1760968432.json
[2025-10-20T13:59:16.083+0000] {logging_mixin.py:188} INFO - Downloaded TSLA/1760968442.json -> /tmp/minio_downloads/1760968442.json
[2025-10-20T13:59:16.091+0000] {logging_mixin.py:188} INFO - Downloaded TSLA/1760968452.json -> /tmp/minio_downloads/1760968452.json
[2025-10-20T13:59:16.099+0000] {logging_mixin.py:188} INFO - Downloaded TSLA/1760968462.json -> /tmp/minio_downloads/1760968462.json
[2025-10-20T13:59:16.108+0000] {logging_mixin.py:188} INFO - Downloaded TSLA/1760968473.json -> /tmp/minio_downloads/1760968473.json
[2025-10-20T13:59:16.116+0000] {logging_mixin.py:188} INFO - Downloaded TSLA/1760968484.json -> /tmp/minio_downloads/1760968484.json
[2025-10-20T13:59:16.126+0000] {logging_mixin.py:188} INFO - Downloaded TSLA/1760968495.json -> /tmp/minio_downloads/1760968495.json
[2025-10-20T13:59:16.136+0000] {logging_mixin.py:188} INFO - Downloaded TSLA/1760968505.json -> /tmp/minio_downloads/1760968505.json
[2025-10-20T13:59:16.146+0000] {logging_mixin.py:188} INFO - Downloaded TSLA/1760968515.json -> /tmp/minio_downloads/1760968515.json
[2025-10-20T13:59:16.155+0000] {logging_mixin.py:188} INFO - Downloaded TSLA/1760968525.json -> /tmp/minio_downloads/1760968525.json
[2025-10-20T13:59:16.164+0000] {logging_mixin.py:188} INFO - Downloaded TSLA/1760968535.json -> /tmp/minio_downloads/1760968535.json
[2025-10-20T13:59:16.174+0000] {logging_mixin.py:188} INFO - Downloaded TSLA/1760968545.json -> /tmp/minio_downloads/1760968545.json
[2025-10-20T13:59:16.185+0000] {logging_mixin.py:188} INFO - Downloaded TSLA/1760968555.json -> /tmp/minio_downloads/1760968555.json
[2025-10-20T13:59:16.195+0000] {logging_mixin.py:188} INFO - Downloaded TSLA/1760968565.json -> /tmp/minio_downloads/1760968565.json
[2025-10-20T13:59:16.207+0000] {logging_mixin.py:188} INFO - Downloaded TSLA/1760968575.json -> /tmp/minio_downloads/1760968575.json
[2025-10-20T13:59:16.218+0000] {logging_mixin.py:188} INFO - Downloaded TSLA/1760968585.json -> /tmp/minio_downloads/1760968585.json
[2025-10-20T13:59:16.227+0000] {logging_mixin.py:188} INFO - Downloaded TSLA/1760968596.json -> /tmp/minio_downloads/1760968596.json
[2025-10-20T13:59:16.237+0000] {logging_mixin.py:188} INFO - Downloaded TSLA/1760968608.json -> /tmp/minio_downloads/1760968608.json
[2025-10-20T13:59:16.246+0000] {logging_mixin.py:188} INFO - Downloaded TSLA/1760968619.json -> /tmp/minio_downloads/1760968619.json
[2025-10-20T13:59:16.256+0000] {logging_mixin.py:188} INFO - Downloaded TSLA/1760968629.json -> /tmp/minio_downloads/1760968629.json
[2025-10-20T13:59:16.265+0000] {logging_mixin.py:188} INFO - Downloaded TSLA/1760968639.json -> /tmp/minio_downloads/1760968639.json
[2025-10-20T13:59:16.275+0000] {logging_mixin.py:188} INFO - Downloaded TSLA/1760968649.json -> /tmp/minio_downloads/1760968649.json
[2025-10-20T13:59:16.286+0000] {logging_mixin.py:188} INFO - Downloaded TSLA/1760968659.json -> /tmp/minio_downloads/1760968659.json
[2025-10-20T13:59:16.297+0000] {logging_mixin.py:188} INFO - Downloaded TSLA/1760968670.json -> /tmp/minio_downloads/1760968670.json
[2025-10-20T13:59:16.308+0000] {logging_mixin.py:188} INFO - Downloaded TSLA/1760968680.json -> /tmp/minio_downloads/1760968680.json
[2025-10-20T13:59:16.318+0000] {logging_mixin.py:188} INFO - Downloaded TSLA/1760968690.json -> /tmp/minio_downloads/1760968690.json
[2025-10-20T13:59:16.327+0000] {logging_mixin.py:188} INFO - Downloaded TSLA/1760968701.json -> /tmp/minio_downloads/1760968701.json
[2025-10-20T13:59:16.336+0000] {logging_mixin.py:188} INFO - Downloaded TSLA/1760968711.json -> /tmp/minio_downloads/1760968711.json
[2025-10-20T13:59:16.346+0000] {logging_mixin.py:188} INFO - Downloaded TSLA/1760968724.json -> /tmp/minio_downloads/1760968724.json
[2025-10-20T13:59:16.356+0000] {logging_mixin.py:188} INFO - Downloaded TSLA/1760968734.json -> /tmp/minio_downloads/1760968734.json
[2025-10-20T13:59:16.366+0000] {logging_mixin.py:188} INFO - Downloaded TSLA/1760968744.json -> /tmp/minio_downloads/1760968744.json
[2025-10-20T13:59:16.368+0000] {python.py:237} INFO - Done. Returned value was: ['/tmp/minio_downloads/1760967513.json', '/tmp/minio_downloads/1760967524.json', '/tmp/minio_downloads/1760967536.json', '/tmp/minio_downloads/1760967547.json', '/tmp/minio_downloads/1760967559.json', '/tmp/minio_downloads/1760967570.json', '/tmp/minio_downloads/1760967581.json', '/tmp/minio_downloads/1760967593.json', '/tmp/minio_downloads/1760967604.json', '/tmp/minio_downloads/1760967616.json', '/tmp/minio_downloads/1760967627.json', '/tmp/minio_downloads/1760967639.json', '/tmp/minio_downloads/1760967650.json', '/tmp/minio_downloads/1760967662.json', '/tmp/minio_downloads/1760967674.json', '/tmp/minio_downloads/1760967685.json', '/tmp/minio_downloads/1760967697.json', '/tmp/minio_downloads/1760967709.json', '/tmp/minio_downloads/1760967720.json', '/tmp/minio_downloads/1760967731.json', '/tmp/minio_downloads/1760967743.json', '/tmp/minio_downloads/1760967754.json', '/tmp/minio_downloads/1760967766.json', '/tmp/minio_downloads/1760967778.json', '/tmp/minio_downloads/1760967789.json', '/tmp/minio_downloads/1760967801.json', '/tmp/minio_downloads/1760967813.json', '/tmp/minio_downloads/1760967826.json', '/tmp/minio_downloads/1760967837.json', '/tmp/minio_downloads/1760967849.json', '/tmp/minio_downloads/1760967861.json', '/tmp/minio_downloads/1760967873.json', '/tmp/minio_downloads/1760967884.json', '/tmp/minio_downloads/1760967896.json', '/tmp/minio_downloads/1760967908.json', '/tmp/minio_downloads/1760967979.json', '/tmp/minio_downloads/1760967990.json', '/tmp/minio_downloads/1760968001.json', '/tmp/minio_downloads/1760968013.json', '/tmp/minio_downloads/1760968025.json', '/tmp/minio_downloads/1760968036.json', '/tmp/minio_downloads/1760968048.json', '/tmp/minio_downloads/1760968058.json', '/tmp/minio_downloads/1760968069.json', '/tmp/minio_downloads/1760968080.json', '/tmp/minio_downloads/1760968090.json', '/tmp/minio_downloads/1760968101.json', '/tmp/minio_downloads/1760968110.json', '/tmp/minio_downloads/1760968120.json', '/tmp/minio_downloads/1760968131.json', '/tmp/minio_downloads/1760968141.json', '/tmp/minio_downloads/1760968151.json', '/tmp/minio_downloads/1760968163.json', '/tmp/minio_downloads/1760968173.json', '/tmp/minio_downloads/1760968184.json', '/tmp/minio_downloads/1760968194.json', '/tmp/minio_downloads/1760968204.json', '/tmp/minio_downloads/1760968214.json', '/tmp/minio_downloads/1760968224.json', '/tmp/minio_downloads/1760968235.json', '/tmp/minio_downloads/1760968245.json', '/tmp/minio_downloads/1760968255.json', '/tmp/minio_downloads/1760968266.json', '/tmp/minio_downloads/1760968277.json', '/tmp/minio_downloads/1760968287.json', '/tmp/minio_downloads/1760968297.json', '/tmp/minio_downloads/1760968307.json', '/tmp/minio_downloads/1760968317.json', '/tmp/minio_downloads/1760968328.json', '/tmp/minio_downloads/1760968338.json', '/tmp/minio_downloads/1760968348.json', '/tmp/minio_downloads/1760968358.json', '/tmp/minio_downloads/1760968369.json', '/tmp/minio_downloads/1760968379.json', '/tmp/minio_downloads/1760968389.json', '/tmp/minio_downloads/1760968399.json', '/tmp/minio_downloads/1760968409.json', '/tmp/minio_downloads/1760968419.json', '/tmp/minio_downloads/1760968430.json', '/tmp/minio_downloads/1760968440.json', '/tmp/minio_downloads/1760968450.json', '/tmp/minio_downloads/1760968460.json', '/tmp/minio_downloads/1760968471.json', '/tmp/minio_downloads/1760968482.json', '/tmp/minio_downloads/1760968493.json', '/tmp/minio_downloads/1760968503.json', '/tmp/minio_downloads/1760968513.json', '/tmp/minio_downloads/1760968523.json', '/tmp/minio_downloads/1760968533.json', '/tmp/minio_downloads/1760968543.json', '/tmp/minio_downloads/1760968553.json', '/tmp/minio_downloads/1760968563.json', '/tmp/minio_downloads/1760968573.json', '/tmp/minio_downloads/1760968583.json', '/tmp/minio_downloads/1760968594.json', '/tmp/minio_downloads/1760968606.json', '/tmp/minio_downloads/1760968618.json', '/tmp/minio_downloads/1760968628.json', '/tmp/minio_downloads/1760968637.json', '/tmp/minio_downloads/1760968648.json', '/tmp/minio_downloads/1760968658.json', '/tmp/minio_downloads/1760968668.json', '/tmp/minio_downloads/1760968679.json', '/tmp/minio_downloads/1760968689.json', '/tmp/minio_downloads/1760968699.json', '/tmp/minio_downloads/1760968709.json', '/tmp/minio_downloads/1760968722.json', '/tmp/minio_downloads/1760968732.json', '/tmp/minio_downloads/1760968742.json', '/tmp/minio_downloads/1760967517.json', '/tmp/minio_downloads/1760967529.json', '/tmp/minio_downloads/1760967540.json', '/tmp/minio_downloads/1760967551.json', '/tmp/minio_downloads/1760967563.json', '/tmp/minio_downloads/1760967574.json', '/tmp/minio_downloads/1760967585.json', '/tmp/minio_downloads/1760967597.json', '/tmp/minio_downloads/1760967608.json', '/tmp/minio_downloads/1760967620.json', '/tmp/minio_downloads/1760967632.json', '/tmp/minio_downloads/1760967643.json', '/tmp/minio_downloads/1760967655.json', '/tmp/minio_downloads/1760967667.json', '/tmp/minio_downloads/1760967678.json', '/tmp/minio_downloads/1760967689.json', '/tmp/minio_downloads/1760967701.json', '/tmp/minio_downloads/1760967712.json', '/tmp/minio_downloads/1760967724.json', '/tmp/minio_downloads/1760967736.json', '/tmp/minio_downloads/1760967747.json', '/tmp/minio_downloads/1760967759.json', '/tmp/minio_downloads/1760967770.json', '/tmp/minio_downloads/1760967782.json', '/tmp/minio_downloads/1760967794.json', '/tmp/minio_downloads/1760967805.json', '/tmp/minio_downloads/1760967819.json', '/tmp/minio_downloads/1760967830.json', '/tmp/minio_downloads/1760967842.json', '/tmp/minio_downloads/1760967854.json', '/tmp/minio_downloads/1760967866.json', '/tmp/minio_downloads/1760967877.json', '/tmp/minio_downloads/1760967889.json', '/tmp/minio_downloads/1760967900.json', '/tmp/minio_downloads/1760967972.json', '/tmp/minio_downloads/1760967983.json', '/tmp/minio_downloads/1760967994.json', '/tmp/minio_downloads/1760968006.json', '/tmp/minio_downloads/1760968018.json', '/tmp/minio_downloads/1760968029.json', '/tmp/minio_downloads/1760968041.json', '/tmp/minio_downloads/1760968052.json', '/tmp/minio_downloads/1760968062.json', '/tmp/minio_downloads/1760968073.json', '/tmp/minio_downloads/1760968083.json', '/tmp/minio_downloads/1760968093.json', '/tmp/minio_downloads/1760968103.json', '/tmp/minio_downloads/1760968114.json', '/tmp/minio_downloads/1760968124.json', '/tmp/minio_downloads/1760968134.json', '/tmp/minio_downloads/1760968144.json', '/tmp/minio_downloads/1760968156.json', '/tmp/minio_downloads/1760968166.json', '/tmp/minio_downloads/1760968177.json', '/tmp/minio_downloads/1760968187.json', '/tmp/minio_downloads/1760968198.json', '/tmp/minio_downloads/1760968207.json', '/tmp/minio_downloads/1760968217.json', '/tmp/minio_downloads/1760968228.json', '/tmp/minio_downloads/1760968238.json', '/tmp/minio_downloads/1760968248.json', '/tmp/minio_downloads/1760968258.json', '/tmp/minio_downloads/1760968270.json', '/tmp/minio_downloads/1760968280.json', '/tmp/minio_downloads/1760968290.json', '/tmp/minio_downloads/1760968301.json', '/tmp/minio_downloads/1760968311.json', '/tmp/minio_downloads/1760968321.json', '/tmp/minio_downloads/1760968331.json', '/tmp/minio_downloads/1760968341.json', '/tmp/minio_downloads/1760968351.json', '/tmp/minio_downloads/1760968362.json', '/tmp/minio_downloads/1760968372.json', '/tmp/minio_downloads/1760968382.json', '/tmp/minio_downloads/1760968392.json', '/tmp/minio_downloads/1760968402.json', '/tmp/minio_downloads/1760968412.json', '/tmp/minio_downloads/1760968423.json', '/tmp/minio_downloads/1760968433.json', '/tmp/minio_downloads/1760968443.json', '/tmp/minio_downloads/1760968453.json', '/tmp/minio_downloads/1760968464.json', '/tmp/minio_downloads/1760968475.json', '/tmp/minio_downloads/1760968486.json', '/tmp/minio_downloads/1760968496.json', '/tmp/minio_downloads/1760968506.json', '/tmp/minio_downloads/1760968516.json', '/tmp/minio_downloads/1760968526.json', '/tmp/minio_downloads/1760968536.json', '/tmp/minio_downloads/1760968546.json', '/tmp/minio_downloads/1760968556.json', '/tmp/minio_downloads/1760968566.json', '/tmp/minio_downloads/1760968576.json', '/tmp/minio_downloads/1760968587.json', '/tmp/minio_downloads/1760968598.json', '/tmp/minio_downloads/1760968611.json', '/tmp/minio_downloads/1760968621.json', '/tmp/minio_downloads/1760968631.json', '/tmp/minio_downloads/1760968641.json', '/tmp/minio_downloads/1760968651.json', '/tmp/minio_downloads/1760968661.json', '/tmp/minio_downloads/1760968672.json', '/tmp/minio_downloads/1760968682.json', '/tmp/minio_downloads/1760968692.json', '/tmp/minio_downloads/1760968702.json', '/tmp/minio_downloads/1760968715.json', '/tmp/minio_downloads/1760968725.json', '/tmp/minio_downloads/1760968735.json', '/tmp/minio_downloads/1760968746.json', '/tmp/minio_downloads/1760967516.json', '/tmp/minio_downloads/1760967528.json', '/tmp/minio_downloads/1760967539.json', '/tmp/minio_downloads/1760967550.json', '/tmp/minio_downloads/1760967561.json', '/tmp/minio_downloads/1760967573.json', '/tmp/minio_downloads/1760967584.json', '/tmp/minio_downloads/1760967596.json', '/tmp/minio_downloads/1760967607.json', '/tmp/minio_downloads/1760967619.json', '/tmp/minio_downloads/1760967631.json', '/tmp/minio_downloads/1760967642.json', '/tmp/minio_downloads/1760967654.json', '/tmp/minio_downloads/1760967666.json', '/tmp/minio_downloads/1760967677.json', '/tmp/minio_downloads/1760967688.json', '/tmp/minio_downloads/1760967700.json', '/tmp/minio_downloads/1760967712.json', '/tmp/minio_downloads/1760967723.json', '/tmp/minio_downloads/1760967735.json', '/tmp/minio_downloads/1760967746.json', '/tmp/minio_downloads/1760967758.json', '/tmp/minio_downloads/1760967769.json', '/tmp/minio_downloads/1760967781.json', '/tmp/minio_downloads/1760967793.json', '/tmp/minio_downloads/1760967804.json', '/tmp/minio_downloads/1760967818.json', '/tmp/minio_downloads/1760967829.json', '/tmp/minio_downloads/1760967841.json', '/tmp/minio_downloads/1760967853.json', '/tmp/minio_downloads/1760967864.json', '/tmp/minio_downloads/1760967876.json', '/tmp/minio_downloads/1760967888.json', '/tmp/minio_downloads/1760967899.json', '/tmp/minio_downloads/1760967971.json', '/tmp/minio_downloads/1760967982.json', '/tmp/minio_downloads/1760967993.json', '/tmp/minio_downloads/1760968005.json', '/tmp/minio_downloads/1760968016.json', '/tmp/minio_downloads/1760968028.json', '/tmp/minio_downloads/1760968039.json', '/tmp/minio_downloads/1760968051.json', '/tmp/minio_downloads/1760968061.json', '/tmp/minio_downloads/1760968072.json', '/tmp/minio_downloads/1760968082.json', '/tmp/minio_downloads/1760968092.json', '/tmp/minio_downloads/1760968103.json', '/tmp/minio_downloads/1760968113.json', '/tmp/minio_downloads/1760968123.json', '/tmp/minio_downloads/1760968133.json', '/tmp/minio_downloads/1760968143.json', '/tmp/minio_downloads/1760968155.json', '/tmp/minio_downloads/1760968166.json', '/tmp/minio_downloads/1760968176.json', '/tmp/minio_downloads/1760968186.json', '/tmp/minio_downloads/1760968197.json', '/tmp/minio_downloads/1760968207.json', '/tmp/minio_downloads/1760968217.json', '/tmp/minio_downloads/1760968227.json', '/tmp/minio_downloads/1760968237.json', '/tmp/minio_downloads/1760968247.json', '/tmp/minio_downloads/1760968257.json', '/tmp/minio_downloads/1760968269.json', '/tmp/minio_downloads/1760968280.json', '/tmp/minio_downloads/1760968290.json', '/tmp/minio_downloads/1760968300.json', '/tmp/minio_downloads/1760968310.json', '/tmp/minio_downloads/1760968320.json', '/tmp/minio_downloads/1760968330.json', '/tmp/minio_downloads/1760968340.json', '/tmp/minio_downloads/1760968351.json', '/tmp/minio_downloads/1760968361.json', '/tmp/minio_downloads/1760968371.json', '/tmp/minio_downloads/1760968381.json', '/tmp/minio_downloads/1760968391.json', '/tmp/minio_downloads/1760968401.json', '/tmp/minio_downloads/1760968412.json', '/tmp/minio_downloads/1760968422.json', '/tmp/minio_downloads/1760968432.json', '/tmp/minio_downloads/1760968442.json', '/tmp/minio_downloads/1760968452.json', '/tmp/minio_downloads/1760968463.json', '/tmp/minio_downloads/1760968474.json', '/tmp/minio_downloads/1760968485.json', '/tmp/minio_downloads/1760968495.json', '/tmp/minio_downloads/1760968506.json', '/tmp/minio_downloads/1760968516.json', '/tmp/minio_downloads/1760968526.json', '/tmp/minio_downloads/1760968536.json', '/tmp/minio_downloads/1760968545.json', '/tmp/minio_downloads/1760968555.json', '/tmp/minio_downloads/1760968565.json', '/tmp/minio_downloads/1760968575.json', '/tmp/minio_downloads/1760968586.json', '/tmp/minio_downloads/1760968598.json', '/tmp/minio_downloads/1760968610.json', '/tmp/minio_downloads/1760968620.json', '/tmp/minio_downloads/1760968630.json', '/tmp/minio_downloads/1760968640.json', '/tmp/minio_downloads/1760968650.json', '/tmp/minio_downloads/1760968660.json', '/tmp/minio_downloads/1760968671.json', '/tmp/minio_downloads/1760968681.json', '/tmp/minio_downloads/1760968691.json', '/tmp/minio_downloads/1760968701.json', '/tmp/minio_downloads/1760968714.json', '/tmp/minio_downloads/1760968724.json', '/tmp/minio_downloads/1760968734.json', '/tmp/minio_downloads/1760968745.json', '/tmp/minio_downloads/1760967514.json', '/tmp/minio_downloads/1760967525.json', '/tmp/minio_downloads/1760967537.json', '/tmp/minio_downloads/1760967548.json', '/tmp/minio_downloads/1760967559.json', '/tmp/minio_downloads/1760967571.json', '/tmp/minio_downloads/1760967582.json', '/tmp/minio_downloads/1760967594.json', '/tmp/minio_downloads/1760967605.json', '/tmp/minio_downloads/1760967617.json', '/tmp/minio_downloads/1760967628.json', '/tmp/minio_downloads/1760967640.json', '/tmp/minio_downloads/1760967651.json', '/tmp/minio_downloads/1760967664.json', '/tmp/minio_downloads/1760967675.json', '/tmp/minio_downloads/1760967686.json', '/tmp/minio_downloads/1760967698.json', '/tmp/minio_downloads/1760967709.json', '/tmp/minio_downloads/1760967721.json', '/tmp/minio_downloads/1760967733.json', '/tmp/minio_downloads/1760967744.json', '/tmp/minio_downloads/1760967755.json', '/tmp/minio_downloads/1760967767.json', '/tmp/minio_downloads/1760967778.json', '/tmp/minio_downloads/1760967790.json', '/tmp/minio_downloads/1760967802.json', '/tmp/minio_downloads/1760967814.json', '/tmp/minio_downloads/1760967827.json', '/tmp/minio_downloads/1760967838.json', '/tmp/minio_downloads/1760967850.json', '/tmp/minio_downloads/1760967862.json', '/tmp/minio_downloads/1760967874.json', '/tmp/minio_downloads/1760967885.json', '/tmp/minio_downloads/1760967897.json', '/tmp/minio_downloads/1760967980.json', '/tmp/minio_downloads/1760967991.json', '/tmp/minio_downloads/1760968003.json', '/tmp/minio_downloads/1760968014.json', '/tmp/minio_downloads/1760968026.json', '/tmp/minio_downloads/1760968037.json', '/tmp/minio_downloads/1760968049.json', '/tmp/minio_downloads/1760968059.json', '/tmp/minio_downloads/1760968070.json', '/tmp/minio_downloads/1760968080.json', '/tmp/minio_downloads/1760968091.json', '/tmp/minio_downloads/1760968101.json', '/tmp/minio_downloads/1760968111.json', '/tmp/minio_downloads/1760968121.json', '/tmp/minio_downloads/1760968131.json', '/tmp/minio_downloads/1760968142.json', '/tmp/minio_downloads/1760968152.json', '/tmp/minio_downloads/1760968164.json', '/tmp/minio_downloads/1760968175.json', '/tmp/minio_downloads/1760968184.json', '/tmp/minio_downloads/1760968195.json', '/tmp/minio_downloads/1760968205.json', '/tmp/minio_downloads/1760968215.json', '/tmp/minio_downloads/1760968225.json', '/tmp/minio_downloads/1760968235.json', '/tmp/minio_downloads/1760968246.json', '/tmp/minio_downloads/1760968256.json', '/tmp/minio_downloads/1760968267.json', '/tmp/minio_downloads/1760968278.json', '/tmp/minio_downloads/1760968288.json', '/tmp/minio_downloads/1760968298.json', '/tmp/minio_downloads/1760968308.json', '/tmp/minio_downloads/1760968318.json', '/tmp/minio_downloads/1760968329.json', '/tmp/minio_downloads/1760968339.json', '/tmp/minio_downloads/1760968349.json', '/tmp/minio_downloads/1760968359.json', '/tmp/minio_downloads/1760968369.json', '/tmp/minio_downloads/1760968380.json', '/tmp/minio_downloads/1760968390.json', '/tmp/minio_downloads/1760968400.json', '/tmp/minio_downloads/1760968410.json', '/tmp/minio_downloads/1760968420.json', '/tmp/minio_downloads/1760968431.json', '/tmp/minio_downloads/1760968441.json', '/tmp/minio_downloads/1760968451.json', '/tmp/minio_downloads/1760968461.json', '/tmp/minio_downloads/1760968472.json', '/tmp/minio_downloads/1760968483.json', '/tmp/minio_downloads/1760968494.json', '/tmp/minio_downloads/1760968504.json', '/tmp/minio_downloads/1760968514.json', '/tmp/minio_downloads/1760968524.json', '/tmp/minio_downloads/1760968534.json', '/tmp/minio_downloads/1760968544.json', '/tmp/minio_downloads/1760968554.json', '/tmp/minio_downloads/1760968564.json', '/tmp/minio_downloads/1760968574.json', '/tmp/minio_downloads/1760968584.json', '/tmp/minio_downloads/1760968595.json', '/tmp/minio_downloads/1760968607.json', '/tmp/minio_downloads/1760968618.json', '/tmp/minio_downloads/1760968628.json', '/tmp/minio_downloads/1760968638.json', '/tmp/minio_downloads/1760968648.json', '/tmp/minio_downloads/1760968659.json', '/tmp/minio_downloads/1760968669.json', '/tmp/minio_downloads/1760968679.json', '/tmp/minio_downloads/1760968690.json', '/tmp/minio_downloads/1760968700.json', '/tmp/minio_downloads/1760968710.json', '/tmp/minio_downloads/1760968723.json', '/tmp/minio_downloads/1760968733.json', '/tmp/minio_downloads/1760968743.json', '/tmp/minio_downloads/1760967515.json', '/tmp/minio_downloads/1760967526.json', '/tmp/minio_downloads/1760967538.json', '/tmp/minio_downloads/1760967549.json', '/tmp/minio_downloads/1760967560.json', '/tmp/minio_downloads/1760967572.json', '/tmp/minio_downloads/1760967583.json', '/tmp/minio_downloads/1760967595.json', '/tmp/minio_downloads/1760967606.json', '/tmp/minio_downloads/1760967618.json', '/tmp/minio_downloads/1760967629.json', '/tmp/minio_downloads/1760967641.json', '/tmp/minio_downloads/1760967652.json', '/tmp/minio_downloads/1760967665.json', '/tmp/minio_downloads/1760967676.json', '/tmp/minio_downloads/1760967688.json', '/tmp/minio_downloads/1760967699.json', '/tmp/minio_downloads/1760967710.json', '/tmp/minio_downloads/1760967722.json', '/tmp/minio_downloads/1760967734.json', '/tmp/minio_downloads/1760967745.json', '/tmp/minio_downloads/1760967756.json', '/tmp/minio_downloads/1760967768.json', '/tmp/minio_downloads/1760967780.json', '/tmp/minio_downloads/1760967791.json', '/tmp/minio_downloads/1760967803.json', '/tmp/minio_downloads/1760967815.json', '/tmp/minio_downloads/1760967828.json', '/tmp/minio_downloads/1760967840.json', '/tmp/minio_downloads/1760967852.json', '/tmp/minio_downloads/1760967863.json', '/tmp/minio_downloads/1760967875.json', '/tmp/minio_downloads/1760967887.json', '/tmp/minio_downloads/1760967898.json', '/tmp/minio_downloads/1760967970.json', '/tmp/minio_downloads/1760967981.json', '/tmp/minio_downloads/1760967992.json', '/tmp/minio_downloads/1760968004.json', '/tmp/minio_downloads/1760968016.json', '/tmp/minio_downloads/1760968027.json', '/tmp/minio_downloads/1760968038.json', '/tmp/minio_downloads/1760968050.json', '/tmp/minio_downloads/1760968060.json', '/tmp/minio_downloads/1760968071.json', '/tmp/minio_downloads/1760968081.json', '/tmp/minio_downloads/1760968091.json', '/tmp/minio_downloads/1760968102.json', '/tmp/minio_downloads/1760968112.json', '/tmp/minio_downloads/1760968122.json', '/tmp/minio_downloads/1760968132.json', '/tmp/minio_downloads/1760968142.json', '/tmp/minio_downloads/1760968153.json', '/tmp/minio_downloads/1760968165.json', '/tmp/minio_downloads/1760968175.json', '/tmp/minio_downloads/1760968185.json', '/tmp/minio_downloads/1760968196.json', '/tmp/minio_downloads/1760968206.json', '/tmp/minio_downloads/1760968216.json', '/tmp/minio_downloads/1760968226.json', '/tmp/minio_downloads/1760968236.json', '/tmp/minio_downloads/1760968246.json', '/tmp/minio_downloads/1760968257.json', '/tmp/minio_downloads/1760968268.json', '/tmp/minio_downloads/1760968279.json', '/tmp/minio_downloads/1760968289.json', '/tmp/minio_downloads/1760968299.json', '/tmp/minio_downloads/1760968309.json', '/tmp/minio_downloads/1760968319.json', '/tmp/minio_downloads/1760968329.json', '/tmp/minio_downloads/1760968339.json', '/tmp/minio_downloads/1760968350.json', '/tmp/minio_downloads/1760968360.json', '/tmp/minio_downloads/1760968370.json', '/tmp/minio_downloads/1760968380.json', '/tmp/minio_downloads/1760968391.json', '/tmp/minio_downloads/1760968401.json', '/tmp/minio_downloads/1760968411.json', '/tmp/minio_downloads/1760968421.json', '/tmp/minio_downloads/1760968432.json', '/tmp/minio_downloads/1760968442.json', '/tmp/minio_downloads/1760968452.json', '/tmp/minio_downloads/1760968462.json', '/tmp/minio_downloads/1760968473.json', '/tmp/minio_downloads/1760968484.json', '/tmp/minio_downloads/1760968495.json', '/tmp/minio_downloads/1760968505.json', '/tmp/minio_downloads/1760968515.json', '/tmp/minio_downloads/1760968525.json', '/tmp/minio_downloads/1760968535.json', '/tmp/minio_downloads/1760968545.json', '/tmp/minio_downloads/1760968555.json', '/tmp/minio_downloads/1760968565.json', '/tmp/minio_downloads/1760968575.json', '/tmp/minio_downloads/1760968585.json', '/tmp/minio_downloads/1760968596.json', '/tmp/minio_downloads/1760968608.json', '/tmp/minio_downloads/1760968619.json', '/tmp/minio_downloads/1760968629.json', '/tmp/minio_downloads/1760968639.json', '/tmp/minio_downloads/1760968649.json', '/tmp/minio_downloads/1760968659.json', '/tmp/minio_downloads/1760968670.json', '/tmp/minio_downloads/1760968680.json', '/tmp/minio_downloads/1760968690.json', '/tmp/minio_downloads/1760968701.json', '/tmp/minio_downloads/1760968711.json', '/tmp/minio_downloads/1760968724.json', '/tmp/minio_downloads/1760968734.json', '/tmp/minio_downloads/1760968744.json']
[2025-10-20T13:59:16.372+0000] {taskinstance.py:441} INFO - ::group::Post task execution logs
[2025-10-20T13:59:16.408+0000] {taskinstance.py:1206} INFO - Marking task as SUCCESS. dag_id=minio_to_snowflake, task_id=download_minio, run_id=scheduled__2025-10-20T13:57:00+00:00, execution_date=20251020T135700, start_date=20251020T135909, end_date=20251020T135916
[2025-10-20T13:59:16.437+0000] {local_task_job_runner.py:243} INFO - Task exited with return code 0
[2025-10-20T13:59:16.460+0000] {taskinstance.py:3503} INFO - 1 downstream tasks scheduled from follow-on schedule check
[2025-10-20T13:59:16.463+0000] {local_task_job_runner.py:222} INFO - ::endgroup::
