[2025-10-20T13:49:22.885+0000] {local_task_job_runner.py:120} INFO - ::group::Pre task execution logs
[2025-10-20T13:49:22.930+0000] {taskinstance.py:2076} INFO - Dependencies all met for dep_context=non-requeueable deps ti=<TaskInstance: minio_to_snowflake.download_minio scheduled__2025-10-20T13:48:00+00:00 [queued]>
[2025-10-20T13:49:22.944+0000] {taskinstance.py:2076} INFO - Dependencies all met for dep_context=requeueable deps ti=<TaskInstance: minio_to_snowflake.download_minio scheduled__2025-10-20T13:48:00+00:00 [queued]>
[2025-10-20T13:49:22.947+0000] {taskinstance.py:2306} INFO - Starting attempt 1 of 2
[2025-10-20T13:49:22.969+0000] {taskinstance.py:2330} INFO - Executing <Task(PythonOperator): download_minio> on 2025-10-20 13:48:00+00:00
[2025-10-20T13:49:22.987+0000] {standard_task_runner.py:90} INFO - Running: ['***', 'tasks', 'run', 'minio_to_snowflake', 'download_minio', 'scheduled__2025-10-20T13:48:00+00:00', '--job-id', '7', '--raw', '--subdir', 'DAGS_FOLDER/minio_to_snowflake.py', '--cfg-path', '/tmp/tmp66jy3y48']
[2025-10-20T13:49:22.993+0000] {standard_task_runner.py:91} INFO - Job 7: Subtask download_minio
[2025-10-20T13:49:22.996+0000] {logging_mixin.py:188} WARNING - /home/***/.local/lib/python3.12/site-packages/***/task/task_runner/standard_task_runner.py:62 DeprecationWarning: This process (pid=1542) is multi-threaded, use of fork() may lead to deadlocks in the child.
[2025-10-20T13:49:22.998+0000] {standard_task_runner.py:64} INFO - Started process 1556 to run task
[2025-10-20T13:49:23.140+0000] {task_command.py:426} INFO - Running <TaskInstance: minio_to_snowflake.download_minio scheduled__2025-10-20T13:48:00+00:00 [running]> on host 2afad6b2767c
[2025-10-20T13:49:23.322+0000] {taskinstance.py:2648} INFO - Exporting env vars: AIRFLOW_CTX_DAG_OWNER='***' AIRFLOW_CTX_DAG_ID='minio_to_snowflake' AIRFLOW_CTX_TASK_ID='download_minio' AIRFLOW_CTX_EXECUTION_DATE='2025-10-20T13:48:00+00:00' AIRFLOW_CTX_TRY_NUMBER='1' AIRFLOW_CTX_DAG_RUN_ID='scheduled__2025-10-20T13:48:00+00:00'
[2025-10-20T13:49:23.325+0000] {taskinstance.py:430} INFO - ::endgroup::
[2025-10-20T13:49:23.861+0000] {logging_mixin.py:188} INFO - Downloaded AAPL/1760967513.json -> /tmp/minio_downloads/1760967513.json
[2025-10-20T13:49:23.874+0000] {logging_mixin.py:188} INFO - Downloaded AAPL/1760967524.json -> /tmp/minio_downloads/1760967524.json
[2025-10-20T13:49:23.887+0000] {logging_mixin.py:188} INFO - Downloaded AAPL/1760967536.json -> /tmp/minio_downloads/1760967536.json
[2025-10-20T13:49:23.900+0000] {logging_mixin.py:188} INFO - Downloaded AAPL/1760967547.json -> /tmp/minio_downloads/1760967547.json
[2025-10-20T13:49:23.914+0000] {logging_mixin.py:188} INFO - Downloaded AAPL/1760967559.json -> /tmp/minio_downloads/1760967559.json
[2025-10-20T13:49:23.926+0000] {logging_mixin.py:188} INFO - Downloaded AAPL/1760967570.json -> /tmp/minio_downloads/1760967570.json
[2025-10-20T13:49:23.940+0000] {logging_mixin.py:188} INFO - Downloaded AAPL/1760967581.json -> /tmp/minio_downloads/1760967581.json
[2025-10-20T13:49:23.953+0000] {logging_mixin.py:188} INFO - Downloaded AAPL/1760967593.json -> /tmp/minio_downloads/1760967593.json
[2025-10-20T13:49:23.964+0000] {logging_mixin.py:188} INFO - Downloaded AAPL/1760967604.json -> /tmp/minio_downloads/1760967604.json
[2025-10-20T13:49:23.978+0000] {logging_mixin.py:188} INFO - Downloaded AAPL/1760967616.json -> /tmp/minio_downloads/1760967616.json
[2025-10-20T13:49:23.990+0000] {logging_mixin.py:188} INFO - Downloaded AAPL/1760967627.json -> /tmp/minio_downloads/1760967627.json
[2025-10-20T13:49:24.004+0000] {logging_mixin.py:188} INFO - Downloaded AAPL/1760967639.json -> /tmp/minio_downloads/1760967639.json
[2025-10-20T13:49:24.015+0000] {logging_mixin.py:188} INFO - Downloaded AAPL/1760967650.json -> /tmp/minio_downloads/1760967650.json
[2025-10-20T13:49:24.027+0000] {logging_mixin.py:188} INFO - Downloaded AAPL/1760967662.json -> /tmp/minio_downloads/1760967662.json
[2025-10-20T13:49:24.042+0000] {logging_mixin.py:188} INFO - Downloaded AAPL/1760967674.json -> /tmp/minio_downloads/1760967674.json
[2025-10-20T13:49:24.055+0000] {logging_mixin.py:188} INFO - Downloaded AAPL/1760967685.json -> /tmp/minio_downloads/1760967685.json
[2025-10-20T13:49:24.066+0000] {logging_mixin.py:188} INFO - Downloaded AAPL/1760967697.json -> /tmp/minio_downloads/1760967697.json
[2025-10-20T13:49:24.078+0000] {logging_mixin.py:188} INFO - Downloaded AAPL/1760967709.json -> /tmp/minio_downloads/1760967709.json
[2025-10-20T13:49:24.093+0000] {logging_mixin.py:188} INFO - Downloaded AAPL/1760967720.json -> /tmp/minio_downloads/1760967720.json
[2025-10-20T13:49:24.105+0000] {logging_mixin.py:188} INFO - Downloaded AAPL/1760967731.json -> /tmp/minio_downloads/1760967731.json
[2025-10-20T13:49:24.118+0000] {logging_mixin.py:188} INFO - Downloaded AAPL/1760967743.json -> /tmp/minio_downloads/1760967743.json
[2025-10-20T13:49:24.129+0000] {logging_mixin.py:188} INFO - Downloaded AAPL/1760967754.json -> /tmp/minio_downloads/1760967754.json
[2025-10-20T13:49:24.142+0000] {logging_mixin.py:188} INFO - Downloaded AAPL/1760967766.json -> /tmp/minio_downloads/1760967766.json
[2025-10-20T13:49:24.158+0000] {logging_mixin.py:188} INFO - Downloaded AAPL/1760967778.json -> /tmp/minio_downloads/1760967778.json
[2025-10-20T13:49:24.175+0000] {logging_mixin.py:188} INFO - Downloaded AAPL/1760967789.json -> /tmp/minio_downloads/1760967789.json
[2025-10-20T13:49:24.195+0000] {logging_mixin.py:188} INFO - Downloaded AAPL/1760967801.json -> /tmp/minio_downloads/1760967801.json
[2025-10-20T13:49:24.213+0000] {logging_mixin.py:188} INFO - Downloaded AAPL/1760967813.json -> /tmp/minio_downloads/1760967813.json
[2025-10-20T13:49:24.230+0000] {logging_mixin.py:188} INFO - Downloaded AAPL/1760967826.json -> /tmp/minio_downloads/1760967826.json
[2025-10-20T13:49:24.242+0000] {logging_mixin.py:188} INFO - Downloaded AAPL/1760967837.json -> /tmp/minio_downloads/1760967837.json
[2025-10-20T13:49:24.255+0000] {logging_mixin.py:188} INFO - Downloaded AAPL/1760967849.json -> /tmp/minio_downloads/1760967849.json
[2025-10-20T13:49:24.267+0000] {logging_mixin.py:188} INFO - Downloaded AAPL/1760967861.json -> /tmp/minio_downloads/1760967861.json
[2025-10-20T13:49:24.284+0000] {logging_mixin.py:188} INFO - Downloaded AAPL/1760967873.json -> /tmp/minio_downloads/1760967873.json
[2025-10-20T13:49:24.296+0000] {logging_mixin.py:188} INFO - Downloaded AAPL/1760967884.json -> /tmp/minio_downloads/1760967884.json
[2025-10-20T13:49:24.309+0000] {logging_mixin.py:188} INFO - Downloaded AAPL/1760967896.json -> /tmp/minio_downloads/1760967896.json
[2025-10-20T13:49:24.320+0000] {logging_mixin.py:188} INFO - Downloaded AAPL/1760967908.json -> /tmp/minio_downloads/1760967908.json
[2025-10-20T13:49:24.332+0000] {logging_mixin.py:188} INFO - Downloaded AAPL/1760967979.json -> /tmp/minio_downloads/1760967979.json
[2025-10-20T13:49:24.343+0000] {logging_mixin.py:188} INFO - Downloaded AAPL/1760967990.json -> /tmp/minio_downloads/1760967990.json
[2025-10-20T13:49:24.356+0000] {logging_mixin.py:188} INFO - Downloaded AAPL/1760968001.json -> /tmp/minio_downloads/1760968001.json
[2025-10-20T13:49:24.369+0000] {logging_mixin.py:188} INFO - Downloaded AAPL/1760968013.json -> /tmp/minio_downloads/1760968013.json
[2025-10-20T13:49:24.382+0000] {logging_mixin.py:188} INFO - Downloaded AAPL/1760968025.json -> /tmp/minio_downloads/1760968025.json
[2025-10-20T13:49:24.395+0000] {logging_mixin.py:188} INFO - Downloaded AAPL/1760968036.json -> /tmp/minio_downloads/1760968036.json
[2025-10-20T13:49:24.407+0000] {logging_mixin.py:188} INFO - Downloaded AAPL/1760968048.json -> /tmp/minio_downloads/1760968048.json
[2025-10-20T13:49:24.421+0000] {logging_mixin.py:188} INFO - Downloaded AAPL/1760968058.json -> /tmp/minio_downloads/1760968058.json
[2025-10-20T13:49:24.434+0000] {logging_mixin.py:188} INFO - Downloaded AAPL/1760968069.json -> /tmp/minio_downloads/1760968069.json
[2025-10-20T13:49:24.446+0000] {logging_mixin.py:188} INFO - Downloaded AAPL/1760968080.json -> /tmp/minio_downloads/1760968080.json
[2025-10-20T13:49:24.459+0000] {logging_mixin.py:188} INFO - Downloaded AAPL/1760968090.json -> /tmp/minio_downloads/1760968090.json
[2025-10-20T13:49:24.473+0000] {logging_mixin.py:188} INFO - Downloaded AAPL/1760968101.json -> /tmp/minio_downloads/1760968101.json
[2025-10-20T13:49:24.485+0000] {logging_mixin.py:188} INFO - Downloaded AAPL/1760968110.json -> /tmp/minio_downloads/1760968110.json
[2025-10-20T13:49:24.500+0000] {logging_mixin.py:188} INFO - Downloaded AAPL/1760968120.json -> /tmp/minio_downloads/1760968120.json
[2025-10-20T13:49:24.512+0000] {logging_mixin.py:188} INFO - Downloaded AAPL/1760968131.json -> /tmp/minio_downloads/1760968131.json
[2025-10-20T13:49:24.528+0000] {logging_mixin.py:188} INFO - Downloaded AAPL/1760968141.json -> /tmp/minio_downloads/1760968141.json
[2025-10-20T13:49:24.543+0000] {logging_mixin.py:188} INFO - Downloaded AAPL/1760968151.json -> /tmp/minio_downloads/1760968151.json
[2025-10-20T13:49:24.558+0000] {logging_mixin.py:188} INFO - Downloaded AAPL/1760968163.json -> /tmp/minio_downloads/1760968163.json
[2025-10-20T13:49:24.572+0000] {logging_mixin.py:188} INFO - Downloaded AMZN/1760967517.json -> /tmp/minio_downloads/1760967517.json
[2025-10-20T13:49:24.587+0000] {logging_mixin.py:188} INFO - Downloaded AMZN/1760967529.json -> /tmp/minio_downloads/1760967529.json
[2025-10-20T13:49:24.603+0000] {logging_mixin.py:188} INFO - Downloaded AMZN/1760967540.json -> /tmp/minio_downloads/1760967540.json
[2025-10-20T13:49:24.615+0000] {logging_mixin.py:188} INFO - Downloaded AMZN/1760967551.json -> /tmp/minio_downloads/1760967551.json
[2025-10-20T13:49:24.631+0000] {logging_mixin.py:188} INFO - Downloaded AMZN/1760967563.json -> /tmp/minio_downloads/1760967563.json
[2025-10-20T13:49:24.644+0000] {logging_mixin.py:188} INFO - Downloaded AMZN/1760967574.json -> /tmp/minio_downloads/1760967574.json
[2025-10-20T13:49:24.660+0000] {logging_mixin.py:188} INFO - Downloaded AMZN/1760967585.json -> /tmp/minio_downloads/1760967585.json
[2025-10-20T13:49:24.674+0000] {logging_mixin.py:188} INFO - Downloaded AMZN/1760967597.json -> /tmp/minio_downloads/1760967597.json
[2025-10-20T13:49:24.690+0000] {logging_mixin.py:188} INFO - Downloaded AMZN/1760967608.json -> /tmp/minio_downloads/1760967608.json
[2025-10-20T13:49:24.704+0000] {logging_mixin.py:188} INFO - Downloaded AMZN/1760967620.json -> /tmp/minio_downloads/1760967620.json
[2025-10-20T13:49:24.717+0000] {logging_mixin.py:188} INFO - Downloaded AMZN/1760967632.json -> /tmp/minio_downloads/1760967632.json
[2025-10-20T13:49:24.729+0000] {logging_mixin.py:188} INFO - Downloaded AMZN/1760967643.json -> /tmp/minio_downloads/1760967643.json
[2025-10-20T13:49:24.745+0000] {logging_mixin.py:188} INFO - Downloaded AMZN/1760967655.json -> /tmp/minio_downloads/1760967655.json
[2025-10-20T13:49:24.760+0000] {logging_mixin.py:188} INFO - Downloaded AMZN/1760967667.json -> /tmp/minio_downloads/1760967667.json
[2025-10-20T13:49:24.775+0000] {logging_mixin.py:188} INFO - Downloaded AMZN/1760967678.json -> /tmp/minio_downloads/1760967678.json
[2025-10-20T13:49:24.789+0000] {logging_mixin.py:188} INFO - Downloaded AMZN/1760967689.json -> /tmp/minio_downloads/1760967689.json
[2025-10-20T13:49:24.803+0000] {logging_mixin.py:188} INFO - Downloaded AMZN/1760967701.json -> /tmp/minio_downloads/1760967701.json
[2025-10-20T13:49:24.817+0000] {logging_mixin.py:188} INFO - Downloaded AMZN/1760967712.json -> /tmp/minio_downloads/1760967712.json
[2025-10-20T13:49:24.830+0000] {logging_mixin.py:188} INFO - Downloaded AMZN/1760967724.json -> /tmp/minio_downloads/1760967724.json
[2025-10-20T13:49:24.845+0000] {logging_mixin.py:188} INFO - Downloaded AMZN/1760967736.json -> /tmp/minio_downloads/1760967736.json
[2025-10-20T13:49:24.860+0000] {logging_mixin.py:188} INFO - Downloaded AMZN/1760967747.json -> /tmp/minio_downloads/1760967747.json
[2025-10-20T13:49:24.873+0000] {logging_mixin.py:188} INFO - Downloaded AMZN/1760967759.json -> /tmp/minio_downloads/1760967759.json
[2025-10-20T13:49:24.887+0000] {logging_mixin.py:188} INFO - Downloaded AMZN/1760967770.json -> /tmp/minio_downloads/1760967770.json
[2025-10-20T13:49:24.901+0000] {logging_mixin.py:188} INFO - Downloaded AMZN/1760967782.json -> /tmp/minio_downloads/1760967782.json
[2025-10-20T13:49:24.912+0000] {logging_mixin.py:188} INFO - Downloaded AMZN/1760967794.json -> /tmp/minio_downloads/1760967794.json
[2025-10-20T13:49:24.925+0000] {logging_mixin.py:188} INFO - Downloaded AMZN/1760967805.json -> /tmp/minio_downloads/1760967805.json
[2025-10-20T13:49:24.939+0000] {logging_mixin.py:188} INFO - Downloaded AMZN/1760967819.json -> /tmp/minio_downloads/1760967819.json
[2025-10-20T13:49:24.953+0000] {logging_mixin.py:188} INFO - Downloaded AMZN/1760967830.json -> /tmp/minio_downloads/1760967830.json
[2025-10-20T13:49:24.967+0000] {logging_mixin.py:188} INFO - Downloaded AMZN/1760967842.json -> /tmp/minio_downloads/1760967842.json
[2025-10-20T13:49:24.979+0000] {logging_mixin.py:188} INFO - Downloaded AMZN/1760967854.json -> /tmp/minio_downloads/1760967854.json
[2025-10-20T13:49:24.993+0000] {logging_mixin.py:188} INFO - Downloaded AMZN/1760967866.json -> /tmp/minio_downloads/1760967866.json
[2025-10-20T13:49:25.008+0000] {logging_mixin.py:188} INFO - Downloaded AMZN/1760967877.json -> /tmp/minio_downloads/1760967877.json
[2025-10-20T13:49:25.022+0000] {logging_mixin.py:188} INFO - Downloaded AMZN/1760967889.json -> /tmp/minio_downloads/1760967889.json
[2025-10-20T13:49:25.038+0000] {logging_mixin.py:188} INFO - Downloaded AMZN/1760967900.json -> /tmp/minio_downloads/1760967900.json
[2025-10-20T13:49:25.053+0000] {logging_mixin.py:188} INFO - Downloaded AMZN/1760967972.json -> /tmp/minio_downloads/1760967972.json
[2025-10-20T13:49:25.065+0000] {logging_mixin.py:188} INFO - Downloaded AMZN/1760967983.json -> /tmp/minio_downloads/1760967983.json
[2025-10-20T13:49:25.080+0000] {logging_mixin.py:188} INFO - Downloaded AMZN/1760967994.json -> /tmp/minio_downloads/1760967994.json
[2025-10-20T13:49:25.093+0000] {logging_mixin.py:188} INFO - Downloaded AMZN/1760968006.json -> /tmp/minio_downloads/1760968006.json
[2025-10-20T13:49:25.108+0000] {logging_mixin.py:188} INFO - Downloaded AMZN/1760968018.json -> /tmp/minio_downloads/1760968018.json
[2025-10-20T13:49:25.123+0000] {logging_mixin.py:188} INFO - Downloaded AMZN/1760968029.json -> /tmp/minio_downloads/1760968029.json
[2025-10-20T13:49:25.137+0000] {logging_mixin.py:188} INFO - Downloaded AMZN/1760968041.json -> /tmp/minio_downloads/1760968041.json
[2025-10-20T13:49:25.152+0000] {logging_mixin.py:188} INFO - Downloaded AMZN/1760968052.json -> /tmp/minio_downloads/1760968052.json
[2025-10-20T13:49:25.165+0000] {logging_mixin.py:188} INFO - Downloaded AMZN/1760968062.json -> /tmp/minio_downloads/1760968062.json
[2025-10-20T13:49:25.176+0000] {logging_mixin.py:188} INFO - Downloaded AMZN/1760968073.json -> /tmp/minio_downloads/1760968073.json
[2025-10-20T13:49:25.189+0000] {logging_mixin.py:188} INFO - Downloaded AMZN/1760968083.json -> /tmp/minio_downloads/1760968083.json
[2025-10-20T13:49:25.201+0000] {logging_mixin.py:188} INFO - Downloaded AMZN/1760968093.json -> /tmp/minio_downloads/1760968093.json
[2025-10-20T13:49:25.212+0000] {logging_mixin.py:188} INFO - Downloaded AMZN/1760968103.json -> /tmp/minio_downloads/1760968103.json
[2025-10-20T13:49:25.225+0000] {logging_mixin.py:188} INFO - Downloaded AMZN/1760968114.json -> /tmp/minio_downloads/1760968114.json
[2025-10-20T13:49:25.239+0000] {logging_mixin.py:188} INFO - Downloaded AMZN/1760968124.json -> /tmp/minio_downloads/1760968124.json
[2025-10-20T13:49:25.252+0000] {logging_mixin.py:188} INFO - Downloaded AMZN/1760968134.json -> /tmp/minio_downloads/1760968134.json
[2025-10-20T13:49:25.262+0000] {logging_mixin.py:188} INFO - Downloaded AMZN/1760968144.json -> /tmp/minio_downloads/1760968144.json
[2025-10-20T13:49:25.275+0000] {logging_mixin.py:188} INFO - Downloaded AMZN/1760968156.json -> /tmp/minio_downloads/1760968156.json
[2025-10-20T13:49:25.287+0000] {logging_mixin.py:188} INFO - Downloaded GOOGL/1760967516.json -> /tmp/minio_downloads/1760967516.json
[2025-10-20T13:49:25.297+0000] {logging_mixin.py:188} INFO - Downloaded GOOGL/1760967528.json -> /tmp/minio_downloads/1760967528.json
[2025-10-20T13:49:25.311+0000] {logging_mixin.py:188} INFO - Downloaded GOOGL/1760967539.json -> /tmp/minio_downloads/1760967539.json
[2025-10-20T13:49:25.327+0000] {logging_mixin.py:188} INFO - Downloaded GOOGL/1760967550.json -> /tmp/minio_downloads/1760967550.json
[2025-10-20T13:49:25.342+0000] {logging_mixin.py:188} INFO - Downloaded GOOGL/1760967561.json -> /tmp/minio_downloads/1760967561.json
[2025-10-20T13:49:25.357+0000] {logging_mixin.py:188} INFO - Downloaded GOOGL/1760967573.json -> /tmp/minio_downloads/1760967573.json
[2025-10-20T13:49:25.370+0000] {logging_mixin.py:188} INFO - Downloaded GOOGL/1760967584.json -> /tmp/minio_downloads/1760967584.json
[2025-10-20T13:49:25.382+0000] {logging_mixin.py:188} INFO - Downloaded GOOGL/1760967596.json -> /tmp/minio_downloads/1760967596.json
[2025-10-20T13:49:25.395+0000] {logging_mixin.py:188} INFO - Downloaded GOOGL/1760967607.json -> /tmp/minio_downloads/1760967607.json
[2025-10-20T13:49:25.408+0000] {logging_mixin.py:188} INFO - Downloaded GOOGL/1760967619.json -> /tmp/minio_downloads/1760967619.json
[2025-10-20T13:49:25.420+0000] {logging_mixin.py:188} INFO - Downloaded GOOGL/1760967631.json -> /tmp/minio_downloads/1760967631.json
[2025-10-20T13:49:25.431+0000] {logging_mixin.py:188} INFO - Downloaded GOOGL/1760967642.json -> /tmp/minio_downloads/1760967642.json
[2025-10-20T13:49:25.443+0000] {logging_mixin.py:188} INFO - Downloaded GOOGL/1760967654.json -> /tmp/minio_downloads/1760967654.json
[2025-10-20T13:49:25.457+0000] {logging_mixin.py:188} INFO - Downloaded GOOGL/1760967666.json -> /tmp/minio_downloads/1760967666.json
[2025-10-20T13:49:25.469+0000] {logging_mixin.py:188} INFO - Downloaded GOOGL/1760967677.json -> /tmp/minio_downloads/1760967677.json
[2025-10-20T13:49:25.481+0000] {logging_mixin.py:188} INFO - Downloaded GOOGL/1760967688.json -> /tmp/minio_downloads/1760967688.json
[2025-10-20T13:49:25.494+0000] {logging_mixin.py:188} INFO - Downloaded GOOGL/1760967700.json -> /tmp/minio_downloads/1760967700.json
[2025-10-20T13:49:25.507+0000] {logging_mixin.py:188} INFO - Downloaded GOOGL/1760967712.json -> /tmp/minio_downloads/1760967712.json
[2025-10-20T13:49:25.520+0000] {logging_mixin.py:188} INFO - Downloaded GOOGL/1760967723.json -> /tmp/minio_downloads/1760967723.json
[2025-10-20T13:49:25.532+0000] {logging_mixin.py:188} INFO - Downloaded GOOGL/1760967735.json -> /tmp/minio_downloads/1760967735.json
[2025-10-20T13:49:25.546+0000] {logging_mixin.py:188} INFO - Downloaded GOOGL/1760967746.json -> /tmp/minio_downloads/1760967746.json
[2025-10-20T13:49:25.562+0000] {logging_mixin.py:188} INFO - Downloaded GOOGL/1760967758.json -> /tmp/minio_downloads/1760967758.json
[2025-10-20T13:49:25.576+0000] {logging_mixin.py:188} INFO - Downloaded GOOGL/1760967769.json -> /tmp/minio_downloads/1760967769.json
[2025-10-20T13:49:25.591+0000] {logging_mixin.py:188} INFO - Downloaded GOOGL/1760967781.json -> /tmp/minio_downloads/1760967781.json
[2025-10-20T13:49:25.607+0000] {logging_mixin.py:188} INFO - Downloaded GOOGL/1760967793.json -> /tmp/minio_downloads/1760967793.json
[2025-10-20T13:49:25.622+0000] {logging_mixin.py:188} INFO - Downloaded GOOGL/1760967804.json -> /tmp/minio_downloads/1760967804.json
[2025-10-20T13:49:25.639+0000] {logging_mixin.py:188} INFO - Downloaded GOOGL/1760967818.json -> /tmp/minio_downloads/1760967818.json
[2025-10-20T13:49:25.654+0000] {logging_mixin.py:188} INFO - Downloaded GOOGL/1760967829.json -> /tmp/minio_downloads/1760967829.json
[2025-10-20T13:49:25.672+0000] {logging_mixin.py:188} INFO - Downloaded GOOGL/1760967841.json -> /tmp/minio_downloads/1760967841.json
[2025-10-20T13:49:25.686+0000] {logging_mixin.py:188} INFO - Downloaded GOOGL/1760967853.json -> /tmp/minio_downloads/1760967853.json
[2025-10-20T13:49:25.697+0000] {logging_mixin.py:188} INFO - Downloaded GOOGL/1760967864.json -> /tmp/minio_downloads/1760967864.json
[2025-10-20T13:49:25.710+0000] {logging_mixin.py:188} INFO - Downloaded GOOGL/1760967876.json -> /tmp/minio_downloads/1760967876.json
[2025-10-20T13:49:25.722+0000] {logging_mixin.py:188} INFO - Downloaded GOOGL/1760967888.json -> /tmp/minio_downloads/1760967888.json
[2025-10-20T13:49:25.735+0000] {logging_mixin.py:188} INFO - Downloaded GOOGL/1760967899.json -> /tmp/minio_downloads/1760967899.json
[2025-10-20T13:49:25.747+0000] {logging_mixin.py:188} INFO - Downloaded GOOGL/1760967971.json -> /tmp/minio_downloads/1760967971.json
[2025-10-20T13:49:25.759+0000] {logging_mixin.py:188} INFO - Downloaded GOOGL/1760967982.json -> /tmp/minio_downloads/1760967982.json
[2025-10-20T13:49:25.771+0000] {logging_mixin.py:188} INFO - Downloaded GOOGL/1760967993.json -> /tmp/minio_downloads/1760967993.json
[2025-10-20T13:49:25.783+0000] {logging_mixin.py:188} INFO - Downloaded GOOGL/1760968005.json -> /tmp/minio_downloads/1760968005.json
[2025-10-20T13:49:25.794+0000] {logging_mixin.py:188} INFO - Downloaded GOOGL/1760968016.json -> /tmp/minio_downloads/1760968016.json
[2025-10-20T13:49:25.807+0000] {logging_mixin.py:188} INFO - Downloaded GOOGL/1760968028.json -> /tmp/minio_downloads/1760968028.json
[2025-10-20T13:49:25.820+0000] {logging_mixin.py:188} INFO - Downloaded GOOGL/1760968039.json -> /tmp/minio_downloads/1760968039.json
[2025-10-20T13:49:25.834+0000] {logging_mixin.py:188} INFO - Downloaded GOOGL/1760968051.json -> /tmp/minio_downloads/1760968051.json
[2025-10-20T13:49:25.847+0000] {logging_mixin.py:188} INFO - Downloaded GOOGL/1760968061.json -> /tmp/minio_downloads/1760968061.json
[2025-10-20T13:49:25.860+0000] {logging_mixin.py:188} INFO - Downloaded GOOGL/1760968072.json -> /tmp/minio_downloads/1760968072.json
[2025-10-20T13:49:25.873+0000] {logging_mixin.py:188} INFO - Downloaded GOOGL/1760968082.json -> /tmp/minio_downloads/1760968082.json
[2025-10-20T13:49:25.885+0000] {logging_mixin.py:188} INFO - Downloaded GOOGL/1760968092.json -> /tmp/minio_downloads/1760968092.json
[2025-10-20T13:49:25.895+0000] {logging_mixin.py:188} INFO - Downloaded GOOGL/1760968103.json -> /tmp/minio_downloads/1760968103.json
[2025-10-20T13:49:25.908+0000] {logging_mixin.py:188} INFO - Downloaded GOOGL/1760968113.json -> /tmp/minio_downloads/1760968113.json
[2025-10-20T13:49:25.921+0000] {logging_mixin.py:188} INFO - Downloaded GOOGL/1760968123.json -> /tmp/minio_downloads/1760968123.json
[2025-10-20T13:49:25.932+0000] {logging_mixin.py:188} INFO - Downloaded GOOGL/1760968133.json -> /tmp/minio_downloads/1760968133.json
[2025-10-20T13:49:25.945+0000] {logging_mixin.py:188} INFO - Downloaded GOOGL/1760968143.json -> /tmp/minio_downloads/1760968143.json
[2025-10-20T13:49:25.959+0000] {logging_mixin.py:188} INFO - Downloaded GOOGL/1760968155.json -> /tmp/minio_downloads/1760968155.json
[2025-10-20T13:49:25.972+0000] {logging_mixin.py:188} INFO - Downloaded MSFT/1760967514.json -> /tmp/minio_downloads/1760967514.json
[2025-10-20T13:49:25.985+0000] {logging_mixin.py:188} INFO - Downloaded MSFT/1760967525.json -> /tmp/minio_downloads/1760967525.json
[2025-10-20T13:49:25.996+0000] {logging_mixin.py:188} INFO - Downloaded MSFT/1760967537.json -> /tmp/minio_downloads/1760967537.json
[2025-10-20T13:49:26.008+0000] {logging_mixin.py:188} INFO - Downloaded MSFT/1760967548.json -> /tmp/minio_downloads/1760967548.json
[2025-10-20T13:49:26.022+0000] {logging_mixin.py:188} INFO - Downloaded MSFT/1760967559.json -> /tmp/minio_downloads/1760967559.json
[2025-10-20T13:49:26.036+0000] {logging_mixin.py:188} INFO - Downloaded MSFT/1760967571.json -> /tmp/minio_downloads/1760967571.json
[2025-10-20T13:49:26.049+0000] {logging_mixin.py:188} INFO - Downloaded MSFT/1760967582.json -> /tmp/minio_downloads/1760967582.json
[2025-10-20T13:49:26.061+0000] {logging_mixin.py:188} INFO - Downloaded MSFT/1760967594.json -> /tmp/minio_downloads/1760967594.json
[2025-10-20T13:49:26.074+0000] {logging_mixin.py:188} INFO - Downloaded MSFT/1760967605.json -> /tmp/minio_downloads/1760967605.json
[2025-10-20T13:49:26.088+0000] {logging_mixin.py:188} INFO - Downloaded MSFT/1760967617.json -> /tmp/minio_downloads/1760967617.json
[2025-10-20T13:49:26.100+0000] {logging_mixin.py:188} INFO - Downloaded MSFT/1760967628.json -> /tmp/minio_downloads/1760967628.json
[2025-10-20T13:49:26.111+0000] {logging_mixin.py:188} INFO - Downloaded MSFT/1760967640.json -> /tmp/minio_downloads/1760967640.json
[2025-10-20T13:49:26.125+0000] {logging_mixin.py:188} INFO - Downloaded MSFT/1760967651.json -> /tmp/minio_downloads/1760967651.json
[2025-10-20T13:49:26.138+0000] {logging_mixin.py:188} INFO - Downloaded MSFT/1760967664.json -> /tmp/minio_downloads/1760967664.json
[2025-10-20T13:49:26.153+0000] {logging_mixin.py:188} INFO - Downloaded MSFT/1760967675.json -> /tmp/minio_downloads/1760967675.json
[2025-10-20T13:49:26.166+0000] {logging_mixin.py:188} INFO - Downloaded MSFT/1760967686.json -> /tmp/minio_downloads/1760967686.json
[2025-10-20T13:49:26.178+0000] {logging_mixin.py:188} INFO - Downloaded MSFT/1760967698.json -> /tmp/minio_downloads/1760967698.json
[2025-10-20T13:49:26.192+0000] {logging_mixin.py:188} INFO - Downloaded MSFT/1760967709.json -> /tmp/minio_downloads/1760967709.json
[2025-10-20T13:49:26.204+0000] {logging_mixin.py:188} INFO - Downloaded MSFT/1760967721.json -> /tmp/minio_downloads/1760967721.json
[2025-10-20T13:49:26.215+0000] {logging_mixin.py:188} INFO - Downloaded MSFT/1760967733.json -> /tmp/minio_downloads/1760967733.json
[2025-10-20T13:49:26.229+0000] {logging_mixin.py:188} INFO - Downloaded MSFT/1760967744.json -> /tmp/minio_downloads/1760967744.json
[2025-10-20T13:49:26.242+0000] {logging_mixin.py:188} INFO - Downloaded MSFT/1760967755.json -> /tmp/minio_downloads/1760967755.json
[2025-10-20T13:49:26.255+0000] {logging_mixin.py:188} INFO - Downloaded MSFT/1760967767.json -> /tmp/minio_downloads/1760967767.json
[2025-10-20T13:49:26.267+0000] {logging_mixin.py:188} INFO - Downloaded MSFT/1760967778.json -> /tmp/minio_downloads/1760967778.json
[2025-10-20T13:49:26.278+0000] {logging_mixin.py:188} INFO - Downloaded MSFT/1760967790.json -> /tmp/minio_downloads/1760967790.json
[2025-10-20T13:49:26.291+0000] {logging_mixin.py:188} INFO - Downloaded MSFT/1760967802.json -> /tmp/minio_downloads/1760967802.json
[2025-10-20T13:49:26.304+0000] {logging_mixin.py:188} INFO - Downloaded MSFT/1760967814.json -> /tmp/minio_downloads/1760967814.json
[2025-10-20T13:49:26.314+0000] {logging_mixin.py:188} INFO - Downloaded MSFT/1760967827.json -> /tmp/minio_downloads/1760967827.json
[2025-10-20T13:49:26.327+0000] {logging_mixin.py:188} INFO - Downloaded MSFT/1760967838.json -> /tmp/minio_downloads/1760967838.json
[2025-10-20T13:49:26.340+0000] {logging_mixin.py:188} INFO - Downloaded MSFT/1760967850.json -> /tmp/minio_downloads/1760967850.json
[2025-10-20T13:49:26.353+0000] {logging_mixin.py:188} INFO - Downloaded MSFT/1760967862.json -> /tmp/minio_downloads/1760967862.json
[2025-10-20T13:49:26.366+0000] {logging_mixin.py:188} INFO - Downloaded MSFT/1760967874.json -> /tmp/minio_downloads/1760967874.json
[2025-10-20T13:49:26.378+0000] {logging_mixin.py:188} INFO - Downloaded MSFT/1760967885.json -> /tmp/minio_downloads/1760967885.json
[2025-10-20T13:49:26.389+0000] {logging_mixin.py:188} INFO - Downloaded MSFT/1760967897.json -> /tmp/minio_downloads/1760967897.json
[2025-10-20T13:49:26.400+0000] {logging_mixin.py:188} INFO - Downloaded MSFT/1760967980.json -> /tmp/minio_downloads/1760967980.json
[2025-10-20T13:49:26.411+0000] {logging_mixin.py:188} INFO - Downloaded MSFT/1760967991.json -> /tmp/minio_downloads/1760967991.json
[2025-10-20T13:49:26.424+0000] {logging_mixin.py:188} INFO - Downloaded MSFT/1760968003.json -> /tmp/minio_downloads/1760968003.json
[2025-10-20T13:49:26.436+0000] {logging_mixin.py:188} INFO - Downloaded MSFT/1760968014.json -> /tmp/minio_downloads/1760968014.json
[2025-10-20T13:49:26.446+0000] {logging_mixin.py:188} INFO - Downloaded MSFT/1760968026.json -> /tmp/minio_downloads/1760968026.json
[2025-10-20T13:49:26.458+0000] {logging_mixin.py:188} INFO - Downloaded MSFT/1760968037.json -> /tmp/minio_downloads/1760968037.json
[2025-10-20T13:49:26.469+0000] {logging_mixin.py:188} INFO - Downloaded MSFT/1760968049.json -> /tmp/minio_downloads/1760968049.json
[2025-10-20T13:49:26.481+0000] {logging_mixin.py:188} INFO - Downloaded MSFT/1760968059.json -> /tmp/minio_downloads/1760968059.json
[2025-10-20T13:49:26.493+0000] {logging_mixin.py:188} INFO - Downloaded MSFT/1760968070.json -> /tmp/minio_downloads/1760968070.json
[2025-10-20T13:49:26.507+0000] {logging_mixin.py:188} INFO - Downloaded MSFT/1760968080.json -> /tmp/minio_downloads/1760968080.json
[2025-10-20T13:49:26.518+0000] {logging_mixin.py:188} INFO - Downloaded MSFT/1760968091.json -> /tmp/minio_downloads/1760968091.json
[2025-10-20T13:49:26.529+0000] {logging_mixin.py:188} INFO - Downloaded MSFT/1760968101.json -> /tmp/minio_downloads/1760968101.json
[2025-10-20T13:49:26.542+0000] {logging_mixin.py:188} INFO - Downloaded MSFT/1760968111.json -> /tmp/minio_downloads/1760968111.json
[2025-10-20T13:49:26.553+0000] {logging_mixin.py:188} INFO - Downloaded MSFT/1760968121.json -> /tmp/minio_downloads/1760968121.json
[2025-10-20T13:49:26.563+0000] {logging_mixin.py:188} INFO - Downloaded MSFT/1760968131.json -> /tmp/minio_downloads/1760968131.json
[2025-10-20T13:49:26.574+0000] {logging_mixin.py:188} INFO - Downloaded MSFT/1760968142.json -> /tmp/minio_downloads/1760968142.json
[2025-10-20T13:49:26.586+0000] {logging_mixin.py:188} INFO - Downloaded MSFT/1760968152.json -> /tmp/minio_downloads/1760968152.json
[2025-10-20T13:49:26.597+0000] {logging_mixin.py:188} INFO - Downloaded TSLA/1760967515.json -> /tmp/minio_downloads/1760967515.json
[2025-10-20T13:49:26.608+0000] {logging_mixin.py:188} INFO - Downloaded TSLA/1760967526.json -> /tmp/minio_downloads/1760967526.json
[2025-10-20T13:49:26.620+0000] {logging_mixin.py:188} INFO - Downloaded TSLA/1760967538.json -> /tmp/minio_downloads/1760967538.json
[2025-10-20T13:49:26.629+0000] {logging_mixin.py:188} INFO - Downloaded TSLA/1760967549.json -> /tmp/minio_downloads/1760967549.json
[2025-10-20T13:49:26.640+0000] {logging_mixin.py:188} INFO - Downloaded TSLA/1760967560.json -> /tmp/minio_downloads/1760967560.json
[2025-10-20T13:49:26.650+0000] {logging_mixin.py:188} INFO - Downloaded TSLA/1760967572.json -> /tmp/minio_downloads/1760967572.json
[2025-10-20T13:49:26.660+0000] {logging_mixin.py:188} INFO - Downloaded TSLA/1760967583.json -> /tmp/minio_downloads/1760967583.json
[2025-10-20T13:49:26.672+0000] {logging_mixin.py:188} INFO - Downloaded TSLA/1760967595.json -> /tmp/minio_downloads/1760967595.json
[2025-10-20T13:49:26.682+0000] {logging_mixin.py:188} INFO - Downloaded TSLA/1760967606.json -> /tmp/minio_downloads/1760967606.json
[2025-10-20T13:49:26.693+0000] {logging_mixin.py:188} INFO - Downloaded TSLA/1760967618.json -> /tmp/minio_downloads/1760967618.json
[2025-10-20T13:49:26.706+0000] {logging_mixin.py:188} INFO - Downloaded TSLA/1760967629.json -> /tmp/minio_downloads/1760967629.json
[2025-10-20T13:49:26.717+0000] {logging_mixin.py:188} INFO - Downloaded TSLA/1760967641.json -> /tmp/minio_downloads/1760967641.json
[2025-10-20T13:49:26.727+0000] {logging_mixin.py:188} INFO - Downloaded TSLA/1760967652.json -> /tmp/minio_downloads/1760967652.json
[2025-10-20T13:49:26.739+0000] {logging_mixin.py:188} INFO - Downloaded TSLA/1760967665.json -> /tmp/minio_downloads/1760967665.json
[2025-10-20T13:49:26.749+0000] {logging_mixin.py:188} INFO - Downloaded TSLA/1760967676.json -> /tmp/minio_downloads/1760967676.json
[2025-10-20T13:49:26.761+0000] {logging_mixin.py:188} INFO - Downloaded TSLA/1760967688.json -> /tmp/minio_downloads/1760967688.json
[2025-10-20T13:49:26.772+0000] {logging_mixin.py:188} INFO - Downloaded TSLA/1760967699.json -> /tmp/minio_downloads/1760967699.json
[2025-10-20T13:49:26.783+0000] {logging_mixin.py:188} INFO - Downloaded TSLA/1760967710.json -> /tmp/minio_downloads/1760967710.json
[2025-10-20T13:49:26.793+0000] {logging_mixin.py:188} INFO - Downloaded TSLA/1760967722.json -> /tmp/minio_downloads/1760967722.json
[2025-10-20T13:49:26.805+0000] {logging_mixin.py:188} INFO - Downloaded TSLA/1760967734.json -> /tmp/minio_downloads/1760967734.json
[2025-10-20T13:49:26.815+0000] {logging_mixin.py:188} INFO - Downloaded TSLA/1760967745.json -> /tmp/minio_downloads/1760967745.json
[2025-10-20T13:49:26.826+0000] {logging_mixin.py:188} INFO - Downloaded TSLA/1760967756.json -> /tmp/minio_downloads/1760967756.json
[2025-10-20T13:49:26.838+0000] {logging_mixin.py:188} INFO - Downloaded TSLA/1760967768.json -> /tmp/minio_downloads/1760967768.json
[2025-10-20T13:49:26.850+0000] {logging_mixin.py:188} INFO - Downloaded TSLA/1760967780.json -> /tmp/minio_downloads/1760967780.json
[2025-10-20T13:49:26.861+0000] {logging_mixin.py:188} INFO - Downloaded TSLA/1760967791.json -> /tmp/minio_downloads/1760967791.json
[2025-10-20T13:49:26.873+0000] {logging_mixin.py:188} INFO - Downloaded TSLA/1760967803.json -> /tmp/minio_downloads/1760967803.json
[2025-10-20T13:49:26.885+0000] {logging_mixin.py:188} INFO - Downloaded TSLA/1760967815.json -> /tmp/minio_downloads/1760967815.json
[2025-10-20T13:49:26.896+0000] {logging_mixin.py:188} INFO - Downloaded TSLA/1760967828.json -> /tmp/minio_downloads/1760967828.json
[2025-10-20T13:49:26.911+0000] {logging_mixin.py:188} INFO - Downloaded TSLA/1760967840.json -> /tmp/minio_downloads/1760967840.json
[2025-10-20T13:49:26.925+0000] {logging_mixin.py:188} INFO - Downloaded TSLA/1760967852.json -> /tmp/minio_downloads/1760967852.json
[2025-10-20T13:49:26.938+0000] {logging_mixin.py:188} INFO - Downloaded TSLA/1760967863.json -> /tmp/minio_downloads/1760967863.json
[2025-10-20T13:49:26.950+0000] {logging_mixin.py:188} INFO - Downloaded TSLA/1760967875.json -> /tmp/minio_downloads/1760967875.json
[2025-10-20T13:49:26.963+0000] {logging_mixin.py:188} INFO - Downloaded TSLA/1760967887.json -> /tmp/minio_downloads/1760967887.json
[2025-10-20T13:49:26.973+0000] {logging_mixin.py:188} INFO - Downloaded TSLA/1760967898.json -> /tmp/minio_downloads/1760967898.json
[2025-10-20T13:49:26.985+0000] {logging_mixin.py:188} INFO - Downloaded TSLA/1760967970.json -> /tmp/minio_downloads/1760967970.json
[2025-10-20T13:49:26.998+0000] {logging_mixin.py:188} INFO - Downloaded TSLA/1760967981.json -> /tmp/minio_downloads/1760967981.json
[2025-10-20T13:49:27.010+0000] {logging_mixin.py:188} INFO - Downloaded TSLA/1760967992.json -> /tmp/minio_downloads/1760967992.json
[2025-10-20T13:49:27.022+0000] {logging_mixin.py:188} INFO - Downloaded TSLA/1760968004.json -> /tmp/minio_downloads/1760968004.json
[2025-10-20T13:49:27.034+0000] {logging_mixin.py:188} INFO - Downloaded TSLA/1760968016.json -> /tmp/minio_downloads/1760968016.json
[2025-10-20T13:49:27.045+0000] {logging_mixin.py:188} INFO - Downloaded TSLA/1760968027.json -> /tmp/minio_downloads/1760968027.json
[2025-10-20T13:49:27.055+0000] {logging_mixin.py:188} INFO - Downloaded TSLA/1760968038.json -> /tmp/minio_downloads/1760968038.json
[2025-10-20T13:49:27.069+0000] {logging_mixin.py:188} INFO - Downloaded TSLA/1760968050.json -> /tmp/minio_downloads/1760968050.json
[2025-10-20T13:49:27.079+0000] {logging_mixin.py:188} INFO - Downloaded TSLA/1760968060.json -> /tmp/minio_downloads/1760968060.json
[2025-10-20T13:49:27.090+0000] {logging_mixin.py:188} INFO - Downloaded TSLA/1760968071.json -> /tmp/minio_downloads/1760968071.json
[2025-10-20T13:49:27.101+0000] {logging_mixin.py:188} INFO - Downloaded TSLA/1760968081.json -> /tmp/minio_downloads/1760968081.json
[2025-10-20T13:49:27.111+0000] {logging_mixin.py:188} INFO - Downloaded TSLA/1760968091.json -> /tmp/minio_downloads/1760968091.json
[2025-10-20T13:49:27.121+0000] {logging_mixin.py:188} INFO - Downloaded TSLA/1760968102.json -> /tmp/minio_downloads/1760968102.json
[2025-10-20T13:49:27.130+0000] {logging_mixin.py:188} INFO - Downloaded TSLA/1760968112.json -> /tmp/minio_downloads/1760968112.json
[2025-10-20T13:49:27.142+0000] {logging_mixin.py:188} INFO - Downloaded TSLA/1760968122.json -> /tmp/minio_downloads/1760968122.json
[2025-10-20T13:49:27.161+0000] {logging_mixin.py:188} INFO - Downloaded TSLA/1760968132.json -> /tmp/minio_downloads/1760968132.json
[2025-10-20T13:49:27.173+0000] {logging_mixin.py:188} INFO - Downloaded TSLA/1760968142.json -> /tmp/minio_downloads/1760968142.json
[2025-10-20T13:49:27.184+0000] {logging_mixin.py:188} INFO - Downloaded TSLA/1760968153.json -> /tmp/minio_downloads/1760968153.json
[2025-10-20T13:49:27.186+0000] {python.py:237} INFO - Done. Returned value was: ['/tmp/minio_downloads/1760967513.json', '/tmp/minio_downloads/1760967524.json', '/tmp/minio_downloads/1760967536.json', '/tmp/minio_downloads/1760967547.json', '/tmp/minio_downloads/1760967559.json', '/tmp/minio_downloads/1760967570.json', '/tmp/minio_downloads/1760967581.json', '/tmp/minio_downloads/1760967593.json', '/tmp/minio_downloads/1760967604.json', '/tmp/minio_downloads/1760967616.json', '/tmp/minio_downloads/1760967627.json', '/tmp/minio_downloads/1760967639.json', '/tmp/minio_downloads/1760967650.json', '/tmp/minio_downloads/1760967662.json', '/tmp/minio_downloads/1760967674.json', '/tmp/minio_downloads/1760967685.json', '/tmp/minio_downloads/1760967697.json', '/tmp/minio_downloads/1760967709.json', '/tmp/minio_downloads/1760967720.json', '/tmp/minio_downloads/1760967731.json', '/tmp/minio_downloads/1760967743.json', '/tmp/minio_downloads/1760967754.json', '/tmp/minio_downloads/1760967766.json', '/tmp/minio_downloads/1760967778.json', '/tmp/minio_downloads/1760967789.json', '/tmp/minio_downloads/1760967801.json', '/tmp/minio_downloads/1760967813.json', '/tmp/minio_downloads/1760967826.json', '/tmp/minio_downloads/1760967837.json', '/tmp/minio_downloads/1760967849.json', '/tmp/minio_downloads/1760967861.json', '/tmp/minio_downloads/1760967873.json', '/tmp/minio_downloads/1760967884.json', '/tmp/minio_downloads/1760967896.json', '/tmp/minio_downloads/1760967908.json', '/tmp/minio_downloads/1760967979.json', '/tmp/minio_downloads/1760967990.json', '/tmp/minio_downloads/1760968001.json', '/tmp/minio_downloads/1760968013.json', '/tmp/minio_downloads/1760968025.json', '/tmp/minio_downloads/1760968036.json', '/tmp/minio_downloads/1760968048.json', '/tmp/minio_downloads/1760968058.json', '/tmp/minio_downloads/1760968069.json', '/tmp/minio_downloads/1760968080.json', '/tmp/minio_downloads/1760968090.json', '/tmp/minio_downloads/1760968101.json', '/tmp/minio_downloads/1760968110.json', '/tmp/minio_downloads/1760968120.json', '/tmp/minio_downloads/1760968131.json', '/tmp/minio_downloads/1760968141.json', '/tmp/minio_downloads/1760968151.json', '/tmp/minio_downloads/1760968163.json', '/tmp/minio_downloads/1760967517.json', '/tmp/minio_downloads/1760967529.json', '/tmp/minio_downloads/1760967540.json', '/tmp/minio_downloads/1760967551.json', '/tmp/minio_downloads/1760967563.json', '/tmp/minio_downloads/1760967574.json', '/tmp/minio_downloads/1760967585.json', '/tmp/minio_downloads/1760967597.json', '/tmp/minio_downloads/1760967608.json', '/tmp/minio_downloads/1760967620.json', '/tmp/minio_downloads/1760967632.json', '/tmp/minio_downloads/1760967643.json', '/tmp/minio_downloads/1760967655.json', '/tmp/minio_downloads/1760967667.json', '/tmp/minio_downloads/1760967678.json', '/tmp/minio_downloads/1760967689.json', '/tmp/minio_downloads/1760967701.json', '/tmp/minio_downloads/1760967712.json', '/tmp/minio_downloads/1760967724.json', '/tmp/minio_downloads/1760967736.json', '/tmp/minio_downloads/1760967747.json', '/tmp/minio_downloads/1760967759.json', '/tmp/minio_downloads/1760967770.json', '/tmp/minio_downloads/1760967782.json', '/tmp/minio_downloads/1760967794.json', '/tmp/minio_downloads/1760967805.json', '/tmp/minio_downloads/1760967819.json', '/tmp/minio_downloads/1760967830.json', '/tmp/minio_downloads/1760967842.json', '/tmp/minio_downloads/1760967854.json', '/tmp/minio_downloads/1760967866.json', '/tmp/minio_downloads/1760967877.json', '/tmp/minio_downloads/1760967889.json', '/tmp/minio_downloads/1760967900.json', '/tmp/minio_downloads/1760967972.json', '/tmp/minio_downloads/1760967983.json', '/tmp/minio_downloads/1760967994.json', '/tmp/minio_downloads/1760968006.json', '/tmp/minio_downloads/1760968018.json', '/tmp/minio_downloads/1760968029.json', '/tmp/minio_downloads/1760968041.json', '/tmp/minio_downloads/1760968052.json', '/tmp/minio_downloads/1760968062.json', '/tmp/minio_downloads/1760968073.json', '/tmp/minio_downloads/1760968083.json', '/tmp/minio_downloads/1760968093.json', '/tmp/minio_downloads/1760968103.json', '/tmp/minio_downloads/1760968114.json', '/tmp/minio_downloads/1760968124.json', '/tmp/minio_downloads/1760968134.json', '/tmp/minio_downloads/1760968144.json', '/tmp/minio_downloads/1760968156.json', '/tmp/minio_downloads/1760967516.json', '/tmp/minio_downloads/1760967528.json', '/tmp/minio_downloads/1760967539.json', '/tmp/minio_downloads/1760967550.json', '/tmp/minio_downloads/1760967561.json', '/tmp/minio_downloads/1760967573.json', '/tmp/minio_downloads/1760967584.json', '/tmp/minio_downloads/1760967596.json', '/tmp/minio_downloads/1760967607.json', '/tmp/minio_downloads/1760967619.json', '/tmp/minio_downloads/1760967631.json', '/tmp/minio_downloads/1760967642.json', '/tmp/minio_downloads/1760967654.json', '/tmp/minio_downloads/1760967666.json', '/tmp/minio_downloads/1760967677.json', '/tmp/minio_downloads/1760967688.json', '/tmp/minio_downloads/1760967700.json', '/tmp/minio_downloads/1760967712.json', '/tmp/minio_downloads/1760967723.json', '/tmp/minio_downloads/1760967735.json', '/tmp/minio_downloads/1760967746.json', '/tmp/minio_downloads/1760967758.json', '/tmp/minio_downloads/1760967769.json', '/tmp/minio_downloads/1760967781.json', '/tmp/minio_downloads/1760967793.json', '/tmp/minio_downloads/1760967804.json', '/tmp/minio_downloads/1760967818.json', '/tmp/minio_downloads/1760967829.json', '/tmp/minio_downloads/1760967841.json', '/tmp/minio_downloads/1760967853.json', '/tmp/minio_downloads/1760967864.json', '/tmp/minio_downloads/1760967876.json', '/tmp/minio_downloads/1760967888.json', '/tmp/minio_downloads/1760967899.json', '/tmp/minio_downloads/1760967971.json', '/tmp/minio_downloads/1760967982.json', '/tmp/minio_downloads/1760967993.json', '/tmp/minio_downloads/1760968005.json', '/tmp/minio_downloads/1760968016.json', '/tmp/minio_downloads/1760968028.json', '/tmp/minio_downloads/1760968039.json', '/tmp/minio_downloads/1760968051.json', '/tmp/minio_downloads/1760968061.json', '/tmp/minio_downloads/1760968072.json', '/tmp/minio_downloads/1760968082.json', '/tmp/minio_downloads/1760968092.json', '/tmp/minio_downloads/1760968103.json', '/tmp/minio_downloads/1760968113.json', '/tmp/minio_downloads/1760968123.json', '/tmp/minio_downloads/1760968133.json', '/tmp/minio_downloads/1760968143.json', '/tmp/minio_downloads/1760968155.json', '/tmp/minio_downloads/1760967514.json', '/tmp/minio_downloads/1760967525.json', '/tmp/minio_downloads/1760967537.json', '/tmp/minio_downloads/1760967548.json', '/tmp/minio_downloads/1760967559.json', '/tmp/minio_downloads/1760967571.json', '/tmp/minio_downloads/1760967582.json', '/tmp/minio_downloads/1760967594.json', '/tmp/minio_downloads/1760967605.json', '/tmp/minio_downloads/1760967617.json', '/tmp/minio_downloads/1760967628.json', '/tmp/minio_downloads/1760967640.json', '/tmp/minio_downloads/1760967651.json', '/tmp/minio_downloads/1760967664.json', '/tmp/minio_downloads/1760967675.json', '/tmp/minio_downloads/1760967686.json', '/tmp/minio_downloads/1760967698.json', '/tmp/minio_downloads/1760967709.json', '/tmp/minio_downloads/1760967721.json', '/tmp/minio_downloads/1760967733.json', '/tmp/minio_downloads/1760967744.json', '/tmp/minio_downloads/1760967755.json', '/tmp/minio_downloads/1760967767.json', '/tmp/minio_downloads/1760967778.json', '/tmp/minio_downloads/1760967790.json', '/tmp/minio_downloads/1760967802.json', '/tmp/minio_downloads/1760967814.json', '/tmp/minio_downloads/1760967827.json', '/tmp/minio_downloads/1760967838.json', '/tmp/minio_downloads/1760967850.json', '/tmp/minio_downloads/1760967862.json', '/tmp/minio_downloads/1760967874.json', '/tmp/minio_downloads/1760967885.json', '/tmp/minio_downloads/1760967897.json', '/tmp/minio_downloads/1760967980.json', '/tmp/minio_downloads/1760967991.json', '/tmp/minio_downloads/1760968003.json', '/tmp/minio_downloads/1760968014.json', '/tmp/minio_downloads/1760968026.json', '/tmp/minio_downloads/1760968037.json', '/tmp/minio_downloads/1760968049.json', '/tmp/minio_downloads/1760968059.json', '/tmp/minio_downloads/1760968070.json', '/tmp/minio_downloads/1760968080.json', '/tmp/minio_downloads/1760968091.json', '/tmp/minio_downloads/1760968101.json', '/tmp/minio_downloads/1760968111.json', '/tmp/minio_downloads/1760968121.json', '/tmp/minio_downloads/1760968131.json', '/tmp/minio_downloads/1760968142.json', '/tmp/minio_downloads/1760968152.json', '/tmp/minio_downloads/1760967515.json', '/tmp/minio_downloads/1760967526.json', '/tmp/minio_downloads/1760967538.json', '/tmp/minio_downloads/1760967549.json', '/tmp/minio_downloads/1760967560.json', '/tmp/minio_downloads/1760967572.json', '/tmp/minio_downloads/1760967583.json', '/tmp/minio_downloads/1760967595.json', '/tmp/minio_downloads/1760967606.json', '/tmp/minio_downloads/1760967618.json', '/tmp/minio_downloads/1760967629.json', '/tmp/minio_downloads/1760967641.json', '/tmp/minio_downloads/1760967652.json', '/tmp/minio_downloads/1760967665.json', '/tmp/minio_downloads/1760967676.json', '/tmp/minio_downloads/1760967688.json', '/tmp/minio_downloads/1760967699.json', '/tmp/minio_downloads/1760967710.json', '/tmp/minio_downloads/1760967722.json', '/tmp/minio_downloads/1760967734.json', '/tmp/minio_downloads/1760967745.json', '/tmp/minio_downloads/1760967756.json', '/tmp/minio_downloads/1760967768.json', '/tmp/minio_downloads/1760967780.json', '/tmp/minio_downloads/1760967791.json', '/tmp/minio_downloads/1760967803.json', '/tmp/minio_downloads/1760967815.json', '/tmp/minio_downloads/1760967828.json', '/tmp/minio_downloads/1760967840.json', '/tmp/minio_downloads/1760967852.json', '/tmp/minio_downloads/1760967863.json', '/tmp/minio_downloads/1760967875.json', '/tmp/minio_downloads/1760967887.json', '/tmp/minio_downloads/1760967898.json', '/tmp/minio_downloads/1760967970.json', '/tmp/minio_downloads/1760967981.json', '/tmp/minio_downloads/1760967992.json', '/tmp/minio_downloads/1760968004.json', '/tmp/minio_downloads/1760968016.json', '/tmp/minio_downloads/1760968027.json', '/tmp/minio_downloads/1760968038.json', '/tmp/minio_downloads/1760968050.json', '/tmp/minio_downloads/1760968060.json', '/tmp/minio_downloads/1760968071.json', '/tmp/minio_downloads/1760968081.json', '/tmp/minio_downloads/1760968091.json', '/tmp/minio_downloads/1760968102.json', '/tmp/minio_downloads/1760968112.json', '/tmp/minio_downloads/1760968122.json', '/tmp/minio_downloads/1760968132.json', '/tmp/minio_downloads/1760968142.json', '/tmp/minio_downloads/1760968153.json']
[2025-10-20T13:49:27.188+0000] {taskinstance.py:441} INFO - ::group::Post task execution logs
[2025-10-20T13:49:27.223+0000] {taskinstance.py:1206} INFO - Marking task as SUCCESS. dag_id=minio_to_snowflake, task_id=download_minio, run_id=scheduled__2025-10-20T13:48:00+00:00, execution_date=20251020T134800, start_date=20251020T134922, end_date=20251020T134927
[2025-10-20T13:49:27.282+0000] {local_task_job_runner.py:243} INFO - Task exited with return code 0
[2025-10-20T13:49:27.311+0000] {taskinstance.py:3503} INFO - 1 downstream tasks scheduled from follow-on schedule check
[2025-10-20T13:49:27.316+0000] {local_task_job_runner.py:222} INFO - ::endgroup::
