[2025-10-20T13:52:39.606+0000] {local_task_job_runner.py:120} INFO - ::group::Pre task execution logs
[2025-10-20T13:52:39.642+0000] {taskinstance.py:2076} INFO - Dependencies all met for dep_context=non-requeueable deps ti=<TaskInstance: minio_to_snowflake.download_minio scheduled__2025-10-20T13:51:00+00:00 [queued]>
[2025-10-20T13:52:39.654+0000] {taskinstance.py:2076} INFO - Dependencies all met for dep_context=requeueable deps ti=<TaskInstance: minio_to_snowflake.download_minio scheduled__2025-10-20T13:51:00+00:00 [queued]>
[2025-10-20T13:52:39.655+0000] {taskinstance.py:2306} INFO - Starting attempt 1 of 2
[2025-10-20T13:52:39.672+0000] {taskinstance.py:2330} INFO - Executing <Task(PythonOperator): download_minio> on 2025-10-20 13:51:00+00:00
[2025-10-20T13:52:39.687+0000] {standard_task_runner.py:90} INFO - Running: ['***', 'tasks', 'run', 'minio_to_snowflake', 'download_minio', 'scheduled__2025-10-20T13:51:00+00:00', '--job-id', '11', '--raw', '--subdir', 'DAGS_FOLDER/minio_to_snowflake.py', '--cfg-path', '/tmp/tmpluxv7cd4']
[2025-10-20T13:52:39.697+0000] {logging_mixin.py:188} WARNING - /home/***/.local/lib/python3.12/site-packages/***/task/task_runner/standard_task_runner.py:62 DeprecationWarning: This process (pid=3326) is multi-threaded, use of fork() may lead to deadlocks in the child.
[2025-10-20T13:52:39.697+0000] {standard_task_runner.py:91} INFO - Job 11: Subtask download_minio
[2025-10-20T13:52:39.699+0000] {standard_task_runner.py:64} INFO - Started process 3340 to run task
[2025-10-20T13:52:39.842+0000] {task_command.py:426} INFO - Running <TaskInstance: minio_to_snowflake.download_minio scheduled__2025-10-20T13:51:00+00:00 [running]> on host 2afad6b2767c
[2025-10-20T13:52:40.124+0000] {taskinstance.py:2648} INFO - Exporting env vars: AIRFLOW_CTX_DAG_OWNER='***' AIRFLOW_CTX_DAG_ID='minio_to_snowflake' AIRFLOW_CTX_TASK_ID='download_minio' AIRFLOW_CTX_EXECUTION_DATE='2025-10-20T13:51:00+00:00' AIRFLOW_CTX_TRY_NUMBER='1' AIRFLOW_CTX_DAG_RUN_ID='scheduled__2025-10-20T13:51:00+00:00'
[2025-10-20T13:52:40.127+0000] {taskinstance.py:430} INFO - ::endgroup::
[2025-10-20T13:52:40.672+0000] {logging_mixin.py:188} INFO - Downloaded AAPL/1760967513.json -> /tmp/minio_downloads/1760967513.json
[2025-10-20T13:52:40.687+0000] {logging_mixin.py:188} INFO - Downloaded AAPL/1760967524.json -> /tmp/minio_downloads/1760967524.json
[2025-10-20T13:52:40.703+0000] {logging_mixin.py:188} INFO - Downloaded AAPL/1760967536.json -> /tmp/minio_downloads/1760967536.json
[2025-10-20T13:52:40.716+0000] {logging_mixin.py:188} INFO - Downloaded AAPL/1760967547.json -> /tmp/minio_downloads/1760967547.json
[2025-10-20T13:52:40.727+0000] {logging_mixin.py:188} INFO - Downloaded AAPL/1760967559.json -> /tmp/minio_downloads/1760967559.json
[2025-10-20T13:52:40.738+0000] {logging_mixin.py:188} INFO - Downloaded AAPL/1760967570.json -> /tmp/minio_downloads/1760967570.json
[2025-10-20T13:52:40.751+0000] {logging_mixin.py:188} INFO - Downloaded AAPL/1760967581.json -> /tmp/minio_downloads/1760967581.json
[2025-10-20T13:52:40.764+0000] {logging_mixin.py:188} INFO - Downloaded AAPL/1760967593.json -> /tmp/minio_downloads/1760967593.json
[2025-10-20T13:52:40.776+0000] {logging_mixin.py:188} INFO - Downloaded AAPL/1760967604.json -> /tmp/minio_downloads/1760967604.json
[2025-10-20T13:52:40.787+0000] {logging_mixin.py:188} INFO - Downloaded AAPL/1760967616.json -> /tmp/minio_downloads/1760967616.json
[2025-10-20T13:52:40.801+0000] {logging_mixin.py:188} INFO - Downloaded AAPL/1760967627.json -> /tmp/minio_downloads/1760967627.json
[2025-10-20T13:52:40.812+0000] {logging_mixin.py:188} INFO - Downloaded AAPL/1760967639.json -> /tmp/minio_downloads/1760967639.json
[2025-10-20T13:52:40.822+0000] {logging_mixin.py:188} INFO - Downloaded AAPL/1760967650.json -> /tmp/minio_downloads/1760967650.json
[2025-10-20T13:52:40.835+0000] {logging_mixin.py:188} INFO - Downloaded AAPL/1760967662.json -> /tmp/minio_downloads/1760967662.json
[2025-10-20T13:52:40.846+0000] {logging_mixin.py:188} INFO - Downloaded AAPL/1760967674.json -> /tmp/minio_downloads/1760967674.json
[2025-10-20T13:52:40.857+0000] {logging_mixin.py:188} INFO - Downloaded AAPL/1760967685.json -> /tmp/minio_downloads/1760967685.json
[2025-10-20T13:52:40.870+0000] {logging_mixin.py:188} INFO - Downloaded AAPL/1760967697.json -> /tmp/minio_downloads/1760967697.json
[2025-10-20T13:52:40.883+0000] {logging_mixin.py:188} INFO - Downloaded AAPL/1760967709.json -> /tmp/minio_downloads/1760967709.json
[2025-10-20T13:52:40.894+0000] {logging_mixin.py:188} INFO - Downloaded AAPL/1760967720.json -> /tmp/minio_downloads/1760967720.json
[2025-10-20T13:52:40.905+0000] {logging_mixin.py:188} INFO - Downloaded AAPL/1760967731.json -> /tmp/minio_downloads/1760967731.json
[2025-10-20T13:52:40.916+0000] {logging_mixin.py:188} INFO - Downloaded AAPL/1760967743.json -> /tmp/minio_downloads/1760967743.json
[2025-10-20T13:52:40.927+0000] {logging_mixin.py:188} INFO - Downloaded AAPL/1760967754.json -> /tmp/minio_downloads/1760967754.json
[2025-10-20T13:52:40.937+0000] {logging_mixin.py:188} INFO - Downloaded AAPL/1760967766.json -> /tmp/minio_downloads/1760967766.json
[2025-10-20T13:52:40.948+0000] {logging_mixin.py:188} INFO - Downloaded AAPL/1760967778.json -> /tmp/minio_downloads/1760967778.json
[2025-10-20T13:52:40.958+0000] {logging_mixin.py:188} INFO - Downloaded AAPL/1760967789.json -> /tmp/minio_downloads/1760967789.json
[2025-10-20T13:52:40.969+0000] {logging_mixin.py:188} INFO - Downloaded AAPL/1760967801.json -> /tmp/minio_downloads/1760967801.json
[2025-10-20T13:52:40.980+0000] {logging_mixin.py:188} INFO - Downloaded AAPL/1760967813.json -> /tmp/minio_downloads/1760967813.json
[2025-10-20T13:52:40.990+0000] {logging_mixin.py:188} INFO - Downloaded AAPL/1760967826.json -> /tmp/minio_downloads/1760967826.json
[2025-10-20T13:52:41.001+0000] {logging_mixin.py:188} INFO - Downloaded AAPL/1760967837.json -> /tmp/minio_downloads/1760967837.json
[2025-10-20T13:52:41.011+0000] {logging_mixin.py:188} INFO - Downloaded AAPL/1760967849.json -> /tmp/minio_downloads/1760967849.json
[2025-10-20T13:52:41.021+0000] {logging_mixin.py:188} INFO - Downloaded AAPL/1760967861.json -> /tmp/minio_downloads/1760967861.json
[2025-10-20T13:52:41.033+0000] {logging_mixin.py:188} INFO - Downloaded AAPL/1760967873.json -> /tmp/minio_downloads/1760967873.json
[2025-10-20T13:52:41.044+0000] {logging_mixin.py:188} INFO - Downloaded AAPL/1760967884.json -> /tmp/minio_downloads/1760967884.json
[2025-10-20T13:52:41.054+0000] {logging_mixin.py:188} INFO - Downloaded AAPL/1760967896.json -> /tmp/minio_downloads/1760967896.json
[2025-10-20T13:52:41.065+0000] {logging_mixin.py:188} INFO - Downloaded AAPL/1760967908.json -> /tmp/minio_downloads/1760967908.json
[2025-10-20T13:52:41.075+0000] {logging_mixin.py:188} INFO - Downloaded AAPL/1760967979.json -> /tmp/minio_downloads/1760967979.json
[2025-10-20T13:52:41.085+0000] {logging_mixin.py:188} INFO - Downloaded AAPL/1760967990.json -> /tmp/minio_downloads/1760967990.json
[2025-10-20T13:52:41.095+0000] {logging_mixin.py:188} INFO - Downloaded AAPL/1760968001.json -> /tmp/minio_downloads/1760968001.json
[2025-10-20T13:52:41.105+0000] {logging_mixin.py:188} INFO - Downloaded AAPL/1760968013.json -> /tmp/minio_downloads/1760968013.json
[2025-10-20T13:52:41.118+0000] {logging_mixin.py:188} INFO - Downloaded AAPL/1760968025.json -> /tmp/minio_downloads/1760968025.json
[2025-10-20T13:52:41.132+0000] {logging_mixin.py:188} INFO - Downloaded AAPL/1760968036.json -> /tmp/minio_downloads/1760968036.json
[2025-10-20T13:52:41.144+0000] {logging_mixin.py:188} INFO - Downloaded AAPL/1760968048.json -> /tmp/minio_downloads/1760968048.json
[2025-10-20T13:52:41.155+0000] {logging_mixin.py:188} INFO - Downloaded AAPL/1760968058.json -> /tmp/minio_downloads/1760968058.json
[2025-10-20T13:52:41.166+0000] {logging_mixin.py:188} INFO - Downloaded AAPL/1760968069.json -> /tmp/minio_downloads/1760968069.json
[2025-10-20T13:52:41.179+0000] {logging_mixin.py:188} INFO - Downloaded AAPL/1760968080.json -> /tmp/minio_downloads/1760968080.json
[2025-10-20T13:52:41.190+0000] {logging_mixin.py:188} INFO - Downloaded AAPL/1760968090.json -> /tmp/minio_downloads/1760968090.json
[2025-10-20T13:52:41.205+0000] {logging_mixin.py:188} INFO - Downloaded AAPL/1760968101.json -> /tmp/minio_downloads/1760968101.json
[2025-10-20T13:52:41.221+0000] {logging_mixin.py:188} INFO - Downloaded AAPL/1760968110.json -> /tmp/minio_downloads/1760968110.json
[2025-10-20T13:52:41.232+0000] {logging_mixin.py:188} INFO - Downloaded AAPL/1760968120.json -> /tmp/minio_downloads/1760968120.json
[2025-10-20T13:52:41.245+0000] {logging_mixin.py:188} INFO - Downloaded AAPL/1760968131.json -> /tmp/minio_downloads/1760968131.json
[2025-10-20T13:52:41.257+0000] {logging_mixin.py:188} INFO - Downloaded AAPL/1760968141.json -> /tmp/minio_downloads/1760968141.json
[2025-10-20T13:52:41.269+0000] {logging_mixin.py:188} INFO - Downloaded AAPL/1760968151.json -> /tmp/minio_downloads/1760968151.json
[2025-10-20T13:52:41.282+0000] {logging_mixin.py:188} INFO - Downloaded AAPL/1760968163.json -> /tmp/minio_downloads/1760968163.json
[2025-10-20T13:52:41.295+0000] {logging_mixin.py:188} INFO - Downloaded AAPL/1760968173.json -> /tmp/minio_downloads/1760968173.json
[2025-10-20T13:52:41.306+0000] {logging_mixin.py:188} INFO - Downloaded AAPL/1760968184.json -> /tmp/minio_downloads/1760968184.json
[2025-10-20T13:52:41.319+0000] {logging_mixin.py:188} INFO - Downloaded AAPL/1760968194.json -> /tmp/minio_downloads/1760968194.json
[2025-10-20T13:52:41.336+0000] {logging_mixin.py:188} INFO - Downloaded AAPL/1760968204.json -> /tmp/minio_downloads/1760968204.json
[2025-10-20T13:52:41.350+0000] {logging_mixin.py:188} INFO - Downloaded AAPL/1760968214.json -> /tmp/minio_downloads/1760968214.json
[2025-10-20T13:52:41.364+0000] {logging_mixin.py:188} INFO - Downloaded AAPL/1760968224.json -> /tmp/minio_downloads/1760968224.json
[2025-10-20T13:52:41.380+0000] {logging_mixin.py:188} INFO - Downloaded AAPL/1760968235.json -> /tmp/minio_downloads/1760968235.json
[2025-10-20T13:52:41.398+0000] {logging_mixin.py:188} INFO - Downloaded AAPL/1760968245.json -> /tmp/minio_downloads/1760968245.json
[2025-10-20T13:52:41.414+0000] {logging_mixin.py:188} INFO - Downloaded AAPL/1760968255.json -> /tmp/minio_downloads/1760968255.json
[2025-10-20T13:52:41.426+0000] {logging_mixin.py:188} INFO - Downloaded AAPL/1760968266.json -> /tmp/minio_downloads/1760968266.json
[2025-10-20T13:52:41.438+0000] {logging_mixin.py:188} INFO - Downloaded AAPL/1760968277.json -> /tmp/minio_downloads/1760968277.json
[2025-10-20T13:52:41.451+0000] {logging_mixin.py:188} INFO - Downloaded AAPL/1760968287.json -> /tmp/minio_downloads/1760968287.json
[2025-10-20T13:52:41.467+0000] {logging_mixin.py:188} INFO - Downloaded AAPL/1760968297.json -> /tmp/minio_downloads/1760968297.json
[2025-10-20T13:52:41.483+0000] {logging_mixin.py:188} INFO - Downloaded AAPL/1760968307.json -> /tmp/minio_downloads/1760968307.json
[2025-10-20T13:52:41.502+0000] {logging_mixin.py:188} INFO - Downloaded AAPL/1760968317.json -> /tmp/minio_downloads/1760968317.json
[2025-10-20T13:52:41.520+0000] {logging_mixin.py:188} INFO - Downloaded AAPL/1760968328.json -> /tmp/minio_downloads/1760968328.json
[2025-10-20T13:52:41.532+0000] {logging_mixin.py:188} INFO - Downloaded AAPL/1760968338.json -> /tmp/minio_downloads/1760968338.json
[2025-10-20T13:52:41.544+0000] {logging_mixin.py:188} INFO - Downloaded AAPL/1760968348.json -> /tmp/minio_downloads/1760968348.json
[2025-10-20T13:52:41.554+0000] {logging_mixin.py:188} INFO - Downloaded AAPL/1760968358.json -> /tmp/minio_downloads/1760968358.json
[2025-10-20T13:52:41.567+0000] {logging_mixin.py:188} INFO - Downloaded AMZN/1760967517.json -> /tmp/minio_downloads/1760967517.json
[2025-10-20T13:52:41.579+0000] {logging_mixin.py:188} INFO - Downloaded AMZN/1760967529.json -> /tmp/minio_downloads/1760967529.json
[2025-10-20T13:52:41.589+0000] {logging_mixin.py:188} INFO - Downloaded AMZN/1760967540.json -> /tmp/minio_downloads/1760967540.json
[2025-10-20T13:52:41.601+0000] {logging_mixin.py:188} INFO - Downloaded AMZN/1760967551.json -> /tmp/minio_downloads/1760967551.json
[2025-10-20T13:52:41.612+0000] {logging_mixin.py:188} INFO - Downloaded AMZN/1760967563.json -> /tmp/minio_downloads/1760967563.json
[2025-10-20T13:52:41.622+0000] {logging_mixin.py:188} INFO - Downloaded AMZN/1760967574.json -> /tmp/minio_downloads/1760967574.json
[2025-10-20T13:52:41.635+0000] {logging_mixin.py:188} INFO - Downloaded AMZN/1760967585.json -> /tmp/minio_downloads/1760967585.json
[2025-10-20T13:52:41.645+0000] {logging_mixin.py:188} INFO - Downloaded AMZN/1760967597.json -> /tmp/minio_downloads/1760967597.json
[2025-10-20T13:52:41.655+0000] {logging_mixin.py:188} INFO - Downloaded AMZN/1760967608.json -> /tmp/minio_downloads/1760967608.json
[2025-10-20T13:52:41.667+0000] {logging_mixin.py:188} INFO - Downloaded AMZN/1760967620.json -> /tmp/minio_downloads/1760967620.json
[2025-10-20T13:52:41.679+0000] {logging_mixin.py:188} INFO - Downloaded AMZN/1760967632.json -> /tmp/minio_downloads/1760967632.json
[2025-10-20T13:52:41.690+0000] {logging_mixin.py:188} INFO - Downloaded AMZN/1760967643.json -> /tmp/minio_downloads/1760967643.json
[2025-10-20T13:52:41.702+0000] {logging_mixin.py:188} INFO - Downloaded AMZN/1760967655.json -> /tmp/minio_downloads/1760967655.json
[2025-10-20T13:52:41.713+0000] {logging_mixin.py:188} INFO - Downloaded AMZN/1760967667.json -> /tmp/minio_downloads/1760967667.json
[2025-10-20T13:52:41.723+0000] {logging_mixin.py:188} INFO - Downloaded AMZN/1760967678.json -> /tmp/minio_downloads/1760967678.json
[2025-10-20T13:52:41.736+0000] {logging_mixin.py:188} INFO - Downloaded AMZN/1760967689.json -> /tmp/minio_downloads/1760967689.json
[2025-10-20T13:52:41.749+0000] {logging_mixin.py:188} INFO - Downloaded AMZN/1760967701.json -> /tmp/minio_downloads/1760967701.json
[2025-10-20T13:52:41.762+0000] {logging_mixin.py:188} INFO - Downloaded AMZN/1760967712.json -> /tmp/minio_downloads/1760967712.json
[2025-10-20T13:52:41.773+0000] {logging_mixin.py:188} INFO - Downloaded AMZN/1760967724.json -> /tmp/minio_downloads/1760967724.json
[2025-10-20T13:52:41.785+0000] {logging_mixin.py:188} INFO - Downloaded AMZN/1760967736.json -> /tmp/minio_downloads/1760967736.json
[2025-10-20T13:52:41.799+0000] {logging_mixin.py:188} INFO - Downloaded AMZN/1760967747.json -> /tmp/minio_downloads/1760967747.json
[2025-10-20T13:52:41.812+0000] {logging_mixin.py:188} INFO - Downloaded AMZN/1760967759.json -> /tmp/minio_downloads/1760967759.json
[2025-10-20T13:52:41.822+0000] {logging_mixin.py:188} INFO - Downloaded AMZN/1760967770.json -> /tmp/minio_downloads/1760967770.json
[2025-10-20T13:52:41.835+0000] {logging_mixin.py:188} INFO - Downloaded AMZN/1760967782.json -> /tmp/minio_downloads/1760967782.json
[2025-10-20T13:52:41.848+0000] {logging_mixin.py:188} INFO - Downloaded AMZN/1760967794.json -> /tmp/minio_downloads/1760967794.json
[2025-10-20T13:52:41.858+0000] {logging_mixin.py:188} INFO - Downloaded AMZN/1760967805.json -> /tmp/minio_downloads/1760967805.json
[2025-10-20T13:52:41.870+0000] {logging_mixin.py:188} INFO - Downloaded AMZN/1760967819.json -> /tmp/minio_downloads/1760967819.json
[2025-10-20T13:52:41.882+0000] {logging_mixin.py:188} INFO - Downloaded AMZN/1760967830.json -> /tmp/minio_downloads/1760967830.json
[2025-10-20T13:52:41.893+0000] {logging_mixin.py:188} INFO - Downloaded AMZN/1760967842.json -> /tmp/minio_downloads/1760967842.json
[2025-10-20T13:52:41.903+0000] {logging_mixin.py:188} INFO - Downloaded AMZN/1760967854.json -> /tmp/minio_downloads/1760967854.json
[2025-10-20T13:52:41.915+0000] {logging_mixin.py:188} INFO - Downloaded AMZN/1760967866.json -> /tmp/minio_downloads/1760967866.json
[2025-10-20T13:52:41.926+0000] {logging_mixin.py:188} INFO - Downloaded AMZN/1760967877.json -> /tmp/minio_downloads/1760967877.json
[2025-10-20T13:52:41.939+0000] {logging_mixin.py:188} INFO - Downloaded AMZN/1760967889.json -> /tmp/minio_downloads/1760967889.json
[2025-10-20T13:52:41.956+0000] {logging_mixin.py:188} INFO - Downloaded AMZN/1760967900.json -> /tmp/minio_downloads/1760967900.json
[2025-10-20T13:52:41.970+0000] {logging_mixin.py:188} INFO - Downloaded AMZN/1760967972.json -> /tmp/minio_downloads/1760967972.json
[2025-10-20T13:52:41.982+0000] {logging_mixin.py:188} INFO - Downloaded AMZN/1760967983.json -> /tmp/minio_downloads/1760967983.json
[2025-10-20T13:52:41.993+0000] {logging_mixin.py:188} INFO - Downloaded AMZN/1760967994.json -> /tmp/minio_downloads/1760967994.json
[2025-10-20T13:52:42.005+0000] {logging_mixin.py:188} INFO - Downloaded AMZN/1760968006.json -> /tmp/minio_downloads/1760968006.json
[2025-10-20T13:52:42.016+0000] {logging_mixin.py:188} INFO - Downloaded AMZN/1760968018.json -> /tmp/minio_downloads/1760968018.json
[2025-10-20T13:52:42.028+0000] {logging_mixin.py:188} INFO - Downloaded AMZN/1760968029.json -> /tmp/minio_downloads/1760968029.json
[2025-10-20T13:52:42.040+0000] {logging_mixin.py:188} INFO - Downloaded AMZN/1760968041.json -> /tmp/minio_downloads/1760968041.json
[2025-10-20T13:52:42.051+0000] {logging_mixin.py:188} INFO - Downloaded AMZN/1760968052.json -> /tmp/minio_downloads/1760968052.json
[2025-10-20T13:52:42.064+0000] {logging_mixin.py:188} INFO - Downloaded AMZN/1760968062.json -> /tmp/minio_downloads/1760968062.json
[2025-10-20T13:52:42.076+0000] {logging_mixin.py:188} INFO - Downloaded AMZN/1760968073.json -> /tmp/minio_downloads/1760968073.json
[2025-10-20T13:52:42.086+0000] {logging_mixin.py:188} INFO - Downloaded AMZN/1760968083.json -> /tmp/minio_downloads/1760968083.json
[2025-10-20T13:52:42.098+0000] {logging_mixin.py:188} INFO - Downloaded AMZN/1760968093.json -> /tmp/minio_downloads/1760968093.json
[2025-10-20T13:52:42.110+0000] {logging_mixin.py:188} INFO - Downloaded AMZN/1760968103.json -> /tmp/minio_downloads/1760968103.json
[2025-10-20T13:52:42.126+0000] {logging_mixin.py:188} INFO - Downloaded AMZN/1760968114.json -> /tmp/minio_downloads/1760968114.json
[2025-10-20T13:52:42.144+0000] {logging_mixin.py:188} INFO - Downloaded AMZN/1760968124.json -> /tmp/minio_downloads/1760968124.json
[2025-10-20T13:52:42.164+0000] {logging_mixin.py:188} INFO - Downloaded AMZN/1760968134.json -> /tmp/minio_downloads/1760968134.json
[2025-10-20T13:52:42.178+0000] {logging_mixin.py:188} INFO - Downloaded AMZN/1760968144.json -> /tmp/minio_downloads/1760968144.json
[2025-10-20T13:52:42.189+0000] {logging_mixin.py:188} INFO - Downloaded AMZN/1760968156.json -> /tmp/minio_downloads/1760968156.json
[2025-10-20T13:52:42.202+0000] {logging_mixin.py:188} INFO - Downloaded AMZN/1760968166.json -> /tmp/minio_downloads/1760968166.json
[2025-10-20T13:52:42.214+0000] {logging_mixin.py:188} INFO - Downloaded AMZN/1760968177.json -> /tmp/minio_downloads/1760968177.json
[2025-10-20T13:52:42.225+0000] {logging_mixin.py:188} INFO - Downloaded AMZN/1760968187.json -> /tmp/minio_downloads/1760968187.json
[2025-10-20T13:52:42.237+0000] {logging_mixin.py:188} INFO - Downloaded AMZN/1760968198.json -> /tmp/minio_downloads/1760968198.json
[2025-10-20T13:52:42.249+0000] {logging_mixin.py:188} INFO - Downloaded AMZN/1760968207.json -> /tmp/minio_downloads/1760968207.json
[2025-10-20T13:52:42.261+0000] {logging_mixin.py:188} INFO - Downloaded AMZN/1760968217.json -> /tmp/minio_downloads/1760968217.json
[2025-10-20T13:52:42.273+0000] {logging_mixin.py:188} INFO - Downloaded AMZN/1760968228.json -> /tmp/minio_downloads/1760968228.json
[2025-10-20T13:52:42.285+0000] {logging_mixin.py:188} INFO - Downloaded AMZN/1760968238.json -> /tmp/minio_downloads/1760968238.json
[2025-10-20T13:52:42.298+0000] {logging_mixin.py:188} INFO - Downloaded AMZN/1760968248.json -> /tmp/minio_downloads/1760968248.json
[2025-10-20T13:52:42.310+0000] {logging_mixin.py:188} INFO - Downloaded AMZN/1760968258.json -> /tmp/minio_downloads/1760968258.json
[2025-10-20T13:52:42.322+0000] {logging_mixin.py:188} INFO - Downloaded AMZN/1760968270.json -> /tmp/minio_downloads/1760968270.json
[2025-10-20T13:52:42.335+0000] {logging_mixin.py:188} INFO - Downloaded AMZN/1760968280.json -> /tmp/minio_downloads/1760968280.json
[2025-10-20T13:52:42.350+0000] {logging_mixin.py:188} INFO - Downloaded AMZN/1760968290.json -> /tmp/minio_downloads/1760968290.json
[2025-10-20T13:52:42.361+0000] {logging_mixin.py:188} INFO - Downloaded AMZN/1760968301.json -> /tmp/minio_downloads/1760968301.json
[2025-10-20T13:52:42.372+0000] {logging_mixin.py:188} INFO - Downloaded AMZN/1760968311.json -> /tmp/minio_downloads/1760968311.json
[2025-10-20T13:52:42.385+0000] {logging_mixin.py:188} INFO - Downloaded AMZN/1760968321.json -> /tmp/minio_downloads/1760968321.json
[2025-10-20T13:52:42.398+0000] {logging_mixin.py:188} INFO - Downloaded AMZN/1760968331.json -> /tmp/minio_downloads/1760968331.json
[2025-10-20T13:52:42.408+0000] {logging_mixin.py:188} INFO - Downloaded AMZN/1760968341.json -> /tmp/minio_downloads/1760968341.json
[2025-10-20T13:52:42.420+0000] {logging_mixin.py:188} INFO - Downloaded AMZN/1760968351.json -> /tmp/minio_downloads/1760968351.json
[2025-10-20T13:52:42.433+0000] {logging_mixin.py:188} INFO - Downloaded GOOGL/1760967516.json -> /tmp/minio_downloads/1760967516.json
[2025-10-20T13:52:42.444+0000] {logging_mixin.py:188} INFO - Downloaded GOOGL/1760967528.json -> /tmp/minio_downloads/1760967528.json
[2025-10-20T13:52:42.454+0000] {logging_mixin.py:188} INFO - Downloaded GOOGL/1760967539.json -> /tmp/minio_downloads/1760967539.json
[2025-10-20T13:52:42.466+0000] {logging_mixin.py:188} INFO - Downloaded GOOGL/1760967550.json -> /tmp/minio_downloads/1760967550.json
[2025-10-20T13:52:42.477+0000] {logging_mixin.py:188} INFO - Downloaded GOOGL/1760967561.json -> /tmp/minio_downloads/1760967561.json
[2025-10-20T13:52:42.487+0000] {logging_mixin.py:188} INFO - Downloaded GOOGL/1760967573.json -> /tmp/minio_downloads/1760967573.json
[2025-10-20T13:52:42.498+0000] {logging_mixin.py:188} INFO - Downloaded GOOGL/1760967584.json -> /tmp/minio_downloads/1760967584.json
[2025-10-20T13:52:42.509+0000] {logging_mixin.py:188} INFO - Downloaded GOOGL/1760967596.json -> /tmp/minio_downloads/1760967596.json
[2025-10-20T13:52:42.521+0000] {logging_mixin.py:188} INFO - Downloaded GOOGL/1760967607.json -> /tmp/minio_downloads/1760967607.json
[2025-10-20T13:52:42.533+0000] {logging_mixin.py:188} INFO - Downloaded GOOGL/1760967619.json -> /tmp/minio_downloads/1760967619.json
[2025-10-20T13:52:42.543+0000] {logging_mixin.py:188} INFO - Downloaded GOOGL/1760967631.json -> /tmp/minio_downloads/1760967631.json
[2025-10-20T13:52:42.554+0000] {logging_mixin.py:188} INFO - Downloaded GOOGL/1760967642.json -> /tmp/minio_downloads/1760967642.json
[2025-10-20T13:52:42.567+0000] {logging_mixin.py:188} INFO - Downloaded GOOGL/1760967654.json -> /tmp/minio_downloads/1760967654.json
[2025-10-20T13:52:42.579+0000] {logging_mixin.py:188} INFO - Downloaded GOOGL/1760967666.json -> /tmp/minio_downloads/1760967666.json
[2025-10-20T13:52:42.591+0000] {logging_mixin.py:188} INFO - Downloaded GOOGL/1760967677.json -> /tmp/minio_downloads/1760967677.json
[2025-10-20T13:52:42.603+0000] {logging_mixin.py:188} INFO - Downloaded GOOGL/1760967688.json -> /tmp/minio_downloads/1760967688.json
[2025-10-20T13:52:42.617+0000] {logging_mixin.py:188} INFO - Downloaded GOOGL/1760967700.json -> /tmp/minio_downloads/1760967700.json
[2025-10-20T13:52:42.632+0000] {logging_mixin.py:188} INFO - Downloaded GOOGL/1760967712.json -> /tmp/minio_downloads/1760967712.json
[2025-10-20T13:52:42.645+0000] {logging_mixin.py:188} INFO - Downloaded GOOGL/1760967723.json -> /tmp/minio_downloads/1760967723.json
[2025-10-20T13:52:42.656+0000] {logging_mixin.py:188} INFO - Downloaded GOOGL/1760967735.json -> /tmp/minio_downloads/1760967735.json
[2025-10-20T13:52:42.667+0000] {logging_mixin.py:188} INFO - Downloaded GOOGL/1760967746.json -> /tmp/minio_downloads/1760967746.json
[2025-10-20T13:52:42.684+0000] {logging_mixin.py:188} INFO - Downloaded GOOGL/1760967758.json -> /tmp/minio_downloads/1760967758.json
[2025-10-20T13:52:42.702+0000] {logging_mixin.py:188} INFO - Downloaded GOOGL/1760967769.json -> /tmp/minio_downloads/1760967769.json
[2025-10-20T13:52:42.715+0000] {logging_mixin.py:188} INFO - Downloaded GOOGL/1760967781.json -> /tmp/minio_downloads/1760967781.json
[2025-10-20T13:52:42.726+0000] {logging_mixin.py:188} INFO - Downloaded GOOGL/1760967793.json -> /tmp/minio_downloads/1760967793.json
[2025-10-20T13:52:42.736+0000] {logging_mixin.py:188} INFO - Downloaded GOOGL/1760967804.json -> /tmp/minio_downloads/1760967804.json
[2025-10-20T13:52:42.748+0000] {logging_mixin.py:188} INFO - Downloaded GOOGL/1760967818.json -> /tmp/minio_downloads/1760967818.json
[2025-10-20T13:52:42.764+0000] {logging_mixin.py:188} INFO - Downloaded GOOGL/1760967829.json -> /tmp/minio_downloads/1760967829.json
[2025-10-20T13:52:42.774+0000] {logging_mixin.py:188} INFO - Downloaded GOOGL/1760967841.json -> /tmp/minio_downloads/1760967841.json
[2025-10-20T13:52:42.786+0000] {logging_mixin.py:188} INFO - Downloaded GOOGL/1760967853.json -> /tmp/minio_downloads/1760967853.json
[2025-10-20T13:52:42.797+0000] {logging_mixin.py:188} INFO - Downloaded GOOGL/1760967864.json -> /tmp/minio_downloads/1760967864.json
[2025-10-20T13:52:42.808+0000] {logging_mixin.py:188} INFO - Downloaded GOOGL/1760967876.json -> /tmp/minio_downloads/1760967876.json
[2025-10-20T13:52:42.818+0000] {logging_mixin.py:188} INFO - Downloaded GOOGL/1760967888.json -> /tmp/minio_downloads/1760967888.json
[2025-10-20T13:52:42.830+0000] {logging_mixin.py:188} INFO - Downloaded GOOGL/1760967899.json -> /tmp/minio_downloads/1760967899.json
[2025-10-20T13:52:42.839+0000] {logging_mixin.py:188} INFO - Downloaded GOOGL/1760967971.json -> /tmp/minio_downloads/1760967971.json
[2025-10-20T13:52:42.852+0000] {logging_mixin.py:188} INFO - Downloaded GOOGL/1760967982.json -> /tmp/minio_downloads/1760967982.json
[2025-10-20T13:52:42.869+0000] {logging_mixin.py:188} INFO - Downloaded GOOGL/1760967993.json -> /tmp/minio_downloads/1760967993.json
[2025-10-20T13:52:42.886+0000] {logging_mixin.py:188} INFO - Downloaded GOOGL/1760968005.json -> /tmp/minio_downloads/1760968005.json
[2025-10-20T13:52:42.903+0000] {logging_mixin.py:188} INFO - Downloaded GOOGL/1760968016.json -> /tmp/minio_downloads/1760968016.json
[2025-10-20T13:52:42.916+0000] {logging_mixin.py:188} INFO - Downloaded GOOGL/1760968028.json -> /tmp/minio_downloads/1760968028.json
[2025-10-20T13:52:42.930+0000] {logging_mixin.py:188} INFO - Downloaded GOOGL/1760968039.json -> /tmp/minio_downloads/1760968039.json
[2025-10-20T13:52:42.942+0000] {logging_mixin.py:188} INFO - Downloaded GOOGL/1760968051.json -> /tmp/minio_downloads/1760968051.json
[2025-10-20T13:52:42.953+0000] {logging_mixin.py:188} INFO - Downloaded GOOGL/1760968061.json -> /tmp/minio_downloads/1760968061.json
[2025-10-20T13:52:42.967+0000] {logging_mixin.py:188} INFO - Downloaded GOOGL/1760968072.json -> /tmp/minio_downloads/1760968072.json
[2025-10-20T13:52:42.983+0000] {logging_mixin.py:188} INFO - Downloaded GOOGL/1760968082.json -> /tmp/minio_downloads/1760968082.json
[2025-10-20T13:52:42.999+0000] {logging_mixin.py:188} INFO - Downloaded GOOGL/1760968092.json -> /tmp/minio_downloads/1760968092.json
[2025-10-20T13:52:43.016+0000] {logging_mixin.py:188} INFO - Downloaded GOOGL/1760968103.json -> /tmp/minio_downloads/1760968103.json
[2025-10-20T13:52:43.029+0000] {logging_mixin.py:188} INFO - Downloaded GOOGL/1760968113.json -> /tmp/minio_downloads/1760968113.json
[2025-10-20T13:52:43.040+0000] {logging_mixin.py:188} INFO - Downloaded GOOGL/1760968123.json -> /tmp/minio_downloads/1760968123.json
[2025-10-20T13:52:43.051+0000] {logging_mixin.py:188} INFO - Downloaded GOOGL/1760968133.json -> /tmp/minio_downloads/1760968133.json
[2025-10-20T13:52:43.062+0000] {logging_mixin.py:188} INFO - Downloaded GOOGL/1760968143.json -> /tmp/minio_downloads/1760968143.json
[2025-10-20T13:52:43.074+0000] {logging_mixin.py:188} INFO - Downloaded GOOGL/1760968155.json -> /tmp/minio_downloads/1760968155.json
[2025-10-20T13:52:43.088+0000] {logging_mixin.py:188} INFO - Downloaded GOOGL/1760968166.json -> /tmp/minio_downloads/1760968166.json
[2025-10-20T13:52:43.102+0000] {logging_mixin.py:188} INFO - Downloaded GOOGL/1760968176.json -> /tmp/minio_downloads/1760968176.json
[2025-10-20T13:52:43.116+0000] {logging_mixin.py:188} INFO - Downloaded GOOGL/1760968186.json -> /tmp/minio_downloads/1760968186.json
[2025-10-20T13:52:43.128+0000] {logging_mixin.py:188} INFO - Downloaded GOOGL/1760968197.json -> /tmp/minio_downloads/1760968197.json
[2025-10-20T13:52:43.140+0000] {logging_mixin.py:188} INFO - Downloaded GOOGL/1760968207.json -> /tmp/minio_downloads/1760968207.json
[2025-10-20T13:52:43.152+0000] {logging_mixin.py:188} INFO - Downloaded GOOGL/1760968217.json -> /tmp/minio_downloads/1760968217.json
[2025-10-20T13:52:43.167+0000] {logging_mixin.py:188} INFO - Downloaded GOOGL/1760968227.json -> /tmp/minio_downloads/1760968227.json
[2025-10-20T13:52:43.180+0000] {logging_mixin.py:188} INFO - Downloaded GOOGL/1760968237.json -> /tmp/minio_downloads/1760968237.json
[2025-10-20T13:52:43.192+0000] {logging_mixin.py:188} INFO - Downloaded GOOGL/1760968247.json -> /tmp/minio_downloads/1760968247.json
[2025-10-20T13:52:43.203+0000] {logging_mixin.py:188} INFO - Downloaded GOOGL/1760968257.json -> /tmp/minio_downloads/1760968257.json
[2025-10-20T13:52:43.217+0000] {logging_mixin.py:188} INFO - Downloaded GOOGL/1760968269.json -> /tmp/minio_downloads/1760968269.json
[2025-10-20T13:52:43.230+0000] {logging_mixin.py:188} INFO - Downloaded GOOGL/1760968280.json -> /tmp/minio_downloads/1760968280.json
[2025-10-20T13:52:43.243+0000] {logging_mixin.py:188} INFO - Downloaded GOOGL/1760968290.json -> /tmp/minio_downloads/1760968290.json
[2025-10-20T13:52:43.266+0000] {logging_mixin.py:188} INFO - Downloaded GOOGL/1760968300.json -> /tmp/minio_downloads/1760968300.json
[2025-10-20T13:52:43.287+0000] {logging_mixin.py:188} INFO - Downloaded GOOGL/1760968310.json -> /tmp/minio_downloads/1760968310.json
[2025-10-20T13:52:43.304+0000] {logging_mixin.py:188} INFO - Downloaded GOOGL/1760968320.json -> /tmp/minio_downloads/1760968320.json
[2025-10-20T13:52:43.322+0000] {logging_mixin.py:188} INFO - Downloaded GOOGL/1760968330.json -> /tmp/minio_downloads/1760968330.json
[2025-10-20T13:52:43.338+0000] {logging_mixin.py:188} INFO - Downloaded GOOGL/1760968340.json -> /tmp/minio_downloads/1760968340.json
[2025-10-20T13:52:43.354+0000] {logging_mixin.py:188} INFO - Downloaded GOOGL/1760968351.json -> /tmp/minio_downloads/1760968351.json
[2025-10-20T13:52:43.371+0000] {logging_mixin.py:188} INFO - Downloaded MSFT/1760967514.json -> /tmp/minio_downloads/1760967514.json
[2025-10-20T13:52:43.384+0000] {logging_mixin.py:188} INFO - Downloaded MSFT/1760967525.json -> /tmp/minio_downloads/1760967525.json
[2025-10-20T13:52:43.399+0000] {logging_mixin.py:188} INFO - Downloaded MSFT/1760967537.json -> /tmp/minio_downloads/1760967537.json
[2025-10-20T13:52:43.414+0000] {logging_mixin.py:188} INFO - Downloaded MSFT/1760967548.json -> /tmp/minio_downloads/1760967548.json
[2025-10-20T13:52:43.428+0000] {logging_mixin.py:188} INFO - Downloaded MSFT/1760967559.json -> /tmp/minio_downloads/1760967559.json
[2025-10-20T13:52:43.440+0000] {logging_mixin.py:188} INFO - Downloaded MSFT/1760967571.json -> /tmp/minio_downloads/1760967571.json
[2025-10-20T13:52:43.453+0000] {logging_mixin.py:188} INFO - Downloaded MSFT/1760967582.json -> /tmp/minio_downloads/1760967582.json
[2025-10-20T13:52:43.469+0000] {logging_mixin.py:188} INFO - Downloaded MSFT/1760967594.json -> /tmp/minio_downloads/1760967594.json
[2025-10-20T13:52:43.485+0000] {logging_mixin.py:188} INFO - Downloaded MSFT/1760967605.json -> /tmp/minio_downloads/1760967605.json
[2025-10-20T13:52:43.503+0000] {logging_mixin.py:188} INFO - Downloaded MSFT/1760967617.json -> /tmp/minio_downloads/1760967617.json
[2025-10-20T13:52:43.517+0000] {logging_mixin.py:188} INFO - Downloaded MSFT/1760967628.json -> /tmp/minio_downloads/1760967628.json
[2025-10-20T13:52:43.529+0000] {logging_mixin.py:188} INFO - Downloaded MSFT/1760967640.json -> /tmp/minio_downloads/1760967640.json
[2025-10-20T13:52:43.547+0000] {logging_mixin.py:188} INFO - Downloaded MSFT/1760967651.json -> /tmp/minio_downloads/1760967651.json
[2025-10-20T13:52:43.564+0000] {logging_mixin.py:188} INFO - Downloaded MSFT/1760967664.json -> /tmp/minio_downloads/1760967664.json
[2025-10-20T13:52:43.579+0000] {logging_mixin.py:188} INFO - Downloaded MSFT/1760967675.json -> /tmp/minio_downloads/1760967675.json
[2025-10-20T13:52:43.597+0000] {logging_mixin.py:188} INFO - Downloaded MSFT/1760967686.json -> /tmp/minio_downloads/1760967686.json
[2025-10-20T13:52:43.616+0000] {logging_mixin.py:188} INFO - Downloaded MSFT/1760967698.json -> /tmp/minio_downloads/1760967698.json
[2025-10-20T13:52:43.632+0000] {logging_mixin.py:188} INFO - Downloaded MSFT/1760967709.json -> /tmp/minio_downloads/1760967709.json
[2025-10-20T13:52:43.646+0000] {logging_mixin.py:188} INFO - Downloaded MSFT/1760967721.json -> /tmp/minio_downloads/1760967721.json
[2025-10-20T13:52:43.657+0000] {logging_mixin.py:188} INFO - Downloaded MSFT/1760967733.json -> /tmp/minio_downloads/1760967733.json
[2025-10-20T13:52:43.670+0000] {logging_mixin.py:188} INFO - Downloaded MSFT/1760967744.json -> /tmp/minio_downloads/1760967744.json
[2025-10-20T13:52:43.695+0000] {logging_mixin.py:188} INFO - Downloaded MSFT/1760967755.json -> /tmp/minio_downloads/1760967755.json
[2025-10-20T13:52:43.709+0000] {logging_mixin.py:188} INFO - Downloaded MSFT/1760967767.json -> /tmp/minio_downloads/1760967767.json
[2025-10-20T13:52:43.719+0000] {logging_mixin.py:188} INFO - Downloaded MSFT/1760967778.json -> /tmp/minio_downloads/1760967778.json
[2025-10-20T13:52:43.731+0000] {logging_mixin.py:188} INFO - Downloaded MSFT/1760967790.json -> /tmp/minio_downloads/1760967790.json
[2025-10-20T13:52:43.741+0000] {logging_mixin.py:188} INFO - Downloaded MSFT/1760967802.json -> /tmp/minio_downloads/1760967802.json
[2025-10-20T13:52:43.753+0000] {logging_mixin.py:188} INFO - Downloaded MSFT/1760967814.json -> /tmp/minio_downloads/1760967814.json
[2025-10-20T13:52:43.763+0000] {logging_mixin.py:188} INFO - Downloaded MSFT/1760967827.json -> /tmp/minio_downloads/1760967827.json
[2025-10-20T13:52:43.774+0000] {logging_mixin.py:188} INFO - Downloaded MSFT/1760967838.json -> /tmp/minio_downloads/1760967838.json
[2025-10-20T13:52:43.785+0000] {logging_mixin.py:188} INFO - Downloaded MSFT/1760967850.json -> /tmp/minio_downloads/1760967850.json
[2025-10-20T13:52:43.796+0000] {logging_mixin.py:188} INFO - Downloaded MSFT/1760967862.json -> /tmp/minio_downloads/1760967862.json
[2025-10-20T13:52:43.806+0000] {logging_mixin.py:188} INFO - Downloaded MSFT/1760967874.json -> /tmp/minio_downloads/1760967874.json
[2025-10-20T13:52:43.817+0000] {logging_mixin.py:188} INFO - Downloaded MSFT/1760967885.json -> /tmp/minio_downloads/1760967885.json
[2025-10-20T13:52:43.829+0000] {logging_mixin.py:188} INFO - Downloaded MSFT/1760967897.json -> /tmp/minio_downloads/1760967897.json
[2025-10-20T13:52:43.839+0000] {logging_mixin.py:188} INFO - Downloaded MSFT/1760967980.json -> /tmp/minio_downloads/1760967980.json
[2025-10-20T13:52:43.851+0000] {logging_mixin.py:188} INFO - Downloaded MSFT/1760967991.json -> /tmp/minio_downloads/1760967991.json
[2025-10-20T13:52:43.863+0000] {logging_mixin.py:188} INFO - Downloaded MSFT/1760968003.json -> /tmp/minio_downloads/1760968003.json
[2025-10-20T13:52:43.889+0000] {logging_mixin.py:188} INFO - Downloaded MSFT/1760968014.json -> /tmp/minio_downloads/1760968014.json
[2025-10-20T13:52:43.905+0000] {logging_mixin.py:188} INFO - Downloaded MSFT/1760968026.json -> /tmp/minio_downloads/1760968026.json
[2025-10-20T13:52:43.917+0000] {logging_mixin.py:188} INFO - Downloaded MSFT/1760968037.json -> /tmp/minio_downloads/1760968037.json
[2025-10-20T13:52:43.929+0000] {logging_mixin.py:188} INFO - Downloaded MSFT/1760968049.json -> /tmp/minio_downloads/1760968049.json
[2025-10-20T13:52:43.939+0000] {logging_mixin.py:188} INFO - Downloaded MSFT/1760968059.json -> /tmp/minio_downloads/1760968059.json
[2025-10-20T13:52:43.951+0000] {logging_mixin.py:188} INFO - Downloaded MSFT/1760968070.json -> /tmp/minio_downloads/1760968070.json
[2025-10-20T13:52:43.963+0000] {logging_mixin.py:188} INFO - Downloaded MSFT/1760968080.json -> /tmp/minio_downloads/1760968080.json
[2025-10-20T13:52:43.974+0000] {logging_mixin.py:188} INFO - Downloaded MSFT/1760968091.json -> /tmp/minio_downloads/1760968091.json
[2025-10-20T13:52:43.983+0000] {logging_mixin.py:188} INFO - Downloaded MSFT/1760968101.json -> /tmp/minio_downloads/1760968101.json
[2025-10-20T13:52:43.994+0000] {logging_mixin.py:188} INFO - Downloaded MSFT/1760968111.json -> /tmp/minio_downloads/1760968111.json
[2025-10-20T13:52:44.004+0000] {logging_mixin.py:188} INFO - Downloaded MSFT/1760968121.json -> /tmp/minio_downloads/1760968121.json
[2025-10-20T13:52:44.016+0000] {logging_mixin.py:188} INFO - Downloaded MSFT/1760968131.json -> /tmp/minio_downloads/1760968131.json
[2025-10-20T13:52:44.027+0000] {logging_mixin.py:188} INFO - Downloaded MSFT/1760968142.json -> /tmp/minio_downloads/1760968142.json
[2025-10-20T13:52:44.037+0000] {logging_mixin.py:188} INFO - Downloaded MSFT/1760968152.json -> /tmp/minio_downloads/1760968152.json
[2025-10-20T13:52:44.048+0000] {logging_mixin.py:188} INFO - Downloaded MSFT/1760968164.json -> /tmp/minio_downloads/1760968164.json
[2025-10-20T13:52:44.059+0000] {logging_mixin.py:188} INFO - Downloaded MSFT/1760968175.json -> /tmp/minio_downloads/1760968175.json
[2025-10-20T13:52:44.069+0000] {logging_mixin.py:188} INFO - Downloaded MSFT/1760968184.json -> /tmp/minio_downloads/1760968184.json
[2025-10-20T13:52:44.080+0000] {logging_mixin.py:188} INFO - Downloaded MSFT/1760968195.json -> /tmp/minio_downloads/1760968195.json
[2025-10-20T13:52:44.089+0000] {logging_mixin.py:188} INFO - Downloaded MSFT/1760968205.json -> /tmp/minio_downloads/1760968205.json
[2025-10-20T13:52:44.101+0000] {logging_mixin.py:188} INFO - Downloaded MSFT/1760968215.json -> /tmp/minio_downloads/1760968215.json
[2025-10-20T13:52:44.111+0000] {logging_mixin.py:188} INFO - Downloaded MSFT/1760968225.json -> /tmp/minio_downloads/1760968225.json
[2025-10-20T13:52:44.122+0000] {logging_mixin.py:188} INFO - Downloaded MSFT/1760968235.json -> /tmp/minio_downloads/1760968235.json
[2025-10-20T13:52:44.132+0000] {logging_mixin.py:188} INFO - Downloaded MSFT/1760968246.json -> /tmp/minio_downloads/1760968246.json
[2025-10-20T13:52:44.144+0000] {logging_mixin.py:188} INFO - Downloaded MSFT/1760968256.json -> /tmp/minio_downloads/1760968256.json
[2025-10-20T13:52:44.154+0000] {logging_mixin.py:188} INFO - Downloaded MSFT/1760968267.json -> /tmp/minio_downloads/1760968267.json
[2025-10-20T13:52:44.166+0000] {logging_mixin.py:188} INFO - Downloaded MSFT/1760968278.json -> /tmp/minio_downloads/1760968278.json
[2025-10-20T13:52:44.177+0000] {logging_mixin.py:188} INFO - Downloaded MSFT/1760968288.json -> /tmp/minio_downloads/1760968288.json
[2025-10-20T13:52:44.187+0000] {logging_mixin.py:188} INFO - Downloaded MSFT/1760968298.json -> /tmp/minio_downloads/1760968298.json
[2025-10-20T13:52:44.201+0000] {logging_mixin.py:188} INFO - Downloaded MSFT/1760968308.json -> /tmp/minio_downloads/1760968308.json
[2025-10-20T13:52:44.213+0000] {logging_mixin.py:188} INFO - Downloaded MSFT/1760968318.json -> /tmp/minio_downloads/1760968318.json
[2025-10-20T13:52:44.223+0000] {logging_mixin.py:188} INFO - Downloaded MSFT/1760968329.json -> /tmp/minio_downloads/1760968329.json
[2025-10-20T13:52:44.235+0000] {logging_mixin.py:188} INFO - Downloaded MSFT/1760968339.json -> /tmp/minio_downloads/1760968339.json
[2025-10-20T13:52:44.246+0000] {logging_mixin.py:188} INFO - Downloaded MSFT/1760968349.json -> /tmp/minio_downloads/1760968349.json
[2025-10-20T13:52:44.257+0000] {logging_mixin.py:188} INFO - Downloaded MSFT/1760968359.json -> /tmp/minio_downloads/1760968359.json
[2025-10-20T13:52:44.270+0000] {logging_mixin.py:188} INFO - Downloaded TSLA/1760967515.json -> /tmp/minio_downloads/1760967515.json
[2025-10-20T13:52:44.282+0000] {logging_mixin.py:188} INFO - Downloaded TSLA/1760967526.json -> /tmp/minio_downloads/1760967526.json
[2025-10-20T13:52:44.290+0000] {logging_mixin.py:188} INFO - Downloaded TSLA/1760967538.json -> /tmp/minio_downloads/1760967538.json
[2025-10-20T13:52:44.302+0000] {logging_mixin.py:188} INFO - Downloaded TSLA/1760967549.json -> /tmp/minio_downloads/1760967549.json
[2025-10-20T13:52:44.313+0000] {logging_mixin.py:188} INFO - Downloaded TSLA/1760967560.json -> /tmp/minio_downloads/1760967560.json
[2025-10-20T13:52:44.323+0000] {logging_mixin.py:188} INFO - Downloaded TSLA/1760967572.json -> /tmp/minio_downloads/1760967572.json
[2025-10-20T13:52:44.334+0000] {logging_mixin.py:188} INFO - Downloaded TSLA/1760967583.json -> /tmp/minio_downloads/1760967583.json
[2025-10-20T13:52:44.345+0000] {logging_mixin.py:188} INFO - Downloaded TSLA/1760967595.json -> /tmp/minio_downloads/1760967595.json
[2025-10-20T13:52:44.355+0000] {logging_mixin.py:188} INFO - Downloaded TSLA/1760967606.json -> /tmp/minio_downloads/1760967606.json
[2025-10-20T13:52:44.368+0000] {logging_mixin.py:188} INFO - Downloaded TSLA/1760967618.json -> /tmp/minio_downloads/1760967618.json
[2025-10-20T13:52:44.379+0000] {logging_mixin.py:188} INFO - Downloaded TSLA/1760967629.json -> /tmp/minio_downloads/1760967629.json
[2025-10-20T13:52:44.391+0000] {logging_mixin.py:188} INFO - Downloaded TSLA/1760967641.json -> /tmp/minio_downloads/1760967641.json
[2025-10-20T13:52:44.401+0000] {logging_mixin.py:188} INFO - Downloaded TSLA/1760967652.json -> /tmp/minio_downloads/1760967652.json
[2025-10-20T13:52:44.412+0000] {logging_mixin.py:188} INFO - Downloaded TSLA/1760967665.json -> /tmp/minio_downloads/1760967665.json
[2025-10-20T13:52:44.422+0000] {logging_mixin.py:188} INFO - Downloaded TSLA/1760967676.json -> /tmp/minio_downloads/1760967676.json
[2025-10-20T13:52:44.434+0000] {logging_mixin.py:188} INFO - Downloaded TSLA/1760967688.json -> /tmp/minio_downloads/1760967688.json
[2025-10-20T13:52:44.444+0000] {logging_mixin.py:188} INFO - Downloaded TSLA/1760967699.json -> /tmp/minio_downloads/1760967699.json
[2025-10-20T13:52:44.454+0000] {logging_mixin.py:188} INFO - Downloaded TSLA/1760967710.json -> /tmp/minio_downloads/1760967710.json
[2025-10-20T13:52:44.464+0000] {logging_mixin.py:188} INFO - Downloaded TSLA/1760967722.json -> /tmp/minio_downloads/1760967722.json
[2025-10-20T13:52:44.473+0000] {logging_mixin.py:188} INFO - Downloaded TSLA/1760967734.json -> /tmp/minio_downloads/1760967734.json
[2025-10-20T13:52:44.483+0000] {logging_mixin.py:188} INFO - Downloaded TSLA/1760967745.json -> /tmp/minio_downloads/1760967745.json
[2025-10-20T13:52:44.493+0000] {logging_mixin.py:188} INFO - Downloaded TSLA/1760967756.json -> /tmp/minio_downloads/1760967756.json
[2025-10-20T13:52:44.503+0000] {logging_mixin.py:188} INFO - Downloaded TSLA/1760967768.json -> /tmp/minio_downloads/1760967768.json
[2025-10-20T13:52:44.514+0000] {logging_mixin.py:188} INFO - Downloaded TSLA/1760967780.json -> /tmp/minio_downloads/1760967780.json
[2025-10-20T13:52:44.523+0000] {logging_mixin.py:188} INFO - Downloaded TSLA/1760967791.json -> /tmp/minio_downloads/1760967791.json
[2025-10-20T13:52:44.533+0000] {logging_mixin.py:188} INFO - Downloaded TSLA/1760967803.json -> /tmp/minio_downloads/1760967803.json
[2025-10-20T13:52:44.543+0000] {logging_mixin.py:188} INFO - Downloaded TSLA/1760967815.json -> /tmp/minio_downloads/1760967815.json
[2025-10-20T13:52:44.553+0000] {logging_mixin.py:188} INFO - Downloaded TSLA/1760967828.json -> /tmp/minio_downloads/1760967828.json
[2025-10-20T13:52:44.564+0000] {logging_mixin.py:188} INFO - Downloaded TSLA/1760967840.json -> /tmp/minio_downloads/1760967840.json
[2025-10-20T13:52:44.574+0000] {logging_mixin.py:188} INFO - Downloaded TSLA/1760967852.json -> /tmp/minio_downloads/1760967852.json
[2025-10-20T13:52:44.585+0000] {logging_mixin.py:188} INFO - Downloaded TSLA/1760967863.json -> /tmp/minio_downloads/1760967863.json
[2025-10-20T13:52:44.595+0000] {logging_mixin.py:188} INFO - Downloaded TSLA/1760967875.json -> /tmp/minio_downloads/1760967875.json
[2025-10-20T13:52:44.605+0000] {logging_mixin.py:188} INFO - Downloaded TSLA/1760967887.json -> /tmp/minio_downloads/1760967887.json
[2025-10-20T13:52:44.617+0000] {logging_mixin.py:188} INFO - Downloaded TSLA/1760967898.json -> /tmp/minio_downloads/1760967898.json
[2025-10-20T13:52:44.629+0000] {logging_mixin.py:188} INFO - Downloaded TSLA/1760967970.json -> /tmp/minio_downloads/1760967970.json
[2025-10-20T13:52:44.639+0000] {logging_mixin.py:188} INFO - Downloaded TSLA/1760967981.json -> /tmp/minio_downloads/1760967981.json
[2025-10-20T13:52:44.652+0000] {logging_mixin.py:188} INFO - Downloaded TSLA/1760967992.json -> /tmp/minio_downloads/1760967992.json
[2025-10-20T13:52:44.665+0000] {logging_mixin.py:188} INFO - Downloaded TSLA/1760968004.json -> /tmp/minio_downloads/1760968004.json
[2025-10-20T13:52:44.677+0000] {logging_mixin.py:188} INFO - Downloaded TSLA/1760968016.json -> /tmp/minio_downloads/1760968016.json
[2025-10-20T13:52:44.688+0000] {logging_mixin.py:188} INFO - Downloaded TSLA/1760968027.json -> /tmp/minio_downloads/1760968027.json
[2025-10-20T13:52:44.702+0000] {logging_mixin.py:188} INFO - Downloaded TSLA/1760968038.json -> /tmp/minio_downloads/1760968038.json
[2025-10-20T13:52:44.719+0000] {logging_mixin.py:188} INFO - Downloaded TSLA/1760968050.json -> /tmp/minio_downloads/1760968050.json
[2025-10-20T13:52:44.734+0000] {logging_mixin.py:188} INFO - Downloaded TSLA/1760968060.json -> /tmp/minio_downloads/1760968060.json
[2025-10-20T13:52:44.747+0000] {logging_mixin.py:188} INFO - Downloaded TSLA/1760968071.json -> /tmp/minio_downloads/1760968071.json
[2025-10-20T13:52:44.758+0000] {logging_mixin.py:188} INFO - Downloaded TSLA/1760968081.json -> /tmp/minio_downloads/1760968081.json
[2025-10-20T13:52:44.769+0000] {logging_mixin.py:188} INFO - Downloaded TSLA/1760968091.json -> /tmp/minio_downloads/1760968091.json
[2025-10-20T13:52:44.781+0000] {logging_mixin.py:188} INFO - Downloaded TSLA/1760968102.json -> /tmp/minio_downloads/1760968102.json
[2025-10-20T13:52:44.790+0000] {logging_mixin.py:188} INFO - Downloaded TSLA/1760968112.json -> /tmp/minio_downloads/1760968112.json
[2025-10-20T13:52:44.800+0000] {logging_mixin.py:188} INFO - Downloaded TSLA/1760968122.json -> /tmp/minio_downloads/1760968122.json
[2025-10-20T13:52:44.812+0000] {logging_mixin.py:188} INFO - Downloaded TSLA/1760968132.json -> /tmp/minio_downloads/1760968132.json
[2025-10-20T13:52:44.822+0000] {logging_mixin.py:188} INFO - Downloaded TSLA/1760968142.json -> /tmp/minio_downloads/1760968142.json
[2025-10-20T13:52:44.833+0000] {logging_mixin.py:188} INFO - Downloaded TSLA/1760968153.json -> /tmp/minio_downloads/1760968153.json
[2025-10-20T13:52:44.844+0000] {logging_mixin.py:188} INFO - Downloaded TSLA/1760968165.json -> /tmp/minio_downloads/1760968165.json
[2025-10-20T13:52:44.855+0000] {logging_mixin.py:188} INFO - Downloaded TSLA/1760968175.json -> /tmp/minio_downloads/1760968175.json
[2025-10-20T13:52:44.865+0000] {logging_mixin.py:188} INFO - Downloaded TSLA/1760968185.json -> /tmp/minio_downloads/1760968185.json
[2025-10-20T13:52:44.875+0000] {logging_mixin.py:188} INFO - Downloaded TSLA/1760968196.json -> /tmp/minio_downloads/1760968196.json
[2025-10-20T13:52:44.886+0000] {logging_mixin.py:188} INFO - Downloaded TSLA/1760968206.json -> /tmp/minio_downloads/1760968206.json
[2025-10-20T13:52:44.898+0000] {logging_mixin.py:188} INFO - Downloaded TSLA/1760968216.json -> /tmp/minio_downloads/1760968216.json
[2025-10-20T13:52:44.908+0000] {logging_mixin.py:188} INFO - Downloaded TSLA/1760968226.json -> /tmp/minio_downloads/1760968226.json
[2025-10-20T13:52:44.918+0000] {logging_mixin.py:188} INFO - Downloaded TSLA/1760968236.json -> /tmp/minio_downloads/1760968236.json
[2025-10-20T13:52:44.928+0000] {logging_mixin.py:188} INFO - Downloaded TSLA/1760968246.json -> /tmp/minio_downloads/1760968246.json
[2025-10-20T13:52:44.939+0000] {logging_mixin.py:188} INFO - Downloaded TSLA/1760968257.json -> /tmp/minio_downloads/1760968257.json
[2025-10-20T13:52:44.952+0000] {logging_mixin.py:188} INFO - Downloaded TSLA/1760968268.json -> /tmp/minio_downloads/1760968268.json
[2025-10-20T13:52:44.965+0000] {logging_mixin.py:188} INFO - Downloaded TSLA/1760968279.json -> /tmp/minio_downloads/1760968279.json
[2025-10-20T13:52:44.975+0000] {logging_mixin.py:188} INFO - Downloaded TSLA/1760968289.json -> /tmp/minio_downloads/1760968289.json
[2025-10-20T13:52:44.986+0000] {logging_mixin.py:188} INFO - Downloaded TSLA/1760968299.json -> /tmp/minio_downloads/1760968299.json
[2025-10-20T13:52:44.997+0000] {logging_mixin.py:188} INFO - Downloaded TSLA/1760968309.json -> /tmp/minio_downloads/1760968309.json
[2025-10-20T13:52:45.006+0000] {logging_mixin.py:188} INFO - Downloaded TSLA/1760968319.json -> /tmp/minio_downloads/1760968319.json
[2025-10-20T13:52:45.022+0000] {logging_mixin.py:188} INFO - Downloaded TSLA/1760968329.json -> /tmp/minio_downloads/1760968329.json
[2025-10-20T13:52:45.042+0000] {logging_mixin.py:188} INFO - Downloaded TSLA/1760968339.json -> /tmp/minio_downloads/1760968339.json
[2025-10-20T13:52:45.062+0000] {logging_mixin.py:188} INFO - Downloaded TSLA/1760968350.json -> /tmp/minio_downloads/1760968350.json
[2025-10-20T13:52:45.065+0000] {python.py:237} INFO - Done. Returned value was: ['/tmp/minio_downloads/1760967513.json', '/tmp/minio_downloads/1760967524.json', '/tmp/minio_downloads/1760967536.json', '/tmp/minio_downloads/1760967547.json', '/tmp/minio_downloads/1760967559.json', '/tmp/minio_downloads/1760967570.json', '/tmp/minio_downloads/1760967581.json', '/tmp/minio_downloads/1760967593.json', '/tmp/minio_downloads/1760967604.json', '/tmp/minio_downloads/1760967616.json', '/tmp/minio_downloads/1760967627.json', '/tmp/minio_downloads/1760967639.json', '/tmp/minio_downloads/1760967650.json', '/tmp/minio_downloads/1760967662.json', '/tmp/minio_downloads/1760967674.json', '/tmp/minio_downloads/1760967685.json', '/tmp/minio_downloads/1760967697.json', '/tmp/minio_downloads/1760967709.json', '/tmp/minio_downloads/1760967720.json', '/tmp/minio_downloads/1760967731.json', '/tmp/minio_downloads/1760967743.json', '/tmp/minio_downloads/1760967754.json', '/tmp/minio_downloads/1760967766.json', '/tmp/minio_downloads/1760967778.json', '/tmp/minio_downloads/1760967789.json', '/tmp/minio_downloads/1760967801.json', '/tmp/minio_downloads/1760967813.json', '/tmp/minio_downloads/1760967826.json', '/tmp/minio_downloads/1760967837.json', '/tmp/minio_downloads/1760967849.json', '/tmp/minio_downloads/1760967861.json', '/tmp/minio_downloads/1760967873.json', '/tmp/minio_downloads/1760967884.json', '/tmp/minio_downloads/1760967896.json', '/tmp/minio_downloads/1760967908.json', '/tmp/minio_downloads/1760967979.json', '/tmp/minio_downloads/1760967990.json', '/tmp/minio_downloads/1760968001.json', '/tmp/minio_downloads/1760968013.json', '/tmp/minio_downloads/1760968025.json', '/tmp/minio_downloads/1760968036.json', '/tmp/minio_downloads/1760968048.json', '/tmp/minio_downloads/1760968058.json', '/tmp/minio_downloads/1760968069.json', '/tmp/minio_downloads/1760968080.json', '/tmp/minio_downloads/1760968090.json', '/tmp/minio_downloads/1760968101.json', '/tmp/minio_downloads/1760968110.json', '/tmp/minio_downloads/1760968120.json', '/tmp/minio_downloads/1760968131.json', '/tmp/minio_downloads/1760968141.json', '/tmp/minio_downloads/1760968151.json', '/tmp/minio_downloads/1760968163.json', '/tmp/minio_downloads/1760968173.json', '/tmp/minio_downloads/1760968184.json', '/tmp/minio_downloads/1760968194.json', '/tmp/minio_downloads/1760968204.json', '/tmp/minio_downloads/1760968214.json', '/tmp/minio_downloads/1760968224.json', '/tmp/minio_downloads/1760968235.json', '/tmp/minio_downloads/1760968245.json', '/tmp/minio_downloads/1760968255.json', '/tmp/minio_downloads/1760968266.json', '/tmp/minio_downloads/1760968277.json', '/tmp/minio_downloads/1760968287.json', '/tmp/minio_downloads/1760968297.json', '/tmp/minio_downloads/1760968307.json', '/tmp/minio_downloads/1760968317.json', '/tmp/minio_downloads/1760968328.json', '/tmp/minio_downloads/1760968338.json', '/tmp/minio_downloads/1760968348.json', '/tmp/minio_downloads/1760968358.json', '/tmp/minio_downloads/1760967517.json', '/tmp/minio_downloads/1760967529.json', '/tmp/minio_downloads/1760967540.json', '/tmp/minio_downloads/1760967551.json', '/tmp/minio_downloads/1760967563.json', '/tmp/minio_downloads/1760967574.json', '/tmp/minio_downloads/1760967585.json', '/tmp/minio_downloads/1760967597.json', '/tmp/minio_downloads/1760967608.json', '/tmp/minio_downloads/1760967620.json', '/tmp/minio_downloads/1760967632.json', '/tmp/minio_downloads/1760967643.json', '/tmp/minio_downloads/1760967655.json', '/tmp/minio_downloads/1760967667.json', '/tmp/minio_downloads/1760967678.json', '/tmp/minio_downloads/1760967689.json', '/tmp/minio_downloads/1760967701.json', '/tmp/minio_downloads/1760967712.json', '/tmp/minio_downloads/1760967724.json', '/tmp/minio_downloads/1760967736.json', '/tmp/minio_downloads/1760967747.json', '/tmp/minio_downloads/1760967759.json', '/tmp/minio_downloads/1760967770.json', '/tmp/minio_downloads/1760967782.json', '/tmp/minio_downloads/1760967794.json', '/tmp/minio_downloads/1760967805.json', '/tmp/minio_downloads/1760967819.json', '/tmp/minio_downloads/1760967830.json', '/tmp/minio_downloads/1760967842.json', '/tmp/minio_downloads/1760967854.json', '/tmp/minio_downloads/1760967866.json', '/tmp/minio_downloads/1760967877.json', '/tmp/minio_downloads/1760967889.json', '/tmp/minio_downloads/1760967900.json', '/tmp/minio_downloads/1760967972.json', '/tmp/minio_downloads/1760967983.json', '/tmp/minio_downloads/1760967994.json', '/tmp/minio_downloads/1760968006.json', '/tmp/minio_downloads/1760968018.json', '/tmp/minio_downloads/1760968029.json', '/tmp/minio_downloads/1760968041.json', '/tmp/minio_downloads/1760968052.json', '/tmp/minio_downloads/1760968062.json', '/tmp/minio_downloads/1760968073.json', '/tmp/minio_downloads/1760968083.json', '/tmp/minio_downloads/1760968093.json', '/tmp/minio_downloads/1760968103.json', '/tmp/minio_downloads/1760968114.json', '/tmp/minio_downloads/1760968124.json', '/tmp/minio_downloads/1760968134.json', '/tmp/minio_downloads/1760968144.json', '/tmp/minio_downloads/1760968156.json', '/tmp/minio_downloads/1760968166.json', '/tmp/minio_downloads/1760968177.json', '/tmp/minio_downloads/1760968187.json', '/tmp/minio_downloads/1760968198.json', '/tmp/minio_downloads/1760968207.json', '/tmp/minio_downloads/1760968217.json', '/tmp/minio_downloads/1760968228.json', '/tmp/minio_downloads/1760968238.json', '/tmp/minio_downloads/1760968248.json', '/tmp/minio_downloads/1760968258.json', '/tmp/minio_downloads/1760968270.json', '/tmp/minio_downloads/1760968280.json', '/tmp/minio_downloads/1760968290.json', '/tmp/minio_downloads/1760968301.json', '/tmp/minio_downloads/1760968311.json', '/tmp/minio_downloads/1760968321.json', '/tmp/minio_downloads/1760968331.json', '/tmp/minio_downloads/1760968341.json', '/tmp/minio_downloads/1760968351.json', '/tmp/minio_downloads/1760967516.json', '/tmp/minio_downloads/1760967528.json', '/tmp/minio_downloads/1760967539.json', '/tmp/minio_downloads/1760967550.json', '/tmp/minio_downloads/1760967561.json', '/tmp/minio_downloads/1760967573.json', '/tmp/minio_downloads/1760967584.json', '/tmp/minio_downloads/1760967596.json', '/tmp/minio_downloads/1760967607.json', '/tmp/minio_downloads/1760967619.json', '/tmp/minio_downloads/1760967631.json', '/tmp/minio_downloads/1760967642.json', '/tmp/minio_downloads/1760967654.json', '/tmp/minio_downloads/1760967666.json', '/tmp/minio_downloads/1760967677.json', '/tmp/minio_downloads/1760967688.json', '/tmp/minio_downloads/1760967700.json', '/tmp/minio_downloads/1760967712.json', '/tmp/minio_downloads/1760967723.json', '/tmp/minio_downloads/1760967735.json', '/tmp/minio_downloads/1760967746.json', '/tmp/minio_downloads/1760967758.json', '/tmp/minio_downloads/1760967769.json', '/tmp/minio_downloads/1760967781.json', '/tmp/minio_downloads/1760967793.json', '/tmp/minio_downloads/1760967804.json', '/tmp/minio_downloads/1760967818.json', '/tmp/minio_downloads/1760967829.json', '/tmp/minio_downloads/1760967841.json', '/tmp/minio_downloads/1760967853.json', '/tmp/minio_downloads/1760967864.json', '/tmp/minio_downloads/1760967876.json', '/tmp/minio_downloads/1760967888.json', '/tmp/minio_downloads/1760967899.json', '/tmp/minio_downloads/1760967971.json', '/tmp/minio_downloads/1760967982.json', '/tmp/minio_downloads/1760967993.json', '/tmp/minio_downloads/1760968005.json', '/tmp/minio_downloads/1760968016.json', '/tmp/minio_downloads/1760968028.json', '/tmp/minio_downloads/1760968039.json', '/tmp/minio_downloads/1760968051.json', '/tmp/minio_downloads/1760968061.json', '/tmp/minio_downloads/1760968072.json', '/tmp/minio_downloads/1760968082.json', '/tmp/minio_downloads/1760968092.json', '/tmp/minio_downloads/1760968103.json', '/tmp/minio_downloads/1760968113.json', '/tmp/minio_downloads/1760968123.json', '/tmp/minio_downloads/1760968133.json', '/tmp/minio_downloads/1760968143.json', '/tmp/minio_downloads/1760968155.json', '/tmp/minio_downloads/1760968166.json', '/tmp/minio_downloads/1760968176.json', '/tmp/minio_downloads/1760968186.json', '/tmp/minio_downloads/1760968197.json', '/tmp/minio_downloads/1760968207.json', '/tmp/minio_downloads/1760968217.json', '/tmp/minio_downloads/1760968227.json', '/tmp/minio_downloads/1760968237.json', '/tmp/minio_downloads/1760968247.json', '/tmp/minio_downloads/1760968257.json', '/tmp/minio_downloads/1760968269.json', '/tmp/minio_downloads/1760968280.json', '/tmp/minio_downloads/1760968290.json', '/tmp/minio_downloads/1760968300.json', '/tmp/minio_downloads/1760968310.json', '/tmp/minio_downloads/1760968320.json', '/tmp/minio_downloads/1760968330.json', '/tmp/minio_downloads/1760968340.json', '/tmp/minio_downloads/1760968351.json', '/tmp/minio_downloads/1760967514.json', '/tmp/minio_downloads/1760967525.json', '/tmp/minio_downloads/1760967537.json', '/tmp/minio_downloads/1760967548.json', '/tmp/minio_downloads/1760967559.json', '/tmp/minio_downloads/1760967571.json', '/tmp/minio_downloads/1760967582.json', '/tmp/minio_downloads/1760967594.json', '/tmp/minio_downloads/1760967605.json', '/tmp/minio_downloads/1760967617.json', '/tmp/minio_downloads/1760967628.json', '/tmp/minio_downloads/1760967640.json', '/tmp/minio_downloads/1760967651.json', '/tmp/minio_downloads/1760967664.json', '/tmp/minio_downloads/1760967675.json', '/tmp/minio_downloads/1760967686.json', '/tmp/minio_downloads/1760967698.json', '/tmp/minio_downloads/1760967709.json', '/tmp/minio_downloads/1760967721.json', '/tmp/minio_downloads/1760967733.json', '/tmp/minio_downloads/1760967744.json', '/tmp/minio_downloads/1760967755.json', '/tmp/minio_downloads/1760967767.json', '/tmp/minio_downloads/1760967778.json', '/tmp/minio_downloads/1760967790.json', '/tmp/minio_downloads/1760967802.json', '/tmp/minio_downloads/1760967814.json', '/tmp/minio_downloads/1760967827.json', '/tmp/minio_downloads/1760967838.json', '/tmp/minio_downloads/1760967850.json', '/tmp/minio_downloads/1760967862.json', '/tmp/minio_downloads/1760967874.json', '/tmp/minio_downloads/1760967885.json', '/tmp/minio_downloads/1760967897.json', '/tmp/minio_downloads/1760967980.json', '/tmp/minio_downloads/1760967991.json', '/tmp/minio_downloads/1760968003.json', '/tmp/minio_downloads/1760968014.json', '/tmp/minio_downloads/1760968026.json', '/tmp/minio_downloads/1760968037.json', '/tmp/minio_downloads/1760968049.json', '/tmp/minio_downloads/1760968059.json', '/tmp/minio_downloads/1760968070.json', '/tmp/minio_downloads/1760968080.json', '/tmp/minio_downloads/1760968091.json', '/tmp/minio_downloads/1760968101.json', '/tmp/minio_downloads/1760968111.json', '/tmp/minio_downloads/1760968121.json', '/tmp/minio_downloads/1760968131.json', '/tmp/minio_downloads/1760968142.json', '/tmp/minio_downloads/1760968152.json', '/tmp/minio_downloads/1760968164.json', '/tmp/minio_downloads/1760968175.json', '/tmp/minio_downloads/1760968184.json', '/tmp/minio_downloads/1760968195.json', '/tmp/minio_downloads/1760968205.json', '/tmp/minio_downloads/1760968215.json', '/tmp/minio_downloads/1760968225.json', '/tmp/minio_downloads/1760968235.json', '/tmp/minio_downloads/1760968246.json', '/tmp/minio_downloads/1760968256.json', '/tmp/minio_downloads/1760968267.json', '/tmp/minio_downloads/1760968278.json', '/tmp/minio_downloads/1760968288.json', '/tmp/minio_downloads/1760968298.json', '/tmp/minio_downloads/1760968308.json', '/tmp/minio_downloads/1760968318.json', '/tmp/minio_downloads/1760968329.json', '/tmp/minio_downloads/1760968339.json', '/tmp/minio_downloads/1760968349.json', '/tmp/minio_downloads/1760968359.json', '/tmp/minio_downloads/1760967515.json', '/tmp/minio_downloads/1760967526.json', '/tmp/minio_downloads/1760967538.json', '/tmp/minio_downloads/1760967549.json', '/tmp/minio_downloads/1760967560.json', '/tmp/minio_downloads/1760967572.json', '/tmp/minio_downloads/1760967583.json', '/tmp/minio_downloads/1760967595.json', '/tmp/minio_downloads/1760967606.json', '/tmp/minio_downloads/1760967618.json', '/tmp/minio_downloads/1760967629.json', '/tmp/minio_downloads/1760967641.json', '/tmp/minio_downloads/1760967652.json', '/tmp/minio_downloads/1760967665.json', '/tmp/minio_downloads/1760967676.json', '/tmp/minio_downloads/1760967688.json', '/tmp/minio_downloads/1760967699.json', '/tmp/minio_downloads/1760967710.json', '/tmp/minio_downloads/1760967722.json', '/tmp/minio_downloads/1760967734.json', '/tmp/minio_downloads/1760967745.json', '/tmp/minio_downloads/1760967756.json', '/tmp/minio_downloads/1760967768.json', '/tmp/minio_downloads/1760967780.json', '/tmp/minio_downloads/1760967791.json', '/tmp/minio_downloads/1760967803.json', '/tmp/minio_downloads/1760967815.json', '/tmp/minio_downloads/1760967828.json', '/tmp/minio_downloads/1760967840.json', '/tmp/minio_downloads/1760967852.json', '/tmp/minio_downloads/1760967863.json', '/tmp/minio_downloads/1760967875.json', '/tmp/minio_downloads/1760967887.json', '/tmp/minio_downloads/1760967898.json', '/tmp/minio_downloads/1760967970.json', '/tmp/minio_downloads/1760967981.json', '/tmp/minio_downloads/1760967992.json', '/tmp/minio_downloads/1760968004.json', '/tmp/minio_downloads/1760968016.json', '/tmp/minio_downloads/1760968027.json', '/tmp/minio_downloads/1760968038.json', '/tmp/minio_downloads/1760968050.json', '/tmp/minio_downloads/1760968060.json', '/tmp/minio_downloads/1760968071.json', '/tmp/minio_downloads/1760968081.json', '/tmp/minio_downloads/1760968091.json', '/tmp/minio_downloads/1760968102.json', '/tmp/minio_downloads/1760968112.json', '/tmp/minio_downloads/1760968122.json', '/tmp/minio_downloads/1760968132.json', '/tmp/minio_downloads/1760968142.json', '/tmp/minio_downloads/1760968153.json', '/tmp/minio_downloads/1760968165.json', '/tmp/minio_downloads/1760968175.json', '/tmp/minio_downloads/1760968185.json', '/tmp/minio_downloads/1760968196.json', '/tmp/minio_downloads/1760968206.json', '/tmp/minio_downloads/1760968216.json', '/tmp/minio_downloads/1760968226.json', '/tmp/minio_downloads/1760968236.json', '/tmp/minio_downloads/1760968246.json', '/tmp/minio_downloads/1760968257.json', '/tmp/minio_downloads/1760968268.json', '/tmp/minio_downloads/1760968279.json', '/tmp/minio_downloads/1760968289.json', '/tmp/minio_downloads/1760968299.json', '/tmp/minio_downloads/1760968309.json', '/tmp/minio_downloads/1760968319.json', '/tmp/minio_downloads/1760968329.json', '/tmp/minio_downloads/1760968339.json', '/tmp/minio_downloads/1760968350.json']
[2025-10-20T13:52:45.069+0000] {taskinstance.py:441} INFO - ::group::Post task execution logs
[2025-10-20T13:52:45.105+0000] {taskinstance.py:1206} INFO - Marking task as SUCCESS. dag_id=minio_to_snowflake, task_id=download_minio, run_id=scheduled__2025-10-20T13:51:00+00:00, execution_date=20251020T135100, start_date=20251020T135239, end_date=20251020T135245
[2025-10-20T13:52:45.163+0000] {local_task_job_runner.py:243} INFO - Task exited with return code 0
[2025-10-20T13:52:45.189+0000] {taskinstance.py:3503} INFO - 1 downstream tasks scheduled from follow-on schedule check
[2025-10-20T13:52:45.196+0000] {local_task_job_runner.py:222} INFO - ::endgroup::
