[2025-10-20T13:49:13.514+0000] {local_task_job_runner.py:120} INFO - ::group::Pre task execution logs
[2025-10-20T13:49:13.549+0000] {taskinstance.py:2076} INFO - Dependencies all met for dep_context=non-requeueable deps ti=<TaskInstance: minio_to_snowflake.download_minio scheduled__2025-10-20T13:47:00+00:00 [queued]>
[2025-10-20T13:49:13.560+0000] {taskinstance.py:2076} INFO - Dependencies all met for dep_context=requeueable deps ti=<TaskInstance: minio_to_snowflake.download_minio scheduled__2025-10-20T13:47:00+00:00 [queued]>
[2025-10-20T13:49:13.562+0000] {taskinstance.py:2306} INFO - Starting attempt 1 of 2
[2025-10-20T13:49:13.580+0000] {taskinstance.py:2330} INFO - Executing <Task(PythonOperator): download_minio> on 2025-10-20 13:47:00+00:00
[2025-10-20T13:49:13.591+0000] {standard_task_runner.py:90} INFO - Running: ['***', 'tasks', 'run', 'minio_to_snowflake', 'download_minio', 'scheduled__2025-10-20T13:47:00+00:00', '--job-id', '6', '--raw', '--subdir', 'DAGS_FOLDER/minio_to_snowflake.py', '--cfg-path', '/tmp/tmpf22np3aj']
[2025-10-20T13:49:13.597+0000] {standard_task_runner.py:91} INFO - Job 6: Subtask download_minio
[2025-10-20T13:49:13.598+0000] {logging_mixin.py:188} WARNING - /home/***/.local/lib/python3.12/site-packages/***/task/task_runner/standard_task_runner.py:62 DeprecationWarning: This process (pid=1013) is multi-threaded, use of fork() may lead to deadlocks in the child.
[2025-10-20T13:49:13.599+0000] {standard_task_runner.py:64} INFO - Started process 1027 to run task
[2025-10-20T13:49:13.712+0000] {task_command.py:426} INFO - Running <TaskInstance: minio_to_snowflake.download_minio scheduled__2025-10-20T13:47:00+00:00 [running]> on host 2afad6b2767c
[2025-10-20T13:49:13.865+0000] {taskinstance.py:2648} INFO - Exporting env vars: AIRFLOW_CTX_DAG_OWNER='***' AIRFLOW_CTX_DAG_ID='minio_to_snowflake' AIRFLOW_CTX_TASK_ID='download_minio' AIRFLOW_CTX_EXECUTION_DATE='2025-10-20T13:47:00+00:00' AIRFLOW_CTX_TRY_NUMBER='1' AIRFLOW_CTX_DAG_RUN_ID='scheduled__2025-10-20T13:47:00+00:00'
[2025-10-20T13:49:13.867+0000] {taskinstance.py:430} INFO - ::endgroup::
[2025-10-20T13:49:14.327+0000] {logging_mixin.py:188} INFO - Downloaded AAPL/1760967513.json -> /tmp/minio_downloads/1760967513.json
[2025-10-20T13:49:14.337+0000] {logging_mixin.py:188} INFO - Downloaded AAPL/1760967524.json -> /tmp/minio_downloads/1760967524.json
[2025-10-20T13:49:14.345+0000] {logging_mixin.py:188} INFO - Downloaded AAPL/1760967536.json -> /tmp/minio_downloads/1760967536.json
[2025-10-20T13:49:14.354+0000] {logging_mixin.py:188} INFO - Downloaded AAPL/1760967547.json -> /tmp/minio_downloads/1760967547.json
[2025-10-20T13:49:14.362+0000] {logging_mixin.py:188} INFO - Downloaded AAPL/1760967559.json -> /tmp/minio_downloads/1760967559.json
[2025-10-20T13:49:14.371+0000] {logging_mixin.py:188} INFO - Downloaded AAPL/1760967570.json -> /tmp/minio_downloads/1760967570.json
[2025-10-20T13:49:14.380+0000] {logging_mixin.py:188} INFO - Downloaded AAPL/1760967581.json -> /tmp/minio_downloads/1760967581.json
[2025-10-20T13:49:14.389+0000] {logging_mixin.py:188} INFO - Downloaded AAPL/1760967593.json -> /tmp/minio_downloads/1760967593.json
[2025-10-20T13:49:14.397+0000] {logging_mixin.py:188} INFO - Downloaded AAPL/1760967604.json -> /tmp/minio_downloads/1760967604.json
[2025-10-20T13:49:14.407+0000] {logging_mixin.py:188} INFO - Downloaded AAPL/1760967616.json -> /tmp/minio_downloads/1760967616.json
[2025-10-20T13:49:14.420+0000] {logging_mixin.py:188} INFO - Downloaded AAPL/1760967627.json -> /tmp/minio_downloads/1760967627.json
[2025-10-20T13:49:14.432+0000] {logging_mixin.py:188} INFO - Downloaded AAPL/1760967639.json -> /tmp/minio_downloads/1760967639.json
[2025-10-20T13:49:14.444+0000] {logging_mixin.py:188} INFO - Downloaded AAPL/1760967650.json -> /tmp/minio_downloads/1760967650.json
[2025-10-20T13:49:14.455+0000] {logging_mixin.py:188} INFO - Downloaded AAPL/1760967662.json -> /tmp/minio_downloads/1760967662.json
[2025-10-20T13:49:14.465+0000] {logging_mixin.py:188} INFO - Downloaded AAPL/1760967674.json -> /tmp/minio_downloads/1760967674.json
[2025-10-20T13:49:14.476+0000] {logging_mixin.py:188} INFO - Downloaded AAPL/1760967685.json -> /tmp/minio_downloads/1760967685.json
[2025-10-20T13:49:14.486+0000] {logging_mixin.py:188} INFO - Downloaded AAPL/1760967697.json -> /tmp/minio_downloads/1760967697.json
[2025-10-20T13:49:14.495+0000] {logging_mixin.py:188} INFO - Downloaded AAPL/1760967709.json -> /tmp/minio_downloads/1760967709.json
[2025-10-20T13:49:14.503+0000] {logging_mixin.py:188} INFO - Downloaded AAPL/1760967720.json -> /tmp/minio_downloads/1760967720.json
[2025-10-20T13:49:14.512+0000] {logging_mixin.py:188} INFO - Downloaded AAPL/1760967731.json -> /tmp/minio_downloads/1760967731.json
[2025-10-20T13:49:14.521+0000] {logging_mixin.py:188} INFO - Downloaded AAPL/1760967743.json -> /tmp/minio_downloads/1760967743.json
[2025-10-20T13:49:14.529+0000] {logging_mixin.py:188} INFO - Downloaded AAPL/1760967754.json -> /tmp/minio_downloads/1760967754.json
[2025-10-20T13:49:14.538+0000] {logging_mixin.py:188} INFO - Downloaded AAPL/1760967766.json -> /tmp/minio_downloads/1760967766.json
[2025-10-20T13:49:14.546+0000] {logging_mixin.py:188} INFO - Downloaded AAPL/1760967778.json -> /tmp/minio_downloads/1760967778.json
[2025-10-20T13:49:14.555+0000] {logging_mixin.py:188} INFO - Downloaded AAPL/1760967789.json -> /tmp/minio_downloads/1760967789.json
[2025-10-20T13:49:14.564+0000] {logging_mixin.py:188} INFO - Downloaded AAPL/1760967801.json -> /tmp/minio_downloads/1760967801.json
[2025-10-20T13:49:14.573+0000] {logging_mixin.py:188} INFO - Downloaded AAPL/1760967813.json -> /tmp/minio_downloads/1760967813.json
[2025-10-20T13:49:14.581+0000] {logging_mixin.py:188} INFO - Downloaded AAPL/1760967826.json -> /tmp/minio_downloads/1760967826.json
[2025-10-20T13:49:14.589+0000] {logging_mixin.py:188} INFO - Downloaded AAPL/1760967837.json -> /tmp/minio_downloads/1760967837.json
[2025-10-20T13:49:14.598+0000] {logging_mixin.py:188} INFO - Downloaded AAPL/1760967849.json -> /tmp/minio_downloads/1760967849.json
[2025-10-20T13:49:14.606+0000] {logging_mixin.py:188} INFO - Downloaded AAPL/1760967861.json -> /tmp/minio_downloads/1760967861.json
[2025-10-20T13:49:14.616+0000] {logging_mixin.py:188} INFO - Downloaded AAPL/1760967873.json -> /tmp/minio_downloads/1760967873.json
[2025-10-20T13:49:14.625+0000] {logging_mixin.py:188} INFO - Downloaded AAPL/1760967884.json -> /tmp/minio_downloads/1760967884.json
[2025-10-20T13:49:14.637+0000] {logging_mixin.py:188} INFO - Downloaded AAPL/1760967896.json -> /tmp/minio_downloads/1760967896.json
[2025-10-20T13:49:14.648+0000] {logging_mixin.py:188} INFO - Downloaded AAPL/1760967908.json -> /tmp/minio_downloads/1760967908.json
[2025-10-20T13:49:14.660+0000] {logging_mixin.py:188} INFO - Downloaded AAPL/1760967979.json -> /tmp/minio_downloads/1760967979.json
[2025-10-20T13:49:14.671+0000] {logging_mixin.py:188} INFO - Downloaded AAPL/1760967990.json -> /tmp/minio_downloads/1760967990.json
[2025-10-20T13:49:14.682+0000] {logging_mixin.py:188} INFO - Downloaded AAPL/1760968001.json -> /tmp/minio_downloads/1760968001.json
[2025-10-20T13:49:14.692+0000] {logging_mixin.py:188} INFO - Downloaded AAPL/1760968013.json -> /tmp/minio_downloads/1760968013.json
[2025-10-20T13:49:14.702+0000] {logging_mixin.py:188} INFO - Downloaded AAPL/1760968025.json -> /tmp/minio_downloads/1760968025.json
[2025-10-20T13:49:14.712+0000] {logging_mixin.py:188} INFO - Downloaded AAPL/1760968036.json -> /tmp/minio_downloads/1760968036.json
[2025-10-20T13:49:14.722+0000] {logging_mixin.py:188} INFO - Downloaded AAPL/1760968048.json -> /tmp/minio_downloads/1760968048.json
[2025-10-20T13:49:14.733+0000] {logging_mixin.py:188} INFO - Downloaded AAPL/1760968058.json -> /tmp/minio_downloads/1760968058.json
[2025-10-20T13:49:14.745+0000] {logging_mixin.py:188} INFO - Downloaded AAPL/1760968069.json -> /tmp/minio_downloads/1760968069.json
[2025-10-20T13:49:14.755+0000] {logging_mixin.py:188} INFO - Downloaded AAPL/1760968080.json -> /tmp/minio_downloads/1760968080.json
[2025-10-20T13:49:14.764+0000] {logging_mixin.py:188} INFO - Downloaded AAPL/1760968090.json -> /tmp/minio_downloads/1760968090.json
[2025-10-20T13:49:14.775+0000] {logging_mixin.py:188} INFO - Downloaded AAPL/1760968101.json -> /tmp/minio_downloads/1760968101.json
[2025-10-20T13:49:14.785+0000] {logging_mixin.py:188} INFO - Downloaded AAPL/1760968110.json -> /tmp/minio_downloads/1760968110.json
[2025-10-20T13:49:14.795+0000] {logging_mixin.py:188} INFO - Downloaded AAPL/1760968120.json -> /tmp/minio_downloads/1760968120.json
[2025-10-20T13:49:14.805+0000] {logging_mixin.py:188} INFO - Downloaded AAPL/1760968131.json -> /tmp/minio_downloads/1760968131.json
[2025-10-20T13:49:14.814+0000] {logging_mixin.py:188} INFO - Downloaded AAPL/1760968141.json -> /tmp/minio_downloads/1760968141.json
[2025-10-20T13:49:14.823+0000] {logging_mixin.py:188} INFO - Downloaded AAPL/1760968151.json -> /tmp/minio_downloads/1760968151.json
[2025-10-20T13:49:14.834+0000] {logging_mixin.py:188} INFO - Downloaded AMZN/1760967517.json -> /tmp/minio_downloads/1760967517.json
[2025-10-20T13:49:14.844+0000] {logging_mixin.py:188} INFO - Downloaded AMZN/1760967529.json -> /tmp/minio_downloads/1760967529.json
[2025-10-20T13:49:14.853+0000] {logging_mixin.py:188} INFO - Downloaded AMZN/1760967540.json -> /tmp/minio_downloads/1760967540.json
[2025-10-20T13:49:14.864+0000] {logging_mixin.py:188} INFO - Downloaded AMZN/1760967551.json -> /tmp/minio_downloads/1760967551.json
[2025-10-20T13:49:14.874+0000] {logging_mixin.py:188} INFO - Downloaded AMZN/1760967563.json -> /tmp/minio_downloads/1760967563.json
[2025-10-20T13:49:14.883+0000] {logging_mixin.py:188} INFO - Downloaded AMZN/1760967574.json -> /tmp/minio_downloads/1760967574.json
[2025-10-20T13:49:14.893+0000] {logging_mixin.py:188} INFO - Downloaded AMZN/1760967585.json -> /tmp/minio_downloads/1760967585.json
[2025-10-20T13:49:14.903+0000] {logging_mixin.py:188} INFO - Downloaded AMZN/1760967597.json -> /tmp/minio_downloads/1760967597.json
[2025-10-20T13:49:14.912+0000] {logging_mixin.py:188} INFO - Downloaded AMZN/1760967608.json -> /tmp/minio_downloads/1760967608.json
[2025-10-20T13:49:14.921+0000] {logging_mixin.py:188} INFO - Downloaded AMZN/1760967620.json -> /tmp/minio_downloads/1760967620.json
[2025-10-20T13:49:14.930+0000] {logging_mixin.py:188} INFO - Downloaded AMZN/1760967632.json -> /tmp/minio_downloads/1760967632.json
[2025-10-20T13:49:14.938+0000] {logging_mixin.py:188} INFO - Downloaded AMZN/1760967643.json -> /tmp/minio_downloads/1760967643.json
[2025-10-20T13:49:14.946+0000] {logging_mixin.py:188} INFO - Downloaded AMZN/1760967655.json -> /tmp/minio_downloads/1760967655.json
[2025-10-20T13:49:14.956+0000] {logging_mixin.py:188} INFO - Downloaded AMZN/1760967667.json -> /tmp/minio_downloads/1760967667.json
[2025-10-20T13:49:14.965+0000] {logging_mixin.py:188} INFO - Downloaded AMZN/1760967678.json -> /tmp/minio_downloads/1760967678.json
[2025-10-20T13:49:14.974+0000] {logging_mixin.py:188} INFO - Downloaded AMZN/1760967689.json -> /tmp/minio_downloads/1760967689.json
[2025-10-20T13:49:14.983+0000] {logging_mixin.py:188} INFO - Downloaded AMZN/1760967701.json -> /tmp/minio_downloads/1760967701.json
[2025-10-20T13:49:14.992+0000] {logging_mixin.py:188} INFO - Downloaded AMZN/1760967712.json -> /tmp/minio_downloads/1760967712.json
[2025-10-20T13:49:15.001+0000] {logging_mixin.py:188} INFO - Downloaded AMZN/1760967724.json -> /tmp/minio_downloads/1760967724.json
[2025-10-20T13:49:15.010+0000] {logging_mixin.py:188} INFO - Downloaded AMZN/1760967736.json -> /tmp/minio_downloads/1760967736.json
[2025-10-20T13:49:15.019+0000] {logging_mixin.py:188} INFO - Downloaded AMZN/1760967747.json -> /tmp/minio_downloads/1760967747.json
[2025-10-20T13:49:15.028+0000] {logging_mixin.py:188} INFO - Downloaded AMZN/1760967759.json -> /tmp/minio_downloads/1760967759.json
[2025-10-20T13:49:15.037+0000] {logging_mixin.py:188} INFO - Downloaded AMZN/1760967770.json -> /tmp/minio_downloads/1760967770.json
[2025-10-20T13:49:15.045+0000] {logging_mixin.py:188} INFO - Downloaded AMZN/1760967782.json -> /tmp/minio_downloads/1760967782.json
[2025-10-20T13:49:15.054+0000] {logging_mixin.py:188} INFO - Downloaded AMZN/1760967794.json -> /tmp/minio_downloads/1760967794.json
[2025-10-20T13:49:15.063+0000] {logging_mixin.py:188} INFO - Downloaded AMZN/1760967805.json -> /tmp/minio_downloads/1760967805.json
[2025-10-20T13:49:15.072+0000] {logging_mixin.py:188} INFO - Downloaded AMZN/1760967819.json -> /tmp/minio_downloads/1760967819.json
[2025-10-20T13:49:15.080+0000] {logging_mixin.py:188} INFO - Downloaded AMZN/1760967830.json -> /tmp/minio_downloads/1760967830.json
[2025-10-20T13:49:15.091+0000] {logging_mixin.py:188} INFO - Downloaded AMZN/1760967842.json -> /tmp/minio_downloads/1760967842.json
[2025-10-20T13:49:15.100+0000] {logging_mixin.py:188} INFO - Downloaded AMZN/1760967854.json -> /tmp/minio_downloads/1760967854.json
[2025-10-20T13:49:15.109+0000] {logging_mixin.py:188} INFO - Downloaded AMZN/1760967866.json -> /tmp/minio_downloads/1760967866.json
[2025-10-20T13:49:15.119+0000] {logging_mixin.py:188} INFO - Downloaded AMZN/1760967877.json -> /tmp/minio_downloads/1760967877.json
[2025-10-20T13:49:15.128+0000] {logging_mixin.py:188} INFO - Downloaded AMZN/1760967889.json -> /tmp/minio_downloads/1760967889.json
[2025-10-20T13:49:15.139+0000] {logging_mixin.py:188} INFO - Downloaded AMZN/1760967900.json -> /tmp/minio_downloads/1760967900.json
[2025-10-20T13:49:15.148+0000] {logging_mixin.py:188} INFO - Downloaded AMZN/1760967972.json -> /tmp/minio_downloads/1760967972.json
[2025-10-20T13:49:15.157+0000] {logging_mixin.py:188} INFO - Downloaded AMZN/1760967983.json -> /tmp/minio_downloads/1760967983.json
[2025-10-20T13:49:15.166+0000] {logging_mixin.py:188} INFO - Downloaded AMZN/1760967994.json -> /tmp/minio_downloads/1760967994.json
[2025-10-20T13:49:15.176+0000] {logging_mixin.py:188} INFO - Downloaded AMZN/1760968006.json -> /tmp/minio_downloads/1760968006.json
[2025-10-20T13:49:15.185+0000] {logging_mixin.py:188} INFO - Downloaded AMZN/1760968018.json -> /tmp/minio_downloads/1760968018.json
[2025-10-20T13:49:15.194+0000] {logging_mixin.py:188} INFO - Downloaded AMZN/1760968029.json -> /tmp/minio_downloads/1760968029.json
[2025-10-20T13:49:15.205+0000] {logging_mixin.py:188} INFO - Downloaded AMZN/1760968041.json -> /tmp/minio_downloads/1760968041.json
[2025-10-20T13:49:15.215+0000] {logging_mixin.py:188} INFO - Downloaded AMZN/1760968052.json -> /tmp/minio_downloads/1760968052.json
[2025-10-20T13:49:15.224+0000] {logging_mixin.py:188} INFO - Downloaded AMZN/1760968062.json -> /tmp/minio_downloads/1760968062.json
[2025-10-20T13:49:15.234+0000] {logging_mixin.py:188} INFO - Downloaded AMZN/1760968073.json -> /tmp/minio_downloads/1760968073.json
[2025-10-20T13:49:15.244+0000] {logging_mixin.py:188} INFO - Downloaded AMZN/1760968083.json -> /tmp/minio_downloads/1760968083.json
[2025-10-20T13:49:15.253+0000] {logging_mixin.py:188} INFO - Downloaded AMZN/1760968093.json -> /tmp/minio_downloads/1760968093.json
[2025-10-20T13:49:15.263+0000] {logging_mixin.py:188} INFO - Downloaded AMZN/1760968103.json -> /tmp/minio_downloads/1760968103.json
[2025-10-20T13:49:15.272+0000] {logging_mixin.py:188} INFO - Downloaded AMZN/1760968114.json -> /tmp/minio_downloads/1760968114.json
[2025-10-20T13:49:15.281+0000] {logging_mixin.py:188} INFO - Downloaded AMZN/1760968124.json -> /tmp/minio_downloads/1760968124.json
[2025-10-20T13:49:15.291+0000] {logging_mixin.py:188} INFO - Downloaded AMZN/1760968134.json -> /tmp/minio_downloads/1760968134.json
[2025-10-20T13:49:15.300+0000] {logging_mixin.py:188} INFO - Downloaded AMZN/1760968144.json -> /tmp/minio_downloads/1760968144.json
[2025-10-20T13:49:15.310+0000] {logging_mixin.py:188} INFO - Downloaded GOOGL/1760967516.json -> /tmp/minio_downloads/1760967516.json
[2025-10-20T13:49:15.319+0000] {logging_mixin.py:188} INFO - Downloaded GOOGL/1760967528.json -> /tmp/minio_downloads/1760967528.json
[2025-10-20T13:49:15.328+0000] {logging_mixin.py:188} INFO - Downloaded GOOGL/1760967539.json -> /tmp/minio_downloads/1760967539.json
[2025-10-20T13:49:15.338+0000] {logging_mixin.py:188} INFO - Downloaded GOOGL/1760967550.json -> /tmp/minio_downloads/1760967550.json
[2025-10-20T13:49:15.348+0000] {logging_mixin.py:188} INFO - Downloaded GOOGL/1760967561.json -> /tmp/minio_downloads/1760967561.json
[2025-10-20T13:49:15.357+0000] {logging_mixin.py:188} INFO - Downloaded GOOGL/1760967573.json -> /tmp/minio_downloads/1760967573.json
[2025-10-20T13:49:15.367+0000] {logging_mixin.py:188} INFO - Downloaded GOOGL/1760967584.json -> /tmp/minio_downloads/1760967584.json
[2025-10-20T13:49:15.377+0000] {logging_mixin.py:188} INFO - Downloaded GOOGL/1760967596.json -> /tmp/minio_downloads/1760967596.json
[2025-10-20T13:49:15.386+0000] {logging_mixin.py:188} INFO - Downloaded GOOGL/1760967607.json -> /tmp/minio_downloads/1760967607.json
[2025-10-20T13:49:15.395+0000] {logging_mixin.py:188} INFO - Downloaded GOOGL/1760967619.json -> /tmp/minio_downloads/1760967619.json
[2025-10-20T13:49:15.404+0000] {logging_mixin.py:188} INFO - Downloaded GOOGL/1760967631.json -> /tmp/minio_downloads/1760967631.json
[2025-10-20T13:49:15.414+0000] {logging_mixin.py:188} INFO - Downloaded GOOGL/1760967642.json -> /tmp/minio_downloads/1760967642.json
[2025-10-20T13:49:15.423+0000] {logging_mixin.py:188} INFO - Downloaded GOOGL/1760967654.json -> /tmp/minio_downloads/1760967654.json
[2025-10-20T13:49:15.433+0000] {logging_mixin.py:188} INFO - Downloaded GOOGL/1760967666.json -> /tmp/minio_downloads/1760967666.json
[2025-10-20T13:49:15.442+0000] {logging_mixin.py:188} INFO - Downloaded GOOGL/1760967677.json -> /tmp/minio_downloads/1760967677.json
[2025-10-20T13:49:15.451+0000] {logging_mixin.py:188} INFO - Downloaded GOOGL/1760967688.json -> /tmp/minio_downloads/1760967688.json
[2025-10-20T13:49:15.459+0000] {logging_mixin.py:188} INFO - Downloaded GOOGL/1760967700.json -> /tmp/minio_downloads/1760967700.json
[2025-10-20T13:49:15.468+0000] {logging_mixin.py:188} INFO - Downloaded GOOGL/1760967712.json -> /tmp/minio_downloads/1760967712.json
[2025-10-20T13:49:15.477+0000] {logging_mixin.py:188} INFO - Downloaded GOOGL/1760967723.json -> /tmp/minio_downloads/1760967723.json
[2025-10-20T13:49:15.486+0000] {logging_mixin.py:188} INFO - Downloaded GOOGL/1760967735.json -> /tmp/minio_downloads/1760967735.json
[2025-10-20T13:49:15.496+0000] {logging_mixin.py:188} INFO - Downloaded GOOGL/1760967746.json -> /tmp/minio_downloads/1760967746.json
[2025-10-20T13:49:15.506+0000] {logging_mixin.py:188} INFO - Downloaded GOOGL/1760967758.json -> /tmp/minio_downloads/1760967758.json
[2025-10-20T13:49:15.514+0000] {logging_mixin.py:188} INFO - Downloaded GOOGL/1760967769.json -> /tmp/minio_downloads/1760967769.json
[2025-10-20T13:49:15.523+0000] {logging_mixin.py:188} INFO - Downloaded GOOGL/1760967781.json -> /tmp/minio_downloads/1760967781.json
[2025-10-20T13:49:15.532+0000] {logging_mixin.py:188} INFO - Downloaded GOOGL/1760967793.json -> /tmp/minio_downloads/1760967793.json
[2025-10-20T13:49:15.541+0000] {logging_mixin.py:188} INFO - Downloaded GOOGL/1760967804.json -> /tmp/minio_downloads/1760967804.json
[2025-10-20T13:49:15.552+0000] {logging_mixin.py:188} INFO - Downloaded GOOGL/1760967818.json -> /tmp/minio_downloads/1760967818.json
[2025-10-20T13:49:15.560+0000] {logging_mixin.py:188} INFO - Downloaded GOOGL/1760967829.json -> /tmp/minio_downloads/1760967829.json
[2025-10-20T13:49:15.570+0000] {logging_mixin.py:188} INFO - Downloaded GOOGL/1760967841.json -> /tmp/minio_downloads/1760967841.json
[2025-10-20T13:49:15.579+0000] {logging_mixin.py:188} INFO - Downloaded GOOGL/1760967853.json -> /tmp/minio_downloads/1760967853.json
[2025-10-20T13:49:15.589+0000] {logging_mixin.py:188} INFO - Downloaded GOOGL/1760967864.json -> /tmp/minio_downloads/1760967864.json
[2025-10-20T13:49:15.598+0000] {logging_mixin.py:188} INFO - Downloaded GOOGL/1760967876.json -> /tmp/minio_downloads/1760967876.json
[2025-10-20T13:49:15.606+0000] {logging_mixin.py:188} INFO - Downloaded GOOGL/1760967888.json -> /tmp/minio_downloads/1760967888.json
[2025-10-20T13:49:15.615+0000] {logging_mixin.py:188} INFO - Downloaded GOOGL/1760967899.json -> /tmp/minio_downloads/1760967899.json
[2025-10-20T13:49:15.624+0000] {logging_mixin.py:188} INFO - Downloaded GOOGL/1760967971.json -> /tmp/minio_downloads/1760967971.json
[2025-10-20T13:49:15.633+0000] {logging_mixin.py:188} INFO - Downloaded GOOGL/1760967982.json -> /tmp/minio_downloads/1760967982.json
[2025-10-20T13:49:15.642+0000] {logging_mixin.py:188} INFO - Downloaded GOOGL/1760967993.json -> /tmp/minio_downloads/1760967993.json
[2025-10-20T13:49:15.652+0000] {logging_mixin.py:188} INFO - Downloaded GOOGL/1760968005.json -> /tmp/minio_downloads/1760968005.json
[2025-10-20T13:49:15.661+0000] {logging_mixin.py:188} INFO - Downloaded GOOGL/1760968016.json -> /tmp/minio_downloads/1760968016.json
[2025-10-20T13:49:15.670+0000] {logging_mixin.py:188} INFO - Downloaded GOOGL/1760968028.json -> /tmp/minio_downloads/1760968028.json
[2025-10-20T13:49:15.679+0000] {logging_mixin.py:188} INFO - Downloaded GOOGL/1760968039.json -> /tmp/minio_downloads/1760968039.json
[2025-10-20T13:49:15.687+0000] {logging_mixin.py:188} INFO - Downloaded GOOGL/1760968051.json -> /tmp/minio_downloads/1760968051.json
[2025-10-20T13:49:15.696+0000] {logging_mixin.py:188} INFO - Downloaded GOOGL/1760968061.json -> /tmp/minio_downloads/1760968061.json
[2025-10-20T13:49:15.709+0000] {logging_mixin.py:188} INFO - Downloaded GOOGL/1760968072.json -> /tmp/minio_downloads/1760968072.json
[2025-10-20T13:49:15.721+0000] {logging_mixin.py:188} INFO - Downloaded GOOGL/1760968082.json -> /tmp/minio_downloads/1760968082.json
[2025-10-20T13:49:15.734+0000] {logging_mixin.py:188} INFO - Downloaded GOOGL/1760968092.json -> /tmp/minio_downloads/1760968092.json
[2025-10-20T13:49:15.746+0000] {logging_mixin.py:188} INFO - Downloaded GOOGL/1760968103.json -> /tmp/minio_downloads/1760968103.json
[2025-10-20T13:49:15.756+0000] {logging_mixin.py:188} INFO - Downloaded GOOGL/1760968113.json -> /tmp/minio_downloads/1760968113.json
[2025-10-20T13:49:15.768+0000] {logging_mixin.py:188} INFO - Downloaded GOOGL/1760968123.json -> /tmp/minio_downloads/1760968123.json
[2025-10-20T13:49:15.778+0000] {logging_mixin.py:188} INFO - Downloaded GOOGL/1760968133.json -> /tmp/minio_downloads/1760968133.json
[2025-10-20T13:49:15.788+0000] {logging_mixin.py:188} INFO - Downloaded GOOGL/1760968143.json -> /tmp/minio_downloads/1760968143.json
[2025-10-20T13:49:15.797+0000] {logging_mixin.py:188} INFO - Downloaded MSFT/1760967514.json -> /tmp/minio_downloads/1760967514.json
[2025-10-20T13:49:15.805+0000] {logging_mixin.py:188} INFO - Downloaded MSFT/1760967525.json -> /tmp/minio_downloads/1760967525.json
[2025-10-20T13:49:15.814+0000] {logging_mixin.py:188} INFO - Downloaded MSFT/1760967537.json -> /tmp/minio_downloads/1760967537.json
[2025-10-20T13:49:15.822+0000] {logging_mixin.py:188} INFO - Downloaded MSFT/1760967548.json -> /tmp/minio_downloads/1760967548.json
[2025-10-20T13:49:15.830+0000] {logging_mixin.py:188} INFO - Downloaded MSFT/1760967559.json -> /tmp/minio_downloads/1760967559.json
[2025-10-20T13:49:15.839+0000] {logging_mixin.py:188} INFO - Downloaded MSFT/1760967571.json -> /tmp/minio_downloads/1760967571.json
[2025-10-20T13:49:15.848+0000] {logging_mixin.py:188} INFO - Downloaded MSFT/1760967582.json -> /tmp/minio_downloads/1760967582.json
[2025-10-20T13:49:15.857+0000] {logging_mixin.py:188} INFO - Downloaded MSFT/1760967594.json -> /tmp/minio_downloads/1760967594.json
[2025-10-20T13:49:15.865+0000] {logging_mixin.py:188} INFO - Downloaded MSFT/1760967605.json -> /tmp/minio_downloads/1760967605.json
[2025-10-20T13:49:15.874+0000] {logging_mixin.py:188} INFO - Downloaded MSFT/1760967617.json -> /tmp/minio_downloads/1760967617.json
[2025-10-20T13:49:15.883+0000] {logging_mixin.py:188} INFO - Downloaded MSFT/1760967628.json -> /tmp/minio_downloads/1760967628.json
[2025-10-20T13:49:15.892+0000] {logging_mixin.py:188} INFO - Downloaded MSFT/1760967640.json -> /tmp/minio_downloads/1760967640.json
[2025-10-20T13:49:15.902+0000] {logging_mixin.py:188} INFO - Downloaded MSFT/1760967651.json -> /tmp/minio_downloads/1760967651.json
[2025-10-20T13:49:15.912+0000] {logging_mixin.py:188} INFO - Downloaded MSFT/1760967664.json -> /tmp/minio_downloads/1760967664.json
[2025-10-20T13:49:15.921+0000] {logging_mixin.py:188} INFO - Downloaded MSFT/1760967675.json -> /tmp/minio_downloads/1760967675.json
[2025-10-20T13:49:15.931+0000] {logging_mixin.py:188} INFO - Downloaded MSFT/1760967686.json -> /tmp/minio_downloads/1760967686.json
[2025-10-20T13:49:15.940+0000] {logging_mixin.py:188} INFO - Downloaded MSFT/1760967698.json -> /tmp/minio_downloads/1760967698.json
[2025-10-20T13:49:15.949+0000] {logging_mixin.py:188} INFO - Downloaded MSFT/1760967709.json -> /tmp/minio_downloads/1760967709.json
[2025-10-20T13:49:15.958+0000] {logging_mixin.py:188} INFO - Downloaded MSFT/1760967721.json -> /tmp/minio_downloads/1760967721.json
[2025-10-20T13:49:15.966+0000] {logging_mixin.py:188} INFO - Downloaded MSFT/1760967733.json -> /tmp/minio_downloads/1760967733.json
[2025-10-20T13:49:15.975+0000] {logging_mixin.py:188} INFO - Downloaded MSFT/1760967744.json -> /tmp/minio_downloads/1760967744.json
[2025-10-20T13:49:15.984+0000] {logging_mixin.py:188} INFO - Downloaded MSFT/1760967755.json -> /tmp/minio_downloads/1760967755.json
[2025-10-20T13:49:15.993+0000] {logging_mixin.py:188} INFO - Downloaded MSFT/1760967767.json -> /tmp/minio_downloads/1760967767.json
[2025-10-20T13:49:16.002+0000] {logging_mixin.py:188} INFO - Downloaded MSFT/1760967778.json -> /tmp/minio_downloads/1760967778.json
[2025-10-20T13:49:16.012+0000] {logging_mixin.py:188} INFO - Downloaded MSFT/1760967790.json -> /tmp/minio_downloads/1760967790.json
[2025-10-20T13:49:16.022+0000] {logging_mixin.py:188} INFO - Downloaded MSFT/1760967802.json -> /tmp/minio_downloads/1760967802.json
[2025-10-20T13:49:16.033+0000] {logging_mixin.py:188} INFO - Downloaded MSFT/1760967814.json -> /tmp/minio_downloads/1760967814.json
[2025-10-20T13:49:16.042+0000] {logging_mixin.py:188} INFO - Downloaded MSFT/1760967827.json -> /tmp/minio_downloads/1760967827.json
[2025-10-20T13:49:16.051+0000] {logging_mixin.py:188} INFO - Downloaded MSFT/1760967838.json -> /tmp/minio_downloads/1760967838.json
[2025-10-20T13:49:16.061+0000] {logging_mixin.py:188} INFO - Downloaded MSFT/1760967850.json -> /tmp/minio_downloads/1760967850.json
[2025-10-20T13:49:16.071+0000] {logging_mixin.py:188} INFO - Downloaded MSFT/1760967862.json -> /tmp/minio_downloads/1760967862.json
[2025-10-20T13:49:16.081+0000] {logging_mixin.py:188} INFO - Downloaded MSFT/1760967874.json -> /tmp/minio_downloads/1760967874.json
[2025-10-20T13:49:16.090+0000] {logging_mixin.py:188} INFO - Downloaded MSFT/1760967885.json -> /tmp/minio_downloads/1760967885.json
[2025-10-20T13:49:16.100+0000] {logging_mixin.py:188} INFO - Downloaded MSFT/1760967897.json -> /tmp/minio_downloads/1760967897.json
[2025-10-20T13:49:16.110+0000] {logging_mixin.py:188} INFO - Downloaded MSFT/1760967980.json -> /tmp/minio_downloads/1760967980.json
[2025-10-20T13:49:16.120+0000] {logging_mixin.py:188} INFO - Downloaded MSFT/1760967991.json -> /tmp/minio_downloads/1760967991.json
[2025-10-20T13:49:16.129+0000] {logging_mixin.py:188} INFO - Downloaded MSFT/1760968003.json -> /tmp/minio_downloads/1760968003.json
[2025-10-20T13:49:16.138+0000] {logging_mixin.py:188} INFO - Downloaded MSFT/1760968014.json -> /tmp/minio_downloads/1760968014.json
[2025-10-20T13:49:16.147+0000] {logging_mixin.py:188} INFO - Downloaded MSFT/1760968026.json -> /tmp/minio_downloads/1760968026.json
[2025-10-20T13:49:16.157+0000] {logging_mixin.py:188} INFO - Downloaded MSFT/1760968037.json -> /tmp/minio_downloads/1760968037.json
[2025-10-20T13:49:16.166+0000] {logging_mixin.py:188} INFO - Downloaded MSFT/1760968049.json -> /tmp/minio_downloads/1760968049.json
[2025-10-20T13:49:16.175+0000] {logging_mixin.py:188} INFO - Downloaded MSFT/1760968059.json -> /tmp/minio_downloads/1760968059.json
[2025-10-20T13:49:16.184+0000] {logging_mixin.py:188} INFO - Downloaded MSFT/1760968070.json -> /tmp/minio_downloads/1760968070.json
[2025-10-20T13:49:16.193+0000] {logging_mixin.py:188} INFO - Downloaded MSFT/1760968080.json -> /tmp/minio_downloads/1760968080.json
[2025-10-20T13:49:16.202+0000] {logging_mixin.py:188} INFO - Downloaded MSFT/1760968091.json -> /tmp/minio_downloads/1760968091.json
[2025-10-20T13:49:16.212+0000] {logging_mixin.py:188} INFO - Downloaded MSFT/1760968101.json -> /tmp/minio_downloads/1760968101.json
[2025-10-20T13:49:16.222+0000] {logging_mixin.py:188} INFO - Downloaded MSFT/1760968111.json -> /tmp/minio_downloads/1760968111.json
[2025-10-20T13:49:16.232+0000] {logging_mixin.py:188} INFO - Downloaded MSFT/1760968121.json -> /tmp/minio_downloads/1760968121.json
[2025-10-20T13:49:16.241+0000] {logging_mixin.py:188} INFO - Downloaded MSFT/1760968131.json -> /tmp/minio_downloads/1760968131.json
[2025-10-20T13:49:16.251+0000] {logging_mixin.py:188} INFO - Downloaded MSFT/1760968142.json -> /tmp/minio_downloads/1760968142.json
[2025-10-20T13:49:16.260+0000] {logging_mixin.py:188} INFO - Downloaded MSFT/1760968152.json -> /tmp/minio_downloads/1760968152.json
[2025-10-20T13:49:16.269+0000] {logging_mixin.py:188} INFO - Downloaded TSLA/1760967515.json -> /tmp/minio_downloads/1760967515.json
[2025-10-20T13:49:16.278+0000] {logging_mixin.py:188} INFO - Downloaded TSLA/1760967526.json -> /tmp/minio_downloads/1760967526.json
[2025-10-20T13:49:16.286+0000] {logging_mixin.py:188} INFO - Downloaded TSLA/1760967538.json -> /tmp/minio_downloads/1760967538.json
[2025-10-20T13:49:16.295+0000] {logging_mixin.py:188} INFO - Downloaded TSLA/1760967549.json -> /tmp/minio_downloads/1760967549.json
[2025-10-20T13:49:16.304+0000] {logging_mixin.py:188} INFO - Downloaded TSLA/1760967560.json -> /tmp/minio_downloads/1760967560.json
[2025-10-20T13:49:16.313+0000] {logging_mixin.py:188} INFO - Downloaded TSLA/1760967572.json -> /tmp/minio_downloads/1760967572.json
[2025-10-20T13:49:16.322+0000] {logging_mixin.py:188} INFO - Downloaded TSLA/1760967583.json -> /tmp/minio_downloads/1760967583.json
[2025-10-20T13:49:16.334+0000] {logging_mixin.py:188} INFO - Downloaded TSLA/1760967595.json -> /tmp/minio_downloads/1760967595.json
[2025-10-20T13:49:16.344+0000] {logging_mixin.py:188} INFO - Downloaded TSLA/1760967606.json -> /tmp/minio_downloads/1760967606.json
[2025-10-20T13:49:16.354+0000] {logging_mixin.py:188} INFO - Downloaded TSLA/1760967618.json -> /tmp/minio_downloads/1760967618.json
[2025-10-20T13:49:16.362+0000] {logging_mixin.py:188} INFO - Downloaded TSLA/1760967629.json -> /tmp/minio_downloads/1760967629.json
[2025-10-20T13:49:16.372+0000] {logging_mixin.py:188} INFO - Downloaded TSLA/1760967641.json -> /tmp/minio_downloads/1760967641.json
[2025-10-20T13:49:16.380+0000] {logging_mixin.py:188} INFO - Downloaded TSLA/1760967652.json -> /tmp/minio_downloads/1760967652.json
[2025-10-20T13:49:16.389+0000] {logging_mixin.py:188} INFO - Downloaded TSLA/1760967665.json -> /tmp/minio_downloads/1760967665.json
[2025-10-20T13:49:16.398+0000] {logging_mixin.py:188} INFO - Downloaded TSLA/1760967676.json -> /tmp/minio_downloads/1760967676.json
[2025-10-20T13:49:16.407+0000] {logging_mixin.py:188} INFO - Downloaded TSLA/1760967688.json -> /tmp/minio_downloads/1760967688.json
[2025-10-20T13:49:16.416+0000] {logging_mixin.py:188} INFO - Downloaded TSLA/1760967699.json -> /tmp/minio_downloads/1760967699.json
[2025-10-20T13:49:16.425+0000] {logging_mixin.py:188} INFO - Downloaded TSLA/1760967710.json -> /tmp/minio_downloads/1760967710.json
[2025-10-20T13:49:16.434+0000] {logging_mixin.py:188} INFO - Downloaded TSLA/1760967722.json -> /tmp/minio_downloads/1760967722.json
[2025-10-20T13:49:16.442+0000] {logging_mixin.py:188} INFO - Downloaded TSLA/1760967734.json -> /tmp/minio_downloads/1760967734.json
[2025-10-20T13:49:16.452+0000] {logging_mixin.py:188} INFO - Downloaded TSLA/1760967745.json -> /tmp/minio_downloads/1760967745.json
[2025-10-20T13:49:16.460+0000] {logging_mixin.py:188} INFO - Downloaded TSLA/1760967756.json -> /tmp/minio_downloads/1760967756.json
[2025-10-20T13:49:16.469+0000] {logging_mixin.py:188} INFO - Downloaded TSLA/1760967768.json -> /tmp/minio_downloads/1760967768.json
[2025-10-20T13:49:16.478+0000] {logging_mixin.py:188} INFO - Downloaded TSLA/1760967780.json -> /tmp/minio_downloads/1760967780.json
[2025-10-20T13:49:16.487+0000] {logging_mixin.py:188} INFO - Downloaded TSLA/1760967791.json -> /tmp/minio_downloads/1760967791.json
[2025-10-20T13:49:16.497+0000] {logging_mixin.py:188} INFO - Downloaded TSLA/1760967803.json -> /tmp/minio_downloads/1760967803.json
[2025-10-20T13:49:16.510+0000] {logging_mixin.py:188} INFO - Downloaded TSLA/1760967815.json -> /tmp/minio_downloads/1760967815.json
[2025-10-20T13:49:16.522+0000] {logging_mixin.py:188} INFO - Downloaded TSLA/1760967828.json -> /tmp/minio_downloads/1760967828.json
[2025-10-20T13:49:16.532+0000] {logging_mixin.py:188} INFO - Downloaded TSLA/1760967840.json -> /tmp/minio_downloads/1760967840.json
[2025-10-20T13:49:16.542+0000] {logging_mixin.py:188} INFO - Downloaded TSLA/1760967852.json -> /tmp/minio_downloads/1760967852.json
[2025-10-20T13:49:16.552+0000] {logging_mixin.py:188} INFO - Downloaded TSLA/1760967863.json -> /tmp/minio_downloads/1760967863.json
[2025-10-20T13:49:16.562+0000] {logging_mixin.py:188} INFO - Downloaded TSLA/1760967875.json -> /tmp/minio_downloads/1760967875.json
[2025-10-20T13:49:16.572+0000] {logging_mixin.py:188} INFO - Downloaded TSLA/1760967887.json -> /tmp/minio_downloads/1760967887.json
[2025-10-20T13:49:16.582+0000] {logging_mixin.py:188} INFO - Downloaded TSLA/1760967898.json -> /tmp/minio_downloads/1760967898.json
[2025-10-20T13:49:16.592+0000] {logging_mixin.py:188} INFO - Downloaded TSLA/1760967970.json -> /tmp/minio_downloads/1760967970.json
[2025-10-20T13:49:16.603+0000] {logging_mixin.py:188} INFO - Downloaded TSLA/1760967981.json -> /tmp/minio_downloads/1760967981.json
[2025-10-20T13:49:16.612+0000] {logging_mixin.py:188} INFO - Downloaded TSLA/1760967992.json -> /tmp/minio_downloads/1760967992.json
[2025-10-20T13:49:16.621+0000] {logging_mixin.py:188} INFO - Downloaded TSLA/1760968004.json -> /tmp/minio_downloads/1760968004.json
[2025-10-20T13:49:16.630+0000] {logging_mixin.py:188} INFO - Downloaded TSLA/1760968016.json -> /tmp/minio_downloads/1760968016.json
[2025-10-20T13:49:16.639+0000] {logging_mixin.py:188} INFO - Downloaded TSLA/1760968027.json -> /tmp/minio_downloads/1760968027.json
[2025-10-20T13:49:16.650+0000] {logging_mixin.py:188} INFO - Downloaded TSLA/1760968038.json -> /tmp/minio_downloads/1760968038.json
[2025-10-20T13:49:16.658+0000] {logging_mixin.py:188} INFO - Downloaded TSLA/1760968050.json -> /tmp/minio_downloads/1760968050.json
[2025-10-20T13:49:16.667+0000] {logging_mixin.py:188} INFO - Downloaded TSLA/1760968060.json -> /tmp/minio_downloads/1760968060.json
[2025-10-20T13:49:16.676+0000] {logging_mixin.py:188} INFO - Downloaded TSLA/1760968071.json -> /tmp/minio_downloads/1760968071.json
[2025-10-20T13:49:16.685+0000] {logging_mixin.py:188} INFO - Downloaded TSLA/1760968081.json -> /tmp/minio_downloads/1760968081.json
[2025-10-20T13:49:16.694+0000] {logging_mixin.py:188} INFO - Downloaded TSLA/1760968091.json -> /tmp/minio_downloads/1760968091.json
[2025-10-20T13:49:16.703+0000] {logging_mixin.py:188} INFO - Downloaded TSLA/1760968102.json -> /tmp/minio_downloads/1760968102.json
[2025-10-20T13:49:16.712+0000] {logging_mixin.py:188} INFO - Downloaded TSLA/1760968112.json -> /tmp/minio_downloads/1760968112.json
[2025-10-20T13:49:16.721+0000] {logging_mixin.py:188} INFO - Downloaded TSLA/1760968122.json -> /tmp/minio_downloads/1760968122.json
[2025-10-20T13:49:16.730+0000] {logging_mixin.py:188} INFO - Downloaded TSLA/1760968132.json -> /tmp/minio_downloads/1760968132.json
[2025-10-20T13:49:16.738+0000] {logging_mixin.py:188} INFO - Downloaded TSLA/1760968142.json -> /tmp/minio_downloads/1760968142.json
[2025-10-20T13:49:16.748+0000] {logging_mixin.py:188} INFO - Downloaded TSLA/1760968153.json -> /tmp/minio_downloads/1760968153.json
[2025-10-20T13:49:16.749+0000] {python.py:237} INFO - Done. Returned value was: ['/tmp/minio_downloads/1760967513.json', '/tmp/minio_downloads/1760967524.json', '/tmp/minio_downloads/1760967536.json', '/tmp/minio_downloads/1760967547.json', '/tmp/minio_downloads/1760967559.json', '/tmp/minio_downloads/1760967570.json', '/tmp/minio_downloads/1760967581.json', '/tmp/minio_downloads/1760967593.json', '/tmp/minio_downloads/1760967604.json', '/tmp/minio_downloads/1760967616.json', '/tmp/minio_downloads/1760967627.json', '/tmp/minio_downloads/1760967639.json', '/tmp/minio_downloads/1760967650.json', '/tmp/minio_downloads/1760967662.json', '/tmp/minio_downloads/1760967674.json', '/tmp/minio_downloads/1760967685.json', '/tmp/minio_downloads/1760967697.json', '/tmp/minio_downloads/1760967709.json', '/tmp/minio_downloads/1760967720.json', '/tmp/minio_downloads/1760967731.json', '/tmp/minio_downloads/1760967743.json', '/tmp/minio_downloads/1760967754.json', '/tmp/minio_downloads/1760967766.json', '/tmp/minio_downloads/1760967778.json', '/tmp/minio_downloads/1760967789.json', '/tmp/minio_downloads/1760967801.json', '/tmp/minio_downloads/1760967813.json', '/tmp/minio_downloads/1760967826.json', '/tmp/minio_downloads/1760967837.json', '/tmp/minio_downloads/1760967849.json', '/tmp/minio_downloads/1760967861.json', '/tmp/minio_downloads/1760967873.json', '/tmp/minio_downloads/1760967884.json', '/tmp/minio_downloads/1760967896.json', '/tmp/minio_downloads/1760967908.json', '/tmp/minio_downloads/1760967979.json', '/tmp/minio_downloads/1760967990.json', '/tmp/minio_downloads/1760968001.json', '/tmp/minio_downloads/1760968013.json', '/tmp/minio_downloads/1760968025.json', '/tmp/minio_downloads/1760968036.json', '/tmp/minio_downloads/1760968048.json', '/tmp/minio_downloads/1760968058.json', '/tmp/minio_downloads/1760968069.json', '/tmp/minio_downloads/1760968080.json', '/tmp/minio_downloads/1760968090.json', '/tmp/minio_downloads/1760968101.json', '/tmp/minio_downloads/1760968110.json', '/tmp/minio_downloads/1760968120.json', '/tmp/minio_downloads/1760968131.json', '/tmp/minio_downloads/1760968141.json', '/tmp/minio_downloads/1760968151.json', '/tmp/minio_downloads/1760967517.json', '/tmp/minio_downloads/1760967529.json', '/tmp/minio_downloads/1760967540.json', '/tmp/minio_downloads/1760967551.json', '/tmp/minio_downloads/1760967563.json', '/tmp/minio_downloads/1760967574.json', '/tmp/minio_downloads/1760967585.json', '/tmp/minio_downloads/1760967597.json', '/tmp/minio_downloads/1760967608.json', '/tmp/minio_downloads/1760967620.json', '/tmp/minio_downloads/1760967632.json', '/tmp/minio_downloads/1760967643.json', '/tmp/minio_downloads/1760967655.json', '/tmp/minio_downloads/1760967667.json', '/tmp/minio_downloads/1760967678.json', '/tmp/minio_downloads/1760967689.json', '/tmp/minio_downloads/1760967701.json', '/tmp/minio_downloads/1760967712.json', '/tmp/minio_downloads/1760967724.json', '/tmp/minio_downloads/1760967736.json', '/tmp/minio_downloads/1760967747.json', '/tmp/minio_downloads/1760967759.json', '/tmp/minio_downloads/1760967770.json', '/tmp/minio_downloads/1760967782.json', '/tmp/minio_downloads/1760967794.json', '/tmp/minio_downloads/1760967805.json', '/tmp/minio_downloads/1760967819.json', '/tmp/minio_downloads/1760967830.json', '/tmp/minio_downloads/1760967842.json', '/tmp/minio_downloads/1760967854.json', '/tmp/minio_downloads/1760967866.json', '/tmp/minio_downloads/1760967877.json', '/tmp/minio_downloads/1760967889.json', '/tmp/minio_downloads/1760967900.json', '/tmp/minio_downloads/1760967972.json', '/tmp/minio_downloads/1760967983.json', '/tmp/minio_downloads/1760967994.json', '/tmp/minio_downloads/1760968006.json', '/tmp/minio_downloads/1760968018.json', '/tmp/minio_downloads/1760968029.json', '/tmp/minio_downloads/1760968041.json', '/tmp/minio_downloads/1760968052.json', '/tmp/minio_downloads/1760968062.json', '/tmp/minio_downloads/1760968073.json', '/tmp/minio_downloads/1760968083.json', '/tmp/minio_downloads/1760968093.json', '/tmp/minio_downloads/1760968103.json', '/tmp/minio_downloads/1760968114.json', '/tmp/minio_downloads/1760968124.json', '/tmp/minio_downloads/1760968134.json', '/tmp/minio_downloads/1760968144.json', '/tmp/minio_downloads/1760967516.json', '/tmp/minio_downloads/1760967528.json', '/tmp/minio_downloads/1760967539.json', '/tmp/minio_downloads/1760967550.json', '/tmp/minio_downloads/1760967561.json', '/tmp/minio_downloads/1760967573.json', '/tmp/minio_downloads/1760967584.json', '/tmp/minio_downloads/1760967596.json', '/tmp/minio_downloads/1760967607.json', '/tmp/minio_downloads/1760967619.json', '/tmp/minio_downloads/1760967631.json', '/tmp/minio_downloads/1760967642.json', '/tmp/minio_downloads/1760967654.json', '/tmp/minio_downloads/1760967666.json', '/tmp/minio_downloads/1760967677.json', '/tmp/minio_downloads/1760967688.json', '/tmp/minio_downloads/1760967700.json', '/tmp/minio_downloads/1760967712.json', '/tmp/minio_downloads/1760967723.json', '/tmp/minio_downloads/1760967735.json', '/tmp/minio_downloads/1760967746.json', '/tmp/minio_downloads/1760967758.json', '/tmp/minio_downloads/1760967769.json', '/tmp/minio_downloads/1760967781.json', '/tmp/minio_downloads/1760967793.json', '/tmp/minio_downloads/1760967804.json', '/tmp/minio_downloads/1760967818.json', '/tmp/minio_downloads/1760967829.json', '/tmp/minio_downloads/1760967841.json', '/tmp/minio_downloads/1760967853.json', '/tmp/minio_downloads/1760967864.json', '/tmp/minio_downloads/1760967876.json', '/tmp/minio_downloads/1760967888.json', '/tmp/minio_downloads/1760967899.json', '/tmp/minio_downloads/1760967971.json', '/tmp/minio_downloads/1760967982.json', '/tmp/minio_downloads/1760967993.json', '/tmp/minio_downloads/1760968005.json', '/tmp/minio_downloads/1760968016.json', '/tmp/minio_downloads/1760968028.json', '/tmp/minio_downloads/1760968039.json', '/tmp/minio_downloads/1760968051.json', '/tmp/minio_downloads/1760968061.json', '/tmp/minio_downloads/1760968072.json', '/tmp/minio_downloads/1760968082.json', '/tmp/minio_downloads/1760968092.json', '/tmp/minio_downloads/1760968103.json', '/tmp/minio_downloads/1760968113.json', '/tmp/minio_downloads/1760968123.json', '/tmp/minio_downloads/1760968133.json', '/tmp/minio_downloads/1760968143.json', '/tmp/minio_downloads/1760967514.json', '/tmp/minio_downloads/1760967525.json', '/tmp/minio_downloads/1760967537.json', '/tmp/minio_downloads/1760967548.json', '/tmp/minio_downloads/1760967559.json', '/tmp/minio_downloads/1760967571.json', '/tmp/minio_downloads/1760967582.json', '/tmp/minio_downloads/1760967594.json', '/tmp/minio_downloads/1760967605.json', '/tmp/minio_downloads/1760967617.json', '/tmp/minio_downloads/1760967628.json', '/tmp/minio_downloads/1760967640.json', '/tmp/minio_downloads/1760967651.json', '/tmp/minio_downloads/1760967664.json', '/tmp/minio_downloads/1760967675.json', '/tmp/minio_downloads/1760967686.json', '/tmp/minio_downloads/1760967698.json', '/tmp/minio_downloads/1760967709.json', '/tmp/minio_downloads/1760967721.json', '/tmp/minio_downloads/1760967733.json', '/tmp/minio_downloads/1760967744.json', '/tmp/minio_downloads/1760967755.json', '/tmp/minio_downloads/1760967767.json', '/tmp/minio_downloads/1760967778.json', '/tmp/minio_downloads/1760967790.json', '/tmp/minio_downloads/1760967802.json', '/tmp/minio_downloads/1760967814.json', '/tmp/minio_downloads/1760967827.json', '/tmp/minio_downloads/1760967838.json', '/tmp/minio_downloads/1760967850.json', '/tmp/minio_downloads/1760967862.json', '/tmp/minio_downloads/1760967874.json', '/tmp/minio_downloads/1760967885.json', '/tmp/minio_downloads/1760967897.json', '/tmp/minio_downloads/1760967980.json', '/tmp/minio_downloads/1760967991.json', '/tmp/minio_downloads/1760968003.json', '/tmp/minio_downloads/1760968014.json', '/tmp/minio_downloads/1760968026.json', '/tmp/minio_downloads/1760968037.json', '/tmp/minio_downloads/1760968049.json', '/tmp/minio_downloads/1760968059.json', '/tmp/minio_downloads/1760968070.json', '/tmp/minio_downloads/1760968080.json', '/tmp/minio_downloads/1760968091.json', '/tmp/minio_downloads/1760968101.json', '/tmp/minio_downloads/1760968111.json', '/tmp/minio_downloads/1760968121.json', '/tmp/minio_downloads/1760968131.json', '/tmp/minio_downloads/1760968142.json', '/tmp/minio_downloads/1760968152.json', '/tmp/minio_downloads/1760967515.json', '/tmp/minio_downloads/1760967526.json', '/tmp/minio_downloads/1760967538.json', '/tmp/minio_downloads/1760967549.json', '/tmp/minio_downloads/1760967560.json', '/tmp/minio_downloads/1760967572.json', '/tmp/minio_downloads/1760967583.json', '/tmp/minio_downloads/1760967595.json', '/tmp/minio_downloads/1760967606.json', '/tmp/minio_downloads/1760967618.json', '/tmp/minio_downloads/1760967629.json', '/tmp/minio_downloads/1760967641.json', '/tmp/minio_downloads/1760967652.json', '/tmp/minio_downloads/1760967665.json', '/tmp/minio_downloads/1760967676.json', '/tmp/minio_downloads/1760967688.json', '/tmp/minio_downloads/1760967699.json', '/tmp/minio_downloads/1760967710.json', '/tmp/minio_downloads/1760967722.json', '/tmp/minio_downloads/1760967734.json', '/tmp/minio_downloads/1760967745.json', '/tmp/minio_downloads/1760967756.json', '/tmp/minio_downloads/1760967768.json', '/tmp/minio_downloads/1760967780.json', '/tmp/minio_downloads/1760967791.json', '/tmp/minio_downloads/1760967803.json', '/tmp/minio_downloads/1760967815.json', '/tmp/minio_downloads/1760967828.json', '/tmp/minio_downloads/1760967840.json', '/tmp/minio_downloads/1760967852.json', '/tmp/minio_downloads/1760967863.json', '/tmp/minio_downloads/1760967875.json', '/tmp/minio_downloads/1760967887.json', '/tmp/minio_downloads/1760967898.json', '/tmp/minio_downloads/1760967970.json', '/tmp/minio_downloads/1760967981.json', '/tmp/minio_downloads/1760967992.json', '/tmp/minio_downloads/1760968004.json', '/tmp/minio_downloads/1760968016.json', '/tmp/minio_downloads/1760968027.json', '/tmp/minio_downloads/1760968038.json', '/tmp/minio_downloads/1760968050.json', '/tmp/minio_downloads/1760968060.json', '/tmp/minio_downloads/1760968071.json', '/tmp/minio_downloads/1760968081.json', '/tmp/minio_downloads/1760968091.json', '/tmp/minio_downloads/1760968102.json', '/tmp/minio_downloads/1760968112.json', '/tmp/minio_downloads/1760968122.json', '/tmp/minio_downloads/1760968132.json', '/tmp/minio_downloads/1760968142.json', '/tmp/minio_downloads/1760968153.json']
[2025-10-20T13:49:16.751+0000] {taskinstance.py:441} INFO - ::group::Post task execution logs
[2025-10-20T13:49:16.785+0000] {taskinstance.py:1206} INFO - Marking task as SUCCESS. dag_id=minio_to_snowflake, task_id=download_minio, run_id=scheduled__2025-10-20T13:47:00+00:00, execution_date=20251020T134700, start_date=20251020T134913, end_date=20251020T134916
[2025-10-20T13:49:16.830+0000] {local_task_job_runner.py:243} INFO - Task exited with return code 0
[2025-10-20T13:49:16.859+0000] {taskinstance.py:3503} INFO - 1 downstream tasks scheduled from follow-on schedule check
[2025-10-20T13:49:16.864+0000] {local_task_job_runner.py:222} INFO - ::endgroup::
