[2025-10-20T13:56:42.101+0000] {local_task_job_runner.py:120} INFO - ::group::Pre task execution logs
[2025-10-20T13:56:42.143+0000] {taskinstance.py:2076} INFO - Dependencies all met for dep_context=non-requeueable deps ti=<TaskInstance: minio_to_snowflake.download_minio scheduled__2025-10-20T13:55:00+00:00 [queued]>
[2025-10-20T13:56:42.156+0000] {taskinstance.py:2076} INFO - Dependencies all met for dep_context=requeueable deps ti=<TaskInstance: minio_to_snowflake.download_minio scheduled__2025-10-20T13:55:00+00:00 [queued]>
[2025-10-20T13:56:42.157+0000] {taskinstance.py:2306} INFO - Starting attempt 1 of 2
[2025-10-20T13:56:42.174+0000] {taskinstance.py:2330} INFO - Executing <Task(PythonOperator): download_minio> on 2025-10-20 13:55:00+00:00
[2025-10-20T13:56:42.186+0000] {standard_task_runner.py:90} INFO - Running: ['***', 'tasks', 'run', 'minio_to_snowflake', 'download_minio', 'scheduled__2025-10-20T13:55:00+00:00', '--job-id', '15', '--raw', '--subdir', 'DAGS_FOLDER/minio_to_snowflake.py', '--cfg-path', '/tmp/tmp73x0okym']
[2025-10-20T13:56:42.189+0000] {logging_mixin.py:188} WARNING - /home/***/.local/lib/python3.12/site-packages/***/task/task_runner/standard_task_runner.py:62 DeprecationWarning: This process (pid=5691) is multi-threaded, use of fork() may lead to deadlocks in the child.
[2025-10-20T13:56:42.190+0000] {standard_task_runner.py:91} INFO - Job 15: Subtask download_minio
[2025-10-20T13:56:42.190+0000] {standard_task_runner.py:64} INFO - Started process 5705 to run task
[2025-10-20T13:56:42.303+0000] {task_command.py:426} INFO - Running <TaskInstance: minio_to_snowflake.download_minio scheduled__2025-10-20T13:55:00+00:00 [running]> on host 2afad6b2767c
[2025-10-20T13:56:42.440+0000] {taskinstance.py:2648} INFO - Exporting env vars: AIRFLOW_CTX_DAG_OWNER='***' AIRFLOW_CTX_DAG_ID='minio_to_snowflake' AIRFLOW_CTX_TASK_ID='download_minio' AIRFLOW_CTX_EXECUTION_DATE='2025-10-20T13:55:00+00:00' AIRFLOW_CTX_TRY_NUMBER='1' AIRFLOW_CTX_DAG_RUN_ID='scheduled__2025-10-20T13:55:00+00:00'
[2025-10-20T13:56:42.442+0000] {taskinstance.py:430} INFO - ::endgroup::
[2025-10-20T13:56:42.916+0000] {logging_mixin.py:188} INFO - Downloaded AAPL/1760967513.json -> /tmp/minio_downloads/1760967513.json
[2025-10-20T13:56:42.928+0000] {logging_mixin.py:188} INFO - Downloaded AAPL/1760967524.json -> /tmp/minio_downloads/1760967524.json
[2025-10-20T13:56:42.940+0000] {logging_mixin.py:188} INFO - Downloaded AAPL/1760967536.json -> /tmp/minio_downloads/1760967536.json
[2025-10-20T13:56:42.952+0000] {logging_mixin.py:188} INFO - Downloaded AAPL/1760967547.json -> /tmp/minio_downloads/1760967547.json
[2025-10-20T13:56:42.963+0000] {logging_mixin.py:188} INFO - Downloaded AAPL/1760967559.json -> /tmp/minio_downloads/1760967559.json
[2025-10-20T13:56:42.974+0000] {logging_mixin.py:188} INFO - Downloaded AAPL/1760967570.json -> /tmp/minio_downloads/1760967570.json
[2025-10-20T13:56:42.986+0000] {logging_mixin.py:188} INFO - Downloaded AAPL/1760967581.json -> /tmp/minio_downloads/1760967581.json
[2025-10-20T13:56:42.998+0000] {logging_mixin.py:188} INFO - Downloaded AAPL/1760967593.json -> /tmp/minio_downloads/1760967593.json
[2025-10-20T13:56:43.008+0000] {logging_mixin.py:188} INFO - Downloaded AAPL/1760967604.json -> /tmp/minio_downloads/1760967604.json
[2025-10-20T13:56:43.019+0000] {logging_mixin.py:188} INFO - Downloaded AAPL/1760967616.json -> /tmp/minio_downloads/1760967616.json
[2025-10-20T13:56:43.031+0000] {logging_mixin.py:188} INFO - Downloaded AAPL/1760967627.json -> /tmp/minio_downloads/1760967627.json
[2025-10-20T13:56:43.043+0000] {logging_mixin.py:188} INFO - Downloaded AAPL/1760967639.json -> /tmp/minio_downloads/1760967639.json
[2025-10-20T13:56:43.053+0000] {logging_mixin.py:188} INFO - Downloaded AAPL/1760967650.json -> /tmp/minio_downloads/1760967650.json
[2025-10-20T13:56:43.064+0000] {logging_mixin.py:188} INFO - Downloaded AAPL/1760967662.json -> /tmp/minio_downloads/1760967662.json
[2025-10-20T13:56:43.075+0000] {logging_mixin.py:188} INFO - Downloaded AAPL/1760967674.json -> /tmp/minio_downloads/1760967674.json
[2025-10-20T13:56:43.086+0000] {logging_mixin.py:188} INFO - Downloaded AAPL/1760967685.json -> /tmp/minio_downloads/1760967685.json
[2025-10-20T13:56:43.097+0000] {logging_mixin.py:188} INFO - Downloaded AAPL/1760967697.json -> /tmp/minio_downloads/1760967697.json
[2025-10-20T13:56:43.107+0000] {logging_mixin.py:188} INFO - Downloaded AAPL/1760967709.json -> /tmp/minio_downloads/1760967709.json
[2025-10-20T13:56:43.117+0000] {logging_mixin.py:188} INFO - Downloaded AAPL/1760967720.json -> /tmp/minio_downloads/1760967720.json
[2025-10-20T13:56:43.126+0000] {logging_mixin.py:188} INFO - Downloaded AAPL/1760967731.json -> /tmp/minio_downloads/1760967731.json
[2025-10-20T13:56:43.138+0000] {logging_mixin.py:188} INFO - Downloaded AAPL/1760967743.json -> /tmp/minio_downloads/1760967743.json
[2025-10-20T13:56:43.148+0000] {logging_mixin.py:188} INFO - Downloaded AAPL/1760967754.json -> /tmp/minio_downloads/1760967754.json
[2025-10-20T13:56:43.159+0000] {logging_mixin.py:188} INFO - Downloaded AAPL/1760967766.json -> /tmp/minio_downloads/1760967766.json
[2025-10-20T13:56:43.168+0000] {logging_mixin.py:188} INFO - Downloaded AAPL/1760967778.json -> /tmp/minio_downloads/1760967778.json
[2025-10-20T13:56:43.180+0000] {logging_mixin.py:188} INFO - Downloaded AAPL/1760967789.json -> /tmp/minio_downloads/1760967789.json
[2025-10-20T13:56:43.190+0000] {logging_mixin.py:188} INFO - Downloaded AAPL/1760967801.json -> /tmp/minio_downloads/1760967801.json
[2025-10-20T13:56:43.201+0000] {logging_mixin.py:188} INFO - Downloaded AAPL/1760967813.json -> /tmp/minio_downloads/1760967813.json
[2025-10-20T13:56:43.212+0000] {logging_mixin.py:188} INFO - Downloaded AAPL/1760967826.json -> /tmp/minio_downloads/1760967826.json
[2025-10-20T13:56:43.223+0000] {logging_mixin.py:188} INFO - Downloaded AAPL/1760967837.json -> /tmp/minio_downloads/1760967837.json
[2025-10-20T13:56:43.233+0000] {logging_mixin.py:188} INFO - Downloaded AAPL/1760967849.json -> /tmp/minio_downloads/1760967849.json
[2025-10-20T13:56:43.244+0000] {logging_mixin.py:188} INFO - Downloaded AAPL/1760967861.json -> /tmp/minio_downloads/1760967861.json
[2025-10-20T13:56:43.254+0000] {logging_mixin.py:188} INFO - Downloaded AAPL/1760967873.json -> /tmp/minio_downloads/1760967873.json
[2025-10-20T13:56:43.263+0000] {logging_mixin.py:188} INFO - Downloaded AAPL/1760967884.json -> /tmp/minio_downloads/1760967884.json
[2025-10-20T13:56:43.274+0000] {logging_mixin.py:188} INFO - Downloaded AAPL/1760967896.json -> /tmp/minio_downloads/1760967896.json
[2025-10-20T13:56:43.284+0000] {logging_mixin.py:188} INFO - Downloaded AAPL/1760967908.json -> /tmp/minio_downloads/1760967908.json
[2025-10-20T13:56:43.294+0000] {logging_mixin.py:188} INFO - Downloaded AAPL/1760967979.json -> /tmp/minio_downloads/1760967979.json
[2025-10-20T13:56:43.304+0000] {logging_mixin.py:188} INFO - Downloaded AAPL/1760967990.json -> /tmp/minio_downloads/1760967990.json
[2025-10-20T13:56:43.314+0000] {logging_mixin.py:188} INFO - Downloaded AAPL/1760968001.json -> /tmp/minio_downloads/1760968001.json
[2025-10-20T13:56:43.324+0000] {logging_mixin.py:188} INFO - Downloaded AAPL/1760968013.json -> /tmp/minio_downloads/1760968013.json
[2025-10-20T13:56:43.335+0000] {logging_mixin.py:188} INFO - Downloaded AAPL/1760968025.json -> /tmp/minio_downloads/1760968025.json
[2025-10-20T13:56:43.345+0000] {logging_mixin.py:188} INFO - Downloaded AAPL/1760968036.json -> /tmp/minio_downloads/1760968036.json
[2025-10-20T13:56:43.355+0000] {logging_mixin.py:188} INFO - Downloaded AAPL/1760968048.json -> /tmp/minio_downloads/1760968048.json
[2025-10-20T13:56:43.365+0000] {logging_mixin.py:188} INFO - Downloaded AAPL/1760968058.json -> /tmp/minio_downloads/1760968058.json
[2025-10-20T13:56:43.376+0000] {logging_mixin.py:188} INFO - Downloaded AAPL/1760968069.json -> /tmp/minio_downloads/1760968069.json
[2025-10-20T13:56:43.386+0000] {logging_mixin.py:188} INFO - Downloaded AAPL/1760968080.json -> /tmp/minio_downloads/1760968080.json
[2025-10-20T13:56:43.396+0000] {logging_mixin.py:188} INFO - Downloaded AAPL/1760968090.json -> /tmp/minio_downloads/1760968090.json
[2025-10-20T13:56:43.405+0000] {logging_mixin.py:188} INFO - Downloaded AAPL/1760968101.json -> /tmp/minio_downloads/1760968101.json
[2025-10-20T13:56:43.415+0000] {logging_mixin.py:188} INFO - Downloaded AAPL/1760968110.json -> /tmp/minio_downloads/1760968110.json
[2025-10-20T13:56:43.430+0000] {logging_mixin.py:188} INFO - Downloaded AAPL/1760968120.json -> /tmp/minio_downloads/1760968120.json
[2025-10-20T13:56:43.446+0000] {logging_mixin.py:188} INFO - Downloaded AAPL/1760968131.json -> /tmp/minio_downloads/1760968131.json
[2025-10-20T13:56:43.456+0000] {logging_mixin.py:188} INFO - Downloaded AAPL/1760968141.json -> /tmp/minio_downloads/1760968141.json
[2025-10-20T13:56:43.465+0000] {logging_mixin.py:188} INFO - Downloaded AAPL/1760968151.json -> /tmp/minio_downloads/1760968151.json
[2025-10-20T13:56:43.475+0000] {logging_mixin.py:188} INFO - Downloaded AAPL/1760968163.json -> /tmp/minio_downloads/1760968163.json
[2025-10-20T13:56:43.484+0000] {logging_mixin.py:188} INFO - Downloaded AAPL/1760968173.json -> /tmp/minio_downloads/1760968173.json
[2025-10-20T13:56:43.493+0000] {logging_mixin.py:188} INFO - Downloaded AAPL/1760968184.json -> /tmp/minio_downloads/1760968184.json
[2025-10-20T13:56:43.503+0000] {logging_mixin.py:188} INFO - Downloaded AAPL/1760968194.json -> /tmp/minio_downloads/1760968194.json
[2025-10-20T13:56:43.511+0000] {logging_mixin.py:188} INFO - Downloaded AAPL/1760968204.json -> /tmp/minio_downloads/1760968204.json
[2025-10-20T13:56:43.521+0000] {logging_mixin.py:188} INFO - Downloaded AAPL/1760968214.json -> /tmp/minio_downloads/1760968214.json
[2025-10-20T13:56:43.531+0000] {logging_mixin.py:188} INFO - Downloaded AAPL/1760968224.json -> /tmp/minio_downloads/1760968224.json
[2025-10-20T13:56:43.543+0000] {logging_mixin.py:188} INFO - Downloaded AAPL/1760968235.json -> /tmp/minio_downloads/1760968235.json
[2025-10-20T13:56:43.552+0000] {logging_mixin.py:188} INFO - Downloaded AAPL/1760968245.json -> /tmp/minio_downloads/1760968245.json
[2025-10-20T13:56:43.561+0000] {logging_mixin.py:188} INFO - Downloaded AAPL/1760968255.json -> /tmp/minio_downloads/1760968255.json
[2025-10-20T13:56:43.570+0000] {logging_mixin.py:188} INFO - Downloaded AAPL/1760968266.json -> /tmp/minio_downloads/1760968266.json
[2025-10-20T13:56:43.580+0000] {logging_mixin.py:188} INFO - Downloaded AAPL/1760968277.json -> /tmp/minio_downloads/1760968277.json
[2025-10-20T13:56:43.590+0000] {logging_mixin.py:188} INFO - Downloaded AAPL/1760968287.json -> /tmp/minio_downloads/1760968287.json
[2025-10-20T13:56:43.600+0000] {logging_mixin.py:188} INFO - Downloaded AAPL/1760968297.json -> /tmp/minio_downloads/1760968297.json
[2025-10-20T13:56:43.611+0000] {logging_mixin.py:188} INFO - Downloaded AAPL/1760968307.json -> /tmp/minio_downloads/1760968307.json
[2025-10-20T13:56:43.620+0000] {logging_mixin.py:188} INFO - Downloaded AAPL/1760968317.json -> /tmp/minio_downloads/1760968317.json
[2025-10-20T13:56:43.629+0000] {logging_mixin.py:188} INFO - Downloaded AAPL/1760968328.json -> /tmp/minio_downloads/1760968328.json
[2025-10-20T13:56:43.639+0000] {logging_mixin.py:188} INFO - Downloaded AAPL/1760968338.json -> /tmp/minio_downloads/1760968338.json
[2025-10-20T13:56:43.648+0000] {logging_mixin.py:188} INFO - Downloaded AAPL/1760968348.json -> /tmp/minio_downloads/1760968348.json
[2025-10-20T13:56:43.658+0000] {logging_mixin.py:188} INFO - Downloaded AAPL/1760968358.json -> /tmp/minio_downloads/1760968358.json
[2025-10-20T13:56:43.667+0000] {logging_mixin.py:188} INFO - Downloaded AAPL/1760968369.json -> /tmp/minio_downloads/1760968369.json
[2025-10-20T13:56:43.676+0000] {logging_mixin.py:188} INFO - Downloaded AAPL/1760968379.json -> /tmp/minio_downloads/1760968379.json
[2025-10-20T13:56:43.684+0000] {logging_mixin.py:188} INFO - Downloaded AAPL/1760968389.json -> /tmp/minio_downloads/1760968389.json
[2025-10-20T13:56:43.693+0000] {logging_mixin.py:188} INFO - Downloaded AAPL/1760968399.json -> /tmp/minio_downloads/1760968399.json
[2025-10-20T13:56:43.701+0000] {logging_mixin.py:188} INFO - Downloaded AAPL/1760968409.json -> /tmp/minio_downloads/1760968409.json
[2025-10-20T13:56:43.710+0000] {logging_mixin.py:188} INFO - Downloaded AAPL/1760968419.json -> /tmp/minio_downloads/1760968419.json
[2025-10-20T13:56:43.719+0000] {logging_mixin.py:188} INFO - Downloaded AAPL/1760968430.json -> /tmp/minio_downloads/1760968430.json
[2025-10-20T13:56:43.728+0000] {logging_mixin.py:188} INFO - Downloaded AAPL/1760968440.json -> /tmp/minio_downloads/1760968440.json
[2025-10-20T13:56:43.736+0000] {logging_mixin.py:188} INFO - Downloaded AAPL/1760968450.json -> /tmp/minio_downloads/1760968450.json
[2025-10-20T13:56:43.745+0000] {logging_mixin.py:188} INFO - Downloaded AAPL/1760968460.json -> /tmp/minio_downloads/1760968460.json
[2025-10-20T13:56:43.753+0000] {logging_mixin.py:188} INFO - Downloaded AAPL/1760968471.json -> /tmp/minio_downloads/1760968471.json
[2025-10-20T13:56:43.763+0000] {logging_mixin.py:188} INFO - Downloaded AAPL/1760968482.json -> /tmp/minio_downloads/1760968482.json
[2025-10-20T13:56:43.772+0000] {logging_mixin.py:188} INFO - Downloaded AAPL/1760968493.json -> /tmp/minio_downloads/1760968493.json
[2025-10-20T13:56:43.780+0000] {logging_mixin.py:188} INFO - Downloaded AAPL/1760968503.json -> /tmp/minio_downloads/1760968503.json
[2025-10-20T13:56:43.789+0000] {logging_mixin.py:188} INFO - Downloaded AAPL/1760968513.json -> /tmp/minio_downloads/1760968513.json
[2025-10-20T13:56:43.798+0000] {logging_mixin.py:188} INFO - Downloaded AAPL/1760968523.json -> /tmp/minio_downloads/1760968523.json
[2025-10-20T13:56:43.806+0000] {logging_mixin.py:188} INFO - Downloaded AAPL/1760968533.json -> /tmp/minio_downloads/1760968533.json
[2025-10-20T13:56:43.816+0000] {logging_mixin.py:188} INFO - Downloaded AAPL/1760968543.json -> /tmp/minio_downloads/1760968543.json
[2025-10-20T13:56:43.827+0000] {logging_mixin.py:188} INFO - Downloaded AAPL/1760968553.json -> /tmp/minio_downloads/1760968553.json
[2025-10-20T13:56:43.837+0000] {logging_mixin.py:188} INFO - Downloaded AAPL/1760968563.json -> /tmp/minio_downloads/1760968563.json
[2025-10-20T13:56:43.847+0000] {logging_mixin.py:188} INFO - Downloaded AAPL/1760968573.json -> /tmp/minio_downloads/1760968573.json
[2025-10-20T13:56:43.857+0000] {logging_mixin.py:188} INFO - Downloaded AAPL/1760968583.json -> /tmp/minio_downloads/1760968583.json
[2025-10-20T13:56:43.868+0000] {logging_mixin.py:188} INFO - Downloaded AAPL/1760968594.json -> /tmp/minio_downloads/1760968594.json
[2025-10-20T13:56:43.878+0000] {logging_mixin.py:188} INFO - Downloaded AMZN/1760967517.json -> /tmp/minio_downloads/1760967517.json
[2025-10-20T13:56:43.889+0000] {logging_mixin.py:188} INFO - Downloaded AMZN/1760967529.json -> /tmp/minio_downloads/1760967529.json
[2025-10-20T13:56:43.900+0000] {logging_mixin.py:188} INFO - Downloaded AMZN/1760967540.json -> /tmp/minio_downloads/1760967540.json
[2025-10-20T13:56:43.910+0000] {logging_mixin.py:188} INFO - Downloaded AMZN/1760967551.json -> /tmp/minio_downloads/1760967551.json
[2025-10-20T13:56:43.921+0000] {logging_mixin.py:188} INFO - Downloaded AMZN/1760967563.json -> /tmp/minio_downloads/1760967563.json
[2025-10-20T13:56:43.931+0000] {logging_mixin.py:188} INFO - Downloaded AMZN/1760967574.json -> /tmp/minio_downloads/1760967574.json
[2025-10-20T13:56:43.941+0000] {logging_mixin.py:188} INFO - Downloaded AMZN/1760967585.json -> /tmp/minio_downloads/1760967585.json
[2025-10-20T13:56:43.952+0000] {logging_mixin.py:188} INFO - Downloaded AMZN/1760967597.json -> /tmp/minio_downloads/1760967597.json
[2025-10-20T13:56:43.961+0000] {logging_mixin.py:188} INFO - Downloaded AMZN/1760967608.json -> /tmp/minio_downloads/1760967608.json
[2025-10-20T13:56:43.971+0000] {logging_mixin.py:188} INFO - Downloaded AMZN/1760967620.json -> /tmp/minio_downloads/1760967620.json
[2025-10-20T13:56:43.981+0000] {logging_mixin.py:188} INFO - Downloaded AMZN/1760967632.json -> /tmp/minio_downloads/1760967632.json
[2025-10-20T13:56:43.992+0000] {logging_mixin.py:188} INFO - Downloaded AMZN/1760967643.json -> /tmp/minio_downloads/1760967643.json
[2025-10-20T13:56:44.003+0000] {logging_mixin.py:188} INFO - Downloaded AMZN/1760967655.json -> /tmp/minio_downloads/1760967655.json
[2025-10-20T13:56:44.014+0000] {logging_mixin.py:188} INFO - Downloaded AMZN/1760967667.json -> /tmp/minio_downloads/1760967667.json
[2025-10-20T13:56:44.024+0000] {logging_mixin.py:188} INFO - Downloaded AMZN/1760967678.json -> /tmp/minio_downloads/1760967678.json
[2025-10-20T13:56:44.034+0000] {logging_mixin.py:188} INFO - Downloaded AMZN/1760967689.json -> /tmp/minio_downloads/1760967689.json
[2025-10-20T13:56:44.045+0000] {logging_mixin.py:188} INFO - Downloaded AMZN/1760967701.json -> /tmp/minio_downloads/1760967701.json
[2025-10-20T13:56:44.056+0000] {logging_mixin.py:188} INFO - Downloaded AMZN/1760967712.json -> /tmp/minio_downloads/1760967712.json
[2025-10-20T13:56:44.066+0000] {logging_mixin.py:188} INFO - Downloaded AMZN/1760967724.json -> /tmp/minio_downloads/1760967724.json
[2025-10-20T13:56:44.077+0000] {logging_mixin.py:188} INFO - Downloaded AMZN/1760967736.json -> /tmp/minio_downloads/1760967736.json
[2025-10-20T13:56:44.088+0000] {logging_mixin.py:188} INFO - Downloaded AMZN/1760967747.json -> /tmp/minio_downloads/1760967747.json
[2025-10-20T13:56:44.097+0000] {logging_mixin.py:188} INFO - Downloaded AMZN/1760967759.json -> /tmp/minio_downloads/1760967759.json
[2025-10-20T13:56:44.108+0000] {logging_mixin.py:188} INFO - Downloaded AMZN/1760967770.json -> /tmp/minio_downloads/1760967770.json
[2025-10-20T13:56:44.118+0000] {logging_mixin.py:188} INFO - Downloaded AMZN/1760967782.json -> /tmp/minio_downloads/1760967782.json
[2025-10-20T13:56:44.128+0000] {logging_mixin.py:188} INFO - Downloaded AMZN/1760967794.json -> /tmp/minio_downloads/1760967794.json
[2025-10-20T13:56:44.139+0000] {logging_mixin.py:188} INFO - Downloaded AMZN/1760967805.json -> /tmp/minio_downloads/1760967805.json
[2025-10-20T13:56:44.149+0000] {logging_mixin.py:188} INFO - Downloaded AMZN/1760967819.json -> /tmp/minio_downloads/1760967819.json
[2025-10-20T13:56:44.160+0000] {logging_mixin.py:188} INFO - Downloaded AMZN/1760967830.json -> /tmp/minio_downloads/1760967830.json
[2025-10-20T13:56:44.171+0000] {logging_mixin.py:188} INFO - Downloaded AMZN/1760967842.json -> /tmp/minio_downloads/1760967842.json
[2025-10-20T13:56:44.183+0000] {logging_mixin.py:188} INFO - Downloaded AMZN/1760967854.json -> /tmp/minio_downloads/1760967854.json
[2025-10-20T13:56:44.196+0000] {logging_mixin.py:188} INFO - Downloaded AMZN/1760967866.json -> /tmp/minio_downloads/1760967866.json
[2025-10-20T13:56:44.208+0000] {logging_mixin.py:188} INFO - Downloaded AMZN/1760967877.json -> /tmp/minio_downloads/1760967877.json
[2025-10-20T13:56:44.219+0000] {logging_mixin.py:188} INFO - Downloaded AMZN/1760967889.json -> /tmp/minio_downloads/1760967889.json
[2025-10-20T13:56:44.230+0000] {logging_mixin.py:188} INFO - Downloaded AMZN/1760967900.json -> /tmp/minio_downloads/1760967900.json
[2025-10-20T13:56:44.241+0000] {logging_mixin.py:188} INFO - Downloaded AMZN/1760967972.json -> /tmp/minio_downloads/1760967972.json
[2025-10-20T13:56:44.253+0000] {logging_mixin.py:188} INFO - Downloaded AMZN/1760967983.json -> /tmp/minio_downloads/1760967983.json
[2025-10-20T13:56:44.265+0000] {logging_mixin.py:188} INFO - Downloaded AMZN/1760967994.json -> /tmp/minio_downloads/1760967994.json
[2025-10-20T13:56:44.277+0000] {logging_mixin.py:188} INFO - Downloaded AMZN/1760968006.json -> /tmp/minio_downloads/1760968006.json
[2025-10-20T13:56:44.290+0000] {logging_mixin.py:188} INFO - Downloaded AMZN/1760968018.json -> /tmp/minio_downloads/1760968018.json
[2025-10-20T13:56:44.300+0000] {logging_mixin.py:188} INFO - Downloaded AMZN/1760968029.json -> /tmp/minio_downloads/1760968029.json
[2025-10-20T13:56:44.311+0000] {logging_mixin.py:188} INFO - Downloaded AMZN/1760968041.json -> /tmp/minio_downloads/1760968041.json
[2025-10-20T13:56:44.321+0000] {logging_mixin.py:188} INFO - Downloaded AMZN/1760968052.json -> /tmp/minio_downloads/1760968052.json
[2025-10-20T13:56:44.332+0000] {logging_mixin.py:188} INFO - Downloaded AMZN/1760968062.json -> /tmp/minio_downloads/1760968062.json
[2025-10-20T13:56:44.343+0000] {logging_mixin.py:188} INFO - Downloaded AMZN/1760968073.json -> /tmp/minio_downloads/1760968073.json
[2025-10-20T13:56:44.353+0000] {logging_mixin.py:188} INFO - Downloaded AMZN/1760968083.json -> /tmp/minio_downloads/1760968083.json
[2025-10-20T13:56:44.362+0000] {logging_mixin.py:188} INFO - Downloaded AMZN/1760968093.json -> /tmp/minio_downloads/1760968093.json
[2025-10-20T13:56:44.372+0000] {logging_mixin.py:188} INFO - Downloaded AMZN/1760968103.json -> /tmp/minio_downloads/1760968103.json
[2025-10-20T13:56:44.382+0000] {logging_mixin.py:188} INFO - Downloaded AMZN/1760968114.json -> /tmp/minio_downloads/1760968114.json
[2025-10-20T13:56:44.392+0000] {logging_mixin.py:188} INFO - Downloaded AMZN/1760968124.json -> /tmp/minio_downloads/1760968124.json
[2025-10-20T13:56:44.401+0000] {logging_mixin.py:188} INFO - Downloaded AMZN/1760968134.json -> /tmp/minio_downloads/1760968134.json
[2025-10-20T13:56:44.411+0000] {logging_mixin.py:188} INFO - Downloaded AMZN/1760968144.json -> /tmp/minio_downloads/1760968144.json
[2025-10-20T13:56:44.421+0000] {logging_mixin.py:188} INFO - Downloaded AMZN/1760968156.json -> /tmp/minio_downloads/1760968156.json
[2025-10-20T13:56:44.431+0000] {logging_mixin.py:188} INFO - Downloaded AMZN/1760968166.json -> /tmp/minio_downloads/1760968166.json
[2025-10-20T13:56:44.442+0000] {logging_mixin.py:188} INFO - Downloaded AMZN/1760968177.json -> /tmp/minio_downloads/1760968177.json
[2025-10-20T13:56:44.451+0000] {logging_mixin.py:188} INFO - Downloaded AMZN/1760968187.json -> /tmp/minio_downloads/1760968187.json
[2025-10-20T13:56:44.460+0000] {logging_mixin.py:188} INFO - Downloaded AMZN/1760968198.json -> /tmp/minio_downloads/1760968198.json
[2025-10-20T13:56:44.470+0000] {logging_mixin.py:188} INFO - Downloaded AMZN/1760968207.json -> /tmp/minio_downloads/1760968207.json
[2025-10-20T13:56:44.480+0000] {logging_mixin.py:188} INFO - Downloaded AMZN/1760968217.json -> /tmp/minio_downloads/1760968217.json
[2025-10-20T13:56:44.490+0000] {logging_mixin.py:188} INFO - Downloaded AMZN/1760968228.json -> /tmp/minio_downloads/1760968228.json
[2025-10-20T13:56:44.500+0000] {logging_mixin.py:188} INFO - Downloaded AMZN/1760968238.json -> /tmp/minio_downloads/1760968238.json
[2025-10-20T13:56:44.511+0000] {logging_mixin.py:188} INFO - Downloaded AMZN/1760968248.json -> /tmp/minio_downloads/1760968248.json
[2025-10-20T13:56:44.522+0000] {logging_mixin.py:188} INFO - Downloaded AMZN/1760968258.json -> /tmp/minio_downloads/1760968258.json
[2025-10-20T13:56:44.533+0000] {logging_mixin.py:188} INFO - Downloaded AMZN/1760968270.json -> /tmp/minio_downloads/1760968270.json
[2025-10-20T13:56:44.546+0000] {logging_mixin.py:188} INFO - Downloaded AMZN/1760968280.json -> /tmp/minio_downloads/1760968280.json
[2025-10-20T13:56:44.557+0000] {logging_mixin.py:188} INFO - Downloaded AMZN/1760968290.json -> /tmp/minio_downloads/1760968290.json
[2025-10-20T13:56:44.570+0000] {logging_mixin.py:188} INFO - Downloaded AMZN/1760968301.json -> /tmp/minio_downloads/1760968301.json
[2025-10-20T13:56:44.580+0000] {logging_mixin.py:188} INFO - Downloaded AMZN/1760968311.json -> /tmp/minio_downloads/1760968311.json
[2025-10-20T13:56:44.593+0000] {logging_mixin.py:188} INFO - Downloaded AMZN/1760968321.json -> /tmp/minio_downloads/1760968321.json
[2025-10-20T13:56:44.604+0000] {logging_mixin.py:188} INFO - Downloaded AMZN/1760968331.json -> /tmp/minio_downloads/1760968331.json
[2025-10-20T13:56:44.615+0000] {logging_mixin.py:188} INFO - Downloaded AMZN/1760968341.json -> /tmp/minio_downloads/1760968341.json
[2025-10-20T13:56:44.627+0000] {logging_mixin.py:188} INFO - Downloaded AMZN/1760968351.json -> /tmp/minio_downloads/1760968351.json
[2025-10-20T13:56:44.637+0000] {logging_mixin.py:188} INFO - Downloaded AMZN/1760968362.json -> /tmp/minio_downloads/1760968362.json
[2025-10-20T13:56:44.646+0000] {logging_mixin.py:188} INFO - Downloaded AMZN/1760968372.json -> /tmp/minio_downloads/1760968372.json
[2025-10-20T13:56:44.657+0000] {logging_mixin.py:188} INFO - Downloaded AMZN/1760968382.json -> /tmp/minio_downloads/1760968382.json
[2025-10-20T13:56:44.667+0000] {logging_mixin.py:188} INFO - Downloaded AMZN/1760968392.json -> /tmp/minio_downloads/1760968392.json
[2025-10-20T13:56:44.677+0000] {logging_mixin.py:188} INFO - Downloaded AMZN/1760968402.json -> /tmp/minio_downloads/1760968402.json
[2025-10-20T13:56:44.686+0000] {logging_mixin.py:188} INFO - Downloaded AMZN/1760968412.json -> /tmp/minio_downloads/1760968412.json
[2025-10-20T13:56:44.696+0000] {logging_mixin.py:188} INFO - Downloaded AMZN/1760968423.json -> /tmp/minio_downloads/1760968423.json
[2025-10-20T13:56:44.706+0000] {logging_mixin.py:188} INFO - Downloaded AMZN/1760968433.json -> /tmp/minio_downloads/1760968433.json
[2025-10-20T13:56:44.717+0000] {logging_mixin.py:188} INFO - Downloaded AMZN/1760968443.json -> /tmp/minio_downloads/1760968443.json
[2025-10-20T13:56:44.727+0000] {logging_mixin.py:188} INFO - Downloaded AMZN/1760968453.json -> /tmp/minio_downloads/1760968453.json
[2025-10-20T13:56:44.737+0000] {logging_mixin.py:188} INFO - Downloaded AMZN/1760968464.json -> /tmp/minio_downloads/1760968464.json
[2025-10-20T13:56:44.747+0000] {logging_mixin.py:188} INFO - Downloaded AMZN/1760968475.json -> /tmp/minio_downloads/1760968475.json
[2025-10-20T13:56:44.757+0000] {logging_mixin.py:188} INFO - Downloaded AMZN/1760968486.json -> /tmp/minio_downloads/1760968486.json
[2025-10-20T13:56:44.767+0000] {logging_mixin.py:188} INFO - Downloaded AMZN/1760968496.json -> /tmp/minio_downloads/1760968496.json
[2025-10-20T13:56:44.777+0000] {logging_mixin.py:188} INFO - Downloaded AMZN/1760968506.json -> /tmp/minio_downloads/1760968506.json
[2025-10-20T13:56:44.787+0000] {logging_mixin.py:188} INFO - Downloaded AMZN/1760968516.json -> /tmp/minio_downloads/1760968516.json
[2025-10-20T13:56:44.796+0000] {logging_mixin.py:188} INFO - Downloaded AMZN/1760968526.json -> /tmp/minio_downloads/1760968526.json
[2025-10-20T13:56:44.806+0000] {logging_mixin.py:188} INFO - Downloaded AMZN/1760968536.json -> /tmp/minio_downloads/1760968536.json
[2025-10-20T13:56:44.816+0000] {logging_mixin.py:188} INFO - Downloaded AMZN/1760968546.json -> /tmp/minio_downloads/1760968546.json
[2025-10-20T13:56:44.826+0000] {logging_mixin.py:188} INFO - Downloaded AMZN/1760968556.json -> /tmp/minio_downloads/1760968556.json
[2025-10-20T13:56:44.836+0000] {logging_mixin.py:188} INFO - Downloaded AMZN/1760968566.json -> /tmp/minio_downloads/1760968566.json
[2025-10-20T13:56:44.846+0000] {logging_mixin.py:188} INFO - Downloaded AMZN/1760968576.json -> /tmp/minio_downloads/1760968576.json
[2025-10-20T13:56:44.857+0000] {logging_mixin.py:188} INFO - Downloaded AMZN/1760968587.json -> /tmp/minio_downloads/1760968587.json
[2025-10-20T13:56:44.868+0000] {logging_mixin.py:188} INFO - Downloaded AMZN/1760968598.json -> /tmp/minio_downloads/1760968598.json
[2025-10-20T13:56:44.878+0000] {logging_mixin.py:188} INFO - Downloaded GOOGL/1760967516.json -> /tmp/minio_downloads/1760967516.json
[2025-10-20T13:56:44.888+0000] {logging_mixin.py:188} INFO - Downloaded GOOGL/1760967528.json -> /tmp/minio_downloads/1760967528.json
[2025-10-20T13:56:44.899+0000] {logging_mixin.py:188} INFO - Downloaded GOOGL/1760967539.json -> /tmp/minio_downloads/1760967539.json
[2025-10-20T13:56:44.909+0000] {logging_mixin.py:188} INFO - Downloaded GOOGL/1760967550.json -> /tmp/minio_downloads/1760967550.json
[2025-10-20T13:56:44.919+0000] {logging_mixin.py:188} INFO - Downloaded GOOGL/1760967561.json -> /tmp/minio_downloads/1760967561.json
[2025-10-20T13:56:44.929+0000] {logging_mixin.py:188} INFO - Downloaded GOOGL/1760967573.json -> /tmp/minio_downloads/1760967573.json
[2025-10-20T13:56:44.940+0000] {logging_mixin.py:188} INFO - Downloaded GOOGL/1760967584.json -> /tmp/minio_downloads/1760967584.json
[2025-10-20T13:56:44.950+0000] {logging_mixin.py:188} INFO - Downloaded GOOGL/1760967596.json -> /tmp/minio_downloads/1760967596.json
[2025-10-20T13:56:44.961+0000] {logging_mixin.py:188} INFO - Downloaded GOOGL/1760967607.json -> /tmp/minio_downloads/1760967607.json
[2025-10-20T13:56:44.971+0000] {logging_mixin.py:188} INFO - Downloaded GOOGL/1760967619.json -> /tmp/minio_downloads/1760967619.json
[2025-10-20T13:56:44.981+0000] {logging_mixin.py:188} INFO - Downloaded GOOGL/1760967631.json -> /tmp/minio_downloads/1760967631.json
[2025-10-20T13:56:44.992+0000] {logging_mixin.py:188} INFO - Downloaded GOOGL/1760967642.json -> /tmp/minio_downloads/1760967642.json
[2025-10-20T13:56:45.002+0000] {logging_mixin.py:188} INFO - Downloaded GOOGL/1760967654.json -> /tmp/minio_downloads/1760967654.json
[2025-10-20T13:56:45.013+0000] {logging_mixin.py:188} INFO - Downloaded GOOGL/1760967666.json -> /tmp/minio_downloads/1760967666.json
[2025-10-20T13:56:45.024+0000] {logging_mixin.py:188} INFO - Downloaded GOOGL/1760967677.json -> /tmp/minio_downloads/1760967677.json
[2025-10-20T13:56:45.035+0000] {logging_mixin.py:188} INFO - Downloaded GOOGL/1760967688.json -> /tmp/minio_downloads/1760967688.json
[2025-10-20T13:56:45.048+0000] {logging_mixin.py:188} INFO - Downloaded GOOGL/1760967700.json -> /tmp/minio_downloads/1760967700.json
[2025-10-20T13:56:45.060+0000] {logging_mixin.py:188} INFO - Downloaded GOOGL/1760967712.json -> /tmp/minio_downloads/1760967712.json
[2025-10-20T13:56:45.069+0000] {logging_mixin.py:188} INFO - Downloaded GOOGL/1760967723.json -> /tmp/minio_downloads/1760967723.json
[2025-10-20T13:56:45.078+0000] {logging_mixin.py:188} INFO - Downloaded GOOGL/1760967735.json -> /tmp/minio_downloads/1760967735.json
[2025-10-20T13:56:45.087+0000] {logging_mixin.py:188} INFO - Downloaded GOOGL/1760967746.json -> /tmp/minio_downloads/1760967746.json
[2025-10-20T13:56:45.097+0000] {logging_mixin.py:188} INFO - Downloaded GOOGL/1760967758.json -> /tmp/minio_downloads/1760967758.json
[2025-10-20T13:56:45.105+0000] {logging_mixin.py:188} INFO - Downloaded GOOGL/1760967769.json -> /tmp/minio_downloads/1760967769.json
[2025-10-20T13:56:45.114+0000] {logging_mixin.py:188} INFO - Downloaded GOOGL/1760967781.json -> /tmp/minio_downloads/1760967781.json
[2025-10-20T13:56:45.123+0000] {logging_mixin.py:188} INFO - Downloaded GOOGL/1760967793.json -> /tmp/minio_downloads/1760967793.json
[2025-10-20T13:56:45.132+0000] {logging_mixin.py:188} INFO - Downloaded GOOGL/1760967804.json -> /tmp/minio_downloads/1760967804.json
[2025-10-20T13:56:45.140+0000] {logging_mixin.py:188} INFO - Downloaded GOOGL/1760967818.json -> /tmp/minio_downloads/1760967818.json
[2025-10-20T13:56:45.149+0000] {logging_mixin.py:188} INFO - Downloaded GOOGL/1760967829.json -> /tmp/minio_downloads/1760967829.json
[2025-10-20T13:56:45.158+0000] {logging_mixin.py:188} INFO - Downloaded GOOGL/1760967841.json -> /tmp/minio_downloads/1760967841.json
[2025-10-20T13:56:45.168+0000] {logging_mixin.py:188} INFO - Downloaded GOOGL/1760967853.json -> /tmp/minio_downloads/1760967853.json
[2025-10-20T13:56:45.177+0000] {logging_mixin.py:188} INFO - Downloaded GOOGL/1760967864.json -> /tmp/minio_downloads/1760967864.json
[2025-10-20T13:56:45.186+0000] {logging_mixin.py:188} INFO - Downloaded GOOGL/1760967876.json -> /tmp/minio_downloads/1760967876.json
[2025-10-20T13:56:45.195+0000] {logging_mixin.py:188} INFO - Downloaded GOOGL/1760967888.json -> /tmp/minio_downloads/1760967888.json
[2025-10-20T13:56:45.204+0000] {logging_mixin.py:188} INFO - Downloaded GOOGL/1760967899.json -> /tmp/minio_downloads/1760967899.json
[2025-10-20T13:56:45.213+0000] {logging_mixin.py:188} INFO - Downloaded GOOGL/1760967971.json -> /tmp/minio_downloads/1760967971.json
[2025-10-20T13:56:45.222+0000] {logging_mixin.py:188} INFO - Downloaded GOOGL/1760967982.json -> /tmp/minio_downloads/1760967982.json
[2025-10-20T13:56:45.230+0000] {logging_mixin.py:188} INFO - Downloaded GOOGL/1760967993.json -> /tmp/minio_downloads/1760967993.json
[2025-10-20T13:56:45.239+0000] {logging_mixin.py:188} INFO - Downloaded GOOGL/1760968005.json -> /tmp/minio_downloads/1760968005.json
[2025-10-20T13:56:45.248+0000] {logging_mixin.py:188} INFO - Downloaded GOOGL/1760968016.json -> /tmp/minio_downloads/1760968016.json
[2025-10-20T13:56:45.257+0000] {logging_mixin.py:188} INFO - Downloaded GOOGL/1760968028.json -> /tmp/minio_downloads/1760968028.json
[2025-10-20T13:56:45.266+0000] {logging_mixin.py:188} INFO - Downloaded GOOGL/1760968039.json -> /tmp/minio_downloads/1760968039.json
[2025-10-20T13:56:45.275+0000] {logging_mixin.py:188} INFO - Downloaded GOOGL/1760968051.json -> /tmp/minio_downloads/1760968051.json
[2025-10-20T13:56:45.283+0000] {logging_mixin.py:188} INFO - Downloaded GOOGL/1760968061.json -> /tmp/minio_downloads/1760968061.json
[2025-10-20T13:56:45.292+0000] {logging_mixin.py:188} INFO - Downloaded GOOGL/1760968072.json -> /tmp/minio_downloads/1760968072.json
[2025-10-20T13:56:45.300+0000] {logging_mixin.py:188} INFO - Downloaded GOOGL/1760968082.json -> /tmp/minio_downloads/1760968082.json
[2025-10-20T13:56:45.309+0000] {logging_mixin.py:188} INFO - Downloaded GOOGL/1760968092.json -> /tmp/minio_downloads/1760968092.json
[2025-10-20T13:56:45.318+0000] {logging_mixin.py:188} INFO - Downloaded GOOGL/1760968103.json -> /tmp/minio_downloads/1760968103.json
[2025-10-20T13:56:45.328+0000] {logging_mixin.py:188} INFO - Downloaded GOOGL/1760968113.json -> /tmp/minio_downloads/1760968113.json
[2025-10-20T13:56:45.337+0000] {logging_mixin.py:188} INFO - Downloaded GOOGL/1760968123.json -> /tmp/minio_downloads/1760968123.json
[2025-10-20T13:56:45.346+0000] {logging_mixin.py:188} INFO - Downloaded GOOGL/1760968133.json -> /tmp/minio_downloads/1760968133.json
[2025-10-20T13:56:45.354+0000] {logging_mixin.py:188} INFO - Downloaded GOOGL/1760968143.json -> /tmp/minio_downloads/1760968143.json
[2025-10-20T13:56:45.363+0000] {logging_mixin.py:188} INFO - Downloaded GOOGL/1760968155.json -> /tmp/minio_downloads/1760968155.json
[2025-10-20T13:56:45.372+0000] {logging_mixin.py:188} INFO - Downloaded GOOGL/1760968166.json -> /tmp/minio_downloads/1760968166.json
[2025-10-20T13:56:45.380+0000] {logging_mixin.py:188} INFO - Downloaded GOOGL/1760968176.json -> /tmp/minio_downloads/1760968176.json
[2025-10-20T13:56:45.389+0000] {logging_mixin.py:188} INFO - Downloaded GOOGL/1760968186.json -> /tmp/minio_downloads/1760968186.json
[2025-10-20T13:56:45.398+0000] {logging_mixin.py:188} INFO - Downloaded GOOGL/1760968197.json -> /tmp/minio_downloads/1760968197.json
[2025-10-20T13:56:45.407+0000] {logging_mixin.py:188} INFO - Downloaded GOOGL/1760968207.json -> /tmp/minio_downloads/1760968207.json
[2025-10-20T13:56:45.416+0000] {logging_mixin.py:188} INFO - Downloaded GOOGL/1760968217.json -> /tmp/minio_downloads/1760968217.json
[2025-10-20T13:56:45.426+0000] {logging_mixin.py:188} INFO - Downloaded GOOGL/1760968227.json -> /tmp/minio_downloads/1760968227.json
[2025-10-20T13:56:45.434+0000] {logging_mixin.py:188} INFO - Downloaded GOOGL/1760968237.json -> /tmp/minio_downloads/1760968237.json
[2025-10-20T13:56:45.443+0000] {logging_mixin.py:188} INFO - Downloaded GOOGL/1760968247.json -> /tmp/minio_downloads/1760968247.json
[2025-10-20T13:56:45.453+0000] {logging_mixin.py:188} INFO - Downloaded GOOGL/1760968257.json -> /tmp/minio_downloads/1760968257.json
[2025-10-20T13:56:45.463+0000] {logging_mixin.py:188} INFO - Downloaded GOOGL/1760968269.json -> /tmp/minio_downloads/1760968269.json
[2025-10-20T13:56:45.472+0000] {logging_mixin.py:188} INFO - Downloaded GOOGL/1760968280.json -> /tmp/minio_downloads/1760968280.json
[2025-10-20T13:56:45.481+0000] {logging_mixin.py:188} INFO - Downloaded GOOGL/1760968290.json -> /tmp/minio_downloads/1760968290.json
[2025-10-20T13:56:45.491+0000] {logging_mixin.py:188} INFO - Downloaded GOOGL/1760968300.json -> /tmp/minio_downloads/1760968300.json
[2025-10-20T13:56:45.499+0000] {logging_mixin.py:188} INFO - Downloaded GOOGL/1760968310.json -> /tmp/minio_downloads/1760968310.json
[2025-10-20T13:56:45.508+0000] {logging_mixin.py:188} INFO - Downloaded GOOGL/1760968320.json -> /tmp/minio_downloads/1760968320.json
[2025-10-20T13:56:45.516+0000] {logging_mixin.py:188} INFO - Downloaded GOOGL/1760968330.json -> /tmp/minio_downloads/1760968330.json
[2025-10-20T13:56:45.526+0000] {logging_mixin.py:188} INFO - Downloaded GOOGL/1760968340.json -> /tmp/minio_downloads/1760968340.json
[2025-10-20T13:56:45.534+0000] {logging_mixin.py:188} INFO - Downloaded GOOGL/1760968351.json -> /tmp/minio_downloads/1760968351.json
[2025-10-20T13:56:45.542+0000] {logging_mixin.py:188} INFO - Downloaded GOOGL/1760968361.json -> /tmp/minio_downloads/1760968361.json
[2025-10-20T13:56:45.552+0000] {logging_mixin.py:188} INFO - Downloaded GOOGL/1760968371.json -> /tmp/minio_downloads/1760968371.json
[2025-10-20T13:56:45.560+0000] {logging_mixin.py:188} INFO - Downloaded GOOGL/1760968381.json -> /tmp/minio_downloads/1760968381.json
[2025-10-20T13:56:45.569+0000] {logging_mixin.py:188} INFO - Downloaded GOOGL/1760968391.json -> /tmp/minio_downloads/1760968391.json
[2025-10-20T13:56:45.578+0000] {logging_mixin.py:188} INFO - Downloaded GOOGL/1760968401.json -> /tmp/minio_downloads/1760968401.json
[2025-10-20T13:56:45.587+0000] {logging_mixin.py:188} INFO - Downloaded GOOGL/1760968412.json -> /tmp/minio_downloads/1760968412.json
[2025-10-20T13:56:45.597+0000] {logging_mixin.py:188} INFO - Downloaded GOOGL/1760968422.json -> /tmp/minio_downloads/1760968422.json
[2025-10-20T13:56:45.605+0000] {logging_mixin.py:188} INFO - Downloaded GOOGL/1760968432.json -> /tmp/minio_downloads/1760968432.json
[2025-10-20T13:56:45.614+0000] {logging_mixin.py:188} INFO - Downloaded GOOGL/1760968442.json -> /tmp/minio_downloads/1760968442.json
[2025-10-20T13:56:45.623+0000] {logging_mixin.py:188} INFO - Downloaded GOOGL/1760968452.json -> /tmp/minio_downloads/1760968452.json
[2025-10-20T13:56:45.631+0000] {logging_mixin.py:188} INFO - Downloaded GOOGL/1760968463.json -> /tmp/minio_downloads/1760968463.json
[2025-10-20T13:56:45.640+0000] {logging_mixin.py:188} INFO - Downloaded GOOGL/1760968474.json -> /tmp/minio_downloads/1760968474.json
[2025-10-20T13:56:45.648+0000] {logging_mixin.py:188} INFO - Downloaded GOOGL/1760968485.json -> /tmp/minio_downloads/1760968485.json
[2025-10-20T13:56:45.658+0000] {logging_mixin.py:188} INFO - Downloaded GOOGL/1760968495.json -> /tmp/minio_downloads/1760968495.json
[2025-10-20T13:56:45.666+0000] {logging_mixin.py:188} INFO - Downloaded GOOGL/1760968506.json -> /tmp/minio_downloads/1760968506.json
[2025-10-20T13:56:45.675+0000] {logging_mixin.py:188} INFO - Downloaded GOOGL/1760968516.json -> /tmp/minio_downloads/1760968516.json
[2025-10-20T13:56:45.684+0000] {logging_mixin.py:188} INFO - Downloaded GOOGL/1760968526.json -> /tmp/minio_downloads/1760968526.json
[2025-10-20T13:56:45.692+0000] {logging_mixin.py:188} INFO - Downloaded GOOGL/1760968536.json -> /tmp/minio_downloads/1760968536.json
[2025-10-20T13:56:45.700+0000] {logging_mixin.py:188} INFO - Downloaded GOOGL/1760968545.json -> /tmp/minio_downloads/1760968545.json
[2025-10-20T13:56:45.709+0000] {logging_mixin.py:188} INFO - Downloaded GOOGL/1760968555.json -> /tmp/minio_downloads/1760968555.json
[2025-10-20T13:56:45.717+0000] {logging_mixin.py:188} INFO - Downloaded GOOGL/1760968565.json -> /tmp/minio_downloads/1760968565.json
[2025-10-20T13:56:45.726+0000] {logging_mixin.py:188} INFO - Downloaded GOOGL/1760968575.json -> /tmp/minio_downloads/1760968575.json
[2025-10-20T13:56:45.735+0000] {logging_mixin.py:188} INFO - Downloaded GOOGL/1760968586.json -> /tmp/minio_downloads/1760968586.json
[2025-10-20T13:56:45.743+0000] {logging_mixin.py:188} INFO - Downloaded GOOGL/1760968598.json -> /tmp/minio_downloads/1760968598.json
[2025-10-20T13:56:45.751+0000] {logging_mixin.py:188} INFO - Downloaded MSFT/1760967514.json -> /tmp/minio_downloads/1760967514.json
[2025-10-20T13:56:45.760+0000] {logging_mixin.py:188} INFO - Downloaded MSFT/1760967525.json -> /tmp/minio_downloads/1760967525.json
[2025-10-20T13:56:45.768+0000] {logging_mixin.py:188} INFO - Downloaded MSFT/1760967537.json -> /tmp/minio_downloads/1760967537.json
[2025-10-20T13:56:45.777+0000] {logging_mixin.py:188} INFO - Downloaded MSFT/1760967548.json -> /tmp/minio_downloads/1760967548.json
[2025-10-20T13:56:45.786+0000] {logging_mixin.py:188} INFO - Downloaded MSFT/1760967559.json -> /tmp/minio_downloads/1760967559.json
[2025-10-20T13:56:45.795+0000] {logging_mixin.py:188} INFO - Downloaded MSFT/1760967571.json -> /tmp/minio_downloads/1760967571.json
[2025-10-20T13:56:45.804+0000] {logging_mixin.py:188} INFO - Downloaded MSFT/1760967582.json -> /tmp/minio_downloads/1760967582.json
[2025-10-20T13:56:45.813+0000] {logging_mixin.py:188} INFO - Downloaded MSFT/1760967594.json -> /tmp/minio_downloads/1760967594.json
[2025-10-20T13:56:45.822+0000] {logging_mixin.py:188} INFO - Downloaded MSFT/1760967605.json -> /tmp/minio_downloads/1760967605.json
[2025-10-20T13:56:45.830+0000] {logging_mixin.py:188} INFO - Downloaded MSFT/1760967617.json -> /tmp/minio_downloads/1760967617.json
[2025-10-20T13:56:45.839+0000] {logging_mixin.py:188} INFO - Downloaded MSFT/1760967628.json -> /tmp/minio_downloads/1760967628.json
[2025-10-20T13:56:45.850+0000] {logging_mixin.py:188} INFO - Downloaded MSFT/1760967640.json -> /tmp/minio_downloads/1760967640.json
[2025-10-20T13:56:45.859+0000] {logging_mixin.py:188} INFO - Downloaded MSFT/1760967651.json -> /tmp/minio_downloads/1760967651.json
[2025-10-20T13:56:45.868+0000] {logging_mixin.py:188} INFO - Downloaded MSFT/1760967664.json -> /tmp/minio_downloads/1760967664.json
[2025-10-20T13:56:45.877+0000] {logging_mixin.py:188} INFO - Downloaded MSFT/1760967675.json -> /tmp/minio_downloads/1760967675.json
[2025-10-20T13:56:45.886+0000] {logging_mixin.py:188} INFO - Downloaded MSFT/1760967686.json -> /tmp/minio_downloads/1760967686.json
[2025-10-20T13:56:45.895+0000] {logging_mixin.py:188} INFO - Downloaded MSFT/1760967698.json -> /tmp/minio_downloads/1760967698.json
[2025-10-20T13:56:45.904+0000] {logging_mixin.py:188} INFO - Downloaded MSFT/1760967709.json -> /tmp/minio_downloads/1760967709.json
[2025-10-20T13:56:45.913+0000] {logging_mixin.py:188} INFO - Downloaded MSFT/1760967721.json -> /tmp/minio_downloads/1760967721.json
[2025-10-20T13:56:45.922+0000] {logging_mixin.py:188} INFO - Downloaded MSFT/1760967733.json -> /tmp/minio_downloads/1760967733.json
[2025-10-20T13:56:45.932+0000] {logging_mixin.py:188} INFO - Downloaded MSFT/1760967744.json -> /tmp/minio_downloads/1760967744.json
[2025-10-20T13:56:45.941+0000] {logging_mixin.py:188} INFO - Downloaded MSFT/1760967755.json -> /tmp/minio_downloads/1760967755.json
[2025-10-20T13:56:45.950+0000] {logging_mixin.py:188} INFO - Downloaded MSFT/1760967767.json -> /tmp/minio_downloads/1760967767.json
[2025-10-20T13:56:45.959+0000] {logging_mixin.py:188} INFO - Downloaded MSFT/1760967778.json -> /tmp/minio_downloads/1760967778.json
[2025-10-20T13:56:45.967+0000] {logging_mixin.py:188} INFO - Downloaded MSFT/1760967790.json -> /tmp/minio_downloads/1760967790.json
[2025-10-20T13:56:45.976+0000] {logging_mixin.py:188} INFO - Downloaded MSFT/1760967802.json -> /tmp/minio_downloads/1760967802.json
[2025-10-20T13:56:45.984+0000] {logging_mixin.py:188} INFO - Downloaded MSFT/1760967814.json -> /tmp/minio_downloads/1760967814.json
[2025-10-20T13:56:45.993+0000] {logging_mixin.py:188} INFO - Downloaded MSFT/1760967827.json -> /tmp/minio_downloads/1760967827.json
[2025-10-20T13:56:46.002+0000] {logging_mixin.py:188} INFO - Downloaded MSFT/1760967838.json -> /tmp/minio_downloads/1760967838.json
[2025-10-20T13:56:46.011+0000] {logging_mixin.py:188} INFO - Downloaded MSFT/1760967850.json -> /tmp/minio_downloads/1760967850.json
[2025-10-20T13:56:46.020+0000] {logging_mixin.py:188} INFO - Downloaded MSFT/1760967862.json -> /tmp/minio_downloads/1760967862.json
[2025-10-20T13:56:46.028+0000] {logging_mixin.py:188} INFO - Downloaded MSFT/1760967874.json -> /tmp/minio_downloads/1760967874.json
[2025-10-20T13:56:46.037+0000] {logging_mixin.py:188} INFO - Downloaded MSFT/1760967885.json -> /tmp/minio_downloads/1760967885.json
[2025-10-20T13:56:46.047+0000] {logging_mixin.py:188} INFO - Downloaded MSFT/1760967897.json -> /tmp/minio_downloads/1760967897.json
[2025-10-20T13:56:46.057+0000] {logging_mixin.py:188} INFO - Downloaded MSFT/1760967980.json -> /tmp/minio_downloads/1760967980.json
[2025-10-20T13:56:46.068+0000] {logging_mixin.py:188} INFO - Downloaded MSFT/1760967991.json -> /tmp/minio_downloads/1760967991.json
[2025-10-20T13:56:46.081+0000] {logging_mixin.py:188} INFO - Downloaded MSFT/1760968003.json -> /tmp/minio_downloads/1760968003.json
[2025-10-20T13:56:46.100+0000] {logging_mixin.py:188} INFO - Downloaded MSFT/1760968014.json -> /tmp/minio_downloads/1760968014.json
[2025-10-20T13:56:46.115+0000] {logging_mixin.py:188} INFO - Downloaded MSFT/1760968026.json -> /tmp/minio_downloads/1760968026.json
[2025-10-20T13:56:46.130+0000] {logging_mixin.py:188} INFO - Downloaded MSFT/1760968037.json -> /tmp/minio_downloads/1760968037.json
[2025-10-20T13:56:46.144+0000] {logging_mixin.py:188} INFO - Downloaded MSFT/1760968049.json -> /tmp/minio_downloads/1760968049.json
[2025-10-20T13:56:46.153+0000] {logging_mixin.py:188} INFO - Downloaded MSFT/1760968059.json -> /tmp/minio_downloads/1760968059.json
[2025-10-20T13:56:46.162+0000] {logging_mixin.py:188} INFO - Downloaded MSFT/1760968070.json -> /tmp/minio_downloads/1760968070.json
[2025-10-20T13:56:46.171+0000] {logging_mixin.py:188} INFO - Downloaded MSFT/1760968080.json -> /tmp/minio_downloads/1760968080.json
[2025-10-20T13:56:46.181+0000] {logging_mixin.py:188} INFO - Downloaded MSFT/1760968091.json -> /tmp/minio_downloads/1760968091.json
[2025-10-20T13:56:46.190+0000] {logging_mixin.py:188} INFO - Downloaded MSFT/1760968101.json -> /tmp/minio_downloads/1760968101.json
[2025-10-20T13:56:46.200+0000] {logging_mixin.py:188} INFO - Downloaded MSFT/1760968111.json -> /tmp/minio_downloads/1760968111.json
[2025-10-20T13:56:46.211+0000] {logging_mixin.py:188} INFO - Downloaded MSFT/1760968121.json -> /tmp/minio_downloads/1760968121.json
[2025-10-20T13:56:46.222+0000] {logging_mixin.py:188} INFO - Downloaded MSFT/1760968131.json -> /tmp/minio_downloads/1760968131.json
[2025-10-20T13:56:46.230+0000] {logging_mixin.py:188} INFO - Downloaded MSFT/1760968142.json -> /tmp/minio_downloads/1760968142.json
[2025-10-20T13:56:46.238+0000] {logging_mixin.py:188} INFO - Downloaded MSFT/1760968152.json -> /tmp/minio_downloads/1760968152.json
[2025-10-20T13:56:46.246+0000] {logging_mixin.py:188} INFO - Downloaded MSFT/1760968164.json -> /tmp/minio_downloads/1760968164.json
[2025-10-20T13:56:46.255+0000] {logging_mixin.py:188} INFO - Downloaded MSFT/1760968175.json -> /tmp/minio_downloads/1760968175.json
[2025-10-20T13:56:46.264+0000] {logging_mixin.py:188} INFO - Downloaded MSFT/1760968184.json -> /tmp/minio_downloads/1760968184.json
[2025-10-20T13:56:46.273+0000] {logging_mixin.py:188} INFO - Downloaded MSFT/1760968195.json -> /tmp/minio_downloads/1760968195.json
[2025-10-20T13:56:46.284+0000] {logging_mixin.py:188} INFO - Downloaded MSFT/1760968205.json -> /tmp/minio_downloads/1760968205.json
[2025-10-20T13:56:46.294+0000] {logging_mixin.py:188} INFO - Downloaded MSFT/1760968215.json -> /tmp/minio_downloads/1760968215.json
[2025-10-20T13:56:46.303+0000] {logging_mixin.py:188} INFO - Downloaded MSFT/1760968225.json -> /tmp/minio_downloads/1760968225.json
[2025-10-20T13:56:46.312+0000] {logging_mixin.py:188} INFO - Downloaded MSFT/1760968235.json -> /tmp/minio_downloads/1760968235.json
[2025-10-20T13:56:46.321+0000] {logging_mixin.py:188} INFO - Downloaded MSFT/1760968246.json -> /tmp/minio_downloads/1760968246.json
[2025-10-20T13:56:46.331+0000] {logging_mixin.py:188} INFO - Downloaded MSFT/1760968256.json -> /tmp/minio_downloads/1760968256.json
[2025-10-20T13:56:46.343+0000] {logging_mixin.py:188} INFO - Downloaded MSFT/1760968267.json -> /tmp/minio_downloads/1760968267.json
[2025-10-20T13:56:46.353+0000] {logging_mixin.py:188} INFO - Downloaded MSFT/1760968278.json -> /tmp/minio_downloads/1760968278.json
[2025-10-20T13:56:46.363+0000] {logging_mixin.py:188} INFO - Downloaded MSFT/1760968288.json -> /tmp/minio_downloads/1760968288.json
[2025-10-20T13:56:46.382+0000] {logging_mixin.py:188} INFO - Downloaded MSFT/1760968298.json -> /tmp/minio_downloads/1760968298.json
[2025-10-20T13:56:46.403+0000] {logging_mixin.py:188} INFO - Downloaded MSFT/1760968308.json -> /tmp/minio_downloads/1760968308.json
[2025-10-20T13:56:46.417+0000] {logging_mixin.py:188} INFO - Downloaded MSFT/1760968318.json -> /tmp/minio_downloads/1760968318.json
[2025-10-20T13:56:46.430+0000] {logging_mixin.py:188} INFO - Downloaded MSFT/1760968329.json -> /tmp/minio_downloads/1760968329.json
[2025-10-20T13:56:46.447+0000] {logging_mixin.py:188} INFO - Downloaded MSFT/1760968339.json -> /tmp/minio_downloads/1760968339.json
[2025-10-20T13:56:46.464+0000] {logging_mixin.py:188} INFO - Downloaded MSFT/1760968349.json -> /tmp/minio_downloads/1760968349.json
[2025-10-20T13:56:46.474+0000] {logging_mixin.py:188} INFO - Downloaded MSFT/1760968359.json -> /tmp/minio_downloads/1760968359.json
[2025-10-20T13:56:46.484+0000] {logging_mixin.py:188} INFO - Downloaded MSFT/1760968369.json -> /tmp/minio_downloads/1760968369.json
[2025-10-20T13:56:46.494+0000] {logging_mixin.py:188} INFO - Downloaded MSFT/1760968380.json -> /tmp/minio_downloads/1760968380.json
[2025-10-20T13:56:46.507+0000] {logging_mixin.py:188} INFO - Downloaded MSFT/1760968390.json -> /tmp/minio_downloads/1760968390.json
[2025-10-20T13:56:46.518+0000] {logging_mixin.py:188} INFO - Downloaded MSFT/1760968400.json -> /tmp/minio_downloads/1760968400.json
[2025-10-20T13:56:46.528+0000] {logging_mixin.py:188} INFO - Downloaded MSFT/1760968410.json -> /tmp/minio_downloads/1760968410.json
[2025-10-20T13:56:46.538+0000] {logging_mixin.py:188} INFO - Downloaded MSFT/1760968420.json -> /tmp/minio_downloads/1760968420.json
[2025-10-20T13:56:46.548+0000] {logging_mixin.py:188} INFO - Downloaded MSFT/1760968431.json -> /tmp/minio_downloads/1760968431.json
[2025-10-20T13:56:46.558+0000] {logging_mixin.py:188} INFO - Downloaded MSFT/1760968441.json -> /tmp/minio_downloads/1760968441.json
[2025-10-20T13:56:46.568+0000] {logging_mixin.py:188} INFO - Downloaded MSFT/1760968451.json -> /tmp/minio_downloads/1760968451.json
[2025-10-20T13:56:46.578+0000] {logging_mixin.py:188} INFO - Downloaded MSFT/1760968461.json -> /tmp/minio_downloads/1760968461.json
[2025-10-20T13:56:46.589+0000] {logging_mixin.py:188} INFO - Downloaded MSFT/1760968472.json -> /tmp/minio_downloads/1760968472.json
[2025-10-20T13:56:46.599+0000] {logging_mixin.py:188} INFO - Downloaded MSFT/1760968483.json -> /tmp/minio_downloads/1760968483.json
[2025-10-20T13:56:46.610+0000] {logging_mixin.py:188} INFO - Downloaded MSFT/1760968494.json -> /tmp/minio_downloads/1760968494.json
[2025-10-20T13:56:46.621+0000] {logging_mixin.py:188} INFO - Downloaded MSFT/1760968504.json -> /tmp/minio_downloads/1760968504.json
[2025-10-20T13:56:46.632+0000] {logging_mixin.py:188} INFO - Downloaded MSFT/1760968514.json -> /tmp/minio_downloads/1760968514.json
[2025-10-20T13:56:46.643+0000] {logging_mixin.py:188} INFO - Downloaded MSFT/1760968524.json -> /tmp/minio_downloads/1760968524.json
[2025-10-20T13:56:46.654+0000] {logging_mixin.py:188} INFO - Downloaded MSFT/1760968534.json -> /tmp/minio_downloads/1760968534.json
[2025-10-20T13:56:46.664+0000] {logging_mixin.py:188} INFO - Downloaded MSFT/1760968544.json -> /tmp/minio_downloads/1760968544.json
[2025-10-20T13:56:46.674+0000] {logging_mixin.py:188} INFO - Downloaded MSFT/1760968554.json -> /tmp/minio_downloads/1760968554.json
[2025-10-20T13:56:46.685+0000] {logging_mixin.py:188} INFO - Downloaded MSFT/1760968564.json -> /tmp/minio_downloads/1760968564.json
[2025-10-20T13:56:46.694+0000] {logging_mixin.py:188} INFO - Downloaded MSFT/1760968574.json -> /tmp/minio_downloads/1760968574.json
[2025-10-20T13:56:46.705+0000] {logging_mixin.py:188} INFO - Downloaded MSFT/1760968584.json -> /tmp/minio_downloads/1760968584.json
[2025-10-20T13:56:46.718+0000] {logging_mixin.py:188} INFO - Downloaded MSFT/1760968595.json -> /tmp/minio_downloads/1760968595.json
[2025-10-20T13:56:46.732+0000] {logging_mixin.py:188} INFO - Downloaded TSLA/1760967515.json -> /tmp/minio_downloads/1760967515.json
[2025-10-20T13:56:46.742+0000] {logging_mixin.py:188} INFO - Downloaded TSLA/1760967526.json -> /tmp/minio_downloads/1760967526.json
[2025-10-20T13:56:46.752+0000] {logging_mixin.py:188} INFO - Downloaded TSLA/1760967538.json -> /tmp/minio_downloads/1760967538.json
[2025-10-20T13:56:46.765+0000] {logging_mixin.py:188} INFO - Downloaded TSLA/1760967549.json -> /tmp/minio_downloads/1760967549.json
[2025-10-20T13:56:46.774+0000] {logging_mixin.py:188} INFO - Downloaded TSLA/1760967560.json -> /tmp/minio_downloads/1760967560.json
[2025-10-20T13:56:46.784+0000] {logging_mixin.py:188} INFO - Downloaded TSLA/1760967572.json -> /tmp/minio_downloads/1760967572.json
[2025-10-20T13:56:46.794+0000] {logging_mixin.py:188} INFO - Downloaded TSLA/1760967583.json -> /tmp/minio_downloads/1760967583.json
[2025-10-20T13:56:46.804+0000] {logging_mixin.py:188} INFO - Downloaded TSLA/1760967595.json -> /tmp/minio_downloads/1760967595.json
[2025-10-20T13:56:46.813+0000] {logging_mixin.py:188} INFO - Downloaded TSLA/1760967606.json -> /tmp/minio_downloads/1760967606.json
[2025-10-20T13:56:46.823+0000] {logging_mixin.py:188} INFO - Downloaded TSLA/1760967618.json -> /tmp/minio_downloads/1760967618.json
[2025-10-20T13:56:46.832+0000] {logging_mixin.py:188} INFO - Downloaded TSLA/1760967629.json -> /tmp/minio_downloads/1760967629.json
[2025-10-20T13:56:46.842+0000] {logging_mixin.py:188} INFO - Downloaded TSLA/1760967641.json -> /tmp/minio_downloads/1760967641.json
[2025-10-20T13:56:46.850+0000] {logging_mixin.py:188} INFO - Downloaded TSLA/1760967652.json -> /tmp/minio_downloads/1760967652.json
[2025-10-20T13:56:46.859+0000] {logging_mixin.py:188} INFO - Downloaded TSLA/1760967665.json -> /tmp/minio_downloads/1760967665.json
[2025-10-20T13:56:46.868+0000] {logging_mixin.py:188} INFO - Downloaded TSLA/1760967676.json -> /tmp/minio_downloads/1760967676.json
[2025-10-20T13:56:46.877+0000] {logging_mixin.py:188} INFO - Downloaded TSLA/1760967688.json -> /tmp/minio_downloads/1760967688.json
[2025-10-20T13:56:46.887+0000] {logging_mixin.py:188} INFO - Downloaded TSLA/1760967699.json -> /tmp/minio_downloads/1760967699.json
[2025-10-20T13:56:46.895+0000] {logging_mixin.py:188} INFO - Downloaded TSLA/1760967710.json -> /tmp/minio_downloads/1760967710.json
[2025-10-20T13:56:46.905+0000] {logging_mixin.py:188} INFO - Downloaded TSLA/1760967722.json -> /tmp/minio_downloads/1760967722.json
[2025-10-20T13:56:46.913+0000] {logging_mixin.py:188} INFO - Downloaded TSLA/1760967734.json -> /tmp/minio_downloads/1760967734.json
[2025-10-20T13:56:46.922+0000] {logging_mixin.py:188} INFO - Downloaded TSLA/1760967745.json -> /tmp/minio_downloads/1760967745.json
[2025-10-20T13:56:46.933+0000] {logging_mixin.py:188} INFO - Downloaded TSLA/1760967756.json -> /tmp/minio_downloads/1760967756.json
[2025-10-20T13:56:46.942+0000] {logging_mixin.py:188} INFO - Downloaded TSLA/1760967768.json -> /tmp/minio_downloads/1760967768.json
[2025-10-20T13:56:46.951+0000] {logging_mixin.py:188} INFO - Downloaded TSLA/1760967780.json -> /tmp/minio_downloads/1760967780.json
[2025-10-20T13:56:46.960+0000] {logging_mixin.py:188} INFO - Downloaded TSLA/1760967791.json -> /tmp/minio_downloads/1760967791.json
[2025-10-20T13:56:46.970+0000] {logging_mixin.py:188} INFO - Downloaded TSLA/1760967803.json -> /tmp/minio_downloads/1760967803.json
[2025-10-20T13:56:46.979+0000] {logging_mixin.py:188} INFO - Downloaded TSLA/1760967815.json -> /tmp/minio_downloads/1760967815.json
[2025-10-20T13:56:46.988+0000] {logging_mixin.py:188} INFO - Downloaded TSLA/1760967828.json -> /tmp/minio_downloads/1760967828.json
[2025-10-20T13:56:46.997+0000] {logging_mixin.py:188} INFO - Downloaded TSLA/1760967840.json -> /tmp/minio_downloads/1760967840.json
[2025-10-20T13:56:47.005+0000] {logging_mixin.py:188} INFO - Downloaded TSLA/1760967852.json -> /tmp/minio_downloads/1760967852.json
[2025-10-20T13:56:47.013+0000] {logging_mixin.py:188} INFO - Downloaded TSLA/1760967863.json -> /tmp/minio_downloads/1760967863.json
[2025-10-20T13:56:47.022+0000] {logging_mixin.py:188} INFO - Downloaded TSLA/1760967875.json -> /tmp/minio_downloads/1760967875.json
[2025-10-20T13:56:47.033+0000] {logging_mixin.py:188} INFO - Downloaded TSLA/1760967887.json -> /tmp/minio_downloads/1760967887.json
[2025-10-20T13:56:47.043+0000] {logging_mixin.py:188} INFO - Downloaded TSLA/1760967898.json -> /tmp/minio_downloads/1760967898.json
[2025-10-20T13:56:47.056+0000] {logging_mixin.py:188} INFO - Downloaded TSLA/1760967970.json -> /tmp/minio_downloads/1760967970.json
[2025-10-20T13:56:47.067+0000] {logging_mixin.py:188} INFO - Downloaded TSLA/1760967981.json -> /tmp/minio_downloads/1760967981.json
[2025-10-20T13:56:47.078+0000] {logging_mixin.py:188} INFO - Downloaded TSLA/1760967992.json -> /tmp/minio_downloads/1760967992.json
[2025-10-20T13:56:47.089+0000] {logging_mixin.py:188} INFO - Downloaded TSLA/1760968004.json -> /tmp/minio_downloads/1760968004.json
[2025-10-20T13:56:47.100+0000] {logging_mixin.py:188} INFO - Downloaded TSLA/1760968016.json -> /tmp/minio_downloads/1760968016.json
[2025-10-20T13:56:47.112+0000] {logging_mixin.py:188} INFO - Downloaded TSLA/1760968027.json -> /tmp/minio_downloads/1760968027.json
[2025-10-20T13:56:47.121+0000] {logging_mixin.py:188} INFO - Downloaded TSLA/1760968038.json -> /tmp/minio_downloads/1760968038.json
[2025-10-20T13:56:47.132+0000] {logging_mixin.py:188} INFO - Downloaded TSLA/1760968050.json -> /tmp/minio_downloads/1760968050.json
[2025-10-20T13:56:47.143+0000] {logging_mixin.py:188} INFO - Downloaded TSLA/1760968060.json -> /tmp/minio_downloads/1760968060.json
[2025-10-20T13:56:47.153+0000] {logging_mixin.py:188} INFO - Downloaded TSLA/1760968071.json -> /tmp/minio_downloads/1760968071.json
[2025-10-20T13:56:47.163+0000] {logging_mixin.py:188} INFO - Downloaded TSLA/1760968081.json -> /tmp/minio_downloads/1760968081.json
[2025-10-20T13:56:47.173+0000] {logging_mixin.py:188} INFO - Downloaded TSLA/1760968091.json -> /tmp/minio_downloads/1760968091.json
[2025-10-20T13:56:47.183+0000] {logging_mixin.py:188} INFO - Downloaded TSLA/1760968102.json -> /tmp/minio_downloads/1760968102.json
[2025-10-20T13:56:47.195+0000] {logging_mixin.py:188} INFO - Downloaded TSLA/1760968112.json -> /tmp/minio_downloads/1760968112.json
[2025-10-20T13:56:47.206+0000] {logging_mixin.py:188} INFO - Downloaded TSLA/1760968122.json -> /tmp/minio_downloads/1760968122.json
[2025-10-20T13:56:47.216+0000] {logging_mixin.py:188} INFO - Downloaded TSLA/1760968132.json -> /tmp/minio_downloads/1760968132.json
[2025-10-20T13:56:47.226+0000] {logging_mixin.py:188} INFO - Downloaded TSLA/1760968142.json -> /tmp/minio_downloads/1760968142.json
[2025-10-20T13:56:47.237+0000] {logging_mixin.py:188} INFO - Downloaded TSLA/1760968153.json -> /tmp/minio_downloads/1760968153.json
[2025-10-20T13:56:47.249+0000] {logging_mixin.py:188} INFO - Downloaded TSLA/1760968165.json -> /tmp/minio_downloads/1760968165.json
[2025-10-20T13:56:47.261+0000] {logging_mixin.py:188} INFO - Downloaded TSLA/1760968175.json -> /tmp/minio_downloads/1760968175.json
[2025-10-20T13:56:47.272+0000] {logging_mixin.py:188} INFO - Downloaded TSLA/1760968185.json -> /tmp/minio_downloads/1760968185.json
[2025-10-20T13:56:47.284+0000] {logging_mixin.py:188} INFO - Downloaded TSLA/1760968196.json -> /tmp/minio_downloads/1760968196.json
[2025-10-20T13:56:47.295+0000] {logging_mixin.py:188} INFO - Downloaded TSLA/1760968206.json -> /tmp/minio_downloads/1760968206.json
[2025-10-20T13:56:47.309+0000] {logging_mixin.py:188} INFO - Downloaded TSLA/1760968216.json -> /tmp/minio_downloads/1760968216.json
[2025-10-20T13:56:47.320+0000] {logging_mixin.py:188} INFO - Downloaded TSLA/1760968226.json -> /tmp/minio_downloads/1760968226.json
[2025-10-20T13:56:47.332+0000] {logging_mixin.py:188} INFO - Downloaded TSLA/1760968236.json -> /tmp/minio_downloads/1760968236.json
[2025-10-20T13:56:47.343+0000] {logging_mixin.py:188} INFO - Downloaded TSLA/1760968246.json -> /tmp/minio_downloads/1760968246.json
[2025-10-20T13:56:47.354+0000] {logging_mixin.py:188} INFO - Downloaded TSLA/1760968257.json -> /tmp/minio_downloads/1760968257.json
[2025-10-20T13:56:47.364+0000] {logging_mixin.py:188} INFO - Downloaded TSLA/1760968268.json -> /tmp/minio_downloads/1760968268.json
[2025-10-20T13:56:47.374+0000] {logging_mixin.py:188} INFO - Downloaded TSLA/1760968279.json -> /tmp/minio_downloads/1760968279.json
[2025-10-20T13:56:47.383+0000] {logging_mixin.py:188} INFO - Downloaded TSLA/1760968289.json -> /tmp/minio_downloads/1760968289.json
[2025-10-20T13:56:47.394+0000] {logging_mixin.py:188} INFO - Downloaded TSLA/1760968299.json -> /tmp/minio_downloads/1760968299.json
[2025-10-20T13:56:47.406+0000] {logging_mixin.py:188} INFO - Downloaded TSLA/1760968309.json -> /tmp/minio_downloads/1760968309.json
[2025-10-20T13:56:47.417+0000] {logging_mixin.py:188} INFO - Downloaded TSLA/1760968319.json -> /tmp/minio_downloads/1760968319.json
[2025-10-20T13:56:47.428+0000] {logging_mixin.py:188} INFO - Downloaded TSLA/1760968329.json -> /tmp/minio_downloads/1760968329.json
[2025-10-20T13:56:47.438+0000] {logging_mixin.py:188} INFO - Downloaded TSLA/1760968339.json -> /tmp/minio_downloads/1760968339.json
[2025-10-20T13:56:47.449+0000] {logging_mixin.py:188} INFO - Downloaded TSLA/1760968350.json -> /tmp/minio_downloads/1760968350.json
[2025-10-20T13:56:47.459+0000] {logging_mixin.py:188} INFO - Downloaded TSLA/1760968360.json -> /tmp/minio_downloads/1760968360.json
[2025-10-20T13:56:47.468+0000] {logging_mixin.py:188} INFO - Downloaded TSLA/1760968370.json -> /tmp/minio_downloads/1760968370.json
[2025-10-20T13:56:47.478+0000] {logging_mixin.py:188} INFO - Downloaded TSLA/1760968380.json -> /tmp/minio_downloads/1760968380.json
[2025-10-20T13:56:47.487+0000] {logging_mixin.py:188} INFO - Downloaded TSLA/1760968391.json -> /tmp/minio_downloads/1760968391.json
[2025-10-20T13:56:47.495+0000] {logging_mixin.py:188} INFO - Downloaded TSLA/1760968401.json -> /tmp/minio_downloads/1760968401.json
[2025-10-20T13:56:47.504+0000] {logging_mixin.py:188} INFO - Downloaded TSLA/1760968411.json -> /tmp/minio_downloads/1760968411.json
[2025-10-20T13:56:47.514+0000] {logging_mixin.py:188} INFO - Downloaded TSLA/1760968421.json -> /tmp/minio_downloads/1760968421.json
[2025-10-20T13:56:47.525+0000] {logging_mixin.py:188} INFO - Downloaded TSLA/1760968432.json -> /tmp/minio_downloads/1760968432.json
[2025-10-20T13:56:47.536+0000] {logging_mixin.py:188} INFO - Downloaded TSLA/1760968442.json -> /tmp/minio_downloads/1760968442.json
[2025-10-20T13:56:47.545+0000] {logging_mixin.py:188} INFO - Downloaded TSLA/1760968452.json -> /tmp/minio_downloads/1760968452.json
[2025-10-20T13:56:47.553+0000] {logging_mixin.py:188} INFO - Downloaded TSLA/1760968462.json -> /tmp/minio_downloads/1760968462.json
[2025-10-20T13:56:47.562+0000] {logging_mixin.py:188} INFO - Downloaded TSLA/1760968473.json -> /tmp/minio_downloads/1760968473.json
[2025-10-20T13:56:47.571+0000] {logging_mixin.py:188} INFO - Downloaded TSLA/1760968484.json -> /tmp/minio_downloads/1760968484.json
[2025-10-20T13:56:47.579+0000] {logging_mixin.py:188} INFO - Downloaded TSLA/1760968495.json -> /tmp/minio_downloads/1760968495.json
[2025-10-20T13:56:47.588+0000] {logging_mixin.py:188} INFO - Downloaded TSLA/1760968505.json -> /tmp/minio_downloads/1760968505.json
[2025-10-20T13:56:47.596+0000] {logging_mixin.py:188} INFO - Downloaded TSLA/1760968515.json -> /tmp/minio_downloads/1760968515.json
[2025-10-20T13:56:47.606+0000] {logging_mixin.py:188} INFO - Downloaded TSLA/1760968525.json -> /tmp/minio_downloads/1760968525.json
[2025-10-20T13:56:47.614+0000] {logging_mixin.py:188} INFO - Downloaded TSLA/1760968535.json -> /tmp/minio_downloads/1760968535.json
[2025-10-20T13:56:47.622+0000] {logging_mixin.py:188} INFO - Downloaded TSLA/1760968545.json -> /tmp/minio_downloads/1760968545.json
[2025-10-20T13:56:47.631+0000] {logging_mixin.py:188} INFO - Downloaded TSLA/1760968555.json -> /tmp/minio_downloads/1760968555.json
[2025-10-20T13:56:47.639+0000] {logging_mixin.py:188} INFO - Downloaded TSLA/1760968565.json -> /tmp/minio_downloads/1760968565.json
[2025-10-20T13:56:47.648+0000] {logging_mixin.py:188} INFO - Downloaded TSLA/1760968575.json -> /tmp/minio_downloads/1760968575.json
[2025-10-20T13:56:47.656+0000] {logging_mixin.py:188} INFO - Downloaded TSLA/1760968585.json -> /tmp/minio_downloads/1760968585.json
[2025-10-20T13:56:47.664+0000] {logging_mixin.py:188} INFO - Downloaded TSLA/1760968596.json -> /tmp/minio_downloads/1760968596.json
[2025-10-20T13:56:47.665+0000] {python.py:237} INFO - Done. Returned value was: ['/tmp/minio_downloads/1760967513.json', '/tmp/minio_downloads/1760967524.json', '/tmp/minio_downloads/1760967536.json', '/tmp/minio_downloads/1760967547.json', '/tmp/minio_downloads/1760967559.json', '/tmp/minio_downloads/1760967570.json', '/tmp/minio_downloads/1760967581.json', '/tmp/minio_downloads/1760967593.json', '/tmp/minio_downloads/1760967604.json', '/tmp/minio_downloads/1760967616.json', '/tmp/minio_downloads/1760967627.json', '/tmp/minio_downloads/1760967639.json', '/tmp/minio_downloads/1760967650.json', '/tmp/minio_downloads/1760967662.json', '/tmp/minio_downloads/1760967674.json', '/tmp/minio_downloads/1760967685.json', '/tmp/minio_downloads/1760967697.json', '/tmp/minio_downloads/1760967709.json', '/tmp/minio_downloads/1760967720.json', '/tmp/minio_downloads/1760967731.json', '/tmp/minio_downloads/1760967743.json', '/tmp/minio_downloads/1760967754.json', '/tmp/minio_downloads/1760967766.json', '/tmp/minio_downloads/1760967778.json', '/tmp/minio_downloads/1760967789.json', '/tmp/minio_downloads/1760967801.json', '/tmp/minio_downloads/1760967813.json', '/tmp/minio_downloads/1760967826.json', '/tmp/minio_downloads/1760967837.json', '/tmp/minio_downloads/1760967849.json', '/tmp/minio_downloads/1760967861.json', '/tmp/minio_downloads/1760967873.json', '/tmp/minio_downloads/1760967884.json', '/tmp/minio_downloads/1760967896.json', '/tmp/minio_downloads/1760967908.json', '/tmp/minio_downloads/1760967979.json', '/tmp/minio_downloads/1760967990.json', '/tmp/minio_downloads/1760968001.json', '/tmp/minio_downloads/1760968013.json', '/tmp/minio_downloads/1760968025.json', '/tmp/minio_downloads/1760968036.json', '/tmp/minio_downloads/1760968048.json', '/tmp/minio_downloads/1760968058.json', '/tmp/minio_downloads/1760968069.json', '/tmp/minio_downloads/1760968080.json', '/tmp/minio_downloads/1760968090.json', '/tmp/minio_downloads/1760968101.json', '/tmp/minio_downloads/1760968110.json', '/tmp/minio_downloads/1760968120.json', '/tmp/minio_downloads/1760968131.json', '/tmp/minio_downloads/1760968141.json', '/tmp/minio_downloads/1760968151.json', '/tmp/minio_downloads/1760968163.json', '/tmp/minio_downloads/1760968173.json', '/tmp/minio_downloads/1760968184.json', '/tmp/minio_downloads/1760968194.json', '/tmp/minio_downloads/1760968204.json', '/tmp/minio_downloads/1760968214.json', '/tmp/minio_downloads/1760968224.json', '/tmp/minio_downloads/1760968235.json', '/tmp/minio_downloads/1760968245.json', '/tmp/minio_downloads/1760968255.json', '/tmp/minio_downloads/1760968266.json', '/tmp/minio_downloads/1760968277.json', '/tmp/minio_downloads/1760968287.json', '/tmp/minio_downloads/1760968297.json', '/tmp/minio_downloads/1760968307.json', '/tmp/minio_downloads/1760968317.json', '/tmp/minio_downloads/1760968328.json', '/tmp/minio_downloads/1760968338.json', '/tmp/minio_downloads/1760968348.json', '/tmp/minio_downloads/1760968358.json', '/tmp/minio_downloads/1760968369.json', '/tmp/minio_downloads/1760968379.json', '/tmp/minio_downloads/1760968389.json', '/tmp/minio_downloads/1760968399.json', '/tmp/minio_downloads/1760968409.json', '/tmp/minio_downloads/1760968419.json', '/tmp/minio_downloads/1760968430.json', '/tmp/minio_downloads/1760968440.json', '/tmp/minio_downloads/1760968450.json', '/tmp/minio_downloads/1760968460.json', '/tmp/minio_downloads/1760968471.json', '/tmp/minio_downloads/1760968482.json', '/tmp/minio_downloads/1760968493.json', '/tmp/minio_downloads/1760968503.json', '/tmp/minio_downloads/1760968513.json', '/tmp/minio_downloads/1760968523.json', '/tmp/minio_downloads/1760968533.json', '/tmp/minio_downloads/1760968543.json', '/tmp/minio_downloads/1760968553.json', '/tmp/minio_downloads/1760968563.json', '/tmp/minio_downloads/1760968573.json', '/tmp/minio_downloads/1760968583.json', '/tmp/minio_downloads/1760968594.json', '/tmp/minio_downloads/1760967517.json', '/tmp/minio_downloads/1760967529.json', '/tmp/minio_downloads/1760967540.json', '/tmp/minio_downloads/1760967551.json', '/tmp/minio_downloads/1760967563.json', '/tmp/minio_downloads/1760967574.json', '/tmp/minio_downloads/1760967585.json', '/tmp/minio_downloads/1760967597.json', '/tmp/minio_downloads/1760967608.json', '/tmp/minio_downloads/1760967620.json', '/tmp/minio_downloads/1760967632.json', '/tmp/minio_downloads/1760967643.json', '/tmp/minio_downloads/1760967655.json', '/tmp/minio_downloads/1760967667.json', '/tmp/minio_downloads/1760967678.json', '/tmp/minio_downloads/1760967689.json', '/tmp/minio_downloads/1760967701.json', '/tmp/minio_downloads/1760967712.json', '/tmp/minio_downloads/1760967724.json', '/tmp/minio_downloads/1760967736.json', '/tmp/minio_downloads/1760967747.json', '/tmp/minio_downloads/1760967759.json', '/tmp/minio_downloads/1760967770.json', '/tmp/minio_downloads/1760967782.json', '/tmp/minio_downloads/1760967794.json', '/tmp/minio_downloads/1760967805.json', '/tmp/minio_downloads/1760967819.json', '/tmp/minio_downloads/1760967830.json', '/tmp/minio_downloads/1760967842.json', '/tmp/minio_downloads/1760967854.json', '/tmp/minio_downloads/1760967866.json', '/tmp/minio_downloads/1760967877.json', '/tmp/minio_downloads/1760967889.json', '/tmp/minio_downloads/1760967900.json', '/tmp/minio_downloads/1760967972.json', '/tmp/minio_downloads/1760967983.json', '/tmp/minio_downloads/1760967994.json', '/tmp/minio_downloads/1760968006.json', '/tmp/minio_downloads/1760968018.json', '/tmp/minio_downloads/1760968029.json', '/tmp/minio_downloads/1760968041.json', '/tmp/minio_downloads/1760968052.json', '/tmp/minio_downloads/1760968062.json', '/tmp/minio_downloads/1760968073.json', '/tmp/minio_downloads/1760968083.json', '/tmp/minio_downloads/1760968093.json', '/tmp/minio_downloads/1760968103.json', '/tmp/minio_downloads/1760968114.json', '/tmp/minio_downloads/1760968124.json', '/tmp/minio_downloads/1760968134.json', '/tmp/minio_downloads/1760968144.json', '/tmp/minio_downloads/1760968156.json', '/tmp/minio_downloads/1760968166.json', '/tmp/minio_downloads/1760968177.json', '/tmp/minio_downloads/1760968187.json', '/tmp/minio_downloads/1760968198.json', '/tmp/minio_downloads/1760968207.json', '/tmp/minio_downloads/1760968217.json', '/tmp/minio_downloads/1760968228.json', '/tmp/minio_downloads/1760968238.json', '/tmp/minio_downloads/1760968248.json', '/tmp/minio_downloads/1760968258.json', '/tmp/minio_downloads/1760968270.json', '/tmp/minio_downloads/1760968280.json', '/tmp/minio_downloads/1760968290.json', '/tmp/minio_downloads/1760968301.json', '/tmp/minio_downloads/1760968311.json', '/tmp/minio_downloads/1760968321.json', '/tmp/minio_downloads/1760968331.json', '/tmp/minio_downloads/1760968341.json', '/tmp/minio_downloads/1760968351.json', '/tmp/minio_downloads/1760968362.json', '/tmp/minio_downloads/1760968372.json', '/tmp/minio_downloads/1760968382.json', '/tmp/minio_downloads/1760968392.json', '/tmp/minio_downloads/1760968402.json', '/tmp/minio_downloads/1760968412.json', '/tmp/minio_downloads/1760968423.json', '/tmp/minio_downloads/1760968433.json', '/tmp/minio_downloads/1760968443.json', '/tmp/minio_downloads/1760968453.json', '/tmp/minio_downloads/1760968464.json', '/tmp/minio_downloads/1760968475.json', '/tmp/minio_downloads/1760968486.json', '/tmp/minio_downloads/1760968496.json', '/tmp/minio_downloads/1760968506.json', '/tmp/minio_downloads/1760968516.json', '/tmp/minio_downloads/1760968526.json', '/tmp/minio_downloads/1760968536.json', '/tmp/minio_downloads/1760968546.json', '/tmp/minio_downloads/1760968556.json', '/tmp/minio_downloads/1760968566.json', '/tmp/minio_downloads/1760968576.json', '/tmp/minio_downloads/1760968587.json', '/tmp/minio_downloads/1760968598.json', '/tmp/minio_downloads/1760967516.json', '/tmp/minio_downloads/1760967528.json', '/tmp/minio_downloads/1760967539.json', '/tmp/minio_downloads/1760967550.json', '/tmp/minio_downloads/1760967561.json', '/tmp/minio_downloads/1760967573.json', '/tmp/minio_downloads/1760967584.json', '/tmp/minio_downloads/1760967596.json', '/tmp/minio_downloads/1760967607.json', '/tmp/minio_downloads/1760967619.json', '/tmp/minio_downloads/1760967631.json', '/tmp/minio_downloads/1760967642.json', '/tmp/minio_downloads/1760967654.json', '/tmp/minio_downloads/1760967666.json', '/tmp/minio_downloads/1760967677.json', '/tmp/minio_downloads/1760967688.json', '/tmp/minio_downloads/1760967700.json', '/tmp/minio_downloads/1760967712.json', '/tmp/minio_downloads/1760967723.json', '/tmp/minio_downloads/1760967735.json', '/tmp/minio_downloads/1760967746.json', '/tmp/minio_downloads/1760967758.json', '/tmp/minio_downloads/1760967769.json', '/tmp/minio_downloads/1760967781.json', '/tmp/minio_downloads/1760967793.json', '/tmp/minio_downloads/1760967804.json', '/tmp/minio_downloads/1760967818.json', '/tmp/minio_downloads/1760967829.json', '/tmp/minio_downloads/1760967841.json', '/tmp/minio_downloads/1760967853.json', '/tmp/minio_downloads/1760967864.json', '/tmp/minio_downloads/1760967876.json', '/tmp/minio_downloads/1760967888.json', '/tmp/minio_downloads/1760967899.json', '/tmp/minio_downloads/1760967971.json', '/tmp/minio_downloads/1760967982.json', '/tmp/minio_downloads/1760967993.json', '/tmp/minio_downloads/1760968005.json', '/tmp/minio_downloads/1760968016.json', '/tmp/minio_downloads/1760968028.json', '/tmp/minio_downloads/1760968039.json', '/tmp/minio_downloads/1760968051.json', '/tmp/minio_downloads/1760968061.json', '/tmp/minio_downloads/1760968072.json', '/tmp/minio_downloads/1760968082.json', '/tmp/minio_downloads/1760968092.json', '/tmp/minio_downloads/1760968103.json', '/tmp/minio_downloads/1760968113.json', '/tmp/minio_downloads/1760968123.json', '/tmp/minio_downloads/1760968133.json', '/tmp/minio_downloads/1760968143.json', '/tmp/minio_downloads/1760968155.json', '/tmp/minio_downloads/1760968166.json', '/tmp/minio_downloads/1760968176.json', '/tmp/minio_downloads/1760968186.json', '/tmp/minio_downloads/1760968197.json', '/tmp/minio_downloads/1760968207.json', '/tmp/minio_downloads/1760968217.json', '/tmp/minio_downloads/1760968227.json', '/tmp/minio_downloads/1760968237.json', '/tmp/minio_downloads/1760968247.json', '/tmp/minio_downloads/1760968257.json', '/tmp/minio_downloads/1760968269.json', '/tmp/minio_downloads/1760968280.json', '/tmp/minio_downloads/1760968290.json', '/tmp/minio_downloads/1760968300.json', '/tmp/minio_downloads/1760968310.json', '/tmp/minio_downloads/1760968320.json', '/tmp/minio_downloads/1760968330.json', '/tmp/minio_downloads/1760968340.json', '/tmp/minio_downloads/1760968351.json', '/tmp/minio_downloads/1760968361.json', '/tmp/minio_downloads/1760968371.json', '/tmp/minio_downloads/1760968381.json', '/tmp/minio_downloads/1760968391.json', '/tmp/minio_downloads/1760968401.json', '/tmp/minio_downloads/1760968412.json', '/tmp/minio_downloads/1760968422.json', '/tmp/minio_downloads/1760968432.json', '/tmp/minio_downloads/1760968442.json', '/tmp/minio_downloads/1760968452.json', '/tmp/minio_downloads/1760968463.json', '/tmp/minio_downloads/1760968474.json', '/tmp/minio_downloads/1760968485.json', '/tmp/minio_downloads/1760968495.json', '/tmp/minio_downloads/1760968506.json', '/tmp/minio_downloads/1760968516.json', '/tmp/minio_downloads/1760968526.json', '/tmp/minio_downloads/1760968536.json', '/tmp/minio_downloads/1760968545.json', '/tmp/minio_downloads/1760968555.json', '/tmp/minio_downloads/1760968565.json', '/tmp/minio_downloads/1760968575.json', '/tmp/minio_downloads/1760968586.json', '/tmp/minio_downloads/1760968598.json', '/tmp/minio_downloads/1760967514.json', '/tmp/minio_downloads/1760967525.json', '/tmp/minio_downloads/1760967537.json', '/tmp/minio_downloads/1760967548.json', '/tmp/minio_downloads/1760967559.json', '/tmp/minio_downloads/1760967571.json', '/tmp/minio_downloads/1760967582.json', '/tmp/minio_downloads/1760967594.json', '/tmp/minio_downloads/1760967605.json', '/tmp/minio_downloads/1760967617.json', '/tmp/minio_downloads/1760967628.json', '/tmp/minio_downloads/1760967640.json', '/tmp/minio_downloads/1760967651.json', '/tmp/minio_downloads/1760967664.json', '/tmp/minio_downloads/1760967675.json', '/tmp/minio_downloads/1760967686.json', '/tmp/minio_downloads/1760967698.json', '/tmp/minio_downloads/1760967709.json', '/tmp/minio_downloads/1760967721.json', '/tmp/minio_downloads/1760967733.json', '/tmp/minio_downloads/1760967744.json', '/tmp/minio_downloads/1760967755.json', '/tmp/minio_downloads/1760967767.json', '/tmp/minio_downloads/1760967778.json', '/tmp/minio_downloads/1760967790.json', '/tmp/minio_downloads/1760967802.json', '/tmp/minio_downloads/1760967814.json', '/tmp/minio_downloads/1760967827.json', '/tmp/minio_downloads/1760967838.json', '/tmp/minio_downloads/1760967850.json', '/tmp/minio_downloads/1760967862.json', '/tmp/minio_downloads/1760967874.json', '/tmp/minio_downloads/1760967885.json', '/tmp/minio_downloads/1760967897.json', '/tmp/minio_downloads/1760967980.json', '/tmp/minio_downloads/1760967991.json', '/tmp/minio_downloads/1760968003.json', '/tmp/minio_downloads/1760968014.json', '/tmp/minio_downloads/1760968026.json', '/tmp/minio_downloads/1760968037.json', '/tmp/minio_downloads/1760968049.json', '/tmp/minio_downloads/1760968059.json', '/tmp/minio_downloads/1760968070.json', '/tmp/minio_downloads/1760968080.json', '/tmp/minio_downloads/1760968091.json', '/tmp/minio_downloads/1760968101.json', '/tmp/minio_downloads/1760968111.json', '/tmp/minio_downloads/1760968121.json', '/tmp/minio_downloads/1760968131.json', '/tmp/minio_downloads/1760968142.json', '/tmp/minio_downloads/1760968152.json', '/tmp/minio_downloads/1760968164.json', '/tmp/minio_downloads/1760968175.json', '/tmp/minio_downloads/1760968184.json', '/tmp/minio_downloads/1760968195.json', '/tmp/minio_downloads/1760968205.json', '/tmp/minio_downloads/1760968215.json', '/tmp/minio_downloads/1760968225.json', '/tmp/minio_downloads/1760968235.json', '/tmp/minio_downloads/1760968246.json', '/tmp/minio_downloads/1760968256.json', '/tmp/minio_downloads/1760968267.json', '/tmp/minio_downloads/1760968278.json', '/tmp/minio_downloads/1760968288.json', '/tmp/minio_downloads/1760968298.json', '/tmp/minio_downloads/1760968308.json', '/tmp/minio_downloads/1760968318.json', '/tmp/minio_downloads/1760968329.json', '/tmp/minio_downloads/1760968339.json', '/tmp/minio_downloads/1760968349.json', '/tmp/minio_downloads/1760968359.json', '/tmp/minio_downloads/1760968369.json', '/tmp/minio_downloads/1760968380.json', '/tmp/minio_downloads/1760968390.json', '/tmp/minio_downloads/1760968400.json', '/tmp/minio_downloads/1760968410.json', '/tmp/minio_downloads/1760968420.json', '/tmp/minio_downloads/1760968431.json', '/tmp/minio_downloads/1760968441.json', '/tmp/minio_downloads/1760968451.json', '/tmp/minio_downloads/1760968461.json', '/tmp/minio_downloads/1760968472.json', '/tmp/minio_downloads/1760968483.json', '/tmp/minio_downloads/1760968494.json', '/tmp/minio_downloads/1760968504.json', '/tmp/minio_downloads/1760968514.json', '/tmp/minio_downloads/1760968524.json', '/tmp/minio_downloads/1760968534.json', '/tmp/minio_downloads/1760968544.json', '/tmp/minio_downloads/1760968554.json', '/tmp/minio_downloads/1760968564.json', '/tmp/minio_downloads/1760968574.json', '/tmp/minio_downloads/1760968584.json', '/tmp/minio_downloads/1760968595.json', '/tmp/minio_downloads/1760967515.json', '/tmp/minio_downloads/1760967526.json', '/tmp/minio_downloads/1760967538.json', '/tmp/minio_downloads/1760967549.json', '/tmp/minio_downloads/1760967560.json', '/tmp/minio_downloads/1760967572.json', '/tmp/minio_downloads/1760967583.json', '/tmp/minio_downloads/1760967595.json', '/tmp/minio_downloads/1760967606.json', '/tmp/minio_downloads/1760967618.json', '/tmp/minio_downloads/1760967629.json', '/tmp/minio_downloads/1760967641.json', '/tmp/minio_downloads/1760967652.json', '/tmp/minio_downloads/1760967665.json', '/tmp/minio_downloads/1760967676.json', '/tmp/minio_downloads/1760967688.json', '/tmp/minio_downloads/1760967699.json', '/tmp/minio_downloads/1760967710.json', '/tmp/minio_downloads/1760967722.json', '/tmp/minio_downloads/1760967734.json', '/tmp/minio_downloads/1760967745.json', '/tmp/minio_downloads/1760967756.json', '/tmp/minio_downloads/1760967768.json', '/tmp/minio_downloads/1760967780.json', '/tmp/minio_downloads/1760967791.json', '/tmp/minio_downloads/1760967803.json', '/tmp/minio_downloads/1760967815.json', '/tmp/minio_downloads/1760967828.json', '/tmp/minio_downloads/1760967840.json', '/tmp/minio_downloads/1760967852.json', '/tmp/minio_downloads/1760967863.json', '/tmp/minio_downloads/1760967875.json', '/tmp/minio_downloads/1760967887.json', '/tmp/minio_downloads/1760967898.json', '/tmp/minio_downloads/1760967970.json', '/tmp/minio_downloads/1760967981.json', '/tmp/minio_downloads/1760967992.json', '/tmp/minio_downloads/1760968004.json', '/tmp/minio_downloads/1760968016.json', '/tmp/minio_downloads/1760968027.json', '/tmp/minio_downloads/1760968038.json', '/tmp/minio_downloads/1760968050.json', '/tmp/minio_downloads/1760968060.json', '/tmp/minio_downloads/1760968071.json', '/tmp/minio_downloads/1760968081.json', '/tmp/minio_downloads/1760968091.json', '/tmp/minio_downloads/1760968102.json', '/tmp/minio_downloads/1760968112.json', '/tmp/minio_downloads/1760968122.json', '/tmp/minio_downloads/1760968132.json', '/tmp/minio_downloads/1760968142.json', '/tmp/minio_downloads/1760968153.json', '/tmp/minio_downloads/1760968165.json', '/tmp/minio_downloads/1760968175.json', '/tmp/minio_downloads/1760968185.json', '/tmp/minio_downloads/1760968196.json', '/tmp/minio_downloads/1760968206.json', '/tmp/minio_downloads/1760968216.json', '/tmp/minio_downloads/1760968226.json', '/tmp/minio_downloads/1760968236.json', '/tmp/minio_downloads/1760968246.json', '/tmp/minio_downloads/1760968257.json', '/tmp/minio_downloads/1760968268.json', '/tmp/minio_downloads/1760968279.json', '/tmp/minio_downloads/1760968289.json', '/tmp/minio_downloads/1760968299.json', '/tmp/minio_downloads/1760968309.json', '/tmp/minio_downloads/1760968319.json', '/tmp/minio_downloads/1760968329.json', '/tmp/minio_downloads/1760968339.json', '/tmp/minio_downloads/1760968350.json', '/tmp/minio_downloads/1760968360.json', '/tmp/minio_downloads/1760968370.json', '/tmp/minio_downloads/1760968380.json', '/tmp/minio_downloads/1760968391.json', '/tmp/minio_downloads/1760968401.json', '/tmp/minio_downloads/1760968411.json', '/tmp/minio_downloads/1760968421.json', '/tmp/minio_downloads/1760968432.json', '/tmp/minio_downloads/1760968442.json', '/tmp/minio_downloads/1760968452.json', '/tmp/minio_downloads/1760968462.json', '/tmp/minio_downloads/1760968473.json', '/tmp/minio_downloads/1760968484.json', '/tmp/minio_downloads/1760968495.json', '/tmp/minio_downloads/1760968505.json', '/tmp/minio_downloads/1760968515.json', '/tmp/minio_downloads/1760968525.json', '/tmp/minio_downloads/1760968535.json', '/tmp/minio_downloads/1760968545.json', '/tmp/minio_downloads/1760968555.json', '/tmp/minio_downloads/1760968565.json', '/tmp/minio_downloads/1760968575.json', '/tmp/minio_downloads/1760968585.json', '/tmp/minio_downloads/1760968596.json']
[2025-10-20T13:56:47.668+0000] {taskinstance.py:441} INFO - ::group::Post task execution logs
[2025-10-20T13:56:47.699+0000] {taskinstance.py:1206} INFO - Marking task as SUCCESS. dag_id=minio_to_snowflake, task_id=download_minio, run_id=scheduled__2025-10-20T13:55:00+00:00, execution_date=20251020T135500, start_date=20251020T135642, end_date=20251020T135647
[2025-10-20T13:56:47.761+0000] {local_task_job_runner.py:243} INFO - Task exited with return code 0
[2025-10-20T13:56:47.793+0000] {taskinstance.py:3503} INFO - 1 downstream tasks scheduled from follow-on schedule check
[2025-10-20T13:56:47.798+0000] {local_task_job_runner.py:222} INFO - ::endgroup::
