[2025-10-20T13:54:33.421+0000] {local_task_job_runner.py:120} INFO - ::group::Pre task execution logs
[2025-10-20T13:54:33.468+0000] {taskinstance.py:2076} INFO - Dependencies all met for dep_context=non-requeueable deps ti=<TaskInstance: minio_to_snowflake.download_minio scheduled__2025-10-20T13:53:00+00:00 [queued]>
[2025-10-20T13:54:33.486+0000] {taskinstance.py:2076} INFO - Dependencies all met for dep_context=requeueable deps ti=<TaskInstance: minio_to_snowflake.download_minio scheduled__2025-10-20T13:53:00+00:00 [queued]>
[2025-10-20T13:54:33.490+0000] {taskinstance.py:2306} INFO - Starting attempt 1 of 2
[2025-10-20T13:54:33.513+0000] {taskinstance.py:2330} INFO - Executing <Task(PythonOperator): download_minio> on 2025-10-20 13:53:00+00:00
[2025-10-20T13:54:33.527+0000] {standard_task_runner.py:90} INFO - Running: ['***', 'tasks', 'run', 'minio_to_snowflake', 'download_minio', 'scheduled__2025-10-20T13:53:00+00:00', '--job-id', '13', '--raw', '--subdir', 'DAGS_FOLDER/minio_to_snowflake.py', '--cfg-path', '/tmp/tmpg38_k0mk']
[2025-10-20T13:54:33.535+0000] {standard_task_runner.py:91} INFO - Job 13: Subtask download_minio
[2025-10-20T13:54:33.535+0000] {logging_mixin.py:188} WARNING - /home/***/.local/lib/python3.12/site-packages/***/task/task_runner/standard_task_runner.py:62 DeprecationWarning: This process (pid=4427) is multi-threaded, use of fork() may lead to deadlocks in the child.
[2025-10-20T13:54:33.537+0000] {standard_task_runner.py:64} INFO - Started process 4441 to run task
[2025-10-20T13:54:33.691+0000] {task_command.py:426} INFO - Running <TaskInstance: minio_to_snowflake.download_minio scheduled__2025-10-20T13:53:00+00:00 [running]> on host 2afad6b2767c
[2025-10-20T13:54:33.857+0000] {taskinstance.py:2648} INFO - Exporting env vars: AIRFLOW_CTX_DAG_OWNER='***' AIRFLOW_CTX_DAG_ID='minio_to_snowflake' AIRFLOW_CTX_TASK_ID='download_minio' AIRFLOW_CTX_EXECUTION_DATE='2025-10-20T13:53:00+00:00' AIRFLOW_CTX_TRY_NUMBER='1' AIRFLOW_CTX_DAG_RUN_ID='scheduled__2025-10-20T13:53:00+00:00'
[2025-10-20T13:54:33.860+0000] {taskinstance.py:430} INFO - ::endgroup::
[2025-10-20T13:54:34.430+0000] {logging_mixin.py:188} INFO - Downloaded AAPL/1760967513.json -> /tmp/minio_downloads/1760967513.json
[2025-10-20T13:54:34.445+0000] {logging_mixin.py:188} INFO - Downloaded AAPL/1760967524.json -> /tmp/minio_downloads/1760967524.json
[2025-10-20T13:54:34.456+0000] {logging_mixin.py:188} INFO - Downloaded AAPL/1760967536.json -> /tmp/minio_downloads/1760967536.json
[2025-10-20T13:54:34.468+0000] {logging_mixin.py:188} INFO - Downloaded AAPL/1760967547.json -> /tmp/minio_downloads/1760967547.json
[2025-10-20T13:54:34.482+0000] {logging_mixin.py:188} INFO - Downloaded AAPL/1760967559.json -> /tmp/minio_downloads/1760967559.json
[2025-10-20T13:54:34.495+0000] {logging_mixin.py:188} INFO - Downloaded AAPL/1760967570.json -> /tmp/minio_downloads/1760967570.json
[2025-10-20T13:54:34.508+0000] {logging_mixin.py:188} INFO - Downloaded AAPL/1760967581.json -> /tmp/minio_downloads/1760967581.json
[2025-10-20T13:54:34.520+0000] {logging_mixin.py:188} INFO - Downloaded AAPL/1760967593.json -> /tmp/minio_downloads/1760967593.json
[2025-10-20T13:54:34.532+0000] {logging_mixin.py:188} INFO - Downloaded AAPL/1760967604.json -> /tmp/minio_downloads/1760967604.json
[2025-10-20T13:54:34.545+0000] {logging_mixin.py:188} INFO - Downloaded AAPL/1760967616.json -> /tmp/minio_downloads/1760967616.json
[2025-10-20T13:54:34.558+0000] {logging_mixin.py:188} INFO - Downloaded AAPL/1760967627.json -> /tmp/minio_downloads/1760967627.json
[2025-10-20T13:54:34.569+0000] {logging_mixin.py:188} INFO - Downloaded AAPL/1760967639.json -> /tmp/minio_downloads/1760967639.json
[2025-10-20T13:54:34.580+0000] {logging_mixin.py:188} INFO - Downloaded AAPL/1760967650.json -> /tmp/minio_downloads/1760967650.json
[2025-10-20T13:54:34.592+0000] {logging_mixin.py:188} INFO - Downloaded AAPL/1760967662.json -> /tmp/minio_downloads/1760967662.json
[2025-10-20T13:54:34.604+0000] {logging_mixin.py:188} INFO - Downloaded AAPL/1760967674.json -> /tmp/minio_downloads/1760967674.json
[2025-10-20T13:54:34.616+0000] {logging_mixin.py:188} INFO - Downloaded AAPL/1760967685.json -> /tmp/minio_downloads/1760967685.json
[2025-10-20T13:54:34.628+0000] {logging_mixin.py:188} INFO - Downloaded AAPL/1760967697.json -> /tmp/minio_downloads/1760967697.json
[2025-10-20T13:54:34.640+0000] {logging_mixin.py:188} INFO - Downloaded AAPL/1760967709.json -> /tmp/minio_downloads/1760967709.json
[2025-10-20T13:54:34.651+0000] {logging_mixin.py:188} INFO - Downloaded AAPL/1760967720.json -> /tmp/minio_downloads/1760967720.json
[2025-10-20T13:54:34.664+0000] {logging_mixin.py:188} INFO - Downloaded AAPL/1760967731.json -> /tmp/minio_downloads/1760967731.json
[2025-10-20T13:54:34.675+0000] {logging_mixin.py:188} INFO - Downloaded AAPL/1760967743.json -> /tmp/minio_downloads/1760967743.json
[2025-10-20T13:54:34.686+0000] {logging_mixin.py:188} INFO - Downloaded AAPL/1760967754.json -> /tmp/minio_downloads/1760967754.json
[2025-10-20T13:54:34.698+0000] {logging_mixin.py:188} INFO - Downloaded AAPL/1760967766.json -> /tmp/minio_downloads/1760967766.json
[2025-10-20T13:54:34.709+0000] {logging_mixin.py:188} INFO - Downloaded AAPL/1760967778.json -> /tmp/minio_downloads/1760967778.json
[2025-10-20T13:54:34.722+0000] {logging_mixin.py:188} INFO - Downloaded AAPL/1760967789.json -> /tmp/minio_downloads/1760967789.json
[2025-10-20T13:54:34.733+0000] {logging_mixin.py:188} INFO - Downloaded AAPL/1760967801.json -> /tmp/minio_downloads/1760967801.json
[2025-10-20T13:54:34.745+0000] {logging_mixin.py:188} INFO - Downloaded AAPL/1760967813.json -> /tmp/minio_downloads/1760967813.json
[2025-10-20T13:54:34.758+0000] {logging_mixin.py:188} INFO - Downloaded AAPL/1760967826.json -> /tmp/minio_downloads/1760967826.json
[2025-10-20T13:54:34.772+0000] {logging_mixin.py:188} INFO - Downloaded AAPL/1760967837.json -> /tmp/minio_downloads/1760967837.json
[2025-10-20T13:54:34.785+0000] {logging_mixin.py:188} INFO - Downloaded AAPL/1760967849.json -> /tmp/minio_downloads/1760967849.json
[2025-10-20T13:54:34.797+0000] {logging_mixin.py:188} INFO - Downloaded AAPL/1760967861.json -> /tmp/minio_downloads/1760967861.json
[2025-10-20T13:54:34.810+0000] {logging_mixin.py:188} INFO - Downloaded AAPL/1760967873.json -> /tmp/minio_downloads/1760967873.json
[2025-10-20T13:54:34.822+0000] {logging_mixin.py:188} INFO - Downloaded AAPL/1760967884.json -> /tmp/minio_downloads/1760967884.json
[2025-10-20T13:54:34.833+0000] {logging_mixin.py:188} INFO - Downloaded AAPL/1760967896.json -> /tmp/minio_downloads/1760967896.json
[2025-10-20T13:54:34.848+0000] {logging_mixin.py:188} INFO - Downloaded AAPL/1760967908.json -> /tmp/minio_downloads/1760967908.json
[2025-10-20T13:54:34.861+0000] {logging_mixin.py:188} INFO - Downloaded AAPL/1760967979.json -> /tmp/minio_downloads/1760967979.json
[2025-10-20T13:54:34.873+0000] {logging_mixin.py:188} INFO - Downloaded AAPL/1760967990.json -> /tmp/minio_downloads/1760967990.json
[2025-10-20T13:54:34.887+0000] {logging_mixin.py:188} INFO - Downloaded AAPL/1760968001.json -> /tmp/minio_downloads/1760968001.json
[2025-10-20T13:54:34.900+0000] {logging_mixin.py:188} INFO - Downloaded AAPL/1760968013.json -> /tmp/minio_downloads/1760968013.json
[2025-10-20T13:54:34.911+0000] {logging_mixin.py:188} INFO - Downloaded AAPL/1760968025.json -> /tmp/minio_downloads/1760968025.json
[2025-10-20T13:54:34.924+0000] {logging_mixin.py:188} INFO - Downloaded AAPL/1760968036.json -> /tmp/minio_downloads/1760968036.json
[2025-10-20T13:54:34.937+0000] {logging_mixin.py:188} INFO - Downloaded AAPL/1760968048.json -> /tmp/minio_downloads/1760968048.json
[2025-10-20T13:54:34.951+0000] {logging_mixin.py:188} INFO - Downloaded AAPL/1760968058.json -> /tmp/minio_downloads/1760968058.json
[2025-10-20T13:54:34.964+0000] {logging_mixin.py:188} INFO - Downloaded AAPL/1760968069.json -> /tmp/minio_downloads/1760968069.json
[2025-10-20T13:54:34.978+0000] {logging_mixin.py:188} INFO - Downloaded AAPL/1760968080.json -> /tmp/minio_downloads/1760968080.json
[2025-10-20T13:54:34.990+0000] {logging_mixin.py:188} INFO - Downloaded AAPL/1760968090.json -> /tmp/minio_downloads/1760968090.json
[2025-10-20T13:54:35.001+0000] {logging_mixin.py:188} INFO - Downloaded AAPL/1760968101.json -> /tmp/minio_downloads/1760968101.json
[2025-10-20T13:54:35.014+0000] {logging_mixin.py:188} INFO - Downloaded AAPL/1760968110.json -> /tmp/minio_downloads/1760968110.json
[2025-10-20T13:54:35.028+0000] {logging_mixin.py:188} INFO - Downloaded AAPL/1760968120.json -> /tmp/minio_downloads/1760968120.json
[2025-10-20T13:54:35.042+0000] {logging_mixin.py:188} INFO - Downloaded AAPL/1760968131.json -> /tmp/minio_downloads/1760968131.json
[2025-10-20T13:54:35.056+0000] {logging_mixin.py:188} INFO - Downloaded AAPL/1760968141.json -> /tmp/minio_downloads/1760968141.json
[2025-10-20T13:54:35.068+0000] {logging_mixin.py:188} INFO - Downloaded AAPL/1760968151.json -> /tmp/minio_downloads/1760968151.json
[2025-10-20T13:54:35.084+0000] {logging_mixin.py:188} INFO - Downloaded AAPL/1760968163.json -> /tmp/minio_downloads/1760968163.json
[2025-10-20T13:54:35.097+0000] {logging_mixin.py:188} INFO - Downloaded AAPL/1760968173.json -> /tmp/minio_downloads/1760968173.json
[2025-10-20T13:54:35.117+0000] {logging_mixin.py:188} INFO - Downloaded AAPL/1760968184.json -> /tmp/minio_downloads/1760968184.json
[2025-10-20T13:54:35.131+0000] {logging_mixin.py:188} INFO - Downloaded AAPL/1760968194.json -> /tmp/minio_downloads/1760968194.json
[2025-10-20T13:54:35.144+0000] {logging_mixin.py:188} INFO - Downloaded AAPL/1760968204.json -> /tmp/minio_downloads/1760968204.json
[2025-10-20T13:54:35.159+0000] {logging_mixin.py:188} INFO - Downloaded AAPL/1760968214.json -> /tmp/minio_downloads/1760968214.json
[2025-10-20T13:54:35.175+0000] {logging_mixin.py:188} INFO - Downloaded AAPL/1760968224.json -> /tmp/minio_downloads/1760968224.json
[2025-10-20T13:54:35.188+0000] {logging_mixin.py:188} INFO - Downloaded AAPL/1760968235.json -> /tmp/minio_downloads/1760968235.json
[2025-10-20T13:54:35.198+0000] {logging_mixin.py:188} INFO - Downloaded AAPL/1760968245.json -> /tmp/minio_downloads/1760968245.json
[2025-10-20T13:54:35.211+0000] {logging_mixin.py:188} INFO - Downloaded AAPL/1760968255.json -> /tmp/minio_downloads/1760968255.json
[2025-10-20T13:54:35.223+0000] {logging_mixin.py:188} INFO - Downloaded AAPL/1760968266.json -> /tmp/minio_downloads/1760968266.json
[2025-10-20T13:54:35.233+0000] {logging_mixin.py:188} INFO - Downloaded AAPL/1760968277.json -> /tmp/minio_downloads/1760968277.json
[2025-10-20T13:54:35.247+0000] {logging_mixin.py:188} INFO - Downloaded AAPL/1760968287.json -> /tmp/minio_downloads/1760968287.json
[2025-10-20T13:54:35.258+0000] {logging_mixin.py:188} INFO - Downloaded AAPL/1760968297.json -> /tmp/minio_downloads/1760968297.json
[2025-10-20T13:54:35.271+0000] {logging_mixin.py:188} INFO - Downloaded AAPL/1760968307.json -> /tmp/minio_downloads/1760968307.json
[2025-10-20T13:54:35.283+0000] {logging_mixin.py:188} INFO - Downloaded AAPL/1760968317.json -> /tmp/minio_downloads/1760968317.json
[2025-10-20T13:54:35.295+0000] {logging_mixin.py:188} INFO - Downloaded AAPL/1760968328.json -> /tmp/minio_downloads/1760968328.json
[2025-10-20T13:54:35.308+0000] {logging_mixin.py:188} INFO - Downloaded AAPL/1760968338.json -> /tmp/minio_downloads/1760968338.json
[2025-10-20T13:54:35.322+0000] {logging_mixin.py:188} INFO - Downloaded AAPL/1760968348.json -> /tmp/minio_downloads/1760968348.json
[2025-10-20T13:54:35.335+0000] {logging_mixin.py:188} INFO - Downloaded AAPL/1760968358.json -> /tmp/minio_downloads/1760968358.json
[2025-10-20T13:54:35.347+0000] {logging_mixin.py:188} INFO - Downloaded AAPL/1760968369.json -> /tmp/minio_downloads/1760968369.json
[2025-10-20T13:54:35.358+0000] {logging_mixin.py:188} INFO - Downloaded AAPL/1760968379.json -> /tmp/minio_downloads/1760968379.json
[2025-10-20T13:54:35.370+0000] {logging_mixin.py:188} INFO - Downloaded AAPL/1760968389.json -> /tmp/minio_downloads/1760968389.json
[2025-10-20T13:54:35.381+0000] {logging_mixin.py:188} INFO - Downloaded AAPL/1760968399.json -> /tmp/minio_downloads/1760968399.json
[2025-10-20T13:54:35.392+0000] {logging_mixin.py:188} INFO - Downloaded AAPL/1760968409.json -> /tmp/minio_downloads/1760968409.json
[2025-10-20T13:54:35.404+0000] {logging_mixin.py:188} INFO - Downloaded AAPL/1760968419.json -> /tmp/minio_downloads/1760968419.json
[2025-10-20T13:54:35.417+0000] {logging_mixin.py:188} INFO - Downloaded AAPL/1760968430.json -> /tmp/minio_downloads/1760968430.json
[2025-10-20T13:54:35.431+0000] {logging_mixin.py:188} INFO - Downloaded AAPL/1760968440.json -> /tmp/minio_downloads/1760968440.json
[2025-10-20T13:54:35.444+0000] {logging_mixin.py:188} INFO - Downloaded AAPL/1760968450.json -> /tmp/minio_downloads/1760968450.json
[2025-10-20T13:54:35.457+0000] {logging_mixin.py:188} INFO - Downloaded AAPL/1760968460.json -> /tmp/minio_downloads/1760968460.json
[2025-10-20T13:54:35.469+0000] {logging_mixin.py:188} INFO - Downloaded AAPL/1760968471.json -> /tmp/minio_downloads/1760968471.json
[2025-10-20T13:54:35.481+0000] {logging_mixin.py:188} INFO - Downloaded AMZN/1760967517.json -> /tmp/minio_downloads/1760967517.json
[2025-10-20T13:54:35.494+0000] {logging_mixin.py:188} INFO - Downloaded AMZN/1760967529.json -> /tmp/minio_downloads/1760967529.json
[2025-10-20T13:54:35.510+0000] {logging_mixin.py:188} INFO - Downloaded AMZN/1760967540.json -> /tmp/minio_downloads/1760967540.json
[2025-10-20T13:54:35.523+0000] {logging_mixin.py:188} INFO - Downloaded AMZN/1760967551.json -> /tmp/minio_downloads/1760967551.json
[2025-10-20T13:54:35.535+0000] {logging_mixin.py:188} INFO - Downloaded AMZN/1760967563.json -> /tmp/minio_downloads/1760967563.json
[2025-10-20T13:54:35.548+0000] {logging_mixin.py:188} INFO - Downloaded AMZN/1760967574.json -> /tmp/minio_downloads/1760967574.json
[2025-10-20T13:54:35.560+0000] {logging_mixin.py:188} INFO - Downloaded AMZN/1760967585.json -> /tmp/minio_downloads/1760967585.json
[2025-10-20T13:54:35.572+0000] {logging_mixin.py:188} INFO - Downloaded AMZN/1760967597.json -> /tmp/minio_downloads/1760967597.json
[2025-10-20T13:54:35.584+0000] {logging_mixin.py:188} INFO - Downloaded AMZN/1760967608.json -> /tmp/minio_downloads/1760967608.json
[2025-10-20T13:54:35.597+0000] {logging_mixin.py:188} INFO - Downloaded AMZN/1760967620.json -> /tmp/minio_downloads/1760967620.json
[2025-10-20T13:54:35.610+0000] {logging_mixin.py:188} INFO - Downloaded AMZN/1760967632.json -> /tmp/minio_downloads/1760967632.json
[2025-10-20T13:54:35.622+0000] {logging_mixin.py:188} INFO - Downloaded AMZN/1760967643.json -> /tmp/minio_downloads/1760967643.json
[2025-10-20T13:54:35.634+0000] {logging_mixin.py:188} INFO - Downloaded AMZN/1760967655.json -> /tmp/minio_downloads/1760967655.json
[2025-10-20T13:54:35.646+0000] {logging_mixin.py:188} INFO - Downloaded AMZN/1760967667.json -> /tmp/minio_downloads/1760967667.json
[2025-10-20T13:54:35.657+0000] {logging_mixin.py:188} INFO - Downloaded AMZN/1760967678.json -> /tmp/minio_downloads/1760967678.json
[2025-10-20T13:54:35.669+0000] {logging_mixin.py:188} INFO - Downloaded AMZN/1760967689.json -> /tmp/minio_downloads/1760967689.json
[2025-10-20T13:54:35.680+0000] {logging_mixin.py:188} INFO - Downloaded AMZN/1760967701.json -> /tmp/minio_downloads/1760967701.json
[2025-10-20T13:54:35.691+0000] {logging_mixin.py:188} INFO - Downloaded AMZN/1760967712.json -> /tmp/minio_downloads/1760967712.json
[2025-10-20T13:54:35.704+0000] {logging_mixin.py:188} INFO - Downloaded AMZN/1760967724.json -> /tmp/minio_downloads/1760967724.json
[2025-10-20T13:54:35.716+0000] {logging_mixin.py:188} INFO - Downloaded AMZN/1760967736.json -> /tmp/minio_downloads/1760967736.json
[2025-10-20T13:54:35.728+0000] {logging_mixin.py:188} INFO - Downloaded AMZN/1760967747.json -> /tmp/minio_downloads/1760967747.json
[2025-10-20T13:54:35.740+0000] {logging_mixin.py:188} INFO - Downloaded AMZN/1760967759.json -> /tmp/minio_downloads/1760967759.json
[2025-10-20T13:54:35.753+0000] {logging_mixin.py:188} INFO - Downloaded AMZN/1760967770.json -> /tmp/minio_downloads/1760967770.json
[2025-10-20T13:54:35.766+0000] {logging_mixin.py:188} INFO - Downloaded AMZN/1760967782.json -> /tmp/minio_downloads/1760967782.json
[2025-10-20T13:54:35.778+0000] {logging_mixin.py:188} INFO - Downloaded AMZN/1760967794.json -> /tmp/minio_downloads/1760967794.json
[2025-10-20T13:54:35.790+0000] {logging_mixin.py:188} INFO - Downloaded AMZN/1760967805.json -> /tmp/minio_downloads/1760967805.json
[2025-10-20T13:54:35.801+0000] {logging_mixin.py:188} INFO - Downloaded AMZN/1760967819.json -> /tmp/minio_downloads/1760967819.json
[2025-10-20T13:54:35.813+0000] {logging_mixin.py:188} INFO - Downloaded AMZN/1760967830.json -> /tmp/minio_downloads/1760967830.json
[2025-10-20T13:54:35.826+0000] {logging_mixin.py:188} INFO - Downloaded AMZN/1760967842.json -> /tmp/minio_downloads/1760967842.json
[2025-10-20T13:54:35.838+0000] {logging_mixin.py:188} INFO - Downloaded AMZN/1760967854.json -> /tmp/minio_downloads/1760967854.json
[2025-10-20T13:54:35.849+0000] {logging_mixin.py:188} INFO - Downloaded AMZN/1760967866.json -> /tmp/minio_downloads/1760967866.json
[2025-10-20T13:54:35.861+0000] {logging_mixin.py:188} INFO - Downloaded AMZN/1760967877.json -> /tmp/minio_downloads/1760967877.json
[2025-10-20T13:54:35.874+0000] {logging_mixin.py:188} INFO - Downloaded AMZN/1760967889.json -> /tmp/minio_downloads/1760967889.json
[2025-10-20T13:54:35.887+0000] {logging_mixin.py:188} INFO - Downloaded AMZN/1760967900.json -> /tmp/minio_downloads/1760967900.json
[2025-10-20T13:54:35.900+0000] {logging_mixin.py:188} INFO - Downloaded AMZN/1760967972.json -> /tmp/minio_downloads/1760967972.json
[2025-10-20T13:54:35.912+0000] {logging_mixin.py:188} INFO - Downloaded AMZN/1760967983.json -> /tmp/minio_downloads/1760967983.json
[2025-10-20T13:54:35.924+0000] {logging_mixin.py:188} INFO - Downloaded AMZN/1760967994.json -> /tmp/minio_downloads/1760967994.json
[2025-10-20T13:54:35.936+0000] {logging_mixin.py:188} INFO - Downloaded AMZN/1760968006.json -> /tmp/minio_downloads/1760968006.json
[2025-10-20T13:54:35.948+0000] {logging_mixin.py:188} INFO - Downloaded AMZN/1760968018.json -> /tmp/minio_downloads/1760968018.json
[2025-10-20T13:54:35.960+0000] {logging_mixin.py:188} INFO - Downloaded AMZN/1760968029.json -> /tmp/minio_downloads/1760968029.json
[2025-10-20T13:54:35.972+0000] {logging_mixin.py:188} INFO - Downloaded AMZN/1760968041.json -> /tmp/minio_downloads/1760968041.json
[2025-10-20T13:54:35.983+0000] {logging_mixin.py:188} INFO - Downloaded AMZN/1760968052.json -> /tmp/minio_downloads/1760968052.json
[2025-10-20T13:54:35.995+0000] {logging_mixin.py:188} INFO - Downloaded AMZN/1760968062.json -> /tmp/minio_downloads/1760968062.json
[2025-10-20T13:54:36.008+0000] {logging_mixin.py:188} INFO - Downloaded AMZN/1760968073.json -> /tmp/minio_downloads/1760968073.json
[2025-10-20T13:54:36.019+0000] {logging_mixin.py:188} INFO - Downloaded AMZN/1760968083.json -> /tmp/minio_downloads/1760968083.json
[2025-10-20T13:54:36.031+0000] {logging_mixin.py:188} INFO - Downloaded AMZN/1760968093.json -> /tmp/minio_downloads/1760968093.json
[2025-10-20T13:54:36.043+0000] {logging_mixin.py:188} INFO - Downloaded AMZN/1760968103.json -> /tmp/minio_downloads/1760968103.json
[2025-10-20T13:54:36.055+0000] {logging_mixin.py:188} INFO - Downloaded AMZN/1760968114.json -> /tmp/minio_downloads/1760968114.json
[2025-10-20T13:54:36.066+0000] {logging_mixin.py:188} INFO - Downloaded AMZN/1760968124.json -> /tmp/minio_downloads/1760968124.json
[2025-10-20T13:54:36.078+0000] {logging_mixin.py:188} INFO - Downloaded AMZN/1760968134.json -> /tmp/minio_downloads/1760968134.json
[2025-10-20T13:54:36.089+0000] {logging_mixin.py:188} INFO - Downloaded AMZN/1760968144.json -> /tmp/minio_downloads/1760968144.json
[2025-10-20T13:54:36.101+0000] {logging_mixin.py:188} INFO - Downloaded AMZN/1760968156.json -> /tmp/minio_downloads/1760968156.json
[2025-10-20T13:54:36.112+0000] {logging_mixin.py:188} INFO - Downloaded AMZN/1760968166.json -> /tmp/minio_downloads/1760968166.json
[2025-10-20T13:54:36.123+0000] {logging_mixin.py:188} INFO - Downloaded AMZN/1760968177.json -> /tmp/minio_downloads/1760968177.json
[2025-10-20T13:54:36.135+0000] {logging_mixin.py:188} INFO - Downloaded AMZN/1760968187.json -> /tmp/minio_downloads/1760968187.json
[2025-10-20T13:54:36.147+0000] {logging_mixin.py:188} INFO - Downloaded AMZN/1760968198.json -> /tmp/minio_downloads/1760968198.json
[2025-10-20T13:54:36.158+0000] {logging_mixin.py:188} INFO - Downloaded AMZN/1760968207.json -> /tmp/minio_downloads/1760968207.json
[2025-10-20T13:54:36.173+0000] {logging_mixin.py:188} INFO - Downloaded AMZN/1760968217.json -> /tmp/minio_downloads/1760968217.json
[2025-10-20T13:54:36.186+0000] {logging_mixin.py:188} INFO - Downloaded AMZN/1760968228.json -> /tmp/minio_downloads/1760968228.json
[2025-10-20T13:54:36.196+0000] {logging_mixin.py:188} INFO - Downloaded AMZN/1760968238.json -> /tmp/minio_downloads/1760968238.json
[2025-10-20T13:54:36.207+0000] {logging_mixin.py:188} INFO - Downloaded AMZN/1760968248.json -> /tmp/minio_downloads/1760968248.json
[2025-10-20T13:54:36.216+0000] {logging_mixin.py:188} INFO - Downloaded AMZN/1760968258.json -> /tmp/minio_downloads/1760968258.json
[2025-10-20T13:54:36.227+0000] {logging_mixin.py:188} INFO - Downloaded AMZN/1760968270.json -> /tmp/minio_downloads/1760968270.json
[2025-10-20T13:54:36.238+0000] {logging_mixin.py:188} INFO - Downloaded AMZN/1760968280.json -> /tmp/minio_downloads/1760968280.json
[2025-10-20T13:54:36.250+0000] {logging_mixin.py:188} INFO - Downloaded AMZN/1760968290.json -> /tmp/minio_downloads/1760968290.json
[2025-10-20T13:54:36.261+0000] {logging_mixin.py:188} INFO - Downloaded AMZN/1760968301.json -> /tmp/minio_downloads/1760968301.json
[2025-10-20T13:54:36.274+0000] {logging_mixin.py:188} INFO - Downloaded AMZN/1760968311.json -> /tmp/minio_downloads/1760968311.json
[2025-10-20T13:54:36.286+0000] {logging_mixin.py:188} INFO - Downloaded AMZN/1760968321.json -> /tmp/minio_downloads/1760968321.json
[2025-10-20T13:54:36.298+0000] {logging_mixin.py:188} INFO - Downloaded AMZN/1760968331.json -> /tmp/minio_downloads/1760968331.json
[2025-10-20T13:54:36.311+0000] {logging_mixin.py:188} INFO - Downloaded AMZN/1760968341.json -> /tmp/minio_downloads/1760968341.json
[2025-10-20T13:54:36.322+0000] {logging_mixin.py:188} INFO - Downloaded AMZN/1760968351.json -> /tmp/minio_downloads/1760968351.json
[2025-10-20T13:54:36.333+0000] {logging_mixin.py:188} INFO - Downloaded AMZN/1760968362.json -> /tmp/minio_downloads/1760968362.json
[2025-10-20T13:54:36.344+0000] {logging_mixin.py:188} INFO - Downloaded AMZN/1760968372.json -> /tmp/minio_downloads/1760968372.json
[2025-10-20T13:54:36.354+0000] {logging_mixin.py:188} INFO - Downloaded AMZN/1760968382.json -> /tmp/minio_downloads/1760968382.json
[2025-10-20T13:54:36.364+0000] {logging_mixin.py:188} INFO - Downloaded AMZN/1760968392.json -> /tmp/minio_downloads/1760968392.json
[2025-10-20T13:54:36.376+0000] {logging_mixin.py:188} INFO - Downloaded AMZN/1760968402.json -> /tmp/minio_downloads/1760968402.json
[2025-10-20T13:54:36.384+0000] {logging_mixin.py:188} INFO - Downloaded AMZN/1760968412.json -> /tmp/minio_downloads/1760968412.json
[2025-10-20T13:54:36.394+0000] {logging_mixin.py:188} INFO - Downloaded AMZN/1760968423.json -> /tmp/minio_downloads/1760968423.json
[2025-10-20T13:54:36.403+0000] {logging_mixin.py:188} INFO - Downloaded AMZN/1760968433.json -> /tmp/minio_downloads/1760968433.json
[2025-10-20T13:54:36.413+0000] {logging_mixin.py:188} INFO - Downloaded AMZN/1760968443.json -> /tmp/minio_downloads/1760968443.json
[2025-10-20T13:54:36.422+0000] {logging_mixin.py:188} INFO - Downloaded AMZN/1760968453.json -> /tmp/minio_downloads/1760968453.json
[2025-10-20T13:54:36.432+0000] {logging_mixin.py:188} INFO - Downloaded AMZN/1760968464.json -> /tmp/minio_downloads/1760968464.json
[2025-10-20T13:54:36.443+0000] {logging_mixin.py:188} INFO - Downloaded GOOGL/1760967516.json -> /tmp/minio_downloads/1760967516.json
[2025-10-20T13:54:36.452+0000] {logging_mixin.py:188} INFO - Downloaded GOOGL/1760967528.json -> /tmp/minio_downloads/1760967528.json
[2025-10-20T13:54:36.463+0000] {logging_mixin.py:188} INFO - Downloaded GOOGL/1760967539.json -> /tmp/minio_downloads/1760967539.json
[2025-10-20T13:54:36.475+0000] {logging_mixin.py:188} INFO - Downloaded GOOGL/1760967550.json -> /tmp/minio_downloads/1760967550.json
[2025-10-20T13:54:36.487+0000] {logging_mixin.py:188} INFO - Downloaded GOOGL/1760967561.json -> /tmp/minio_downloads/1760967561.json
[2025-10-20T13:54:36.500+0000] {logging_mixin.py:188} INFO - Downloaded GOOGL/1760967573.json -> /tmp/minio_downloads/1760967573.json
[2025-10-20T13:54:36.512+0000] {logging_mixin.py:188} INFO - Downloaded GOOGL/1760967584.json -> /tmp/minio_downloads/1760967584.json
[2025-10-20T13:54:36.525+0000] {logging_mixin.py:188} INFO - Downloaded GOOGL/1760967596.json -> /tmp/minio_downloads/1760967596.json
[2025-10-20T13:54:36.538+0000] {logging_mixin.py:188} INFO - Downloaded GOOGL/1760967607.json -> /tmp/minio_downloads/1760967607.json
[2025-10-20T13:54:36.549+0000] {logging_mixin.py:188} INFO - Downloaded GOOGL/1760967619.json -> /tmp/minio_downloads/1760967619.json
[2025-10-20T13:54:36.567+0000] {logging_mixin.py:188} INFO - Downloaded GOOGL/1760967631.json -> /tmp/minio_downloads/1760967631.json
[2025-10-20T13:54:36.587+0000] {logging_mixin.py:188} INFO - Downloaded GOOGL/1760967642.json -> /tmp/minio_downloads/1760967642.json
[2025-10-20T13:54:36.609+0000] {logging_mixin.py:188} INFO - Downloaded GOOGL/1760967654.json -> /tmp/minio_downloads/1760967654.json
[2025-10-20T13:54:36.628+0000] {logging_mixin.py:188} INFO - Downloaded GOOGL/1760967666.json -> /tmp/minio_downloads/1760967666.json
[2025-10-20T13:54:36.645+0000] {logging_mixin.py:188} INFO - Downloaded GOOGL/1760967677.json -> /tmp/minio_downloads/1760967677.json
[2025-10-20T13:54:36.661+0000] {logging_mixin.py:188} INFO - Downloaded GOOGL/1760967688.json -> /tmp/minio_downloads/1760967688.json
[2025-10-20T13:54:36.675+0000] {logging_mixin.py:188} INFO - Downloaded GOOGL/1760967700.json -> /tmp/minio_downloads/1760967700.json
[2025-10-20T13:54:36.687+0000] {logging_mixin.py:188} INFO - Downloaded GOOGL/1760967712.json -> /tmp/minio_downloads/1760967712.json
[2025-10-20T13:54:36.698+0000] {logging_mixin.py:188} INFO - Downloaded GOOGL/1760967723.json -> /tmp/minio_downloads/1760967723.json
[2025-10-20T13:54:36.710+0000] {logging_mixin.py:188} INFO - Downloaded GOOGL/1760967735.json -> /tmp/minio_downloads/1760967735.json
[2025-10-20T13:54:36.724+0000] {logging_mixin.py:188} INFO - Downloaded GOOGL/1760967746.json -> /tmp/minio_downloads/1760967746.json
[2025-10-20T13:54:36.735+0000] {logging_mixin.py:188} INFO - Downloaded GOOGL/1760967758.json -> /tmp/minio_downloads/1760967758.json
[2025-10-20T13:54:36.749+0000] {logging_mixin.py:188} INFO - Downloaded GOOGL/1760967769.json -> /tmp/minio_downloads/1760967769.json
[2025-10-20T13:54:36.762+0000] {logging_mixin.py:188} INFO - Downloaded GOOGL/1760967781.json -> /tmp/minio_downloads/1760967781.json
[2025-10-20T13:54:36.774+0000] {logging_mixin.py:188} INFO - Downloaded GOOGL/1760967793.json -> /tmp/minio_downloads/1760967793.json
[2025-10-20T13:54:36.784+0000] {logging_mixin.py:188} INFO - Downloaded GOOGL/1760967804.json -> /tmp/minio_downloads/1760967804.json
[2025-10-20T13:54:36.796+0000] {logging_mixin.py:188} INFO - Downloaded GOOGL/1760967818.json -> /tmp/minio_downloads/1760967818.json
[2025-10-20T13:54:36.808+0000] {logging_mixin.py:188} INFO - Downloaded GOOGL/1760967829.json -> /tmp/minio_downloads/1760967829.json
[2025-10-20T13:54:36.818+0000] {logging_mixin.py:188} INFO - Downloaded GOOGL/1760967841.json -> /tmp/minio_downloads/1760967841.json
[2025-10-20T13:54:36.830+0000] {logging_mixin.py:188} INFO - Downloaded GOOGL/1760967853.json -> /tmp/minio_downloads/1760967853.json
[2025-10-20T13:54:36.842+0000] {logging_mixin.py:188} INFO - Downloaded GOOGL/1760967864.json -> /tmp/minio_downloads/1760967864.json
[2025-10-20T13:54:36.852+0000] {logging_mixin.py:188} INFO - Downloaded GOOGL/1760967876.json -> /tmp/minio_downloads/1760967876.json
[2025-10-20T13:54:36.864+0000] {logging_mixin.py:188} INFO - Downloaded GOOGL/1760967888.json -> /tmp/minio_downloads/1760967888.json
[2025-10-20T13:54:36.875+0000] {logging_mixin.py:188} INFO - Downloaded GOOGL/1760967899.json -> /tmp/minio_downloads/1760967899.json
[2025-10-20T13:54:36.884+0000] {logging_mixin.py:188} INFO - Downloaded GOOGL/1760967971.json -> /tmp/minio_downloads/1760967971.json
[2025-10-20T13:54:36.896+0000] {logging_mixin.py:188} INFO - Downloaded GOOGL/1760967982.json -> /tmp/minio_downloads/1760967982.json
[2025-10-20T13:54:36.907+0000] {logging_mixin.py:188} INFO - Downloaded GOOGL/1760967993.json -> /tmp/minio_downloads/1760967993.json
[2025-10-20T13:54:36.917+0000] {logging_mixin.py:188} INFO - Downloaded GOOGL/1760968005.json -> /tmp/minio_downloads/1760968005.json
[2025-10-20T13:54:36.929+0000] {logging_mixin.py:188} INFO - Downloaded GOOGL/1760968016.json -> /tmp/minio_downloads/1760968016.json
[2025-10-20T13:54:36.938+0000] {logging_mixin.py:188} INFO - Downloaded GOOGL/1760968028.json -> /tmp/minio_downloads/1760968028.json
[2025-10-20T13:54:36.948+0000] {logging_mixin.py:188} INFO - Downloaded GOOGL/1760968039.json -> /tmp/minio_downloads/1760968039.json
[2025-10-20T13:54:36.958+0000] {logging_mixin.py:188} INFO - Downloaded GOOGL/1760968051.json -> /tmp/minio_downloads/1760968051.json
[2025-10-20T13:54:36.968+0000] {logging_mixin.py:188} INFO - Downloaded GOOGL/1760968061.json -> /tmp/minio_downloads/1760968061.json
[2025-10-20T13:54:36.978+0000] {logging_mixin.py:188} INFO - Downloaded GOOGL/1760968072.json -> /tmp/minio_downloads/1760968072.json
[2025-10-20T13:54:36.988+0000] {logging_mixin.py:188} INFO - Downloaded GOOGL/1760968082.json -> /tmp/minio_downloads/1760968082.json
[2025-10-20T13:54:36.997+0000] {logging_mixin.py:188} INFO - Downloaded GOOGL/1760968092.json -> /tmp/minio_downloads/1760968092.json
[2025-10-20T13:54:37.008+0000] {logging_mixin.py:188} INFO - Downloaded GOOGL/1760968103.json -> /tmp/minio_downloads/1760968103.json
[2025-10-20T13:54:37.016+0000] {logging_mixin.py:188} INFO - Downloaded GOOGL/1760968113.json -> /tmp/minio_downloads/1760968113.json
[2025-10-20T13:54:37.026+0000] {logging_mixin.py:188} INFO - Downloaded GOOGL/1760968123.json -> /tmp/minio_downloads/1760968123.json
[2025-10-20T13:54:37.038+0000] {logging_mixin.py:188} INFO - Downloaded GOOGL/1760968133.json -> /tmp/minio_downloads/1760968133.json
[2025-10-20T13:54:37.048+0000] {logging_mixin.py:188} INFO - Downloaded GOOGL/1760968143.json -> /tmp/minio_downloads/1760968143.json
[2025-10-20T13:54:37.057+0000] {logging_mixin.py:188} INFO - Downloaded GOOGL/1760968155.json -> /tmp/minio_downloads/1760968155.json
[2025-10-20T13:54:37.066+0000] {logging_mixin.py:188} INFO - Downloaded GOOGL/1760968166.json -> /tmp/minio_downloads/1760968166.json
[2025-10-20T13:54:37.076+0000] {logging_mixin.py:188} INFO - Downloaded GOOGL/1760968176.json -> /tmp/minio_downloads/1760968176.json
[2025-10-20T13:54:37.085+0000] {logging_mixin.py:188} INFO - Downloaded GOOGL/1760968186.json -> /tmp/minio_downloads/1760968186.json
[2025-10-20T13:54:37.094+0000] {logging_mixin.py:188} INFO - Downloaded GOOGL/1760968197.json -> /tmp/minio_downloads/1760968197.json
[2025-10-20T13:54:37.103+0000] {logging_mixin.py:188} INFO - Downloaded GOOGL/1760968207.json -> /tmp/minio_downloads/1760968207.json
[2025-10-20T13:54:37.112+0000] {logging_mixin.py:188} INFO - Downloaded GOOGL/1760968217.json -> /tmp/minio_downloads/1760968217.json
[2025-10-20T13:54:37.122+0000] {logging_mixin.py:188} INFO - Downloaded GOOGL/1760968227.json -> /tmp/minio_downloads/1760968227.json
[2025-10-20T13:54:37.131+0000] {logging_mixin.py:188} INFO - Downloaded GOOGL/1760968237.json -> /tmp/minio_downloads/1760968237.json
[2025-10-20T13:54:37.142+0000] {logging_mixin.py:188} INFO - Downloaded GOOGL/1760968247.json -> /tmp/minio_downloads/1760968247.json
[2025-10-20T13:54:37.151+0000] {logging_mixin.py:188} INFO - Downloaded GOOGL/1760968257.json -> /tmp/minio_downloads/1760968257.json
[2025-10-20T13:54:37.161+0000] {logging_mixin.py:188} INFO - Downloaded GOOGL/1760968269.json -> /tmp/minio_downloads/1760968269.json
[2025-10-20T13:54:37.171+0000] {logging_mixin.py:188} INFO - Downloaded GOOGL/1760968280.json -> /tmp/minio_downloads/1760968280.json
[2025-10-20T13:54:37.180+0000] {logging_mixin.py:188} INFO - Downloaded GOOGL/1760968290.json -> /tmp/minio_downloads/1760968290.json
[2025-10-20T13:54:37.190+0000] {logging_mixin.py:188} INFO - Downloaded GOOGL/1760968300.json -> /tmp/minio_downloads/1760968300.json
[2025-10-20T13:54:37.199+0000] {logging_mixin.py:188} INFO - Downloaded GOOGL/1760968310.json -> /tmp/minio_downloads/1760968310.json
[2025-10-20T13:54:37.208+0000] {logging_mixin.py:188} INFO - Downloaded GOOGL/1760968320.json -> /tmp/minio_downloads/1760968320.json
[2025-10-20T13:54:37.218+0000] {logging_mixin.py:188} INFO - Downloaded GOOGL/1760968330.json -> /tmp/minio_downloads/1760968330.json
[2025-10-20T13:54:37.228+0000] {logging_mixin.py:188} INFO - Downloaded GOOGL/1760968340.json -> /tmp/minio_downloads/1760968340.json
[2025-10-20T13:54:37.237+0000] {logging_mixin.py:188} INFO - Downloaded GOOGL/1760968351.json -> /tmp/minio_downloads/1760968351.json
[2025-10-20T13:54:37.246+0000] {logging_mixin.py:188} INFO - Downloaded GOOGL/1760968361.json -> /tmp/minio_downloads/1760968361.json
[2025-10-20T13:54:37.256+0000] {logging_mixin.py:188} INFO - Downloaded GOOGL/1760968371.json -> /tmp/minio_downloads/1760968371.json
[2025-10-20T13:54:37.264+0000] {logging_mixin.py:188} INFO - Downloaded GOOGL/1760968381.json -> /tmp/minio_downloads/1760968381.json
[2025-10-20T13:54:37.273+0000] {logging_mixin.py:188} INFO - Downloaded GOOGL/1760968391.json -> /tmp/minio_downloads/1760968391.json
[2025-10-20T13:54:37.282+0000] {logging_mixin.py:188} INFO - Downloaded GOOGL/1760968401.json -> /tmp/minio_downloads/1760968401.json
[2025-10-20T13:54:37.291+0000] {logging_mixin.py:188} INFO - Downloaded GOOGL/1760968412.json -> /tmp/minio_downloads/1760968412.json
[2025-10-20T13:54:37.300+0000] {logging_mixin.py:188} INFO - Downloaded GOOGL/1760968422.json -> /tmp/minio_downloads/1760968422.json
[2025-10-20T13:54:37.309+0000] {logging_mixin.py:188} INFO - Downloaded GOOGL/1760968432.json -> /tmp/minio_downloads/1760968432.json
[2025-10-20T13:54:37.317+0000] {logging_mixin.py:188} INFO - Downloaded GOOGL/1760968442.json -> /tmp/minio_downloads/1760968442.json
[2025-10-20T13:54:37.325+0000] {logging_mixin.py:188} INFO - Downloaded GOOGL/1760968452.json -> /tmp/minio_downloads/1760968452.json
[2025-10-20T13:54:37.335+0000] {logging_mixin.py:188} INFO - Downloaded GOOGL/1760968463.json -> /tmp/minio_downloads/1760968463.json
[2025-10-20T13:54:37.344+0000] {logging_mixin.py:188} INFO - Downloaded MSFT/1760967514.json -> /tmp/minio_downloads/1760967514.json
[2025-10-20T13:54:37.353+0000] {logging_mixin.py:188} INFO - Downloaded MSFT/1760967525.json -> /tmp/minio_downloads/1760967525.json
[2025-10-20T13:54:37.362+0000] {logging_mixin.py:188} INFO - Downloaded MSFT/1760967537.json -> /tmp/minio_downloads/1760967537.json
[2025-10-20T13:54:37.372+0000] {logging_mixin.py:188} INFO - Downloaded MSFT/1760967548.json -> /tmp/minio_downloads/1760967548.json
[2025-10-20T13:54:37.381+0000] {logging_mixin.py:188} INFO - Downloaded MSFT/1760967559.json -> /tmp/minio_downloads/1760967559.json
[2025-10-20T13:54:37.390+0000] {logging_mixin.py:188} INFO - Downloaded MSFT/1760967571.json -> /tmp/minio_downloads/1760967571.json
[2025-10-20T13:54:37.399+0000] {logging_mixin.py:188} INFO - Downloaded MSFT/1760967582.json -> /tmp/minio_downloads/1760967582.json
[2025-10-20T13:54:37.408+0000] {logging_mixin.py:188} INFO - Downloaded MSFT/1760967594.json -> /tmp/minio_downloads/1760967594.json
[2025-10-20T13:54:37.417+0000] {logging_mixin.py:188} INFO - Downloaded MSFT/1760967605.json -> /tmp/minio_downloads/1760967605.json
[2025-10-20T13:54:37.426+0000] {logging_mixin.py:188} INFO - Downloaded MSFT/1760967617.json -> /tmp/minio_downloads/1760967617.json
[2025-10-20T13:54:37.436+0000] {logging_mixin.py:188} INFO - Downloaded MSFT/1760967628.json -> /tmp/minio_downloads/1760967628.json
[2025-10-20T13:54:37.446+0000] {logging_mixin.py:188} INFO - Downloaded MSFT/1760967640.json -> /tmp/minio_downloads/1760967640.json
[2025-10-20T13:54:37.457+0000] {logging_mixin.py:188} INFO - Downloaded MSFT/1760967651.json -> /tmp/minio_downloads/1760967651.json
[2025-10-20T13:54:37.466+0000] {logging_mixin.py:188} INFO - Downloaded MSFT/1760967664.json -> /tmp/minio_downloads/1760967664.json
[2025-10-20T13:54:37.476+0000] {logging_mixin.py:188} INFO - Downloaded MSFT/1760967675.json -> /tmp/minio_downloads/1760967675.json
[2025-10-20T13:54:37.485+0000] {logging_mixin.py:188} INFO - Downloaded MSFT/1760967686.json -> /tmp/minio_downloads/1760967686.json
[2025-10-20T13:54:37.495+0000] {logging_mixin.py:188} INFO - Downloaded MSFT/1760967698.json -> /tmp/minio_downloads/1760967698.json
[2025-10-20T13:54:37.505+0000] {logging_mixin.py:188} INFO - Downloaded MSFT/1760967709.json -> /tmp/minio_downloads/1760967709.json
[2025-10-20T13:54:37.516+0000] {logging_mixin.py:188} INFO - Downloaded MSFT/1760967721.json -> /tmp/minio_downloads/1760967721.json
[2025-10-20T13:54:37.527+0000] {logging_mixin.py:188} INFO - Downloaded MSFT/1760967733.json -> /tmp/minio_downloads/1760967733.json
[2025-10-20T13:54:37.537+0000] {logging_mixin.py:188} INFO - Downloaded MSFT/1760967744.json -> /tmp/minio_downloads/1760967744.json
[2025-10-20T13:54:37.547+0000] {logging_mixin.py:188} INFO - Downloaded MSFT/1760967755.json -> /tmp/minio_downloads/1760967755.json
[2025-10-20T13:54:37.556+0000] {logging_mixin.py:188} INFO - Downloaded MSFT/1760967767.json -> /tmp/minio_downloads/1760967767.json
[2025-10-20T13:54:37.565+0000] {logging_mixin.py:188} INFO - Downloaded MSFT/1760967778.json -> /tmp/minio_downloads/1760967778.json
[2025-10-20T13:54:37.575+0000] {logging_mixin.py:188} INFO - Downloaded MSFT/1760967790.json -> /tmp/minio_downloads/1760967790.json
[2025-10-20T13:54:37.583+0000] {logging_mixin.py:188} INFO - Downloaded MSFT/1760967802.json -> /tmp/minio_downloads/1760967802.json
[2025-10-20T13:54:37.592+0000] {logging_mixin.py:188} INFO - Downloaded MSFT/1760967814.json -> /tmp/minio_downloads/1760967814.json
[2025-10-20T13:54:37.602+0000] {logging_mixin.py:188} INFO - Downloaded MSFT/1760967827.json -> /tmp/minio_downloads/1760967827.json
[2025-10-20T13:54:37.611+0000] {logging_mixin.py:188} INFO - Downloaded MSFT/1760967838.json -> /tmp/minio_downloads/1760967838.json
[2025-10-20T13:54:37.620+0000] {logging_mixin.py:188} INFO - Downloaded MSFT/1760967850.json -> /tmp/minio_downloads/1760967850.json
[2025-10-20T13:54:37.629+0000] {logging_mixin.py:188} INFO - Downloaded MSFT/1760967862.json -> /tmp/minio_downloads/1760967862.json
[2025-10-20T13:54:37.637+0000] {logging_mixin.py:188} INFO - Downloaded MSFT/1760967874.json -> /tmp/minio_downloads/1760967874.json
[2025-10-20T13:54:37.647+0000] {logging_mixin.py:188} INFO - Downloaded MSFT/1760967885.json -> /tmp/minio_downloads/1760967885.json
[2025-10-20T13:54:37.656+0000] {logging_mixin.py:188} INFO - Downloaded MSFT/1760967897.json -> /tmp/minio_downloads/1760967897.json
[2025-10-20T13:54:37.666+0000] {logging_mixin.py:188} INFO - Downloaded MSFT/1760967980.json -> /tmp/minio_downloads/1760967980.json
[2025-10-20T13:54:37.676+0000] {logging_mixin.py:188} INFO - Downloaded MSFT/1760967991.json -> /tmp/minio_downloads/1760967991.json
[2025-10-20T13:54:37.684+0000] {logging_mixin.py:188} INFO - Downloaded MSFT/1760968003.json -> /tmp/minio_downloads/1760968003.json
[2025-10-20T13:54:37.693+0000] {logging_mixin.py:188} INFO - Downloaded MSFT/1760968014.json -> /tmp/minio_downloads/1760968014.json
[2025-10-20T13:54:37.702+0000] {logging_mixin.py:188} INFO - Downloaded MSFT/1760968026.json -> /tmp/minio_downloads/1760968026.json
[2025-10-20T13:54:37.711+0000] {logging_mixin.py:188} INFO - Downloaded MSFT/1760968037.json -> /tmp/minio_downloads/1760968037.json
[2025-10-20T13:54:37.719+0000] {logging_mixin.py:188} INFO - Downloaded MSFT/1760968049.json -> /tmp/minio_downloads/1760968049.json
[2025-10-20T13:54:37.728+0000] {logging_mixin.py:188} INFO - Downloaded MSFT/1760968059.json -> /tmp/minio_downloads/1760968059.json
[2025-10-20T13:54:37.737+0000] {logging_mixin.py:188} INFO - Downloaded MSFT/1760968070.json -> /tmp/minio_downloads/1760968070.json
[2025-10-20T13:54:37.746+0000] {logging_mixin.py:188} INFO - Downloaded MSFT/1760968080.json -> /tmp/minio_downloads/1760968080.json
[2025-10-20T13:54:37.756+0000] {logging_mixin.py:188} INFO - Downloaded MSFT/1760968091.json -> /tmp/minio_downloads/1760968091.json
[2025-10-20T13:54:37.764+0000] {logging_mixin.py:188} INFO - Downloaded MSFT/1760968101.json -> /tmp/minio_downloads/1760968101.json
[2025-10-20T13:54:37.773+0000] {logging_mixin.py:188} INFO - Downloaded MSFT/1760968111.json -> /tmp/minio_downloads/1760968111.json
[2025-10-20T13:54:37.782+0000] {logging_mixin.py:188} INFO - Downloaded MSFT/1760968121.json -> /tmp/minio_downloads/1760968121.json
[2025-10-20T13:54:37.791+0000] {logging_mixin.py:188} INFO - Downloaded MSFT/1760968131.json -> /tmp/minio_downloads/1760968131.json
[2025-10-20T13:54:37.799+0000] {logging_mixin.py:188} INFO - Downloaded MSFT/1760968142.json -> /tmp/minio_downloads/1760968142.json
[2025-10-20T13:54:37.809+0000] {logging_mixin.py:188} INFO - Downloaded MSFT/1760968152.json -> /tmp/minio_downloads/1760968152.json
[2025-10-20T13:54:37.818+0000] {logging_mixin.py:188} INFO - Downloaded MSFT/1760968164.json -> /tmp/minio_downloads/1760968164.json
[2025-10-20T13:54:37.827+0000] {logging_mixin.py:188} INFO - Downloaded MSFT/1760968175.json -> /tmp/minio_downloads/1760968175.json
[2025-10-20T13:54:37.835+0000] {logging_mixin.py:188} INFO - Downloaded MSFT/1760968184.json -> /tmp/minio_downloads/1760968184.json
[2025-10-20T13:54:37.844+0000] {logging_mixin.py:188} INFO - Downloaded MSFT/1760968195.json -> /tmp/minio_downloads/1760968195.json
[2025-10-20T13:54:37.853+0000] {logging_mixin.py:188} INFO - Downloaded MSFT/1760968205.json -> /tmp/minio_downloads/1760968205.json
[2025-10-20T13:54:37.862+0000] {logging_mixin.py:188} INFO - Downloaded MSFT/1760968215.json -> /tmp/minio_downloads/1760968215.json
[2025-10-20T13:54:37.871+0000] {logging_mixin.py:188} INFO - Downloaded MSFT/1760968225.json -> /tmp/minio_downloads/1760968225.json
[2025-10-20T13:54:37.880+0000] {logging_mixin.py:188} INFO - Downloaded MSFT/1760968235.json -> /tmp/minio_downloads/1760968235.json
[2025-10-20T13:54:37.890+0000] {logging_mixin.py:188} INFO - Downloaded MSFT/1760968246.json -> /tmp/minio_downloads/1760968246.json
[2025-10-20T13:54:37.899+0000] {logging_mixin.py:188} INFO - Downloaded MSFT/1760968256.json -> /tmp/minio_downloads/1760968256.json
[2025-10-20T13:54:37.908+0000] {logging_mixin.py:188} INFO - Downloaded MSFT/1760968267.json -> /tmp/minio_downloads/1760968267.json
[2025-10-20T13:54:37.917+0000] {logging_mixin.py:188} INFO - Downloaded MSFT/1760968278.json -> /tmp/minio_downloads/1760968278.json
[2025-10-20T13:54:37.926+0000] {logging_mixin.py:188} INFO - Downloaded MSFT/1760968288.json -> /tmp/minio_downloads/1760968288.json
[2025-10-20T13:54:37.935+0000] {logging_mixin.py:188} INFO - Downloaded MSFT/1760968298.json -> /tmp/minio_downloads/1760968298.json
[2025-10-20T13:54:37.945+0000] {logging_mixin.py:188} INFO - Downloaded MSFT/1760968308.json -> /tmp/minio_downloads/1760968308.json
[2025-10-20T13:54:37.954+0000] {logging_mixin.py:188} INFO - Downloaded MSFT/1760968318.json -> /tmp/minio_downloads/1760968318.json
[2025-10-20T13:54:37.964+0000] {logging_mixin.py:188} INFO - Downloaded MSFT/1760968329.json -> /tmp/minio_downloads/1760968329.json
[2025-10-20T13:54:37.974+0000] {logging_mixin.py:188} INFO - Downloaded MSFT/1760968339.json -> /tmp/minio_downloads/1760968339.json
[2025-10-20T13:54:37.983+0000] {logging_mixin.py:188} INFO - Downloaded MSFT/1760968349.json -> /tmp/minio_downloads/1760968349.json
[2025-10-20T13:54:37.994+0000] {logging_mixin.py:188} INFO - Downloaded MSFT/1760968359.json -> /tmp/minio_downloads/1760968359.json
[2025-10-20T13:54:38.004+0000] {logging_mixin.py:188} INFO - Downloaded MSFT/1760968369.json -> /tmp/minio_downloads/1760968369.json
[2025-10-20T13:54:38.014+0000] {logging_mixin.py:188} INFO - Downloaded MSFT/1760968380.json -> /tmp/minio_downloads/1760968380.json
[2025-10-20T13:54:38.024+0000] {logging_mixin.py:188} INFO - Downloaded MSFT/1760968390.json -> /tmp/minio_downloads/1760968390.json
[2025-10-20T13:54:38.034+0000] {logging_mixin.py:188} INFO - Downloaded MSFT/1760968400.json -> /tmp/minio_downloads/1760968400.json
[2025-10-20T13:54:38.045+0000] {logging_mixin.py:188} INFO - Downloaded MSFT/1760968410.json -> /tmp/minio_downloads/1760968410.json
[2025-10-20T13:54:38.055+0000] {logging_mixin.py:188} INFO - Downloaded MSFT/1760968420.json -> /tmp/minio_downloads/1760968420.json
[2025-10-20T13:54:38.065+0000] {logging_mixin.py:188} INFO - Downloaded MSFT/1760968431.json -> /tmp/minio_downloads/1760968431.json
[2025-10-20T13:54:38.075+0000] {logging_mixin.py:188} INFO - Downloaded MSFT/1760968441.json -> /tmp/minio_downloads/1760968441.json
[2025-10-20T13:54:38.090+0000] {logging_mixin.py:188} INFO - Downloaded MSFT/1760968451.json -> /tmp/minio_downloads/1760968451.json
[2025-10-20T13:54:38.104+0000] {logging_mixin.py:188} INFO - Downloaded MSFT/1760968461.json -> /tmp/minio_downloads/1760968461.json
[2025-10-20T13:54:38.118+0000] {logging_mixin.py:188} INFO - Downloaded MSFT/1760968472.json -> /tmp/minio_downloads/1760968472.json
[2025-10-20T13:54:38.131+0000] {logging_mixin.py:188} INFO - Downloaded TSLA/1760967515.json -> /tmp/minio_downloads/1760967515.json
[2025-10-20T13:54:38.145+0000] {logging_mixin.py:188} INFO - Downloaded TSLA/1760967526.json -> /tmp/minio_downloads/1760967526.json
[2025-10-20T13:54:38.156+0000] {logging_mixin.py:188} INFO - Downloaded TSLA/1760967538.json -> /tmp/minio_downloads/1760967538.json
[2025-10-20T13:54:38.168+0000] {logging_mixin.py:188} INFO - Downloaded TSLA/1760967549.json -> /tmp/minio_downloads/1760967549.json
[2025-10-20T13:54:38.182+0000] {logging_mixin.py:188} INFO - Downloaded TSLA/1760967560.json -> /tmp/minio_downloads/1760967560.json
[2025-10-20T13:54:38.201+0000] {logging_mixin.py:188} INFO - Downloaded TSLA/1760967572.json -> /tmp/minio_downloads/1760967572.json
[2025-10-20T13:54:38.218+0000] {logging_mixin.py:188} INFO - Downloaded TSLA/1760967583.json -> /tmp/minio_downloads/1760967583.json
[2025-10-20T13:54:38.235+0000] {logging_mixin.py:188} INFO - Downloaded TSLA/1760967595.json -> /tmp/minio_downloads/1760967595.json
[2025-10-20T13:54:38.250+0000] {logging_mixin.py:188} INFO - Downloaded TSLA/1760967606.json -> /tmp/minio_downloads/1760967606.json
[2025-10-20T13:54:38.265+0000] {logging_mixin.py:188} INFO - Downloaded TSLA/1760967618.json -> /tmp/minio_downloads/1760967618.json
[2025-10-20T13:54:38.278+0000] {logging_mixin.py:188} INFO - Downloaded TSLA/1760967629.json -> /tmp/minio_downloads/1760967629.json
[2025-10-20T13:54:38.291+0000] {logging_mixin.py:188} INFO - Downloaded TSLA/1760967641.json -> /tmp/minio_downloads/1760967641.json
[2025-10-20T13:54:38.305+0000] {logging_mixin.py:188} INFO - Downloaded TSLA/1760967652.json -> /tmp/minio_downloads/1760967652.json
[2025-10-20T13:54:38.323+0000] {logging_mixin.py:188} INFO - Downloaded TSLA/1760967665.json -> /tmp/minio_downloads/1760967665.json
[2025-10-20T13:54:38.337+0000] {logging_mixin.py:188} INFO - Downloaded TSLA/1760967676.json -> /tmp/minio_downloads/1760967676.json
[2025-10-20T13:54:38.351+0000] {logging_mixin.py:188} INFO - Downloaded TSLA/1760967688.json -> /tmp/minio_downloads/1760967688.json
[2025-10-20T13:54:38.364+0000] {logging_mixin.py:188} INFO - Downloaded TSLA/1760967699.json -> /tmp/minio_downloads/1760967699.json
[2025-10-20T13:54:38.376+0000] {logging_mixin.py:188} INFO - Downloaded TSLA/1760967710.json -> /tmp/minio_downloads/1760967710.json
[2025-10-20T13:54:38.387+0000] {logging_mixin.py:188} INFO - Downloaded TSLA/1760967722.json -> /tmp/minio_downloads/1760967722.json
[2025-10-20T13:54:38.399+0000] {logging_mixin.py:188} INFO - Downloaded TSLA/1760967734.json -> /tmp/minio_downloads/1760967734.json
[2025-10-20T13:54:38.410+0000] {logging_mixin.py:188} INFO - Downloaded TSLA/1760967745.json -> /tmp/minio_downloads/1760967745.json
[2025-10-20T13:54:38.421+0000] {logging_mixin.py:188} INFO - Downloaded TSLA/1760967756.json -> /tmp/minio_downloads/1760967756.json
[2025-10-20T13:54:38.433+0000] {logging_mixin.py:188} INFO - Downloaded TSLA/1760967768.json -> /tmp/minio_downloads/1760967768.json
[2025-10-20T13:54:38.447+0000] {logging_mixin.py:188} INFO - Downloaded TSLA/1760967780.json -> /tmp/minio_downloads/1760967780.json
[2025-10-20T13:54:38.460+0000] {logging_mixin.py:188} INFO - Downloaded TSLA/1760967791.json -> /tmp/minio_downloads/1760967791.json
[2025-10-20T13:54:38.474+0000] {logging_mixin.py:188} INFO - Downloaded TSLA/1760967803.json -> /tmp/minio_downloads/1760967803.json
[2025-10-20T13:54:38.486+0000] {logging_mixin.py:188} INFO - Downloaded TSLA/1760967815.json -> /tmp/minio_downloads/1760967815.json
[2025-10-20T13:54:38.499+0000] {logging_mixin.py:188} INFO - Downloaded TSLA/1760967828.json -> /tmp/minio_downloads/1760967828.json
[2025-10-20T13:54:38.512+0000] {logging_mixin.py:188} INFO - Downloaded TSLA/1760967840.json -> /tmp/minio_downloads/1760967840.json
[2025-10-20T13:54:38.526+0000] {logging_mixin.py:188} INFO - Downloaded TSLA/1760967852.json -> /tmp/minio_downloads/1760967852.json
[2025-10-20T13:54:38.541+0000] {logging_mixin.py:188} INFO - Downloaded TSLA/1760967863.json -> /tmp/minio_downloads/1760967863.json
[2025-10-20T13:54:38.552+0000] {logging_mixin.py:188} INFO - Downloaded TSLA/1760967875.json -> /tmp/minio_downloads/1760967875.json
[2025-10-20T13:54:38.565+0000] {logging_mixin.py:188} INFO - Downloaded TSLA/1760967887.json -> /tmp/minio_downloads/1760967887.json
[2025-10-20T13:54:38.578+0000] {logging_mixin.py:188} INFO - Downloaded TSLA/1760967898.json -> /tmp/minio_downloads/1760967898.json
[2025-10-20T13:54:38.591+0000] {logging_mixin.py:188} INFO - Downloaded TSLA/1760967970.json -> /tmp/minio_downloads/1760967970.json
[2025-10-20T13:54:38.605+0000] {logging_mixin.py:188} INFO - Downloaded TSLA/1760967981.json -> /tmp/minio_downloads/1760967981.json
[2025-10-20T13:54:38.619+0000] {logging_mixin.py:188} INFO - Downloaded TSLA/1760967992.json -> /tmp/minio_downloads/1760967992.json
[2025-10-20T13:54:38.634+0000] {logging_mixin.py:188} INFO - Downloaded TSLA/1760968004.json -> /tmp/minio_downloads/1760968004.json
[2025-10-20T13:54:38.646+0000] {logging_mixin.py:188} INFO - Downloaded TSLA/1760968016.json -> /tmp/minio_downloads/1760968016.json
[2025-10-20T13:54:38.658+0000] {logging_mixin.py:188} INFO - Downloaded TSLA/1760968027.json -> /tmp/minio_downloads/1760968027.json
[2025-10-20T13:54:38.671+0000] {logging_mixin.py:188} INFO - Downloaded TSLA/1760968038.json -> /tmp/minio_downloads/1760968038.json
[2025-10-20T13:54:38.684+0000] {logging_mixin.py:188} INFO - Downloaded TSLA/1760968050.json -> /tmp/minio_downloads/1760968050.json
[2025-10-20T13:54:38.697+0000] {logging_mixin.py:188} INFO - Downloaded TSLA/1760968060.json -> /tmp/minio_downloads/1760968060.json
[2025-10-20T13:54:38.708+0000] {logging_mixin.py:188} INFO - Downloaded TSLA/1760968071.json -> /tmp/minio_downloads/1760968071.json
[2025-10-20T13:54:38.722+0000] {logging_mixin.py:188} INFO - Downloaded TSLA/1760968081.json -> /tmp/minio_downloads/1760968081.json
[2025-10-20T13:54:38.735+0000] {logging_mixin.py:188} INFO - Downloaded TSLA/1760968091.json -> /tmp/minio_downloads/1760968091.json
[2025-10-20T13:54:38.748+0000] {logging_mixin.py:188} INFO - Downloaded TSLA/1760968102.json -> /tmp/minio_downloads/1760968102.json
[2025-10-20T13:54:38.760+0000] {logging_mixin.py:188} INFO - Downloaded TSLA/1760968112.json -> /tmp/minio_downloads/1760968112.json
[2025-10-20T13:54:38.773+0000] {logging_mixin.py:188} INFO - Downloaded TSLA/1760968122.json -> /tmp/minio_downloads/1760968122.json
[2025-10-20T13:54:38.784+0000] {logging_mixin.py:188} INFO - Downloaded TSLA/1760968132.json -> /tmp/minio_downloads/1760968132.json
[2025-10-20T13:54:38.797+0000] {logging_mixin.py:188} INFO - Downloaded TSLA/1760968142.json -> /tmp/minio_downloads/1760968142.json
[2025-10-20T13:54:38.809+0000] {logging_mixin.py:188} INFO - Downloaded TSLA/1760968153.json -> /tmp/minio_downloads/1760968153.json
[2025-10-20T13:54:38.822+0000] {logging_mixin.py:188} INFO - Downloaded TSLA/1760968165.json -> /tmp/minio_downloads/1760968165.json
[2025-10-20T13:54:38.835+0000] {logging_mixin.py:188} INFO - Downloaded TSLA/1760968175.json -> /tmp/minio_downloads/1760968175.json
[2025-10-20T13:54:38.847+0000] {logging_mixin.py:188} INFO - Downloaded TSLA/1760968185.json -> /tmp/minio_downloads/1760968185.json
[2025-10-20T13:54:38.857+0000] {logging_mixin.py:188} INFO - Downloaded TSLA/1760968196.json -> /tmp/minio_downloads/1760968196.json
[2025-10-20T13:54:38.868+0000] {logging_mixin.py:188} INFO - Downloaded TSLA/1760968206.json -> /tmp/minio_downloads/1760968206.json
[2025-10-20T13:54:38.879+0000] {logging_mixin.py:188} INFO - Downloaded TSLA/1760968216.json -> /tmp/minio_downloads/1760968216.json
[2025-10-20T13:54:38.890+0000] {logging_mixin.py:188} INFO - Downloaded TSLA/1760968226.json -> /tmp/minio_downloads/1760968226.json
[2025-10-20T13:54:38.901+0000] {logging_mixin.py:188} INFO - Downloaded TSLA/1760968236.json -> /tmp/minio_downloads/1760968236.json
[2025-10-20T13:54:38.913+0000] {logging_mixin.py:188} INFO - Downloaded TSLA/1760968246.json -> /tmp/minio_downloads/1760968246.json
[2025-10-20T13:54:38.923+0000] {logging_mixin.py:188} INFO - Downloaded TSLA/1760968257.json -> /tmp/minio_downloads/1760968257.json
[2025-10-20T13:54:38.934+0000] {logging_mixin.py:188} INFO - Downloaded TSLA/1760968268.json -> /tmp/minio_downloads/1760968268.json
[2025-10-20T13:54:38.946+0000] {logging_mixin.py:188} INFO - Downloaded TSLA/1760968279.json -> /tmp/minio_downloads/1760968279.json
[2025-10-20T13:54:38.957+0000] {logging_mixin.py:188} INFO - Downloaded TSLA/1760968289.json -> /tmp/minio_downloads/1760968289.json
[2025-10-20T13:54:38.970+0000] {logging_mixin.py:188} INFO - Downloaded TSLA/1760968299.json -> /tmp/minio_downloads/1760968299.json
[2025-10-20T13:54:38.980+0000] {logging_mixin.py:188} INFO - Downloaded TSLA/1760968309.json -> /tmp/minio_downloads/1760968309.json
[2025-10-20T13:54:38.991+0000] {logging_mixin.py:188} INFO - Downloaded TSLA/1760968319.json -> /tmp/minio_downloads/1760968319.json
[2025-10-20T13:54:39.003+0000] {logging_mixin.py:188} INFO - Downloaded TSLA/1760968329.json -> /tmp/minio_downloads/1760968329.json
[2025-10-20T13:54:39.015+0000] {logging_mixin.py:188} INFO - Downloaded TSLA/1760968339.json -> /tmp/minio_downloads/1760968339.json
[2025-10-20T13:54:39.025+0000] {logging_mixin.py:188} INFO - Downloaded TSLA/1760968350.json -> /tmp/minio_downloads/1760968350.json
[2025-10-20T13:54:39.037+0000] {logging_mixin.py:188} INFO - Downloaded TSLA/1760968360.json -> /tmp/minio_downloads/1760968360.json
[2025-10-20T13:54:39.049+0000] {logging_mixin.py:188} INFO - Downloaded TSLA/1760968370.json -> /tmp/minio_downloads/1760968370.json
[2025-10-20T13:54:39.061+0000] {logging_mixin.py:188} INFO - Downloaded TSLA/1760968380.json -> /tmp/minio_downloads/1760968380.json
[2025-10-20T13:54:39.073+0000] {logging_mixin.py:188} INFO - Downloaded TSLA/1760968391.json -> /tmp/minio_downloads/1760968391.json
[2025-10-20T13:54:39.084+0000] {logging_mixin.py:188} INFO - Downloaded TSLA/1760968401.json -> /tmp/minio_downloads/1760968401.json
[2025-10-20T13:54:39.095+0000] {logging_mixin.py:188} INFO - Downloaded TSLA/1760968411.json -> /tmp/minio_downloads/1760968411.json
[2025-10-20T13:54:39.107+0000] {logging_mixin.py:188} INFO - Downloaded TSLA/1760968421.json -> /tmp/minio_downloads/1760968421.json
[2025-10-20T13:54:39.118+0000] {logging_mixin.py:188} INFO - Downloaded TSLA/1760968432.json -> /tmp/minio_downloads/1760968432.json
[2025-10-20T13:54:39.130+0000] {logging_mixin.py:188} INFO - Downloaded TSLA/1760968442.json -> /tmp/minio_downloads/1760968442.json
[2025-10-20T13:54:39.141+0000] {logging_mixin.py:188} INFO - Downloaded TSLA/1760968452.json -> /tmp/minio_downloads/1760968452.json
[2025-10-20T13:54:39.151+0000] {logging_mixin.py:188} INFO - Downloaded TSLA/1760968462.json -> /tmp/minio_downloads/1760968462.json
[2025-10-20T13:54:39.162+0000] {logging_mixin.py:188} INFO - Downloaded TSLA/1760968473.json -> /tmp/minio_downloads/1760968473.json
[2025-10-20T13:54:39.164+0000] {python.py:237} INFO - Done. Returned value was: ['/tmp/minio_downloads/1760967513.json', '/tmp/minio_downloads/1760967524.json', '/tmp/minio_downloads/1760967536.json', '/tmp/minio_downloads/1760967547.json', '/tmp/minio_downloads/1760967559.json', '/tmp/minio_downloads/1760967570.json', '/tmp/minio_downloads/1760967581.json', '/tmp/minio_downloads/1760967593.json', '/tmp/minio_downloads/1760967604.json', '/tmp/minio_downloads/1760967616.json', '/tmp/minio_downloads/1760967627.json', '/tmp/minio_downloads/1760967639.json', '/tmp/minio_downloads/1760967650.json', '/tmp/minio_downloads/1760967662.json', '/tmp/minio_downloads/1760967674.json', '/tmp/minio_downloads/1760967685.json', '/tmp/minio_downloads/1760967697.json', '/tmp/minio_downloads/1760967709.json', '/tmp/minio_downloads/1760967720.json', '/tmp/minio_downloads/1760967731.json', '/tmp/minio_downloads/1760967743.json', '/tmp/minio_downloads/1760967754.json', '/tmp/minio_downloads/1760967766.json', '/tmp/minio_downloads/1760967778.json', '/tmp/minio_downloads/1760967789.json', '/tmp/minio_downloads/1760967801.json', '/tmp/minio_downloads/1760967813.json', '/tmp/minio_downloads/1760967826.json', '/tmp/minio_downloads/1760967837.json', '/tmp/minio_downloads/1760967849.json', '/tmp/minio_downloads/1760967861.json', '/tmp/minio_downloads/1760967873.json', '/tmp/minio_downloads/1760967884.json', '/tmp/minio_downloads/1760967896.json', '/tmp/minio_downloads/1760967908.json', '/tmp/minio_downloads/1760967979.json', '/tmp/minio_downloads/1760967990.json', '/tmp/minio_downloads/1760968001.json', '/tmp/minio_downloads/1760968013.json', '/tmp/minio_downloads/1760968025.json', '/tmp/minio_downloads/1760968036.json', '/tmp/minio_downloads/1760968048.json', '/tmp/minio_downloads/1760968058.json', '/tmp/minio_downloads/1760968069.json', '/tmp/minio_downloads/1760968080.json', '/tmp/minio_downloads/1760968090.json', '/tmp/minio_downloads/1760968101.json', '/tmp/minio_downloads/1760968110.json', '/tmp/minio_downloads/1760968120.json', '/tmp/minio_downloads/1760968131.json', '/tmp/minio_downloads/1760968141.json', '/tmp/minio_downloads/1760968151.json', '/tmp/minio_downloads/1760968163.json', '/tmp/minio_downloads/1760968173.json', '/tmp/minio_downloads/1760968184.json', '/tmp/minio_downloads/1760968194.json', '/tmp/minio_downloads/1760968204.json', '/tmp/minio_downloads/1760968214.json', '/tmp/minio_downloads/1760968224.json', '/tmp/minio_downloads/1760968235.json', '/tmp/minio_downloads/1760968245.json', '/tmp/minio_downloads/1760968255.json', '/tmp/minio_downloads/1760968266.json', '/tmp/minio_downloads/1760968277.json', '/tmp/minio_downloads/1760968287.json', '/tmp/minio_downloads/1760968297.json', '/tmp/minio_downloads/1760968307.json', '/tmp/minio_downloads/1760968317.json', '/tmp/minio_downloads/1760968328.json', '/tmp/minio_downloads/1760968338.json', '/tmp/minio_downloads/1760968348.json', '/tmp/minio_downloads/1760968358.json', '/tmp/minio_downloads/1760968369.json', '/tmp/minio_downloads/1760968379.json', '/tmp/minio_downloads/1760968389.json', '/tmp/minio_downloads/1760968399.json', '/tmp/minio_downloads/1760968409.json', '/tmp/minio_downloads/1760968419.json', '/tmp/minio_downloads/1760968430.json', '/tmp/minio_downloads/1760968440.json', '/tmp/minio_downloads/1760968450.json', '/tmp/minio_downloads/1760968460.json', '/tmp/minio_downloads/1760968471.json', '/tmp/minio_downloads/1760967517.json', '/tmp/minio_downloads/1760967529.json', '/tmp/minio_downloads/1760967540.json', '/tmp/minio_downloads/1760967551.json', '/tmp/minio_downloads/1760967563.json', '/tmp/minio_downloads/1760967574.json', '/tmp/minio_downloads/1760967585.json', '/tmp/minio_downloads/1760967597.json', '/tmp/minio_downloads/1760967608.json', '/tmp/minio_downloads/1760967620.json', '/tmp/minio_downloads/1760967632.json', '/tmp/minio_downloads/1760967643.json', '/tmp/minio_downloads/1760967655.json', '/tmp/minio_downloads/1760967667.json', '/tmp/minio_downloads/1760967678.json', '/tmp/minio_downloads/1760967689.json', '/tmp/minio_downloads/1760967701.json', '/tmp/minio_downloads/1760967712.json', '/tmp/minio_downloads/1760967724.json', '/tmp/minio_downloads/1760967736.json', '/tmp/minio_downloads/1760967747.json', '/tmp/minio_downloads/1760967759.json', '/tmp/minio_downloads/1760967770.json', '/tmp/minio_downloads/1760967782.json', '/tmp/minio_downloads/1760967794.json', '/tmp/minio_downloads/1760967805.json', '/tmp/minio_downloads/1760967819.json', '/tmp/minio_downloads/1760967830.json', '/tmp/minio_downloads/1760967842.json', '/tmp/minio_downloads/1760967854.json', '/tmp/minio_downloads/1760967866.json', '/tmp/minio_downloads/1760967877.json', '/tmp/minio_downloads/1760967889.json', '/tmp/minio_downloads/1760967900.json', '/tmp/minio_downloads/1760967972.json', '/tmp/minio_downloads/1760967983.json', '/tmp/minio_downloads/1760967994.json', '/tmp/minio_downloads/1760968006.json', '/tmp/minio_downloads/1760968018.json', '/tmp/minio_downloads/1760968029.json', '/tmp/minio_downloads/1760968041.json', '/tmp/minio_downloads/1760968052.json', '/tmp/minio_downloads/1760968062.json', '/tmp/minio_downloads/1760968073.json', '/tmp/minio_downloads/1760968083.json', '/tmp/minio_downloads/1760968093.json', '/tmp/minio_downloads/1760968103.json', '/tmp/minio_downloads/1760968114.json', '/tmp/minio_downloads/1760968124.json', '/tmp/minio_downloads/1760968134.json', '/tmp/minio_downloads/1760968144.json', '/tmp/minio_downloads/1760968156.json', '/tmp/minio_downloads/1760968166.json', '/tmp/minio_downloads/1760968177.json', '/tmp/minio_downloads/1760968187.json', '/tmp/minio_downloads/1760968198.json', '/tmp/minio_downloads/1760968207.json', '/tmp/minio_downloads/1760968217.json', '/tmp/minio_downloads/1760968228.json', '/tmp/minio_downloads/1760968238.json', '/tmp/minio_downloads/1760968248.json', '/tmp/minio_downloads/1760968258.json', '/tmp/minio_downloads/1760968270.json', '/tmp/minio_downloads/1760968280.json', '/tmp/minio_downloads/1760968290.json', '/tmp/minio_downloads/1760968301.json', '/tmp/minio_downloads/1760968311.json', '/tmp/minio_downloads/1760968321.json', '/tmp/minio_downloads/1760968331.json', '/tmp/minio_downloads/1760968341.json', '/tmp/minio_downloads/1760968351.json', '/tmp/minio_downloads/1760968362.json', '/tmp/minio_downloads/1760968372.json', '/tmp/minio_downloads/1760968382.json', '/tmp/minio_downloads/1760968392.json', '/tmp/minio_downloads/1760968402.json', '/tmp/minio_downloads/1760968412.json', '/tmp/minio_downloads/1760968423.json', '/tmp/minio_downloads/1760968433.json', '/tmp/minio_downloads/1760968443.json', '/tmp/minio_downloads/1760968453.json', '/tmp/minio_downloads/1760968464.json', '/tmp/minio_downloads/1760967516.json', '/tmp/minio_downloads/1760967528.json', '/tmp/minio_downloads/1760967539.json', '/tmp/minio_downloads/1760967550.json', '/tmp/minio_downloads/1760967561.json', '/tmp/minio_downloads/1760967573.json', '/tmp/minio_downloads/1760967584.json', '/tmp/minio_downloads/1760967596.json', '/tmp/minio_downloads/1760967607.json', '/tmp/minio_downloads/1760967619.json', '/tmp/minio_downloads/1760967631.json', '/tmp/minio_downloads/1760967642.json', '/tmp/minio_downloads/1760967654.json', '/tmp/minio_downloads/1760967666.json', '/tmp/minio_downloads/1760967677.json', '/tmp/minio_downloads/1760967688.json', '/tmp/minio_downloads/1760967700.json', '/tmp/minio_downloads/1760967712.json', '/tmp/minio_downloads/1760967723.json', '/tmp/minio_downloads/1760967735.json', '/tmp/minio_downloads/1760967746.json', '/tmp/minio_downloads/1760967758.json', '/tmp/minio_downloads/1760967769.json', '/tmp/minio_downloads/1760967781.json', '/tmp/minio_downloads/1760967793.json', '/tmp/minio_downloads/1760967804.json', '/tmp/minio_downloads/1760967818.json', '/tmp/minio_downloads/1760967829.json', '/tmp/minio_downloads/1760967841.json', '/tmp/minio_downloads/1760967853.json', '/tmp/minio_downloads/1760967864.json', '/tmp/minio_downloads/1760967876.json', '/tmp/minio_downloads/1760967888.json', '/tmp/minio_downloads/1760967899.json', '/tmp/minio_downloads/1760967971.json', '/tmp/minio_downloads/1760967982.json', '/tmp/minio_downloads/1760967993.json', '/tmp/minio_downloads/1760968005.json', '/tmp/minio_downloads/1760968016.json', '/tmp/minio_downloads/1760968028.json', '/tmp/minio_downloads/1760968039.json', '/tmp/minio_downloads/1760968051.json', '/tmp/minio_downloads/1760968061.json', '/tmp/minio_downloads/1760968072.json', '/tmp/minio_downloads/1760968082.json', '/tmp/minio_downloads/1760968092.json', '/tmp/minio_downloads/1760968103.json', '/tmp/minio_downloads/1760968113.json', '/tmp/minio_downloads/1760968123.json', '/tmp/minio_downloads/1760968133.json', '/tmp/minio_downloads/1760968143.json', '/tmp/minio_downloads/1760968155.json', '/tmp/minio_downloads/1760968166.json', '/tmp/minio_downloads/1760968176.json', '/tmp/minio_downloads/1760968186.json', '/tmp/minio_downloads/1760968197.json', '/tmp/minio_downloads/1760968207.json', '/tmp/minio_downloads/1760968217.json', '/tmp/minio_downloads/1760968227.json', '/tmp/minio_downloads/1760968237.json', '/tmp/minio_downloads/1760968247.json', '/tmp/minio_downloads/1760968257.json', '/tmp/minio_downloads/1760968269.json', '/tmp/minio_downloads/1760968280.json', '/tmp/minio_downloads/1760968290.json', '/tmp/minio_downloads/1760968300.json', '/tmp/minio_downloads/1760968310.json', '/tmp/minio_downloads/1760968320.json', '/tmp/minio_downloads/1760968330.json', '/tmp/minio_downloads/1760968340.json', '/tmp/minio_downloads/1760968351.json', '/tmp/minio_downloads/1760968361.json', '/tmp/minio_downloads/1760968371.json', '/tmp/minio_downloads/1760968381.json', '/tmp/minio_downloads/1760968391.json', '/tmp/minio_downloads/1760968401.json', '/tmp/minio_downloads/1760968412.json', '/tmp/minio_downloads/1760968422.json', '/tmp/minio_downloads/1760968432.json', '/tmp/minio_downloads/1760968442.json', '/tmp/minio_downloads/1760968452.json', '/tmp/minio_downloads/1760968463.json', '/tmp/minio_downloads/1760967514.json', '/tmp/minio_downloads/1760967525.json', '/tmp/minio_downloads/1760967537.json', '/tmp/minio_downloads/1760967548.json', '/tmp/minio_downloads/1760967559.json', '/tmp/minio_downloads/1760967571.json', '/tmp/minio_downloads/1760967582.json', '/tmp/minio_downloads/1760967594.json', '/tmp/minio_downloads/1760967605.json', '/tmp/minio_downloads/1760967617.json', '/tmp/minio_downloads/1760967628.json', '/tmp/minio_downloads/1760967640.json', '/tmp/minio_downloads/1760967651.json', '/tmp/minio_downloads/1760967664.json', '/tmp/minio_downloads/1760967675.json', '/tmp/minio_downloads/1760967686.json', '/tmp/minio_downloads/1760967698.json', '/tmp/minio_downloads/1760967709.json', '/tmp/minio_downloads/1760967721.json', '/tmp/minio_downloads/1760967733.json', '/tmp/minio_downloads/1760967744.json', '/tmp/minio_downloads/1760967755.json', '/tmp/minio_downloads/1760967767.json', '/tmp/minio_downloads/1760967778.json', '/tmp/minio_downloads/1760967790.json', '/tmp/minio_downloads/1760967802.json', '/tmp/minio_downloads/1760967814.json', '/tmp/minio_downloads/1760967827.json', '/tmp/minio_downloads/1760967838.json', '/tmp/minio_downloads/1760967850.json', '/tmp/minio_downloads/1760967862.json', '/tmp/minio_downloads/1760967874.json', '/tmp/minio_downloads/1760967885.json', '/tmp/minio_downloads/1760967897.json', '/tmp/minio_downloads/1760967980.json', '/tmp/minio_downloads/1760967991.json', '/tmp/minio_downloads/1760968003.json', '/tmp/minio_downloads/1760968014.json', '/tmp/minio_downloads/1760968026.json', '/tmp/minio_downloads/1760968037.json', '/tmp/minio_downloads/1760968049.json', '/tmp/minio_downloads/1760968059.json', '/tmp/minio_downloads/1760968070.json', '/tmp/minio_downloads/1760968080.json', '/tmp/minio_downloads/1760968091.json', '/tmp/minio_downloads/1760968101.json', '/tmp/minio_downloads/1760968111.json', '/tmp/minio_downloads/1760968121.json', '/tmp/minio_downloads/1760968131.json', '/tmp/minio_downloads/1760968142.json', '/tmp/minio_downloads/1760968152.json', '/tmp/minio_downloads/1760968164.json', '/tmp/minio_downloads/1760968175.json', '/tmp/minio_downloads/1760968184.json', '/tmp/minio_downloads/1760968195.json', '/tmp/minio_downloads/1760968205.json', '/tmp/minio_downloads/1760968215.json', '/tmp/minio_downloads/1760968225.json', '/tmp/minio_downloads/1760968235.json', '/tmp/minio_downloads/1760968246.json', '/tmp/minio_downloads/1760968256.json', '/tmp/minio_downloads/1760968267.json', '/tmp/minio_downloads/1760968278.json', '/tmp/minio_downloads/1760968288.json', '/tmp/minio_downloads/1760968298.json', '/tmp/minio_downloads/1760968308.json', '/tmp/minio_downloads/1760968318.json', '/tmp/minio_downloads/1760968329.json', '/tmp/minio_downloads/1760968339.json', '/tmp/minio_downloads/1760968349.json', '/tmp/minio_downloads/1760968359.json', '/tmp/minio_downloads/1760968369.json', '/tmp/minio_downloads/1760968380.json', '/tmp/minio_downloads/1760968390.json', '/tmp/minio_downloads/1760968400.json', '/tmp/minio_downloads/1760968410.json', '/tmp/minio_downloads/1760968420.json', '/tmp/minio_downloads/1760968431.json', '/tmp/minio_downloads/1760968441.json', '/tmp/minio_downloads/1760968451.json', '/tmp/minio_downloads/1760968461.json', '/tmp/minio_downloads/1760968472.json', '/tmp/minio_downloads/1760967515.json', '/tmp/minio_downloads/1760967526.json', '/tmp/minio_downloads/1760967538.json', '/tmp/minio_downloads/1760967549.json', '/tmp/minio_downloads/1760967560.json', '/tmp/minio_downloads/1760967572.json', '/tmp/minio_downloads/1760967583.json', '/tmp/minio_downloads/1760967595.json', '/tmp/minio_downloads/1760967606.json', '/tmp/minio_downloads/1760967618.json', '/tmp/minio_downloads/1760967629.json', '/tmp/minio_downloads/1760967641.json', '/tmp/minio_downloads/1760967652.json', '/tmp/minio_downloads/1760967665.json', '/tmp/minio_downloads/1760967676.json', '/tmp/minio_downloads/1760967688.json', '/tmp/minio_downloads/1760967699.json', '/tmp/minio_downloads/1760967710.json', '/tmp/minio_downloads/1760967722.json', '/tmp/minio_downloads/1760967734.json', '/tmp/minio_downloads/1760967745.json', '/tmp/minio_downloads/1760967756.json', '/tmp/minio_downloads/1760967768.json', '/tmp/minio_downloads/1760967780.json', '/tmp/minio_downloads/1760967791.json', '/tmp/minio_downloads/1760967803.json', '/tmp/minio_downloads/1760967815.json', '/tmp/minio_downloads/1760967828.json', '/tmp/minio_downloads/1760967840.json', '/tmp/minio_downloads/1760967852.json', '/tmp/minio_downloads/1760967863.json', '/tmp/minio_downloads/1760967875.json', '/tmp/minio_downloads/1760967887.json', '/tmp/minio_downloads/1760967898.json', '/tmp/minio_downloads/1760967970.json', '/tmp/minio_downloads/1760967981.json', '/tmp/minio_downloads/1760967992.json', '/tmp/minio_downloads/1760968004.json', '/tmp/minio_downloads/1760968016.json', '/tmp/minio_downloads/1760968027.json', '/tmp/minio_downloads/1760968038.json', '/tmp/minio_downloads/1760968050.json', '/tmp/minio_downloads/1760968060.json', '/tmp/minio_downloads/1760968071.json', '/tmp/minio_downloads/1760968081.json', '/tmp/minio_downloads/1760968091.json', '/tmp/minio_downloads/1760968102.json', '/tmp/minio_downloads/1760968112.json', '/tmp/minio_downloads/1760968122.json', '/tmp/minio_downloads/1760968132.json', '/tmp/minio_downloads/1760968142.json', '/tmp/minio_downloads/1760968153.json', '/tmp/minio_downloads/1760968165.json', '/tmp/minio_downloads/1760968175.json', '/tmp/minio_downloads/1760968185.json', '/tmp/minio_downloads/1760968196.json', '/tmp/minio_downloads/1760968206.json', '/tmp/minio_downloads/1760968216.json', '/tmp/minio_downloads/1760968226.json', '/tmp/minio_downloads/1760968236.json', '/tmp/minio_downloads/1760968246.json', '/tmp/minio_downloads/1760968257.json', '/tmp/minio_downloads/1760968268.json', '/tmp/minio_downloads/1760968279.json', '/tmp/minio_downloads/1760968289.json', '/tmp/minio_downloads/1760968299.json', '/tmp/minio_downloads/1760968309.json', '/tmp/minio_downloads/1760968319.json', '/tmp/minio_downloads/1760968329.json', '/tmp/minio_downloads/1760968339.json', '/tmp/minio_downloads/1760968350.json', '/tmp/minio_downloads/1760968360.json', '/tmp/minio_downloads/1760968370.json', '/tmp/minio_downloads/1760968380.json', '/tmp/minio_downloads/1760968391.json', '/tmp/minio_downloads/1760968401.json', '/tmp/minio_downloads/1760968411.json', '/tmp/minio_downloads/1760968421.json', '/tmp/minio_downloads/1760968432.json', '/tmp/minio_downloads/1760968442.json', '/tmp/minio_downloads/1760968452.json', '/tmp/minio_downloads/1760968462.json', '/tmp/minio_downloads/1760968473.json']
[2025-10-20T13:54:39.168+0000] {taskinstance.py:441} INFO - ::group::Post task execution logs
[2025-10-20T13:54:39.210+0000] {taskinstance.py:1206} INFO - Marking task as SUCCESS. dag_id=minio_to_snowflake, task_id=download_minio, run_id=scheduled__2025-10-20T13:53:00+00:00, execution_date=20251020T135300, start_date=20251020T135433, end_date=20251020T135439
[2025-10-20T13:54:39.245+0000] {local_task_job_runner.py:243} INFO - Task exited with return code 0
[2025-10-20T13:54:39.274+0000] {taskinstance.py:3503} INFO - 1 downstream tasks scheduled from follow-on schedule check
[2025-10-20T13:54:39.277+0000] {local_task_job_runner.py:222} INFO - ::endgroup::
